Starting Single Run, Sweeps and Corners...

Current time: Wed Aug 23 16:07:33 2017 
Best design point: 1
Design specs: 
	CURRENT_DAC:dac_cell_tb:1	corner	Nominal - 
	IS("/I0/A0")		500.1n
	IS("/I0/A1")		250.1n
	IS("/I0/A2")		125n
	IS("/I0/A3")		62.53n
	IS("/I7/A0")		31.29n
	IS("/I7/A1")		15.65n
	IS("/I7/A2")		7.829n
	IS("/I7/A3")		3.918n
	IS("/I9/A0")		1.992n
	IS("/I9/A1")		998.8p
	IS("/I9/A2")		502.4p
	IS("/I9/A3")		254.2p
Design parameters: 
	IDC		1u

Interactive.5
Number of points completed: 1
Number of simulation errors: 0
Interactive.5 completed. 
Current time: Wed Aug 23 16:07:36 2017 
