Starting Monte Carlo Sampling...

Current time: Wed Aug 23 16:10:40 2017 
MonteCarlo.1
Number of points completed: 300
Number of simulation errors: 0
MonteCarlo.1 completed. 
Current time: Wed Aug 23 16:11:29 2017 
Monte Carlo Sampling yield summary:
Number of spec values are in this yield data: 12
CURRENT_DAC:dac_cell_tb:1	Nominal - 
	IS("/I0/A0"):	Yield	100%
		Min 4.95974e-07	Max 5.04645e-07	Mean 5.00072e-07	Number of errors 0
CURRENT_DAC:dac_cell_tb:1	Nominal - 
	IS("/I0/A1"):	Yield	100%
		Min 2.47431e-07	Max 2.53488e-07	Mean 2.50113e-07	Number of errors 0
CURRENT_DAC:dac_cell_tb:1	Nominal - 
	IS("/I0/A2"):	Yield	100%
		Min 1.23371e-07	Max 1.27003e-07	Mean 1.25064e-07	Number of errors 0
CURRENT_DAC:dac_cell_tb:1	Nominal - 
	IS("/I0/A3"):	Yield	100%
		Min 6.12556e-08	Max 6.39943e-08	Mean 6.24896e-08	Number of errors 0
CURRENT_DAC:dac_cell_tb:1	Nominal - 
	IS("/I7/A0"):	Yield	100%
		Min 3.0456e-08	Max 3.21292e-08	Mean 3.13007e-08	Number of errors 0
CURRENT_DAC:dac_cell_tb:1	Nominal - 
	IS("/I7/A1"):	Yield	100%
		Min 1.52024e-08	Max 1.61549e-08	Mean 1.56508e-08	Number of errors 0
CURRENT_DAC:dac_cell_tb:1	Nominal - 
	IS("/I7/A2"):	Yield	100%
		Min 7.49645e-09	Max 8.01562e-09	Mean 7.82749e-09	Number of errors 0
CURRENT_DAC:dac_cell_tb:1	Nominal - 
	IS("/I7/A3"):	Yield	100%
		Min 3.77652e-09	Max 4.06505e-09	Mean 3.91883e-09	Number of errors 0
CURRENT_DAC:dac_cell_tb:1	Nominal - 
	IS("/I9/A0"):	Yield	100%
		Min 1.91308e-09	Max 2.22755e-09	Mean 2.00269e-09	Number of errors 0
CURRENT_DAC:dac_cell_tb:1	Nominal - 
	IS("/I9/A1"):	Yield	100%
		Min 9.58741e-10	Max 1.11287e-09	Mean 1.0043e-09	Number of errors 0
CURRENT_DAC:dac_cell_tb:1	Nominal - 
	IS("/I9/A2"):	Yield	100%
		Min 4.82959e-10	Max 5.6237e-10	Mean 5.05142e-10	Number of errors 0
CURRENT_DAC:dac_cell_tb:1	Nominal - 
	IS("/I9/A3"):	Yield	100%
		Min 2.44563e-10	Max 2.8223e-10	Mean 2.55528e-10	Number of errors 0

CURRENT_DAC:dac_cell_tb:1
	Overall Yield	100%	Number of points passed	300	Total number of points	300

Estimated yield = 100% (300/300), 0 errors
Estimated yield (No opregions) = 100% (300/300)
Monte Carlo Sampling yield summary:
Number of spec values are in this yield data: 12
CURRENT_DAC:dac_cell_tb:1	Nominal - 
	IS("/I0/A0"):	Yield	100%
		Min 4.95974e-07	Max 5.04645e-07	Mean 5.00072e-07	Number of errors 0
CURRENT_DAC:dac_cell_tb:1	Nominal - 
	IS("/I0/A1"):	Yield	100%
		Min 2.47431e-07	Max 2.53488e-07	Mean 2.50113e-07	Number of errors 0
CURRENT_DAC:dac_cell_tb:1	Nominal - 
	IS("/I0/A2"):	Yield	100%
		Min 1.23371e-07	Max 1.27003e-07	Mean 1.25064e-07	Number of errors 0
CURRENT_DAC:dac_cell_tb:1	Nominal - 
	IS("/I0/A3"):	Yield	100%
		Min 6.12556e-08	Max 6.39943e-08	Mean 6.24896e-08	Number of errors 0
CURRENT_DAC:dac_cell_tb:1	Nominal - 
	IS("/I7/A0"):	Yield	100%
		Min 3.0456e-08	Max 3.21292e-08	Mean 3.13007e-08	Number of errors 0
CURRENT_DAC:dac_cell_tb:1	Nominal - 
	IS("/I7/A1"):	Yield	100%
		Min 1.52024e-08	Max 1.61549e-08	Mean 1.56508e-08	Number of errors 0
CURRENT_DAC:dac_cell_tb:1	Nominal - 
	IS("/I7/A2"):	Yield	100%
		Min 7.49645e-09	Max 8.01562e-09	Mean 7.82749e-09	Number of errors 0
CURRENT_DAC:dac_cell_tb:1	Nominal - 
	IS("/I7/A3"):	Yield	100%
		Min 3.77652e-09	Max 4.06505e-09	Mean 3.91883e-09	Number of errors 0
CURRENT_DAC:dac_cell_tb:1	Nominal - 
	IS("/I9/A0"):	Yield	100%
		Min 1.91308e-09	Max 2.22755e-09	Mean 2.00269e-09	Number of errors 0
CURRENT_DAC:dac_cell_tb:1	Nominal - 
	IS("/I9/A1"):	Yield	100%
		Min 9.58741e-10	Max 1.11287e-09	Mean 1.0043e-09	Number of errors 0
CURRENT_DAC:dac_cell_tb:1	Nominal - 
	IS("/I9/A2"):	Yield	100%
		Min 4.82959e-10	Max 5.6237e-10	Mean 5.05142e-10	Number of errors 0
CURRENT_DAC:dac_cell_tb:1	Nominal - 
	IS("/I9/A3"):	Yield	100%
		Min 2.44563e-10	Max 2.8223e-10	Mean 2.55528e-10	Number of errors 0

CURRENT_DAC:dac_cell_tb:1
	Overall Yield	100%	Number of points passed	300	Total number of points	300

Estimated yield = 100% (300/300), 0 errors
Estimated yield (No opregions) = 100% (300/300)
