Reading Category files ...
--------------------------
 
Category files reading completed

Analyzing Log content ...
-------------------------
 
 LOG CALIBRE 
START CALIBRE LOG
GRL02 - 0
UNSUPPORTED_MASK_LAYER_AH18_AC18_STIM_GRX - 0
GR_LEVGEN_bf - 0
GR_LEVGEN_bh - 0
GR_LEVGEN_bn - 0
GR_LEVGEN_de - 0
GR_LEVGEN_df - 0
GR_LEVGEN_ph - 0
GR_LEVGEN_te - 0
GR_LEVGEN_tf - 0
GR_LEVGEN_wx - 0
GR_LEVGEN_wy - 0
GR_FILL_am - 0
GR_FILL_e1 - 0
GR_FILL_m1 - 0
GR_FILL_m2 - 0
GR_FILL_m3 - 0
GR_FILL_m4 - 0
GR_FILL_m5 - 0
GR_FILL_ma - 0
GR_FILL_ml - 0
GR_FILL_mt - 0
GR_FILL_pc - 0
GR_FILL_rx - 0
GR_NET_ca - 0
GR_NET_cab - 0
GR_NET_e2 - 0
GR_NET_ft - 0
GR_NET_ns - 0
GR_NET_V1 - 0
GR_NET_V1B - 0
GR_NET_V2 - 0
GR_NET_V2B - 0
GR_NET_V3 - 0
GR_NET_V3B - 0
GR_NET_V4 - 0
GR_NET_V4B - 0
GR_NET_V5 - 0
GR_NET_V5B - 0
GR_PIN_am - 0
GR_PIN_dv - 0
GR_PIN_e1 - 0
GR_PIN_lv - 0
GR_PIN_m1 - 0
GR_PIN_m2 - 0
GR_PIN_m3 - 0
GR_PIN_m4 - 0
GR_PIN_m5 - 0
GR_PIN_ma - 0
GR_PIN_ml - 0
GR_PIN_mt - 0
GR_PIN_nw - 0
GR_PIN_rx - 0
GR_NET_pc - 0
GR_PIN_pc - 0
GR_DSRAM - 0
GRF20_M1 - 0
BASE-GR: 'GRF20' for GRF20_M1 
GRF20_M2 - 0
ASSOCIATED: 'GRF20' for GRF20_M2 
GRF20_M3 - 0
ASSOCIATED: 'GRF20' for GRF20_M3 
GRF20_M4 - 0
ASSOCIATED: 'GRF20' for GRF20_M4 
GRF20_MT - 0
ASSOCIATED: 'GRF20' for GRF20_MT 
GR1 - 0
GR2 - 0
GR3 - 0
GR4 - 0
GR10 - 0
GR11 - 0
GR40b - 0
GR50 - 0
GR50_SRAMHVT - 0
ASSOCIATED: 'GR50' for GR50_SRAMHVT 
GR50b - 0
GR51 - 0
GR52 - 0
GR52_SRAMHVT - 0
ASSOCIATED: 'GR52' for GR52_SRAMHVT 
GRCPRX4_ns - 0
ASSOCIATED: 'GRCPRX4' for GRCPRX4_ns 
GRCPRX4_sbd - 0
ASSOCIATED: 'GRCPRX4' for GRCPRX4_sbd 
GRRX8b - 0
GRRX8d - 0
GRRX23 - 0
GR100 - 0
GR101a - 0
GR101b - 0
GR102a - 0
GR102a_SRAMHVT - 0
ASSOCIATED: 'GR102a' for GR102a_SRAMHVT 
GR102b - 0
GR102b_SRAMHVT - 0
ASSOCIATED: 'GR102b' for GR102b_SRAMHVT 
GR104a - 0
GR104b - 0
GR110 - 0
GR110_SRAMHVT - 0
ASSOCIATED: 'GR110' for GR110_SRAMHVT 
GR111 - 0
GR112 - 0
GR114 - 0
GR115 - 0
GR115_SRAMDP - 0
ASSOCIATED: 'GR115' for GR115_SRAMDP 
GR119 - 0
GR120a_90 - 0
ASSOCIATED: 'GR120a' for GR120a_90 
GR120a_45 - 0
ASSOCIATED: 'GR120a' for GR120a_45 
GR120b - 0
GR120c - 0
GR121 - 0
GR123a_45 - 0
ASSOCIATED: 'GR123a' for GR123a_45 
GR123a_90i - 0
ASSOCIATED: 'GR123a' for GR123a_90i 
GR123a_90o - 0
ASSOCIATED: 'GR123a' for GR123a_90o 
GR123b - 0
GR125 - 0
GR130b - 0
GRBB131 - 0
GR132 - 0
GR200 - 0
GR203a - 0
GR204 - 0
GR204a - 0
GR207 - 0
GR208 - 0
GR208a - 0
GR209 - 0
GR209a - 0
GR211 - 0
GR212 - 0
GR220 - 0
GR223a - 0
GR223b - 0
GR223c - 0
GR225 - 0
GR228 - 0
GR250 - 0
GR250a - 0
GR252a - 0
GR252b - 0
GR252c - 0
GRNWASP1 - 0
GR260 - 0
GR260a - 0
GRCP260 - 0
GRCP260c - 0
GRCP260d - 0
GR261 - 0
GR261f - 0
GR262 - 0
GR262f - 0
GR262b - 0
GR265 - 0
GR265b - 0
GR265a - 0
GRCP265b - 0
GR266 - 0
GRCP266c - 0
GR268 - 0
GRBB268 - 0
GR268b - 0
GR268g1 - 0
ASSOCIATED: 'GR268g'
GR268g2 - 0
ASSOCIATED: 'GR268g'
GR268g3 - 0
ASSOCIATED: 'GR268g'
GR268g4 - 0
ASSOCIATED: 'GR268g'
GR269 - 0
GR269a - 0
GRNW4 - 0
GRNW5 - 0
GRVTSENS00 - 0
GRVTSENS01 - 0
GRVTSENS02 - 0
GR290 - 0
GR291 - 0
GR292 - 0
GR294a - 0
GR294b - 0
GR299b - 0
GRNR10_bb - 0
ASSOCIATED: 'GRNR10' for GRNR10_bb 
GRNR10_di - 0
ASSOCIATED: 'GRNR10' for GRNR10_di 
GRNR10_mvr - 0
ASSOCIATED: 'GRNR10' for GRNR10_mvr 
GRNR10_pd - 0
ASSOCIATED: 'GRNR10' for GRNR10_pd 
GRNR10_ne - 0
BASE-GR: 'GRNR10' for GRNR10_ne 
GRNR10_pe - 0
BASE-GR: 'GRNR10' for GRNR10_pe 
GRNR11 - 0
GRNR12 - 0
GRNR13 - 0
GRNR17 - 0
GRNR18 - 0
GRLW00 - 0
GRLW01 - 0
GRLW02 - 0
GRLW04a - 0
GRLW04b - 0
GRLW09 - 0
GRLW10_bb - 0
ASSOCIATED: 'GRLW10' for GRLW10_bb 
GRLW10_di - 0
ASSOCIATED: 'GRLW10' for GRLW10_di 
GRLW10_mvr - 0
ASSOCIATED: 'GRLW10' for GRLW10_mvr 
GRLW10_pd - 0
ASSOCIATED: 'GRLW10' for GRLW10_pd 
GRLW10_ne - 0
BASE-GR: 'GRLW10' for GRLW10_ne 
GRLW10_pe - 0
BASE-GR: 'GRLW10' for GRLW10_pe 
GRLW11 - 0
GRLW12 - 0
GRLW13 - 0
GRLW17 - 0
GRLW18 - 0
GRNE1 - 0
GRNE2 - 0
GRNE3 - 0
GRNE4 - 0
GRNE5 - 0
GRNE10 - 0
GRNE12 - 0
GRNE13 - 0
GRNE15 - 0
GRNE17 - 0
GRNE18 - 0
GRNE104 - 0
GRNE10_NE_PE_OVERLAP_OVER_GATE - 0
BASE-GR: 'GRNE10' for GRNE10_NE_PE_OVERLAP_OVER_GATE 
GRNE10_NE_STRADDLING_GATE_NE10 - 0
BASE-GR: 'GRNE10' for GRNE10_NE_STRADDLING_GATE_NE10 
GRPE10_PE_STRADDLING_GATE_PE10 - 0
BASE-GR: 'GRPE10' for GRPE10_PE_STRADDLING_GATE_PE10 
GRPE1 - 0
GRPE2 - 0
GRPE3 - 0
GRPE4 - 0
GRPE5 - 0
GRPE10 - 0
GRPE12 - 0
GRPE13 - 0
GRPE15 - 0
GRPE17 - 0
GRPE18 - 0
GRPE104 - 0
GR350 - 0
GR351a - 0
GR351b - 0
GR352 - 0
GR353 - 0
GR354a - 0
GR354b - 0
GR355 - 0
GR356b - 0
GR357 - 0
GR357a - 0
GR357a1 - 0
GR357b - 0
GR358b - 0
GR358c - 0
GR358d - 0
GR358e - 0
GR358f - 0
GR358g - 0
GR358h - 0
GR358i - 0
GR358j - 0
GR358k - 0
GR358m - 0
GR358n - 0
GR370 - 0
GR370a - 0
GR370b - 0
GR371 - 0
GRBP3 - 0
GR372 - 0
GR372a - 0
GR373 - 0
GR373a - 0
GR374 - 0
GR378 - 0
GR379 - 0
GR500 - 0
GR501a - 0
GR501b - 0
GR502 - 0
GR504 - 0
GR504a - 0
GR504b - 0
GR505a - 0
GR505a_SRAMHVT - 0
ASSOCIATED: 'GR505a' for GR505a_SRAMHVT 
GR505b - 0
GRDVR001_rx - 0
BASE-GR: 'GRDVR001' for GRDVR001_rx 
GRDVR001_pc - 0
BASE-GR: 'GRDVR001' for GRDVR001_pc 
GRDVR001_m1 - 0
BASE-GR: 'GRDVR001' for GRDVR001_m1 
GRDVR001_mt - 0
BASE-GR: 'GRDVR001' for GRDVR001_mt 
GRDVR001_m2 - 0
BASE-GR: 'GRDVR001' for GRDVR001_m2 
GRDVR001_m3 - 0
BASE-GR: 'GRDVR001' for GRDVR001_m3 
GRDVR001_m4 - 0
BASE-GR: 'GRDVR001' for GRDVR001_m4 
GR550_1 - 0
ASSOCIATED: 'GR550' for GR550_1 
GR553a_1 - 0
ASSOCIATED: 'GR553a' for GR553a_1 
GR558_1 - 0
ASSOCIATED: 'GR558' for GR558_1 
GR566_1 - 0
ASSOCIATED: 'GR566' for GR566_1 
GR550_2 - 0
ASSOCIATED: 'GR550' for GR550_2 
GR553a_2 - 0
ASSOCIATED: 'GR553a' for GR553a_2 
GR558_2 - 0
ASSOCIATED: 'GR558' for GR558_2 
GR566_2 - 0
ASSOCIATED: 'GR566' for GR566_2 
GR550_3 - 0
ASSOCIATED: 'GR550' for GR550_3 
GR553a_3 - 0
ASSOCIATED: 'GR553a' for GR553a_3 
GR558_3 - 0
ASSOCIATED: 'GR558' for GR558_3 
GR566_3 - 0
ASSOCIATED: 'GR566' for GR566_3 
GR550_4 - 0
ASSOCIATED: 'GR550' for GR550_4 
GR553a_4 - 0
ASSOCIATED: 'GR553a' for GR553a_4 
GR558_4 - 0
ASSOCIATED: 'GR558' for GR558_4 
GR566_4 - 0
ASSOCIATED: 'GR566' for GR566_4 
GR570 - 0
GR575a - 0
GR600_2 - 0
ASSOCIATED: 'GR600' for GR600_2 
GR601a_2 - 0
ASSOCIATED: 'GR601a' for GR601a_2 
GR601b_2 - 0
ASSOCIATED: 'GR601b' for GR601b_2 
GR602_2 - 0
ASSOCIATED: 'GR602' for GR602_2 
GR604_2 - 0
ASSOCIATED: 'GR604' for GR604_2 
GR604a_2 - 0
ASSOCIATED: 'GR604a' for GR604a_2 
GR610_2 - 0
ASSOCIATED: 'GR610' for GR610_2 
GR611_2 - 0
ASSOCIATED: 'GR611' for GR611_2 
GR612_1 - 0
ASSOCIATED: 'GR612' for GR612_1 
GR600_3 - 0
ASSOCIATED: 'GR600' for GR600_3 
GR601a_3 - 0
ASSOCIATED: 'GR601a' for GR601a_3 
GR601b_3 - 0
ASSOCIATED: 'GR601b' for GR601b_3 
GR602_3 - 0
ASSOCIATED: 'GR602' for GR602_3 
GR604_3 - 0
ASSOCIATED: 'GR604' for GR604_3 
GR604a_3 - 0
ASSOCIATED: 'GR604a' for GR604a_3 
GR610_3 - 0
ASSOCIATED: 'GR610' for GR610_3 
GR611_3 - 0
ASSOCIATED: 'GR611' for GR611_3 
GR600_4 - 0
ASSOCIATED: 'GR600' for GR600_4 
GR602_4 - 0
ASSOCIATED: 'GR602' for GR602_4 
GR601a_4 - 0
ASSOCIATED: 'GR601a' for GR601a_4 
GR601b_4 - 0
ASSOCIATED: 'GR601b' for GR601b_4 
GR604_4 - 0
ASSOCIATED: 'GR604' for GR604_4 
GR604a_4 - 0
ASSOCIATED: 'GR604a' for GR604a_4 
GR610_4 - 0
ASSOCIATED: 'GR610' for GR610_4 
GR611_4 - 0
ASSOCIATED: 'GR611' for GR611_4 
GR640 - 0
GR641a - 0
GR641b - 0
GR642 - 0
GR644 - 0
GR644a - 0
GR644b - 0
GR650a - 0
GR650b - 0
GR651a - 0
GR651b - 0
GR653b - 0
GR653c - 0
GR655b - 0
GR655c - 0
GR656b - 0
GR656c - 0
GR657b - 0
GR657c - 0
GR658ab - 0
GR658c - 0
GR658c1 - 0
GR658d - 0
GR658d1 - 0
GRFT1 - 0
GRFT11 - 0
GRFT12 - 0
GRFT2 - 0
GRFT3 - 0
GRFT6 - 0
GRFT7 - 0
GRFT8 - 0
GRFT9 - 0
GRFT10 - 0
GRAM1 - 0
GRAM1a - 0
GRAM2 - 0
GRAM3 - 0
GRAM4 - 0
GRPILLAR00 - 0
GRPILLAR01 - 0
GRPD1 - 0
GRPD2a - 0
GRPD3 - 0
GRPD4 - 0
GRPD5 - 0
GRPD6 - 0
GRPD6a - 0
GRPD6b - 0
GRPD7 - 0
GRPD9b - 0
GRPD10a - 0
GRPD10b - 0
GRPD11 - 0
GRPD14 - 0
GRPD15 - 0
GRPD16 - 0
GRRN1 - 0
GRRN2 - 0
GRRN3 - 0
GRRN4 - 0
GRRN5a - 0
GRRN6 - 0
GRRN7 - 0
GRRN10 - 0
GRRN11 - 0
GRRN12 - 0
GRRN13 - 0
GRBB1 - 0
GRBB1a - 0
GRBB1b - 0
GRBB2 - 0
GRBB2a - 0
GRBB6 - 0
GRBB6a - 0
GRBB7 - 0
GRBB34 - 0
GRBB34a - 0
GRBB35 - 0
GRBB35a - 0
GRBB37 - 0
GRBB38 - 0
GRBB41 - 0
GRPBN10 - 0
GRPBN11 - 0
GRPBN12 - 0
GRNS1 - 0
GRNS2 - 0
GRNS4b - 0
GRNS5 - 0
GRCPNS7 - 0
GRNS9 - 0
GRNS10 - 0
GRNS15a - 0
GRNS16 - 0
GRNS21b - 0
GRNS26 - 0
GR380 - 0
GR380a - 0
GR380c_bb - 0
ASSOCIATED: 'GR380c' for GR380c_bb 
GR380c_pi - 0
ASSOCIATED: 'GR380c' for GR380c_pi 
GR380d - 0
GR380e_dg - 0
ASSOCIATED: 'GR380e' for GR380e_dg 
GR380e_op - 0
ASSOCIATED: 'GR380e' for GR380e_op 
GR380e_tg - 0
BASE-GR: 'GR380e' for GR380e_tg 
GR380e_pc - 0
ASSOCIATED: 'GR380e' for GR380e_pc 
GR380g - 0
GR381 - 0
GR381b - 0
GR382b - 0
GR383 - 0
GR385 - 0
GR385a - 0
GR387 - 0
GR387b - 0
GR388 - 0
GR389 - 0
GR710 - 0
GR711 - 0
GR712 - 0
GR713 - 0
GR713b - 0
GR713c - 0
GR715a - 0
GR715b - 0
GR715f - 0
GR716a - 0
GR716b - 0
GR716c - 0
GR717a - 0
GR717b - 0
GR725 - 0
GR726 - 0
GR727 - 0
GR728 - 0
GR729a - 0
GR729b - 0
GR730 - 0
GR731 - 0
GROP9 - 0
GROP9a - 0
GR732 - 0
GR733 - 0
GR733a - 0
GR734a - 0
GR734b - 0
GR735a2 - 0
GR735b - 0
GR736 - 0
GR736a - 0
GR736a1 - 0
GR736a2 - 0
GR736a3 - 0
GR738 - 0
GR738c_TF - 0
GR739a - 0
GR739b - 0
GROP20 - 0
GROP24 - 0
GROP29 - 0
GROP30 - 0
GROP32_nr - 0
ASSOCIATED: 'GROP32' for GROP32_nr 
GROP32_pr - 0
ASSOCIATED: 'GROP32' for GROP32_pr 
GROP32_ne - 0
BASE-GR: 'GROP32' for GROP32_ne 
GROP32_pe - 0
BASE-GR: 'GROP32' for GROP32_pe 
GRPBR19 - 0
GRPBR29 - 0
GRPBR31 - 0
GRPBR33 - 0
GRPBR35 - 0
GRPCR20a - 0
GRSBLK2 - 0
GRSBLK3 - 0
GRSBLK4 - 0
GROP31 - 0
GRRR1 - 0
GRRR2 - 0
GRRR3 - 0
GRRR4 - 0
GRRR5 - 0
GRRR6 - 0
GRRR7 - 0
GRRR8 - 0
GRRR9 - 0
GRRR10 - 0
GRRR11 - 0
GRSERP1 - 0
GRSERP7 - 0
GRSERP10 - 0
GRSERP11 - 0
GRSERP12 - 0
GRSERP13 - 0
GRSERP15 - 0
GRSERP16 - 0
GRRP1 - 0
GRRP2 - 0
GRRP4 - 0
GRRP5 - 0
GRRP6 - 0
GRRP7 - 0
GRRP8 - 0
GRRP9 - 0
GRRP10 - 0
GRRP11 - 0
GRQCAP1_qt - 0
ASSOCIATED: 'GRQCAP1' for GRQCAP1_qt 
GRQCAP1a_ht - 0
ASSOCIATED: 'GRQCAP1a' for GRQCAP1a_ht 
GRQCAP1b - 0
GRQCAP1c - 0
GRQCAP2 - 0
GRQCAP2a1 - 0
GRQCAP2b_qt - 0
ASSOCIATED: 'GRQCAP2b' for GRQCAP2b_qt 
GRQCAP2b_ht - 0
ASSOCIATED: 'GRQCAP2b' for GRQCAP2b_ht 
GRQCAP3 - 0
GRQCAP3a - 0
GRQCAP4 - 0
GRQCAP4a - 0
GRQCAP4b - 0
GRQCAP4c - 0
GRQCAP5 - 0
GRQCAP6 - 0
GRQCAP6mt - 0
GRQCAP8b_bb - 0
ASSOCIATED: 'GRQCAP8b' for GRQCAP8b_bb 
GRQCAP8b_nw - 0
ASSOCIATED: 'GRQCAP8b' for GRQCAP8b_nw 
GRQCAP10 - 0
GRQCAP12b - 0
GRQCAP16 - 0
GRQCAP16b - 0
GRQCAP21 - 0
GRQCAP22 - 0
GRQCAP22a - 0
GRQCAP23a_single - 0
ASSOCIATED: 'GRQCAP23a' for GRQCAP23a_single 
GRQCAP23a_dual - 0
ASSOCIATED: 'GRQCAP23a' for GRQCAP23a_dual 
GRQCAP23b - 0
GRQCAP30 - 0
GRQCAP30a - 0
GRQCAP33 - 0
GRQCAP34 - 0
GRIND11_bp - 0
ASSOCIATED: 'GRIND11' for GRIND11_bp 
GRIND11_cabar - 0
ASSOCIATED: 'GRIND11' for GRIND11_cabar 
GRIND11_dg - 0
ASSOCIATED: 'GRIND11' for GRIND11_dg 
GRIND11_dv - 0
ASSOCIATED: 'GRIND11' for GRIND11_dv 
GRIND11_lv - 0
ASSOCIATED: 'GRIND11' for GRIND11_lv 
GRIND11_lvd - 0
ASSOCIATED: 'GRIND11' for GRIND11_lvd 
GRIND11_m2 - 0
ASSOCIATED: 'GRIND11' for GRIND11_m2 
GRIND11_m3 - 0
ASSOCIATED: 'GRIND11' for GRIND11_m3 
GRIND11_m4 - 0
ASSOCIATED: 'GRIND11' for GRIND11_m4 
GRIND11_m5 - 0
ASSOCIATED: 'GRIND11' for GRIND11_m5 
GRIND11_mt - 0
ASSOCIATED: 'GRIND11' for GRIND11_mt 
GRIND11_ns - 0
ASSOCIATED: 'GRIND11' for GRIND11_ns 
GRIND11_nw - 0
ASSOCIATED: 'GRIND11' for GRIND11_nw 
GRIND11_op - 0
ASSOCIATED: 'GRIND11' for GRIND11_op 
GRIND11_pc - 0
ASSOCIATED: 'GRIND11' for GRIND11_pc 
GRIND11_pi - 0
ASSOCIATED: 'GRIND11' for GRIND11_pi 
GRIND11_qt - 0
ASSOCIATED: 'GRIND11' for GRIND11_qt 
GRIND11_rn - 0
ASSOCIATED: 'GRIND11' for GRIND11_rn 
GRIND11_rx - 0
ASSOCIATED: 'GRIND11' for GRIND11_rx 
GRIND11_m1 - 0
ASSOCIATED: 'GRIND11' for GRIND11_m1 
GRIND12 - 0
GRIND13 - 0
GRIND16 - 0
GRIND23 - 0
GRIND23a - 0
GRIND23b_m3 - 0
ASSOCIATED: 'GRIND23b' for GRIND23b_m3 
GRIND23b_m4 - 0
ASSOCIATED: 'GRIND23b' for GRIND23b_m4 
GRIND23b_mt - 0
ASSOCIATED: 'GRIND23b' for GRIND23b_mt 
GR1a - 0
GR1b - 0
GR10a - 0
GR122a - 0
GR280 - 0
GR280a - 0
GR282 - 0
GR283 - 0
GR284 - 0
GR286 - 0
GR288 - 0
GR289 - 0
GR289a - 0
GRZT1 - 0
GRZT2 - 0
GRZT3 - 0
GRZT4 - 0
GRZT5_jd - 0
ASSOCIATED: 'GRZT5' for GRZT5_jd 
GRZT5_rp - 0
ASSOCIATED: 'GRZT5' for GRZT5_rp 
GRZT5_rr - 0
ASSOCIATED: 'GRZT5' for GRZT5_rr 
GRZT6 - 0
GRZT9 - 0
GRDG0 - 0
GRDG1 - 0
GRDG2b - 0
GRDG3 - 0
GRDG4 - 0
GRDG5 - 0
GRDG6 - 0
GRDG7 - 0
GRDG8ab - 0
ASSOCIATED: 'GRDG8a'
GRDGV8ab - 0
ASSOCIATED: 'GRDGV8a'
GRDG8c - 0
GRDG8d - 0
GRDG9 - 0
GRDG10 - 0
GRDG11 - 0
GRDG13_bb - 0
ASSOCIATED: 'GRDG13' for GRDG13_bb 
GRDG13_bh - 0
ASSOCIATED: 'GRDG13' for GRDG13_bh 
GRDG13_nw - 0
ASSOCIATED: 'GRDG13' for GRDG13_nw 
GRDG14 - 0
GRDG15 - 0
GRDG16 - 0
GRDG21 - 0
GRDG50 - 0
GRDG52 - 0
GRDG110 - 0
GRDG260 - 0
GRDG265a - 0
GRDG265a1 - 0
GRDG265b - 0
GRDG268a - 0
GRDG268b - 0
GRTW01 - 0
GRTW01a - 0
GRTW02 - 0
GRTW03_di - 0
ASSOCIATED: 'GRTW03' for GRTW03_di 
GRTW03_nr - 0
ASSOCIATED: 'GRTW03' for GRTW03_nr 
GRTW03_pr - 0
ASSOCIATED: 'GRTW03' for GRTW03_pr 
GRTW03_rn - 0
ASSOCIATED: 'GRTW03' for GRTW03_rn 
GRTW03a - 0
GRTW04 - 0
GRTW05 - 0
GRTW06 - 0
GRTW10 - 0
GRTW10a1 - 0
GRTW10a - 0
GRTW10b - 0
GRTW17a - 0
GRTW18 - 0
GRTW19 - 0
GRTW260 - 0
GRTW265 - 0
GRTW265a - 0
GRTW266 - 0
GRJD1 - 0
GRJD2 - 0
GRJD3 - 0
GRJD4 - 0
GRJD4a - 0
GRJD5 - 0
GRJD6 - 0
GRMOSVAR1 - 0
GRMOSVAR2 - 0
GRMOSVAR3 - 0
GRMOSVAR3a - 0
GRMOSVAR4 - 0
GRMOSVAR5 - 0
GRMOSVAR5a - 0
GRMOSVAR6 - 0
GRMOSVAR6a - 0
GRMOSVAR8 - 0
GRNCAP1 - 0
GRPCAP1 - 0
GRPCAP2 - 0
GRVLNPN01 - 0
GRVLNPN02 - 0
GRVLNPN03 - 0
GRVLNPN04 - 0
GRVLNPN04b - 0
GRVLNPN05 - 0
GRVLNPN06 - 0
GRJC1 - 0
GRJC2 - 0
GRJC2a - 0
GRJC3 - 0
GRJC4 - 0
GRJC5 - 0
GRJC6_as - 0
ASSOCIATED: 'GRJC6' for GRJC6_as 
GRJC6_dg - 0
ASSOCIATED: 'GRJC6' for GRJC6_dg 
GRJC6_jd - 0
ASSOCIATED: 'GRJC6' for GRJC6_jd 
GRJC6_rr - 0
ASSOCIATED: 'GRJC6' for GRJC6_rr 
GRJC6_rp - 0
ASSOCIATED: 'GRJC6' for GRJC6_rp 
GRJC6_rn - 0
ASSOCIATED: 'GRJC6' for GRJC6_rn 
GRJC6_bb - 0
ASSOCIATED: 'GRJC6' for GRJC6_bb 
GRJC6_nr - 0
ASSOCIATED: 'GRJC6' for GRJC6_nr 
GRJC6_pr - 0
ASSOCIATED: 'GRJC6' for GRJC6_pr 
GRJC6_pd - 0
ASSOCIATED: 'GRJC6' for GRJC6_pd 
GRJC6_op - 0
ASSOCIATED: 'GRJC6' for GRJC6_op 
GRJC6_pc - 0
ASSOCIATED: 'GRJC6' for GRJC6_pc 
GRJC6_zvt - 0
ASSOCIATED: 'GRJC6' for GRJC6_zvt 
GRJC6_mosvar - 0
ASSOCIATED: 'GRJC6' for GRJC6_mosvar 
GRJC6_bipolar - 0
ASSOCIATED: 'GRJC6' for GRJC6_bipolar 
GRJC6_schky - 0
ASSOCIATED: 'GRJC6' for GRJC6_schky 
GRJC7 - 0
GRJC12 - 0
GRJC13 - 0
GRJC14 - 0
GRJC8 - 0
GRJC9 - 0
GRJC10 - 0
GRJC11 - 0
GRJC15 - 0
GRJC16 - 0
GRJCPN001 - 0
GRJS01 - 0
GRJS02 - 0
GRJS02a - 0
GRJS04 - 0
GRJS05 - 0
GRJS06 - 0
GRJS11 - 0
GRJSPN001 - 0
GR790 - 0
GR792 - 0
GR793 - 0
GR795 - 0
GR796 - 0
GR799_rx - 0
ASSOCIATED: 'GR799' for GR799_rx 
GR799_pc - 0
ASSOCIATED: 'GR799' for GR799_pc 
GR799_nw - 0
ASSOCIATED: 'GR799' for GR799_nw 
GR799_ns - 0
ASSOCIATED: 'GR799' for GR799_ns 
GR799_bb - 0
ASSOCIATED: 'GR799' for GR799_bb 
GR799_nr - 0
ASSOCIATED: 'GR799' for GR799_nr 
GR799_pr - 0
ASSOCIATED: 'GR799' for GR799_pr 
GR799_pi - 0
ASSOCIATED: 'GR799' for GR799_pi 
GREF01 - 0
GREF03a - 0
GREF04 - 0
GREF05_ca - 0
ASSOCIATED: 'GREF05' for GREF05_ca 
GREF05_m1 - 0
ASSOCIATED: 'GREF05' for GREF05_m1 
GREF05_pc - 0
ASSOCIATED: 'GREF05' for GREF05_pc 
GREF06_vncapm1 - 0
ASSOCIATED: 'GREF06' for GREF06_vncapm1 
GREF06_vncapm2 - 0
ASSOCIATED: 'GREF06' for GREF06_vncapm2 
GREF06_vncapm3 - 0
ASSOCIATED: 'GREF06' for GREF06_vncapm3 
GREF06_vncapm4 - 0
ASSOCIATED: 'GREF06' for GREF06_vncapm4 
GREF06_vncapm5 - 0
ASSOCIATED: 'GREF06' for GREF06_vncapm5 
GREF06_vncapmt - 0
ASSOCIATED: 'GREF06' for GREF06_vncapmt 
GREF06_rx - 0
ASSOCIATED: 'GREF06' for GREF06_rx 
GREF06_nw - 0
ASSOCIATED: 'GREF06' for GREF06_nw 
GREF06_op - 0
ASSOCIATED: 'GREF06' for GREF06_op 
GREF06_dg - 0
ASSOCIATED: 'GREF06' for GREF06_dg 
GREF06_rp - 0
ASSOCIATED: 'GREF06' for GREF06_rp 
GREF06_rr - 0
ASSOCIATED: 'GREF06' for GREF06_rr 
GREF06_m2 - 0
ASSOCIATED: 'GREF06' for GREF06_m2 
GREF06_v1 - 0
ASSOCIATED: 'GREF06' for GREF06_v1 
GREF06_bfm - 0
ASSOCIATED: 'GREF06' for GREF06_bfm 
GREF06_bb - 0
ASSOCIATED: 'GREF06' for GREF06_bb 
GREF06_ns - 0
ASSOCIATED: 'GREF06' for GREF06_ns 
GREF06_pi - 0
ASSOCIATED: 'GREF06' for GREF06_pi 
GREF06_qt - 0
ASSOCIATED: 'GREF06' for GREF06_qt 
GREF06_jd - 0
ASSOCIATED: 'GREF06' for GREF06_jd 
GREF07a - 0
GREF07b - 0
GREF08 - 0
GREF08a - 0
GREF08b - 0
GREF09 - 0
GREF10 - 0
GREF11a - 0
GREF11b - 0
GREF12a - 0
GREF12b - 0
GREF13 - 0
GREF14 - 0
GREF15 - 0
GREF16_a - 0
ASSOCIATED: 'GREF16' for GREF16_a 
GREF16_c - 0
ASSOCIATED: 'GREF16' for GREF16_c 
GREF18 - 0
GREF19_bb - 0
ASSOCIATED: 'GREF19' for GREF19_bb 
GREF19_dg - 0
ASSOCIATED: 'GREF19' for GREF19_dg 
GREF19_nw - 0
ASSOCIATED: 'GREF19' for GREF19_nw 
GREF19_mvr - 0
ASSOCIATED: 'GREF19' for GREF19_mvr 
GREF19_pcr - 0
ASSOCIATED: 'GREF19' for GREF19_pcr 
GREF19_zvt - 0
ASSOCIATED: 'GREF19' for GREF19_zvt 
GREF19_tg - 0
BASE-GR: 'GREF19' for GREF19_tg 
GREF19a - 0
GREF20_rx - 0
ASSOCIATED: 'GREF20' for GREF20_rx 
GREF20_op - 0
ASSOCIATED: 'GREF20' for GREF20_op 
GREF20_pcnf - 0
ASSOCIATED: 'GREF20' for GREF20_pcnf 
GRPHHOLE7 - 0
GRPHHOLE8 - 0
GR780 - 0
GR782 - 0
GR782_pc - 0
ASSOCIATED: 'GR782' for GR782_pc 
GR782_rx - 0
ASSOCIATED: 'GR782' for GR782_rx 
GR782_ca - 0
ASSOCIATED: 'GR782' for GR782_ca 
GR782_cab - 0
ASSOCIATED: 'GR782' for GR782_cab 
GR782_bondpad - 0
ASSOCIATED: 'GR782' for GR782_bondpad 
GR782_ind - 0
ASSOCIATED: 'GR782' for GR782_ind 
GR783 - 0
GR781b - 0
GR784 - 1
GRBP2ND1 - 0
GRBP2ND2_as - 0
ASSOCIATED: 'GRBP2ND2' for GRBP2ND2_as 
GRBP2ND2_ns - 0
ASSOCIATED: 'GRBP2ND2' for GRBP2ND2_ns 
GRBP2ND2_rn - 0
ASSOCIATED: 'GRBP2ND2' for GRBP2ND2_rn 
GRBP2ND2_nw - 0
ASSOCIATED: 'GRBP2ND2' for GRBP2ND2_nw 
GRBP2ND2_pr - 0
ASSOCIATED: 'GRBP2ND2' for GRBP2ND2_pr 
GRBP2ND2_nr - 0
ASSOCIATED: 'GRBP2ND2' for GRBP2ND2_nr 
GRBP2ND2_dg - 0
ASSOCIATED: 'GRBP2ND2' for GRBP2ND2_dg 
GRBP2ND2_tg - 0
ASSOCIATED: 'GRBP2ND2' for GRBP2ND2_tg 
GRBP2ND2_pc - 0
ASSOCIATED: 'GRBP2ND2' for GRBP2ND2_pc 
GRBP2ND2_jd - 0
ASSOCIATED: 'GRBP2ND2' for GRBP2ND2_jd 
GRBP2ND2_rr - 0
ASSOCIATED: 'GRBP2ND2' for GRBP2ND2_rr 
GRBP2ND2_rp - 0
ASSOCIATED: 'GRBP2ND2' for GRBP2ND2_rp 
GRBP2ND2_op - 0
ASSOCIATED: 'GRBP2ND2' for GRBP2ND2_op 
GRBP2ND2_zvt - 0
ASSOCIATED: 'GRBP2ND2' for GRBP2ND2_zvt 
GRBP2ND2_schky - 0
ASSOCIATED: 'GRBP2ND2' for GRBP2ND2_schky 
GRBP2ND2_grlogic - 0
ASSOCIATED: 'GRBP2ND2' for GRBP2ND2_grlogic 
GRBP2ND3 - 0
GRBP2ND350 - 0
GRBP2ND351a - 0
GRBP2ND351b - 0
GRBP2ND352a - 0
GRBP2ND352b - 0
GRAS11 - 0
GRAS12 - 0
GRAS14 - 0
GRAS15 - 0
GRAS16 - 0
GRAS17 - 0
GRAS18a - 0
GRAS18b - 0
GRAS18c - 0
GRAS18d - 0
GRAS18e - 0
GRAS18f - 0
GRAS18f_tline - 0
ASSOCIATED: 'GRAS18f' for GRAS18f_tline 
GRAS19a - 0
GRAS19b - 0
GRAS20_or - 0
GRAS21_or - 0
GRAS22a - 0
GRAS22b - 0
GRAS22c - 0
GRAS22d - 0
GRAS22e - 0
GRAS22f - 0
GRAS104 - 0
GRAS353 - 0
GRAS355 - 0
GRAS357 - 0
GRAS370 - 0
GRAS371 - 0
GRAS942 - 0
GRAS951 - 0
GRAS990 - 0
GRAS999a - 0
GRASPN001 - 0
GRA500b - 0
GRA501d - 0
GRA504a - 0
GRA504b - 0
GRA504c - 0
GRA504d - 0
GRDM001 - 0
GRDM002 - 0
GRDM003 - 0
GRDMPN001 - 0
GRDM999a - 0
GRBONDPAD1 - 0
GRBONDPAD3 - 0
GRBONDPAD4_nw - 0
ASSOCIATED: 'GRBONDPAD4' for GRBONDPAD4_nw 
GRBONDPAD4_bp - 0
ASSOCIATED: 'GRBONDPAD4' for GRBONDPAD4_bp 
GRBONDPAD4_m1 - 0
ASSOCIATED: 'GRBONDPAD4' for GRBONDPAD4_m1 
GRBONDPAD4_m2 - 0
ASSOCIATED: 'GRBONDPAD4' for GRBONDPAD4_m2 
GRBONDPAD4_m3 - 0
ASSOCIATED: 'GRBONDPAD4' for GRBONDPAD4_m3 
GRBONDPAD4_m4 - 0
ASSOCIATED: 'GRBONDPAD4' for GRBONDPAD4_m4 
GRBONDPAD4_m5 - 0
ASSOCIATED: 'GRBONDPAD4' for GRBONDPAD4_m5 
GRBONDPAD4_mt - 0
ASSOCIATED: 'GRBONDPAD4' for GRBONDPAD4_mt 
GRBONDPAD4_e1 - 0
ASSOCIATED: 'GRBONDPAD4' for GRBONDPAD4_e1 
GRBONDPAD4_ns - 0
ASSOCIATED: 'GRBONDPAD4' for GRBONDPAD4_ns 
GRBONDPAD4_rx - 0
ASSOCIATED: 'GRBONDPAD4' for GRBONDPAD4_rx 
GRBONDPAD4_pc - 0
ASSOCIATED: 'GRBONDPAD4' for GRBONDPAD4_pc 
GRNOCS01 - 0
GRNOCS02 - 0
GRRL01 - 0
GRDIPI00 - 0
GRDIPI00a - 0
GRDIPI00c - 0
GRDIPI00d - 0
GRDIPI00e - 0
GRDIPI00f - 0
GRDIPI00g - 0
GRDIPI01 - 0
GRDIPI01b - 0
GRDIPI02b - 0
GRDIPI02c - 0
GRDIPI03 - 0
GRDIPI05 - 0
GRDIPI5a - 0
GRDIPI07 - 0
GRDIPI07b - 0
GRDIPI08 - 0
GRDIPI09 - 0
GRDVR002 - 0
GRSLR001_AX18_ILL_MTOP_NOSLOTS_SLR001 - 0
ASSOCIATED: 'GRSLR001' for GRSLR001_AX18_ILL_MTOP_NOSLOTS_SLR001 
GRSLR007_AX18_SPAC_MTOPSLOT_10_SLR007 - 0
ASSOCIATED: 'GRSLR007' for GRSLR007_AX18_SPAC_MTOPSLOT_10_SLR007 
GRSLR007_AX18_SPAC_MTOP_SLOT_END_10_SLR007 - 0
ASSOCIATED: 'GRSLR007' for GRSLR007_AX18_SPAC_MTOP_SLOT_END_10_SLR007 
GRSLG002_AX18_OVLP_MTOP_MTOPSLOT_10_SLG002 - 0
ASSOCIATED: 'GRSLG002' for GRSLG002_AX18_OVLP_MTOP_MTOPSLOT_10_SLG002 
GRSLR002_AX18_WIDTH_AMSLOT_3_SLR002 - 0
ASSOCIATED: 'GRSLR002' for GRSLR002_AX18_WIDTH_AMSLOT_3_SLR002 
GRSLR004_AX18_LENGTH_AMSLOT_30_SLR004 - 0
ASSOCIATED: 'GRSLR004' for GRSLR004_AX18_LENGTH_AMSLOT_30_SLR004 
GRSLR006_AX18_LENGTH_AMSLOT_MAX_300_SLR006 - 0
ASSOCIATED: 'GRSLR006' for GRSLR006_AX18_LENGTH_AMSLOT_MAX_300_SLR006 
GRSLR002_AX18_L_W_3_3_30_300_AMSLOT_SLR002 - 0
ASSOCIATED: 'GRSLR002' for GRSLR002_AX18_L_W_3_3_30_300_AMSLOT_SLR002 
GRSLR002_AX18_ILL_OUT_AMHOLE_SLR002 - 0
ASSOCIATED: 'GRSLR002' for GRSLR002_AX18_ILL_OUT_AMHOLE_SLR002 
GRSLR002_AX18_ILL_AMHOLE_OVER_ML_SLR002 - 0
ASSOCIATED: 'GRSLR002' for GRSLR002_AX18_ILL_AMHOLE_OVER_ML_SLR002 
GRSLR002_AX18_ILL_FT_AMHOLE_SLR002 - 0
ASSOCIATED: 'GRSLR002' for GRSLR002_AX18_ILL_FT_AMHOLE_SLR002 
GRSLG002_AX18_OVLP_AM_AMHOLE_SLG002 - 0
ASSOCIATED: 'GRSLG002' for GRSLG002_AX18_OVLP_AM_AMHOLE_SLG002 
GRSLR004_AX18_LENGTH_AMHOLE_SLR004 - 0
ASSOCIATED: 'GRSLR004' for GRSLR004_AX18_LENGTH_AMHOLE_SLR004 
GRSLR006_AX18_LENGTH_AMHOLE_MAX_SLR006 - 0
ASSOCIATED: 'GRSLR006' for GRSLR006_AX18_LENGTH_AMHOLE_MAX_SLR006 
GRSLR002_AX18_WIDTH_AMHOLE_SLR002 - 0
ASSOCIATED: 'GRSLR002' for GRSLR002_AX18_WIDTH_AMHOLE_SLR002 
GRSLR007_AX18_SPAC_AMHOLE_SLR007 - 0
ASSOCIATED: 'GRSLR007' for GRSLR007_AX18_SPAC_AMHOLE_SLR007 
GRSLG004_AX18_AMHOLE_NOT_STAGGERED_SLG004 - 0
ASSOCIATED: 'GRSLG004' for GRSLG004_AX18_AMHOLE_NOT_STAGGERED_SLG004 
GRSLG003_AX18_AMHOLE_BAD_CONNECTION_LT10_SLG003 - 0
ASSOCIATED: 'GRSLG003' for GRSLG003_AX18_AMHOLE_BAD_CONNECTION_LT10_SLG003 
GRSLR002_AX18_ILL_ACUTE_ANGLE_AMHOLE_SLR002 - 0
ASSOCIATED: 'GRSLR002' for GRSLR002_AX18_ILL_ACUTE_ANGLE_AMHOLE_SLR002 
GRSLR002_AX18_ILL_SKEWED_ANGLE_NOT_45_90_AMHOLE_SLR002 - 0
ASSOCIATED: 'GRSLR002' for GRSLR002_AX18_ILL_SKEWED_ANGLE_NOT_45_90_AMHOLE_SLR002 
GRSLR003_AX18_ILL_ACUTE_ANGLE_MLHOLE_SLR003 - 0
ASSOCIATED: 'GRSLR003' for GRSLR003_AX18_ILL_ACUTE_ANGLE_MLHOLE_SLR003 
GRSLR003_AX18_ILL_SKEWED_ANGLE_NOT_45_90_MLHOLE_SLR003 - 0
ASSOCIATED: 'GRSLR003' for GRSLR003_AX18_ILL_SKEWED_ANGLE_NOT_45_90_MLHOLE_SLR003 
GRSLG001_AX18_ILL_M1_AREA50X50_NOSLOTS_SLG001 - 0
ASSOCIATED: 'GRSLG001' for GRSLG001_AX18_ILL_M1_AREA50X50_NOSLOTS_SLG001 
GRSLG001_AX18_ILL_M2_AREA50X50_NOSLOTS_SLG001 - 0
ASSOCIATED: 'GRSLG001' for GRSLG001_AX18_ILL_M2_AREA50X50_NOSLOTS_SLG001 
GRSLG001_AX18_ILL_M3_AREA50X50_NOSLOTS_SLG001 - 0
ASSOCIATED: 'GRSLG001' for GRSLG001_AX18_ILL_M3_AREA50X50_NOSLOTS_SLG001 
GRSLG001_AX18_ILL_M4_AREA50X50_NOSLOTS_SLG001 - 0
ASSOCIATED: 'GRSLG001' for GRSLG001_AX18_ILL_M4_AREA50X50_NOSLOTS_SLG001 
GRSLG001_AX18_ILL_MT_AREA50X50_NOSLOTS_SLG001 - 0
ASSOCIATED: 'GRSLG001' for GRSLG001_AX18_ILL_MT_AREA50X50_NOSLOTS_SLG001 
GRS1_am - 0
ASSOCIATED: 'GRS1' for GRS1_am 
GRS1_bb - 0
ASSOCIATED: 'GRS1' for GRS1_bb 
GRS1_bfmoat - 0
ASSOCIATED: 'GRS1' for GRS1_bfmoat 
GRS1_bp - 0
ASSOCIATED: 'GRS1' for GRS1_bp 
GRS1_ca - 0
ASSOCIATED: 'GRS1' for GRS1_ca 
GRS1_cabar - 0
ASSOCIATED: 'GRS1' for GRS1_cabar 
GRS1_dg - 0
ASSOCIATED: 'GRS1' for GRS1_dg 
GRS1_dv - 0
ASSOCIATED: 'GRS1' for GRS1_dv 
GRS1_e1 - 0
ASSOCIATED: 'GRS1' for GRS1_e1 
GRS1_e1coil - 0
BASE-GR: 'GRS1' for GRS1_e1coil 
GRS1_e2 - 0
ASSOCIATED: 'GRS1' for GRS1_e2 
GRS1_ft - 0
ASSOCIATED: 'GRS1' for GRS1_ft 
GRS1_ftbar - 0
ASSOCIATED: 'GRS1' for GRS1_ftbar 
GRS1_ht - 0
ASSOCIATED: 'GRS1' for GRS1_ht 
GRS1_k1 - 0
ASSOCIATED: 'GRS1' for GRS1_k1 
GRS1_lv - 0
ASSOCIATED: 'GRS1' for GRS1_lv 
GRS1_m1 - 0
ASSOCIATED: 'GRS1' for GRS1_m1 
GRS1_m2 - 0
ASSOCIATED: 'GRS1' for GRS1_m2 
GRS1_m3 - 0
ASSOCIATED: 'GRS1' for GRS1_m3 
GRS1_m4 - 0
ASSOCIATED: 'GRS1' for GRS1_m4 
GRS1_m5 - 0
ASSOCIATED: 'GRS1' for GRS1_m5 
GRS1_ma - 0
ASSOCIATED: 'GRS1' for GRS1_ma 
GRS1_mt - 0
ASSOCIATED: 'GRS1' for GRS1_mt 
GRS1_nw - 0
ASSOCIATED: 'GRS1' for GRS1_nw 
GRS1_op - 0
ASSOCIATED: 'GRS1' for GRS1_op 
GRS1_pc - 0
ASSOCIATED: 'GRS1' for GRS1_pc 
GRS1_pcfuse - 0
ASSOCIATED: 'GRS1' for GRS1_pcfuse 
GRS1_pcing - 0
ASSOCIATED: 'GRS1' for GRS1_pcing 
GRS1_pd - 0
ASSOCIATED: 'GRS1' for GRS1_pd 
GRS1_qt - 0
ASSOCIATED: 'GRS1' for GRS1_qt 
GRS1_ns - 0
ASSOCIATED: 'GRS1' for GRS1_ns 
GRS1_rr - 0
ASSOCIATED: 'GRS1' for GRS1_rr 
GRS1_rp - 0
ASSOCIATED: 'GRS1' for GRS1_rp 
GRS1_rn - 0
ASSOCIATED: 'GRS1' for GRS1_rn 
GRS1_zvt - 0
ASSOCIATED: 'GRS1' for GRS1_zvt 
GRS1_rx - 0
ASSOCIATED: 'GRS1' for GRS1_rx 
GRS1_v1 - 0
ASSOCIATED: 'GRS1' for GRS1_v1 
GRS1_v1bar - 0
ASSOCIATED: 'GRS1' for GRS1_v1bar 
GRS1_v2 - 0
ASSOCIATED: 'GRS1' for GRS1_v2 
GRS1_v2bar - 0
ASSOCIATED: 'GRS1' for GRS1_v2bar 
GRS1_v3 - 0
ASSOCIATED: 'GRS1' for GRS1_v3 
GRS1_v3bar - 0
ASSOCIATED: 'GRS1' for GRS1_v3bar 
GRS1_v4 - 0
ASSOCIATED: 'GRS1' for GRS1_v4 
GRS1_v4bar - 0
ASSOCIATED: 'GRS1' for GRS1_v4bar 
GRS1_v5 - 0
ASSOCIATED: 'GRS1' for GRS1_v5 
GRS1_v5bar - 0
ASSOCIATED: 'GRS1' for GRS1_v5bar 
GRS1_logobnd - 0
ASSOCIATED: 'GRS1' for GRS1_logobnd 
GRS1_paddev - 0
ASSOCIATED: 'GRS1' for GRS1_paddev 
GRS1_as - 0
ASSOCIATED: 'GRS1' for GRS1_as 
GRS1_mos - 0
ASSOCIATED: 'GRS1' for GRS1_mos 
GRS1_cap - 0
ASSOCIATED: 'GRS1' for GRS1_cap 
GRS1_lvd - 0
ASSOCIATED: 'GRS1' for GRS1_lvd 
GRS1_ami - 0
ASSOCIATED: 'GRS1' for GRS1_ami 
GRS2_bb - 0
ASSOCIATED: 'GRS2' for GRS2_bb 
GRS2_k1 - 0
ASSOCIATED: 'GRS2' for GRS2_k1 
GRS2_pi - 0
ASSOCIATED: 'GRS2' for GRS2_pi 
GRS2_jc - 0
ASSOCIATED: 'GRS2' for GRS2_jc 
GRS2_m1 - 0
ASSOCIATED: 'GRS2' for GRS2_m1 
GRS2_m2 - 0
ASSOCIATED: 'GRS2' for GRS2_m2 
GRS2_m3 - 0
ASSOCIATED: 'GRS2' for GRS2_m3 
GRS2_m4 - 0
ASSOCIATED: 'GRS2' for GRS2_m4 
GRS2_m5 - 0
ASSOCIATED: 'GRS2' for GRS2_m5 
GRS2_am - 0
ASSOCIATED: 'GRS2' for GRS2_am 
GRS2_ml - 0
ASSOCIATED: 'GRS2' for GRS2_ml 
GRS2_ma - 0
ASSOCIATED: 'GRS2' for GRS2_ma 
GRS2_v1 - 0
ASSOCIATED: 'GRS2' for GRS2_v1 
GRS2_v1b - 0
ASSOCIATED: 'GRS2' for GRS2_v1b 
GRS2_v2 - 0
ASSOCIATED: 'GRS2' for GRS2_v2 
GRS2_v2b - 0
ASSOCIATED: 'GRS2' for GRS2_v2b 
GRS2_v3 - 0
ASSOCIATED: 'GRS2' for GRS2_v3 
GRS2_v3b - 0
ASSOCIATED: 'GRS2' for GRS2_v3b 
GRS2_v4 - 0
ASSOCIATED: 'GRS2' for GRS2_v4 
GRS2_v4b - 0
ASSOCIATED: 'GRS2' for GRS2_v4b 
GRS2_v5 - 0
ASSOCIATED: 'GRS2' for GRS2_v5 
GRS2_v5b - 0
ASSOCIATED: 'GRS2' for GRS2_v5b 
GRS2_rx - 0
ASSOCIATED: 'GRS2' for GRS2_rx 
GRS2_ns - 0
ASSOCIATED: 'GRS2' for GRS2_ns 
GRS2_rn - 0
ASSOCIATED: 'GRS2' for GRS2_rn 
GRS2_nw - 0
ASSOCIATED: 'GRS2' for GRS2_nw 
GRS2_nwasp - 0
ASSOCIATED: 'GRS2' for GRS2_nwasp 
GRS2_dg - 0
ASSOCIATED: 'GRS2' for GRS2_dg 
GRS2_pc - 0
ASSOCIATED: 'GRS2' for GRS2_pc 
GRS2_pcf - 0
ASSOCIATED: 'GRS2' for GRS2_pcf 
GRS2_pci - 0
ASSOCIATED: 'GRS2' for GRS2_pci 
GRS2_bp - 0
ASSOCIATED: 'GRS2' for GRS2_bp 
GRS2_as - 0
ASSOCIATED: 'GRS2' for GRS2_as 
GRS2_rr - 0
ASSOCIATED: 'GRS2' for GRS2_rr 
GRS2_pd - 0
ASSOCIATED: 'GRS2' for GRS2_pd 
GRS2_zv - 0
ASSOCIATED: 'GRS2' for GRS2_zv 
GRS2_op - 0
ASSOCIATED: 'GRS2' for GRS2_op 
GRS2_ca - 0
ASSOCIATED: 'GRS2' for GRS2_ca 
GRS2_cab - 0
ASSOCIATED: 'GRS2' for GRS2_cab 
GRS2_mt - 0
ASSOCIATED: 'GRS2' for GRS2_mt 
GRS2_ft - 0
ASSOCIATED: 'GRS2' for GRS2_ft 
GRS2_e1 - 0
ASSOCIATED: 'GRS2' for GRS2_e1 
GRS2_e2 - 0
ASSOCIATED: 'GRS2' for GRS2_e2 
GRS2_qt - 0
ASSOCIATED: 'GRS2' for GRS2_qt 
GRS2_ht - 0
ASSOCIATED: 'GRS2' for GRS2_ht 
GRS2_ami - 0
ASSOCIATED: 'GRS2' for GRS2_ami 
GRS2_dv - 0
ASSOCIATED: 'GRS2' for GRS2_dv 
GRS2_lv - 0
ASSOCIATED: 'GRS2' for GRS2_lv 
GRS2_lvd - 0
ASSOCIATED: 'GRS2' for GRS2_lvd 
GRS2_mos - 0
ASSOCIATED: 'GRS2' for GRS2_mos 
GRS2_bfm - 0
ASSOCIATED: 'GRS2' for GRS2_bfm 
GRS2_ind - 0
ASSOCIATED: 'GRS2' for GRS2_ind 
GRS2_pad - 0
ASSOCIATED: 'GRS2' for GRS2_pad 
GRS2_ch - 0
ASSOCIATED: 'GRS2' for GRS2_ch 
GRS2_di - 0
ASSOCIATED: 'GRS2' for GRS2_di 
GRS2_lg - 0
ASSOCIATED: 'GRS2' for GRS2_lg 
GRS6_bb - 0
BASE-GR: 'GRS6' for GRS6_bb 
GRS6_k1 - 0
BASE-GR: 'GRS6' for GRS6_k1 
GRS6_pi - 0
BASE-GR: 'GRS6' for GRS6_pi 
GRS6_jc - 0
BASE-GR: 'GRS6' for GRS6_jc 
GRS6_m1 - 0
BASE-GR: 'GRS6' for GRS6_m1 
GRS6_m2 - 0
BASE-GR: 'GRS6' for GRS6_m2 
GRS6_m3 - 0
BASE-GR: 'GRS6' for GRS6_m3 
GRS6_m4 - 0
BASE-GR: 'GRS6' for GRS6_m4 
GRS6_m5 - 0
BASE-GR: 'GRS6' for GRS6_m5 
GRS6_am - 0
BASE-GR: 'GRS6' for GRS6_am 
GRS6_ml - 0
BASE-GR: 'GRS6' for GRS6_ml 
GRS6_ma - 0
BASE-GR: 'GRS6' for GRS6_ma 
GRS6_v1 - 0
BASE-GR: 'GRS6' for GRS6_v1 
GRS6_v1b - 0
BASE-GR: 'GRS6' for GRS6_v1b 
GRS6_v2 - 0
BASE-GR: 'GRS6' for GRS6_v2 
GRS6_v2b - 0
BASE-GR: 'GRS6' for GRS6_v2b 
GRS6_v3 - 0
BASE-GR: 'GRS6' for GRS6_v3 
GRS6_v3b - 0
BASE-GR: 'GRS6' for GRS6_v3b 
GRS6_v4 - 0
BASE-GR: 'GRS6' for GRS6_v4 
GRS6_v4b - 0
BASE-GR: 'GRS6' for GRS6_v4b 
GRS6_v5 - 0
BASE-GR: 'GRS6' for GRS6_v5 
GRS6_v5b - 0
BASE-GR: 'GRS6' for GRS6_v5b 
GRS6_rx - 0
BASE-GR: 'GRS6' for GRS6_rx 
GRS6_ns - 0
BASE-GR: 'GRS6' for GRS6_ns 
GRS6_rn - 0
BASE-GR: 'GRS6' for GRS6_rn 
GRS6_nw - 0
BASE-GR: 'GRS6' for GRS6_nw 
GRS6_nwasp - 0
BASE-GR: 'GRS6' for GRS6_nwasp 
GRS6_dg - 0
BASE-GR: 'GRS6' for GRS6_dg 
GRS6_pc - 0
BASE-GR: 'GRS6' for GRS6_pc 
GRS6_pcf - 0
BASE-GR: 'GRS6' for GRS6_pcf 
GRS6_pci - 0
BASE-GR: 'GRS6' for GRS6_pci 
GRS6_bp - 0
BASE-GR: 'GRS6' for GRS6_bp 
GRS6_as - 0
BASE-GR: 'GRS6' for GRS6_as 
GRS6_rr - 0
BASE-GR: 'GRS6' for GRS6_rr 
GRS6_pd - 0
BASE-GR: 'GRS6' for GRS6_pd 
GRS6_zv - 0
BASE-GR: 'GRS6' for GRS6_zv 
GRS6_op - 0
BASE-GR: 'GRS6' for GRS6_op 
GRS6_ca - 0
BASE-GR: 'GRS6' for GRS6_ca 
GRS6_cab - 0
BASE-GR: 'GRS6' for GRS6_cab 
GRS6_mt - 0
BASE-GR: 'GRS6' for GRS6_mt 
GRS6_ft - 0
BASE-GR: 'GRS6' for GRS6_ft 
GRS6_e1 - 0
BASE-GR: 'GRS6' for GRS6_e1 
GRS6_e1coil - 0
BASE-GR: 'GRS6' for GRS6_e1coil 
GRS6_e2 - 0
BASE-GR: 'GRS6' for GRS6_e2 
GRS6_qt - 0
BASE-GR: 'GRS6' for GRS6_qt 
GRS6_ht - 0
BASE-GR: 'GRS6' for GRS6_ht 
GRS6_ami - 0
BASE-GR: 'GRS6' for GRS6_ami 
GRS6_dv - 0
BASE-GR: 'GRS6' for GRS6_dv 
GRS6_lv - 0
BASE-GR: 'GRS6' for GRS6_lv 
GRS6_lvd - 0
BASE-GR: 'GRS6' for GRS6_lvd 
GRS6_mos - 0
BASE-GR: 'GRS6' for GRS6_mos 
GRS6_bfm - 0
BASE-GR: 'GRS6' for GRS6_bfm 
GRS6_ind - 0
BASE-GR: 'GRS6' for GRS6_ind 
GRS6_pad - 0
BASE-GR: 'GRS6' for GRS6_pad 
GRS6_ch - 0
BASE-GR: 'GRS6' for GRS6_ch 
GRS6_di - 0
BASE-GR: 'GRS6' for GRS6_di 
GRS6_lg - 0
BASE-GR: 'GRS6' for GRS6_lg 
GRS10_as - 0
ASSOCIATED: 'GRS10' for GRS10_as 
GRS10_bp - 0
ASSOCIATED: 'GRS10' for GRS10_bp 
GRS10_ca - 0
ASSOCIATED: 'GRS10' for GRS10_ca 
GRS10_dg - 0
ASSOCIATED: 'GRS10' for GRS10_dg 
GRS10_e1 - 0
ASSOCIATED: 'GRS10' for GRS10_e1 
GRS10_ht - 0
ASSOCIATED: 'GRS10' for GRS10_ht 
GRS10_qt - 0
ASSOCIATED: 'GRS10' for GRS10_qt 
GRS10_ft - 0
ASSOCIATED: 'GRS10' for GRS10_ft 
GRS10_m1 - 0
ASSOCIATED: 'GRS10' for GRS10_m1 
GRS10_m2 - 0
ASSOCIATED: 'GRS10' for GRS10_m2 
GRS10_m3 - 0
ASSOCIATED: 'GRS10' for GRS10_m3 
GRS10_m4 - 0
ASSOCIATED: 'GRS10' for GRS10_m4 
GRS10_m5 - 0
ASSOCIATED: 'GRS10' for GRS10_m5 
GRS10_mt - 0
ASSOCIATED: 'GRS10' for GRS10_mt 
GRS10_am - 0
ASSOCIATED: 'GRS10' for GRS10_am 
GRS10_ml - 0
ASSOCIATED: 'GRS10' for GRS10_ml 
GRS10_ma - 0
ASSOCIATED: 'GRS10' for GRS10_ma 
GRS10_nw - 0
ASSOCIATED: 'GRS10' for GRS10_nw 
GRS10_op - 0
ASSOCIATED: 'GRS10' for GRS10_op 
GRS10_pc - 0
ASSOCIATED: 'GRS10' for GRS10_pc 
GRS10_rx - 0
ASSOCIATED: 'GRS10' for GRS10_rx 
GRS10_v1 - 0
ASSOCIATED: 'GRS10' for GRS10_v1 
GRS10_v2 - 0
ASSOCIATED: 'GRS10' for GRS10_v2 
GRS10_v3 - 0
ASSOCIATED: 'GRS10' for GRS10_v3 
GRS10_v4 - 0
ASSOCIATED: 'GRS10' for GRS10_v4 
GRS10_v5 - 0
ASSOCIATED: 'GRS10' for GRS10_v5 
GRS10_ns - 0
ASSOCIATED: 'GRS10' for GRS10_ns 
GRS10_rn - 0
ASSOCIATED: 'GRS10' for GRS10_rn 
GRS10_pi - 0
ASSOCIATED: 'GRS10' for GRS10_pi 
GRS10_pr - 0
ASSOCIATED: 'GRS10' for GRS10_pr 
GRS10_nr - 0
ASSOCIATED: 'GRS10' for GRS10_nr 
GRS10_bb - 0
ASSOCIATED: 'GRS10' for GRS10_bb 
GRS10_pcing - 0
ASSOCIATED: 'GRS10' for GRS10_pcing 
GRS10_pcfuse - 0
ASSOCIATED: 'GRS10' for GRS10_pcfuse 
GRS10_jd - 0
ASSOCIATED: 'GRS10' for GRS10_jd 
GRS10_rr - 0
ASSOCIATED: 'GRS10' for GRS10_rr 
GRS10_rp - 0
ASSOCIATED: 'GRS10' for GRS10_rp 
GRS10_bn - 0
ASSOCIATED: 'GRS10' for GRS10_bn 
GRS10_k1 - 0
ASSOCIATED: 'GRS10' for GRS10_k1 
GRS10_e2 - 0
ASSOCIATED: 'GRS10' for GRS10_e2 
GRS10_dv - 0
ASSOCIATED: 'GRS10' for GRS10_dv 
GRS10_lv - 0
ASSOCIATED: 'GRS10' for GRS10_lv 
GRS10_IND_FILT - 0
ASSOCIATED: 'GRS10' for GRS10_IND_FILT 
GRS10_bf - 0
ASSOCIATED: 'GRS10' for GRS10_bf 
GRS10_bh - 0
ASSOCIATED: 'GRS10' for GRS10_bh 
GRS10_de - 0
ASSOCIATED: 'GRS10' for GRS10_de 
GRS10_ph - 0
ASSOCIATED: 'GRS10' for GRS10_ph 
GRVNCAP1 - 0
GRVNCAP2 - 0
GRVNCAP3 - 0
GRVNCAP3_MT - 0
ASSOCIATED: 'GRVNCAP3' for GRVNCAP3_MT 
GRVNCAP3a - 0
GRVNCAP4a - 0
GRVNCAP4b - 0
GRVNCAP6a - 0
GRVNCAP8a - 0
GRVNCAP8b - 0
GRVNCAP9a - 0
GRVNCAP9b - 0
GRVNCAP10 - 0
GRVNCAP10_tline - 0
ASSOCIATED: 'GRVNCAP10' for GRVNCAP10_tline 
GRVNCAP11b - 0
GRVNCAP12 - 0
GRVNCAP13 - 0
GRVNCAP15 - 0
GRVNCPM1 - 0
GRVNCPM2 - 0
GR267 - 0
GRTW267 - 0
GR130a_rev5 - 0
BASE-GR: 'GR130a' for GR130a_rev5 
GR131c - 0
GR131b_lvgate_ratio10_v1 - 0
BASE-GR: 'GR131b' for GR131b_lvgate_ratio10_v1 
GR131_lvgate_no_tie_ratio33_v1 - 0
BASE-GR: 'GR131' for GR131_lvgate_no_tie_ratio33_v1 
GR131_lvgate_no_tie_ratio50_m1 - 0
BASE-GR: 'GR131' for GR131_lvgate_no_tie_ratio50_m1 
GR131b_lvgate_ratio10_v2 - 0
BASE-GR: 'GR131b' for GR131b_lvgate_ratio10_v2 
GR131_lvgate_no_tie_ratio33_v2 - 0
BASE-GR: 'GR131' for GR131_lvgate_no_tie_ratio33_v2 
GR131_lvgate_no_tie_ratio50_m2 - 0
BASE-GR: 'GR131' for GR131_lvgate_no_tie_ratio50_m2 
GR131b_lvgate_ratio10_v3 - 0
BASE-GR: 'GR131b' for GR131b_lvgate_ratio10_v3 
GR131_lvgate_no_tie_ratio33_v3 - 0
BASE-GR: 'GR131' for GR131_lvgate_no_tie_ratio33_v3 
GR131_lvgate_no_tie_ratio50_m3 - 0
BASE-GR: 'GR131' for GR131_lvgate_no_tie_ratio50_m3 
GR131b_lvgate_ratio10_v4 - 0
BASE-GR: 'GR131b' for GR131b_lvgate_ratio10_v4 
GR131_lvgate_no_tie_ratio33_v4 - 0
BASE-GR: 'GR131' for GR131_lvgate_no_tie_ratio33_v4 
GR131_lvgate_no_tie_ratio50_m4 - 0
BASE-GR: 'GR131' for GR131_lvgate_no_tie_ratio50_m4 
GR131_lvgate_no_tie_ratio50_mt - 0
BASE-GR: 'GR131' for GR131_lvgate_no_tie_ratio50_mt 
GR131_dig_miss_tie_mtft - 0
BASE-GR: 'GR131' for GR131_dig_miss_tie_mtft 
GR131_ana_miss_tie_mtft - 0
BASE-GR: 'GR131' for GR131_ana_miss_tie_mtft 
GR131b_lvgate_ratio10_ft - 0
BASE-GR: 'GR131b' for GR131b_lvgate_ratio10_ft 
GR131_rev5_m1_lvgate_no_tie_ratio50_m1 - 0
BASE-GR: 'GR131' for GR131_rev5_m1_lvgate_no_tie_ratio50_m1 
GR131_rev5_m1_lvgate_tie_ratio_30_50_m1 - 0
BASE-GR: 'GR131' for GR131_rev5_m1_lvgate_tie_ratio_30_50_m1 
GR131b_rev5_v1 - 0
BASE-GR: 'GR131b' for GR131b_rev5_v1 
GR131_rev5_m2_lvgate_no_tie_ratio50_m2 - 0
BASE-GR: 'GR131' for GR131_rev5_m2_lvgate_no_tie_ratio50_m2 
GR131_rev5_m2_lvgate_tie_ratio_30_50_m2 - 0
BASE-GR: 'GR131' for GR131_rev5_m2_lvgate_tie_ratio_30_50_m2 
GR131b_rev5_v2 - 0
BASE-GR: 'GR131b' for GR131b_rev5_v2 
GR131_rev5_m3_lvgate_no_tie_ratio50_m3 - 0
BASE-GR: 'GR131' for GR131_rev5_m3_lvgate_no_tie_ratio50_m3 
GR131_rev5_m3_lvgate_tie_ratio_30_50_m3 - 18
BASE-GR: 'GR131' for GR131_rev5_m3_lvgate_tie_ratio_30_50_m3 
GR131b_rev5_v3 - 0
BASE-GR: 'GR131b' for GR131b_rev5_v3 
GR131_rev5_m4_lvgate_no_tie_ratio50_m4 - 0
BASE-GR: 'GR131' for GR131_rev5_m4_lvgate_no_tie_ratio50_m4 
GR131_rev5_m4_lvgate_tie_ratio_30_50_m4 - 18
BASE-GR: 'GR131' for GR131_rev5_m4_lvgate_tie_ratio_30_50_m4 
GR131b_rev5_v4 - 0
BASE-GR: 'GR131b' for GR131b_rev5_v4 
GR131_rev5_mt_lvgate_no_tie_ratio50_mt - 0
BASE-GR: 'GR131' for GR131_rev5_mt_lvgate_no_tie_ratio50_mt 
GR131_rev5_mt_lvgate_tie_ratio_30_50_mt - 18
BASE-GR: 'GR131' for GR131_rev5_mt_lvgate_tie_ratio_30_50_mt 
GR131_rev5_lvgate_no_tie_conn_ft - 0
BASE-GR: 'GR131' for GR131_rev5_lvgate_no_tie_conn_ft 
GR131b_rev5_ft - 0
BASE-GR: 'GR131b' for GR131b_rev5_ft 
GR131_rev5_top_lvgate_no_tie_ratio50_top - 0
BASE-GR: 'GR131' for GR131_rev5_top_lvgate_no_tie_ratio50_top 
GR131_rev5_top_lvgate_tie_ratio_30_50_top - 0
BASE-GR: 'GR131' for GR131_rev5_top_lvgate_tie_ratio_30_50_top 
GR953 - 0
GR953c - 0
GRQCAP24_MT - 0
ASSOCIATED: 'GRQCAP24' for GRQCAP24_MT 
GRQCAP24_QT - 0
ASSOCIATED: 'GRQCAP24' for GRQCAP24_QT 
GRQCAP24_HT - 0
ASSOCIATED: 'GRQCAP24' for GRQCAP24_HT 
GRPDRX_max - 0
GRPDPC_max - 0
GRPDM1_M1R006_max - 0
GRPDM2_max - 0
GRPDM3_max - 0
GRPDM4_max - 0
GRPDMT_max - 0
GRPDQT_max - 0
ASSOCIATED: 'GRPDQT' for GRPDQT_max 
GRPDHT_max - 0
ASSOCIATED: 'GRPDHT' for GRPDHT_max 
GRPDE1_min - 0
ASSOCIATED: 'GRPDE1' for GRPDE1_min 
GRPDE1_max - 0
ASSOCIATED: 'GRPDE1' for GRPDE1_max 
GRPDMA_min - 0
ASSOCIATED: 'GRPDMA' for GRPDMA_min 
GRPDMA_max - 0
ASSOCIATED: 'GRPDMA' for GRPDMA_max 
GRPDML_MLR007_min - 0
GRPDAM_min - 1
ASSOCIATED: 'GRPDAM' for GRPDAM_min 
GRPDLV_max - 0
ASSOCIATED: 'GRPDLV' for GRPDLV_max 
GRPDDV_max - 0
ASSOCIATED: 'GRPDDV' for GRPDDV_max 
GRPDR3_m1 - 0
BASE-GR: 'GRPDR3' for GRPDR3_m1 
GRPDR3_m2 - 0
BASE-GR: 'GRPDR3' for GRPDR3_m2 
GRPDR4_m2 - 0
BASE-GR: 'GRPDR4' for GRPDR4_m2 
GRPDR4_m1 - 0
BASE-GR: 'GRPDR4' for GRPDR4_m1 
GRPDR3_m3 - 0
BASE-GR: 'GRPDR3' for GRPDR3_m3 
GRPDR4_m3 - 0
BASE-GR: 'GRPDR4' for GRPDR4_m3 
GRPDR3_m4 - 0
BASE-GR: 'GRPDR3' for GRPDR3_m4 
GRPDR4_m4 - 0
BASE-GR: 'GRPDR4' for GRPDR4_m4 
GR214 - 0
GREPDG_M1R005_M1_min - 0
BASE-GR: 'GREPDG' for GREPDG_M1R005_M1_min 
GREPDG_M1G001_M1_min - 0
BASE-GR: 'GREPDG' for GREPDG_M1G001_M1_min 
GREPDL_M1_M1R007_min_PD17a - 0
BASE-GR: 'GREPDL' for GREPDL_M1_M1R007_min_PD17a 
GREPDL_M2_min - 0
GREPDG_M2_min - 0
GREPDL_M3_min - 0
GREPDG_M3_min - 0
GREPDL_M4_min - 0
GREPDG_M4_min - 0
GREPDG_MT_min - 0
GREPDL_MT_min - 0
GRPDR3_mt - 0
BASE-GR: 'GRPDR3' for GRPDR3_mt 
GRPDR4_mt - 0
BASE-GR: 'GRPDR4' for GRPDR4_mt 
GREPDL_RX_min_PD1a - 0
BASE-GR: 'GREPDL' for GREPDL_RX_min_PD1a 
GREPDL_RX_max - 0
GREPDG_RX_min - 0
GREPDG_PC_min - 0
GRPFETM_L - 0
BASE-GR: 'GRPFETM' for GRPFETM_L 
GRPFETM_W - 0
GRTG0 - 0
GRTGSC0 - 0
GRTGSC0a - 0
GRTG1 - 0
GRTG2 - 0
GRTGSC2 - 0
GRTGSC2a - 0
GRTGSC2b - 0
GRTGSC2c - 0
GRTG3 - 0
GRTG4 - 0
GRTG5 - 0
GRTG6 - 0
GRTG7 - 0
GRTG8 - 0
GRTG8a - 0
GRTG9 - 0
GRTG10 - 0
GRTG10a - 0
GRTG10a1 - 0
GRTG12 - 0
GRTG13 - 0
GRTG13a - 0
GRTG14 - 0
GRTG15 - 0
GRTG16 - 0
GRTG17 - 0
GRTG17c - 0
GRTG18 - 0
GRTG18a - 0
GRTG19 - 0
GRTG20 - 0
GRTG21 - 0
GRTG22a - 0
GRTG50 - 0
GRTG52 - 0
GRTG52a - 0
GRTG52b - 0
GRTG52c - 0
GRTG52d - 0
GRTG52e - 0
GRTG52f - 0
GRTG52g - 0
GRTG52h - 0
GRTG52i - 0
GRTG104a - 0
GRTG104b - 0
GRTG110 - 0
GRTG111 - 0
GRTG207 - 0
GRTG250 - 0
GRTG252 - 0
GRTG252a - 0
GRTG260a1 - 0
GRTG260a2 - 0
GRTG260c1 - 0
GRTG260c2 - 0
GRTG265a1 - 0
GRTG265a2 - 0
GRTG265c1 - 0
GRTG265c2 - 0
GRTG265e1 - 0
GRTG268a - 0
GRTG268b - 0
GRTG353 - 0
GRTG354b - 0
GRTG356b - 0
GRTG358a_te - 0
ASSOCIATED: 'GRTG358a' for GRTG358a_te 
GRTG358a_tf - 0
ASSOCIATED: 'GRTG358a' for GRTG358a_tf 
GRTG358a_nv - 0
ASSOCIATED: 'GRTG358a' for GRTG358a_nv 
GRTG358a_pv - 0
ASSOCIATED: 'GRTG358a' for GRTG358a_pv 
GRTG358b_te - 0
ASSOCIATED: 'GRTG358b' for GRTG358b_te 
GRTG358b_tf - 0
ASSOCIATED: 'GRTG358b' for GRTG358b_tf 
GRTG358b_nv - 0
ASSOCIATED: 'GRTG358b' for GRTG358b_nv 
GRTG358b_pv - 0
ASSOCIATED: 'GRTG358b' for GRTG358b_pv 
GRTG358c_tg - 0
ASSOCIATED: 'GRTG358c' for GRTG358c_tg 
GRTG358c_te - 0
ASSOCIATED: 'GRTG358c' for GRTG358c_te 
GRTG358c_tf - 0
ASSOCIATED: 'GRTG358c' for GRTG358c_tf 
GRTG358c_nv - 0
ASSOCIATED: 'GRTG358c' for GRTG358c_nv 
GRTG358c_pv - 0
ASSOCIATED: 'GRTG358c' for GRTG358c_pv 
GRTG358d_tg - 0
ASSOCIATED: 'GRTG358d' for GRTG358d_tg 
GRTG358d_te - 0
ASSOCIATED: 'GRTG358d' for GRTG358d_te 
GRTG358d_tf - 0
ASSOCIATED: 'GRTG358d' for GRTG358d_tf 
GRTG358d_nv - 0
ASSOCIATED: 'GRTG358d' for GRTG358d_nv 
GRTG358d_pv - 0
ASSOCIATED: 'GRTG358d' for GRTG358d_pv 
GRTG358e_wx - 0
BASE-GR: 'GRTG358e' for GRTG358e_wx 
GRTG358f_wx - 0
BASE-GR: 'GRTG358f' for GRTG358f_wx 
GRTG358g_wx - 0
BASE-GR: 'GRTG358g' for GRTG358g_wx 
GRTG358h_wx - 0
BASE-GR: 'GRTG358h' for GRTG358h_wx 
GRTG358e_wy - 0
BASE-GR: 'GRTG358e' for GRTG358e_wy 
GRTG358f_wy - 0
BASE-GR: 'GRTG358f' for GRTG358f_wy 
GRTG358g_wy - 0
BASE-GR: 'GRTG358g' for GRTG358g_wy 
GRTG358h_wy - 0
BASE-GR: 'GRTG358h' for GRTG358h_wy 
GR5VONLY01 - 0
GR5VONLY02 - 0
GRPLYONCRK1 - 0
GRPLYONCRK2 - 0
GRTG267 - 0
GRTG131c - 0
GRTG131a_lvgate_ratio33_v1 - 0
BASE-GR: 'GRTG131a' for GRTG131a_lvgate_ratio33_v1 
GRTG131_lvgate_no_tie_ratio33_v1 - 0
BASE-GR: 'GRTG131' for GRTG131_lvgate_no_tie_ratio33_v1 
GRTG131_lvgate_no_tie_ratio50_m1 - 0
BASE-GR: 'GRTG131' for GRTG131_lvgate_no_tie_ratio50_m1 
GRTG131a_lvgate_ratio33_v2 - 0
BASE-GR: 'GRTG131a' for GRTG131a_lvgate_ratio33_v2 
GRTG131_lvgate_no_tie_ratio33_v2 - 0
BASE-GR: 'GRTG131' for GRTG131_lvgate_no_tie_ratio33_v2 
GRTG131_lvgate_no_tie_ratio50_m2 - 0
BASE-GR: 'GRTG131' for GRTG131_lvgate_no_tie_ratio50_m2 
GRTG131a_lvgate_ratio33_v3 - 0
BASE-GR: 'GRTG131a' for GRTG131a_lvgate_ratio33_v3 
GRTG131_lvgate_no_tie_ratio33_v3 - 0
BASE-GR: 'GRTG131' for GRTG131_lvgate_no_tie_ratio33_v3 
GRTG131_lvgate_no_tie_ratio50_m3 - 0
BASE-GR: 'GRTG131' for GRTG131_lvgate_no_tie_ratio50_m3 
GRTG131a_lvgate_ratio33_v4 - 0
BASE-GR: 'GRTG131a' for GRTG131a_lvgate_ratio33_v4 
GRTG131_lvgate_no_tie_ratio33_v4 - 0
BASE-GR: 'GRTG131' for GRTG131_lvgate_no_tie_ratio33_v4 
GRTG131_lvgate_no_tie_ratio50_m4 - 0
BASE-GR: 'GRTG131' for GRTG131_lvgate_no_tie_ratio50_m4 
GRTG131_lvgate_no_tie_ratio50_mt - 0
BASE-GR: 'GRTG131' for GRTG131_lvgate_no_tie_ratio50_mt 
GRTG131_gate_fltgate_miss_tie_mtft - 0
BASE-GR: 'GRTG131' for GRTG131_gate_fltgate_miss_tie_mtft 
GRTG131_gate_no_fltgate_miss_tie_mtft - 0
BASE-GR: 'GRTG131' for GRTG131_gate_no_fltgate_miss_tie_mtft 
GRTG131_rev5_lvgate_ratio_30_50_m1 - 0
BASE-GR: 'GRTG131' for GRTG131_rev5_lvgate_ratio_30_50_m1 
GRTG131_rev5_lvgate_no_tie_ratio50_m1 - 0
BASE-GR: 'GRTG131' for GRTG131_rev5_lvgate_no_tie_ratio50_m1 
GRTG131_rev5_lvgate_ratio_30_50_m2 - 0
BASE-GR: 'GRTG131' for GRTG131_rev5_lvgate_ratio_30_50_m2 
GRTG131_rev5_lvgate_no_tie_ratio50_m2 - 0
BASE-GR: 'GRTG131' for GRTG131_rev5_lvgate_no_tie_ratio50_m2 
GRTG131_rev5_lvgate_ratio_30_50_m3 - 0
BASE-GR: 'GRTG131' for GRTG131_rev5_lvgate_ratio_30_50_m3 
GRTG131_rev5_lvgate_no_tie_ratio50_m3 - 0
BASE-GR: 'GRTG131' for GRTG131_rev5_lvgate_no_tie_ratio50_m3 
GRTG131_rev5_lvgate_ratio_30_50_m4 - 0
BASE-GR: 'GRTG131' for GRTG131_rev5_lvgate_ratio_30_50_m4 
GRTG131_rev5_lvgate_no_tie_ratio50_m4 - 0
BASE-GR: 'GRTG131' for GRTG131_rev5_lvgate_no_tie_ratio50_m4 
GRTG131_rev5_lvgate_ratio_30_50_mt - 0
BASE-GR: 'GRTG131' for GRTG131_rev5_lvgate_ratio_30_50_mt 
GRTG131_rev5_lvgate_no_tie_ratio50_mt - 0
BASE-GR: 'GRTG131' for GRTG131_rev5_lvgate_no_tie_ratio50_mt 
GRTG131_rev5_lvgate_miss_tie_mtft - 0
BASE-GR: 'GRTG131' for GRTG131_rev5_lvgate_miss_tie_mtft 
GRTG131_rev5_lvgate_ratio_30_50_top - 0
BASE-GR: 'GRTG131' for GRTG131_rev5_lvgate_ratio_30_50_top 
GRELUP00R_NOT_IMPLEMENTED - 0
BASE-GR: 'GRELUP00R' for GRELUP00R_NOT_IMPLEMENTED 
GRELUP01R_NOT_IMPLEMENTED - 0
BASE-GR: 'GRELUP01R' for GRELUP01R_NOT_IMPLEMENTED 
GRELUP01BR_NOT_IMPLEMENTED - 0
BASE-GR: 'GRELUP01BR' for GRELUP01BR_NOT_IMPLEMENTED 
GRELUP01TWR_NOT_IMPLEMENTED - 0
GRELUP01BTWR_NOT_IMPLEMENTED - 0
GR_RING1 - 0
GR_RING2 - 0
GR_RING3_rx - 0
GR_RING3_bp - 0
GR_RING3_cab - 0
GR_RING3_m1 - 0
GR_RING3_v1b - 0
GR_RING4 - 0
GR_RING4_rx - 0
GR_RING4_bp - 0
GR_RING4_cab - 0
GR_RING4_m1 - 0
GR_RING4_v1b - 0
GR_RING3_m2 - 0
GR_RING3_v2b - 0
GR_RING4_m2 - 0
GR_RING4_v2b - 0
GR_RING3_m3 - 0
GR_RING3_v3b - 0
GR_RING4_m3 - 0
GR_RING4_v3b - 0
GR_RING3_m4 - 0
GR_RING3_v4b - 0
GR_RING4_m4 - 0
GR_RING4_v4b - 0
GR_RING3_mt - 0
GR_RING3_ftb - 0
GR_RING4_mt - 0
GR_RING4_ftb - 0
GR_RING3_am - 0
GR_RING4_am - 0
GR_RING5_nw - 0
GR_RING5_op - 0
GR_RING5_pc - 0
GR990a - 0
GR990b - 0
GR990c - 0
GR990d - 0
GR990g - 0
GR990h - 0
GR990i - 0
GR990j - 0
GR991 - 0
GR992 - 0
GR993 - 0
GR994e - 0
GR990k_am - 0
ASSOCIATED: 'GR990k' for GR990k_am 
GR994f - 0
GRJC990 - 0
GR990e_v1b - 0
ASSOCIATED: 'GR990e' for GR990e_v1b 
GR990f_m1 - 0
ASSOCIATED: 'GR990f' for GR990f_m1 
GR994a - 0
GR999_rx - 0
ASSOCIATED: 'GR999' for GR999_rx 
GR999_m1 - 0
ASSOCIATED: 'GR999' for GR999_m1 
GR990e_v2b - 0
ASSOCIATED: 'GR990e' for GR990e_v2b 
GR990f_m2 - 0
ASSOCIATED: 'GR990f' for GR990f_m2 
GR994b - 0
GR995a - 0
GR999_m2 - 0
ASSOCIATED: 'GR999' for GR999_m2 
GR990e_v3b - 0
ASSOCIATED: 'GR990e' for GR990e_v3b 
GR990f_m3 - 0
ASSOCIATED: 'GR990f' for GR990f_m3 
GR994c - 0
GR996a - 0
GR999_m3 - 0
ASSOCIATED: 'GR999' for GR999_m3 
GR990e_v4b - 0
ASSOCIATED: 'GR990e' for GR990e_v4b 
GR990f_m4 - 0
ASSOCIATED: 'GR990f' for GR990f_m4 
GR994d - 0
GR996c - 0
GR999_m4 - 0
ASSOCIATED: 'GR999' for GR999_m4 
GR996e - 0
GR999a_pos - 0
BASE-GR: 'GR999a' for GR999a_pos 
GR999a_bhcus - 0
BASE-GR: 'GR999a' for GR999a_bhcus 
GR999a_jc - 0
ASSOCIATED: 'GR999a' for GR999a_jc 
GR999a_rn - 0
ASSOCIATED: 'GR999a' for GR999a_rn 
GR999a_pi - 0
ASSOCIATED: 'GR999a' for GR999a_pi 
GR999a_pr - 0
ASSOCIATED: 'GR999a' for GR999a_pr 
GR999a_nr - 0
ASSOCIATED: 'GR999a' for GR999a_nr 
GR999a_rx - 0
ASSOCIATED: 'GR999a' for GR999a_rx 
GR999a_nw - 0
ASSOCIATED: 'GR999a' for GR999a_nw 
GR999a_ca - 0
ASSOCIATED: 'GR999a' for GR999a_ca 
GR999a_cabar - 0
ASSOCIATED: 'GR999a' for GR999a_cabar 
GR999a_m1 - 0
ASSOCIATED: 'GR999a' for GR999a_m1 
GR999a_v1bar - 0
ASSOCIATED: 'GR999a' for GR999a_v1bar 
GR999a_m2 - 0
ASSOCIATED: 'GR999a' for GR999a_m2 
GR999a_v2bar - 0
ASSOCIATED: 'GR999a' for GR999a_v2bar 
GR999a_m3 - 0
ASSOCIATED: 'GR999a' for GR999a_m3 
GR999a_v3bar - 0
ASSOCIATED: 'GR999a' for GR999a_v3bar 
GR999a_m4 - 0
ASSOCIATED: 'GR999a' for GR999a_m4 
GR999a_v4bar - 0
ASSOCIATED: 'GR999a' for GR999a_v4bar 
GR999a_m5 - 0
ASSOCIATED: 'GR999a' for GR999a_m5 
GR999a_v5bar - 0
ASSOCIATED: 'GR999a' for GR999a_v5bar 
GR999a_mt - 0
ASSOCIATED: 'GR999a' for GR999a_mt 
GR999a_e1 - 0
ASSOCIATED: 'GR999a' for GR999a_e1 
GR999a_ma - 0
ASSOCIATED: 'GR999a' for GR999a_ma 
GR999a_e2 - 0
ASSOCIATED: 'GR999a' for GR999a_e2 
GR999a_ft - 0
ASSOCIATED: 'GR999a' for GR999a_ft 
GR999a_ftbar - 0
ASSOCIATED: 'GR999a' for GR999a_ftbar 
GR999a_am - 0
ASSOCIATED: 'GR999a' for GR999a_am 
GR999a_ml - 0
ASSOCIATED: 'GR999a' for GR999a_ml 
GR999a_mz - 0
ASSOCIATED: 'GR999a' for GR999a_mz 
GR999a_tv - 0
ASSOCIATED: 'GR999a' for GR999a_tv 
GR999a_pc - 0
ASSOCIATED: 'GR999a' for GR999a_pc 
GR999a_dg - 0
ASSOCIATED: 'GR999a' for GR999a_dg 
GR999a_jd - 0
ASSOCIATED: 'GR999a' for GR999a_jd 
GR999a_rr - 0
ASSOCIATED: 'GR999a' for GR999a_rr 
GR999a_rp - 0
ASSOCIATED: 'GR999a' for GR999a_rp 
GR999a_op - 0
ASSOCIATED: 'GR999a' for GR999a_op 
GR999a_qt - 0
ASSOCIATED: 'GR999a' for GR999a_qt 
GR999a_ht - 0
ASSOCIATED: 'GR999a' for GR999a_ht 
GR999a_ns - 0
ASSOCIATED: 'GR999a' for GR999a_ns 
GR999a_bb - 0
ASSOCIATED: 'GR999a' for GR999a_bb 
GR999a_v1 - 0
ASSOCIATED: 'GR999a' for GR999a_v1 
GR999a_v2 - 0
ASSOCIATED: 'GR999a' for GR999a_v2 
GR999a_v3 - 0
ASSOCIATED: 'GR999a' for GR999a_v3 
GR999a_v4 - 0
ASSOCIATED: 'GR999a' for GR999a_v4 
GR999a_v5 - 0
ASSOCIATED: 'GR999a' for GR999a_v5 
GR999a_dv - 0
ASSOCIATED: 'GR999a' for GR999a_dv 
GR999a_lv - 0
ASSOCIATED: 'GR999a' for GR999a_lv 
GRJC999a - 0
GR999b - 0
GR999c_mt - 0
ASSOCIATED: 'GR999c' for GR999c_mt 
GR999c_top - 0
ASSOCIATED: 'GR999c' for GR999c_top 
GR999e_exist - 0
ASSOCIATED: 'GR999e' for GR999e_exist 
GR999e_empty - 0
ASSOCIATED: 'GR999e' for GR999e_empty 
GR1000 - 0
GRPN001 - 0
GRPN001_tline - 0
ASSOCIATED: 'GRPN001' for GRPN001_tline 
GRPN203 - 0
GRPN502 - 0
GRPN553_v1 - 0
ASSOCIATED: 'GRPN553' for GRPN553_v1 
GRPN553_v2 - 0
ASSOCIATED: 'GRPN553' for GRPN553_v2 
GRPN553_v3 - 0
ASSOCIATED: 'GRPN553' for GRPN553_v3 
GRPN553_v4 - 0
ASSOCIATED: 'GRPN553' for GRPN553_v4 
GRPN553_v5 - 0
ASSOCIATED: 'GRPN553' for GRPN553_v5 
GRPN602_m2 - 0
ASSOCIATED: 'GRPN602' for GRPN602_m2 
GRPN602_m3 - 0
ASSOCIATED: 'GRPN602' for GRPN602_m3 
GRPN602_m4 - 0
ASSOCIATED: 'GRPN602' for GRPN602_m4 
GRPN602_m5 - 0
ASSOCIATED: 'GRPN602' for GRPN602_m5 
GRPN602_mt - 0
ASSOCIATED: 'GRPN602' for GRPN602_mt 
GRPN907 - 0
GRNOPLYMD01 - 0
GRNOPLYMD02 - 0
GRCE001 - 0
GRCE003CP - 0
GRBEOL1_wb - 0
ASSOCIATED: 'GRBEOL1' for GRBEOL1_wb 
GR941b - 0
GR942b_top - 0
ASSOCIATED: 'GR942b' for GR942b_top 
GR942b_qt - 0
ASSOCIATED: 'GR942b' for GR942b_qt 
GR942b_di - 0
ASSOCIATED: 'GR942b' for GR942b_di 
GR942b_ind - 0
ASSOCIATED: 'GR942b' for GR942b_ind 
GR942b_vncapm1 - 0
ASSOCIATED: 'GR942b' for GR942b_vncapm1 
GR942b_vncapm2 - 0
ASSOCIATED: 'GR942b' for GR942b_vncapm2 
GR942b_vncapm3 - 0
ASSOCIATED: 'GR942b' for GR942b_vncapm3 
GR942b_vncapm4 - 0
ASSOCIATED: 'GR942b' for GR942b_vncapm4 
GR942b_vncapm5 - 0
ASSOCIATED: 'GR942b' for GR942b_vncapm5 
GR942b_vncapmt - 0
ASSOCIATED: 'GR942b' for GR942b_vncapmt 
GR942b_ftbar - 0
ASSOCIATED: 'GR942b' for GR942b_ftbar 
GR942b_pcf - 0
ASSOCIATED: 'GR942b' for GR942b_pcf 
GR942b_dipi - 0
ASSOCIATED: 'GR942b' for GR942b_dipi 
GR942b_wvr - 0
ASSOCIATED: 'GR942b' for GR942b_wvr 
GR942b_lgb - 0
ASSOCIATED: 'GR942b' for GR942b_lgb 
GR942b_dns - 0
ASSOCIATED: 'GR942b' for GR942b_dns 
GRJC942 - 0
GR945b - 0
GR946b - 33
GR946g - 11
GR948b1 - 0
GR951_ft - 0
ASSOCIATED: 'GR951' for GR951_ft 
GR951_dns - 0
ASSOCIATED: 'GR951' for GR951_dns 
GRS1_OFFGRID_NS - 0
BASE-GR: 'GRS1' for GRS1_OFFGRID_NS 
GRS1_OFFGRID_NS_ORTHOGONAL - 0
BASE-GR: 'GRS1' for GRS1_OFFGRID_NS_ORTHOGONAL 
GRS6_SKEWED_NS_NOT_45_90 - 0
BASE-GR: 'GRS6' for GRS6_SKEWED_NS_NOT_45_90 
GRS2_ACUTE_NS_ANGLE - 0
BASE-GR: 'GRS2' for GRS2_ACUTE_NS_ANGLE 
GRS1_OFFGRID_RX - 0
BASE-GR: 'GRS1' for GRS1_OFFGRID_RX 
GRS1_OFFGRID_RX_ORTHOGONAL - 0
BASE-GR: 'GRS1' for GRS1_OFFGRID_RX_ORTHOGONAL 
GRS6_SKEWED_RX_NOT_45_90 - 0
BASE-GR: 'GRS6' for GRS6_SKEWED_RX_NOT_45_90 
GRS2_ACUTE_RX_ANGLE - 0
BASE-GR: 'GRS2' for GRS2_ACUTE_RX_ANGLE 
GRS1_OFFGRID_RX5V - 0
BASE-GR: 'GRS1' for GRS1_OFFGRID_RX5V 
GRS1_OFFGRID_RX5V_ORTHOGONAL - 0
BASE-GR: 'GRS1' for GRS1_OFFGRID_RX5V_ORTHOGONAL 
GRS6_SKEWED_RX5V_NOT_45_90 - 0
BASE-GR: 'GRS6' for GRS6_SKEWED_RX5V_NOT_45_90 
GRS2_ACUTE_RX5V_ANGLE - 0
BASE-GR: 'GRS2' for GRS2_ACUTE_RX5V_ANGLE 
GRS1_OFFGRID_SCGATE - 0
BASE-GR: 'GRS1' for GRS1_OFFGRID_SCGATE 
GRS1_OFFGRID_SCGATE_ORTHOGONAL - 0
BASE-GR: 'GRS1' for GRS1_OFFGRID_SCGATE_ORTHOGONAL 
GRS6_SKEWED_SCGATE_NOT_45_90 - 0
BASE-GR: 'GRS6' for GRS6_SKEWED_SCGATE_NOT_45_90 
GRS2_ACUTE_SCGATE_ANGLE - 0
BASE-GR: 'GRS2' for GRS2_ACUTE_SCGATE_ANGLE 
GRS1_OFFGRID_RXEXCLUD - 0
BASE-GR: 'GRS1' for GRS1_OFFGRID_RXEXCLUD 
GRS1_OFFGRID_RXEXCLUD_ORTHOGONAL - 0
BASE-GR: 'GRS1' for GRS1_OFFGRID_RXEXCLUD_ORTHOGONAL 
GRS6_SKEWED_RXEXCLUD_NOT_45_90 - 0
BASE-GR: 'GRS6' for GRS6_SKEWED_RXEXCLUD_NOT_45_90 
GRS2_ACUTE_RXEXCLUD_ANGLE - 0
BASE-GR: 'GRS2' for GRS2_ACUTE_RXEXCLUD_ANGLE 
GRS1_OFFGRID_NW - 0
BASE-GR: 'GRS1' for GRS1_OFFGRID_NW 
GRS1_OFFGRID_NW_ORTHOGONAL - 0
BASE-GR: 'GRS1' for GRS1_OFFGRID_NW_ORTHOGONAL 
GRS6_SKEWED_NW_NOT_45_90 - 0
BASE-GR: 'GRS6' for GRS6_SKEWED_NW_NOT_45_90 
GRS2_ACUTE_NW_ANGLE - 0
BASE-GR: 'GRS2' for GRS2_ACUTE_NW_ANGLE 
GRS1_OFFGRID_NWASP - 0
BASE-GR: 'GRS1' for GRS1_OFFGRID_NWASP 
GRS1_OFFGRID_NWASP_ORTHOGONAL - 0
BASE-GR: 'GRS1' for GRS1_OFFGRID_NWASP_ORTHOGONAL 
GRS6_SKEWED_NWASP_NOT_45_90 - 0
BASE-GR: 'GRS6' for GRS6_SKEWED_NWASP_NOT_45_90 
GRS2_ACUTE_NWASP_ANGLE - 0
BASE-GR: 'GRS2' for GRS2_ACUTE_NWASP_ANGLE 
GRS1_OFFGRID_BF - 0
BASE-GR: 'GRS1' for GRS1_OFFGRID_BF 
GRS1_OFFGRID_BF_ORTHOGONAL - 0
BASE-GR: 'GRS1' for GRS1_OFFGRID_BF_ORTHOGONAL 
GRS6_SKEWED_BF_NOT_45_90 - 0
BASE-GR: 'GRS6' for GRS6_SKEWED_BF_NOT_45_90 
GRS2_ACUTE_BF_ANGLE - 0
BASE-GR: 'GRS2' for GRS2_ACUTE_BF_ANGLE 
GRS1_OFFGRID_K1 - 0
BASE-GR: 'GRS1' for GRS1_OFFGRID_K1 
GRS1_OFFGRID_K1_ORTHOGONAL - 0
BASE-GR: 'GRS1' for GRS1_OFFGRID_K1_ORTHOGONAL 
GRS6_SKEWED_K1_NOT_45_90 - 0
BASE-GR: 'GRS6' for GRS6_SKEWED_K1_NOT_45_90 
GRS2_ACUTE_K1_ANGLE - 0
BASE-GR: 'GRS2' for GRS2_ACUTE_K1_ANGLE 
GRS1_OFFGRID_PC - 0
BASE-GR: 'GRS1' for GRS1_OFFGRID_PC 
GRS1_OFFGRID_PC_ORTHOGONAL - 0
BASE-GR: 'GRS1' for GRS1_OFFGRID_PC_ORTHOGONAL 
GRS6_SKEWED_PC_NOT_45_90 - 0
BASE-GR: 'GRS6' for GRS6_SKEWED_PC_NOT_45_90 
GRS2_ACUTE_PC_ANGLE - 0
BASE-GR: 'GRS2' for GRS2_ACUTE_PC_ANGLE 
GRS1_OFFGRID_PCEXCLUD - 0
BASE-GR: 'GRS1' for GRS1_OFFGRID_PCEXCLUD 
GRS1_OFFGRID_PCEXCLUD_ORTHOGONAL - 0
BASE-GR: 'GRS1' for GRS1_OFFGRID_PCEXCLUD_ORTHOGONAL 
GRS6_SKEWED_PCEXCLUD_NOT_45_90 - 0
BASE-GR: 'GRS6' for GRS6_SKEWED_PCEXCLUD_NOT_45_90 
GRS2_ACUTE_PCEXCLUD_ANGLE - 0
BASE-GR: 'GRS2' for GRS2_ACUTE_PCEXCLUD_ANGLE 
GRS1_OFFGRID_PCING - 0
BASE-GR: 'GRS1' for GRS1_OFFGRID_PCING 
GRS1_OFFGRID_PCING_ORTHOGONAL - 0
BASE-GR: 'GRS1' for GRS1_OFFGRID_PCING_ORTHOGONAL 
GRS6_SKEWED_PCING_NOT_45_90 - 0
BASE-GR: 'GRS6' for GRS6_SKEWED_PCING_NOT_45_90 
GRS2_ACUTE_PCING_ANGLE - 0
BASE-GR: 'GRS2' for GRS2_ACUTE_PCING_ANGLE 
GRS1_OFFGRID_PCFUSE - 0
BASE-GR: 'GRS1' for GRS1_OFFGRID_PCFUSE 
GRS1_OFFGRID_PCFUSE_ORTHOGONAL - 0
BASE-GR: 'GRS1' for GRS1_OFFGRID_PCFUSE_ORTHOGONAL 
GRS6_SKEWED_PCFUSE_NOT_45_90 - 0
BASE-GR: 'GRS6' for GRS6_SKEWED_PCFUSE_NOT_45_90 
GRS2_ACUTE_PCFUSE_ANGLE - 0
BASE-GR: 'GRS2' for GRS2_ACUTE_PCFUSE_ANGLE 
GRS1_OFFGRID_BB - 0
BASE-GR: 'GRS1' for GRS1_OFFGRID_BB 
GRS1_OFFGRID_BB_ORTHOGONAL - 0
BASE-GR: 'GRS1' for GRS1_OFFGRID_BB_ORTHOGONAL 
GRS6_SKEWED_BB_NOT_45_90 - 0
BASE-GR: 'GRS6' for GRS6_SKEWED_BB_NOT_45_90 
GRS2_ACUTE_BB_ANGLE - 0
BASE-GR: 'GRS2' for GRS2_ACUTE_BB_ANGLE 
GRS1_OFFGRID_BH - 0
BASE-GR: 'GRS1' for GRS1_OFFGRID_BH 
GRS1_OFFGRID_BH_ORTHOGONAL - 0
BASE-GR: 'GRS1' for GRS1_OFFGRID_BH_ORTHOGONAL 
GRS6_SKEWED_BH_NOT_45_90 - 0
BASE-GR: 'GRS6' for GRS6_SKEWED_BH_NOT_45_90 
GRS2_ACUTE_BH_ANGLE - 0
BASE-GR: 'GRS2' for GRS2_ACUTE_BH_ANGLE 
GRS1_OFFGRID_BN - 0
BASE-GR: 'GRS1' for GRS1_OFFGRID_BN 
GRS1_OFFGRID_BN_ORTHOGONAL - 0
BASE-GR: 'GRS1' for GRS1_OFFGRID_BN_ORTHOGONAL 
GRS6_SKEWED_BN_NOT_45_90 - 0
BASE-GR: 'GRS6' for GRS6_SKEWED_BN_NOT_45_90 
GRS2_ACUTE_BN_ANGLE - 0
BASE-GR: 'GRS2' for GRS2_ACUTE_BN_ANGLE 
GRS1_OFFGRID_BP - 0
BASE-GR: 'GRS1' for GRS1_OFFGRID_BP 
GRS1_OFFGRID_BP_ORTHOGONAL - 0
BASE-GR: 'GRS1' for GRS1_OFFGRID_BP_ORTHOGONAL 
GRS6_SKEWED_BP_NOT_45_90 - 0
BASE-GR: 'GRS6' for GRS6_SKEWED_BP_NOT_45_90 
GRS2_ACUTE_BP_ANGLE - 0
BASE-GR: 'GRS2' for GRS2_ACUTE_BP_ANGLE 
GRS1_OFFGRID_PD - 0
BASE-GR: 'GRS1' for GRS1_OFFGRID_PD 
GRS1_OFFGRID_PD_ORTHOGONAL - 0
BASE-GR: 'GRS1' for GRS1_OFFGRID_PD_ORTHOGONAL 
GRS6_SKEWED_PD_NOT_45_90 - 0
BASE-GR: 'GRS6' for GRS6_SKEWED_PD_NOT_45_90 
GRS2_ACUTE_PD_ANGLE - 0
BASE-GR: 'GRS2' for GRS2_ACUTE_PD_ANGLE 
GRS1_OFFGRID_PE - 0
BASE-GR: 'GRS1' for GRS1_OFFGRID_PE 
GRS1_OFFGRID_PE_ORTHOGONAL - 0
BASE-GR: 'GRS1' for GRS1_OFFGRID_PE_ORTHOGONAL 
GRS6_SKEWED_PE_NOT_45_90 - 0
BASE-GR: 'GRS6' for GRS6_SKEWED_PE_NOT_45_90 
GRS2_ACUTE_PE_ANGLE - 0
BASE-GR: 'GRS2' for GRS2_ACUTE_PE_ANGLE 
GRS1_OFFGRID_PH - 0
BASE-GR: 'GRS1' for GRS1_OFFGRID_PH 
GRS1_OFFGRID_PH_ORTHOGONAL - 0
BASE-GR: 'GRS1' for GRS1_OFFGRID_PH_ORTHOGONAL 
GRS6_SKEWED_PH_NOT_45_90 - 0
BASE-GR: 'GRS6' for GRS6_SKEWED_PH_NOT_45_90 
GRS2_ACUTE_PH_ANGLE - 0
BASE-GR: 'GRS2' for GRS2_ACUTE_PH_ANGLE 
GRS1_OFFGRID_PR - 0
BASE-GR: 'GRS1' for GRS1_OFFGRID_PR 
GRS1_OFFGRID_PR_ORTHOGONAL - 0
BASE-GR: 'GRS1' for GRS1_OFFGRID_PR_ORTHOGONAL 
GRS6_SKEWED_PR_NOT_45_90 - 0
BASE-GR: 'GRS6' for GRS6_SKEWED_PR_NOT_45_90 
GRS2_ACUTE_PR_ANGLE - 0
BASE-GR: 'GRS2' for GRS2_ACUTE_PR_ANGLE 
GRS1_OFFGRID_ZEROVT - 0
BASE-GR: 'GRS1' for GRS1_OFFGRID_ZEROVT 
GRS1_OFFGRID_ZEROVT_ORTHOGONAL - 0
BASE-GR: 'GRS1' for GRS1_OFFGRID_ZEROVT_ORTHOGONAL 
GRS6_SKEWED_ZEROVT_NOT_45_90 - 0
BASE-GR: 'GRS6' for GRS6_SKEWED_ZEROVT_NOT_45_90 
GRS2_ACUTE_ZEROVT_ANGLE - 0
BASE-GR: 'GRS2' for GRS2_ACUTE_ZEROVT_ANGLE 
GRS1_OFFGRID_DG - 0
BASE-GR: 'GRS1' for GRS1_OFFGRID_DG 
GRS1_OFFGRID_DG_ORTHOGONAL - 0
BASE-GR: 'GRS1' for GRS1_OFFGRID_DG_ORTHOGONAL 
GRS6_SKEWED_DG_NOT_45_90 - 0
BASE-GR: 'GRS6' for GRS6_SKEWED_DG_NOT_45_90 
GRS2_ACUTE_DG_ANGLE - 0
BASE-GR: 'GRS2' for GRS2_ACUTE_DG_ANGLE 
GRS1_OFFGRID_CA - 0
BASE-GR: 'GRS1' for GRS1_OFFGRID_CA 
GRS1_OFFGRID_CA_ORTHOGONAL - 0
BASE-GR: 'GRS1' for GRS1_OFFGRID_CA_ORTHOGONAL 
GRS6_SKEWED_CA_NOT_45_90 - 0
BASE-GR: 'GRS6' for GRS6_SKEWED_CA_NOT_45_90 
GRS2_ACUTE_CA_ANGLE - 0
BASE-GR: 'GRS2' for GRS2_ACUTE_CA_ANGLE 
GRS1_OFFGRID_CABAR - 0
BASE-GR: 'GRS1' for GRS1_OFFGRID_CABAR 
GRS1_OFFGRID_CABAR_ORTHOGONAL - 0
BASE-GR: 'GRS1' for GRS1_OFFGRID_CABAR_ORTHOGONAL 
GRS6_SKEWED_CABAR_NOT_45_90 - 0
BASE-GR: 'GRS6' for GRS6_SKEWED_CABAR_NOT_45_90 
GRS2_ACUTE_CABAR_ANGLE - 0
BASE-GR: 'GRS2' for GRS2_ACUTE_CABAR_ANGLE 
GRS1_OFFGRID_M1 - 0
BASE-GR: 'GRS1' for GRS1_OFFGRID_M1 
GRS1_OFFGRID_M1_ORTHOGONAL - 0
BASE-GR: 'GRS1' for GRS1_OFFGRID_M1_ORTHOGONAL 
GRS6_SKEWED_M1_NOT_45_90 - 0
BASE-GR: 'GRS6' for GRS6_SKEWED_M1_NOT_45_90 
GRS2_ACUTE_M1_ANGLE - 0
BASE-GR: 'GRS2' for GRS2_ACUTE_M1_ANGLE 
GRS1_OFFGRID_M1EXCLUD - 0
BASE-GR: 'GRS1' for GRS1_OFFGRID_M1EXCLUD 
GRS1_OFFGRID_M1EXCLUD_ORTHOGONAL - 0
BASE-GR: 'GRS1' for GRS1_OFFGRID_M1EXCLUD_ORTHOGONAL 
GRS6_SKEWED_M1EXCLUD_NOT_45_90 - 0
BASE-GR: 'GRS6' for GRS6_SKEWED_M1EXCLUD_NOT_45_90 
GRS2_ACUTE_M1EXCLUD_ANGLE - 0
BASE-GR: 'GRS2' for GRS2_ACUTE_M1EXCLUD_ANGLE 
GRS1_OFFGRID_V1BAR - 0
BASE-GR: 'GRS1' for GRS1_OFFGRID_V1BAR 
GRS1_OFFGRID_V1BAR_ORTHOGONAL - 0
BASE-GR: 'GRS1' for GRS1_OFFGRID_V1BAR_ORTHOGONAL 
GRS6_SKEWED_V1BAR_NOT_45_90 - 0
BASE-GR: 'GRS6' for GRS6_SKEWED_V1BAR_NOT_45_90 
GRS2_ACUTE_V1BAR_ANGLE - 0
BASE-GR: 'GRS2' for GRS2_ACUTE_V1BAR_ANGLE 
GRS1_OFFGRID_V1 - 0
BASE-GR: 'GRS1' for GRS1_OFFGRID_V1 
GRS1_OFFGRID_V1_ORTHOGONAL - 0
BASE-GR: 'GRS1' for GRS1_OFFGRID_V1_ORTHOGONAL 
GRS6_SKEWED_V1_NOT_45_90 - 0
BASE-GR: 'GRS6' for GRS6_SKEWED_V1_NOT_45_90 
GRS2_ACUTE_V1_ANGLE - 0
BASE-GR: 'GRS2' for GRS2_ACUTE_V1_ANGLE 
GRS1_OFFGRID_M2 - 0
BASE-GR: 'GRS1' for GRS1_OFFGRID_M2 
GRS1_OFFGRID_M2_ORTHOGONAL - 0
BASE-GR: 'GRS1' for GRS1_OFFGRID_M2_ORTHOGONAL 
GRS6_SKEWED_M2_NOT_45_90 - 0
BASE-GR: 'GRS6' for GRS6_SKEWED_M2_NOT_45_90 
GRS2_ACUTE_M2_ANGLE - 0
BASE-GR: 'GRS2' for GRS2_ACUTE_M2_ANGLE 
GRS1_OFFGRID_M2EXCLUD - 0
BASE-GR: 'GRS1' for GRS1_OFFGRID_M2EXCLUD 
GRS1_OFFGRID_M2EXCLUD_ORTHOGONAL - 0
BASE-GR: 'GRS1' for GRS1_OFFGRID_M2EXCLUD_ORTHOGONAL 
GRS6_SKEWED_M2EXCLUD_NOT_45_90 - 0
BASE-GR: 'GRS6' for GRS6_SKEWED_M2EXCLUD_NOT_45_90 
GRS2_ACUTE_M2EXCLUD_ANGLE - 0
BASE-GR: 'GRS2' for GRS2_ACUTE_M2EXCLUD_ANGLE 
GRS1_OFFGRID_V2BAR - 0
BASE-GR: 'GRS1' for GRS1_OFFGRID_V2BAR 
GRS1_OFFGRID_V2BAR_ORTHOGONAL - 0
BASE-GR: 'GRS1' for GRS1_OFFGRID_V2BAR_ORTHOGONAL 
GRS6_SKEWED_V2BAR_NOT_45_90 - 0
BASE-GR: 'GRS6' for GRS6_SKEWED_V2BAR_NOT_45_90 
GRS2_ACUTE_V2BAR_ANGLE - 0
BASE-GR: 'GRS2' for GRS2_ACUTE_V2BAR_ANGLE 
GRS1_OFFGRID_V2 - 0
BASE-GR: 'GRS1' for GRS1_OFFGRID_V2 
GRS1_OFFGRID_V2_ORTHOGONAL - 0
BASE-GR: 'GRS1' for GRS1_OFFGRID_V2_ORTHOGONAL 
GRS6_SKEWED_V2_NOT_45_90 - 0
BASE-GR: 'GRS6' for GRS6_SKEWED_V2_NOT_45_90 
GRS2_ACUTE_V2_ANGLE - 0
BASE-GR: 'GRS2' for GRS2_ACUTE_V2_ANGLE 
GRS1_OFFGRID_M3 - 0
BASE-GR: 'GRS1' for GRS1_OFFGRID_M3 
GRS1_OFFGRID_M3_ORTHOGONAL - 0
BASE-GR: 'GRS1' for GRS1_OFFGRID_M3_ORTHOGONAL 
GRS6_SKEWED_M3_NOT_45_90 - 0
BASE-GR: 'GRS6' for GRS6_SKEWED_M3_NOT_45_90 
GRS2_ACUTE_M3_ANGLE - 0
BASE-GR: 'GRS2' for GRS2_ACUTE_M3_ANGLE 
GRS1_OFFGRID_M3EXCLUD - 0
BASE-GR: 'GRS1' for GRS1_OFFGRID_M3EXCLUD 
GRS1_OFFGRID_M3EXCLUD_ORTHOGONAL - 0
BASE-GR: 'GRS1' for GRS1_OFFGRID_M3EXCLUD_ORTHOGONAL 
GRS6_SKEWED_M3EXCLUD_NOT_45_90 - 0
BASE-GR: 'GRS6' for GRS6_SKEWED_M3EXCLUD_NOT_45_90 
GRS2_ACUTE_M3EXCLUD_ANGLE - 0
BASE-GR: 'GRS2' for GRS2_ACUTE_M3EXCLUD_ANGLE 
GRS1_OFFGRID_V3BAR - 0
BASE-GR: 'GRS1' for GRS1_OFFGRID_V3BAR 
GRS1_OFFGRID_V3BAR_ORTHOGONAL - 0
BASE-GR: 'GRS1' for GRS1_OFFGRID_V3BAR_ORTHOGONAL 
GRS6_SKEWED_V3BAR_NOT_45_90 - 0
BASE-GR: 'GRS6' for GRS6_SKEWED_V3BAR_NOT_45_90 
GRS2_ACUTE_V3BAR_ANGLE - 0
BASE-GR: 'GRS2' for GRS2_ACUTE_V3BAR_ANGLE 
GRS1_OFFGRID_V3 - 0
BASE-GR: 'GRS1' for GRS1_OFFGRID_V3 
GRS1_OFFGRID_V3_ORTHOGONAL - 0
BASE-GR: 'GRS1' for GRS1_OFFGRID_V3_ORTHOGONAL 
GRS6_SKEWED_V3_NOT_45_90 - 0
BASE-GR: 'GRS6' for GRS6_SKEWED_V3_NOT_45_90 
GRS2_ACUTE_V3_ANGLE - 0
BASE-GR: 'GRS2' for GRS2_ACUTE_V3_ANGLE 
GRS1_OFFGRID_M4 - 0
BASE-GR: 'GRS1' for GRS1_OFFGRID_M4 
GRS1_OFFGRID_M4_ORTHOGONAL - 0
BASE-GR: 'GRS1' for GRS1_OFFGRID_M4_ORTHOGONAL 
GRS6_SKEWED_M4_NOT_45_90 - 0
BASE-GR: 'GRS6' for GRS6_SKEWED_M4_NOT_45_90 
GRS2_ACUTE_M4_ANGLE - 0
BASE-GR: 'GRS2' for GRS2_ACUTE_M4_ANGLE 
GRS1_OFFGRID_M4EXCLUD - 0
BASE-GR: 'GRS1' for GRS1_OFFGRID_M4EXCLUD 
GRS1_OFFGRID_M4EXCLUD_ORTHOGONAL - 0
BASE-GR: 'GRS1' for GRS1_OFFGRID_M4EXCLUD_ORTHOGONAL 
GRS6_SKEWED_M4EXCLUD_NOT_45_90 - 0
BASE-GR: 'GRS6' for GRS6_SKEWED_M4EXCLUD_NOT_45_90 
GRS2_ACUTE_M4EXCLUD_ANGLE - 0
BASE-GR: 'GRS2' for GRS2_ACUTE_M4EXCLUD_ANGLE 
GRS1_OFFGRID_V4BAR - 0
BASE-GR: 'GRS1' for GRS1_OFFGRID_V4BAR 
GRS1_OFFGRID_V4BAR_ORTHOGONAL - 0
BASE-GR: 'GRS1' for GRS1_OFFGRID_V4BAR_ORTHOGONAL 
GRS6_SKEWED_V4BAR_NOT_45_90 - 0
BASE-GR: 'GRS6' for GRS6_SKEWED_V4BAR_NOT_45_90 
GRS2_ACUTE_V4BAR_ANGLE - 0
BASE-GR: 'GRS2' for GRS2_ACUTE_V4BAR_ANGLE 
GRS1_OFFGRID_VNCAP_COUNT - 0
BASE-GR: 'GRS1' for GRS1_OFFGRID_VNCAP_COUNT 
GRS1_OFFGRID_VNCAP_COUNT_ORTHOGONAL - 0
BASE-GR: 'GRS1' for GRS1_OFFGRID_VNCAP_COUNT_ORTHOGONAL 
GRS6_SKEWED_VNCAP_COUNT_NOT_45_90 - 0
BASE-GR: 'GRS6' for GRS6_SKEWED_VNCAP_COUNT_NOT_45_90 
GRS2_ACUTE_VNCAP_COUNT_ANGLE - 0
BASE-GR: 'GRS2' for GRS2_ACUTE_VNCAP_COUNT_ANGLE 
GRS1_OFFGRID_V4 - 0
BASE-GR: 'GRS1' for GRS1_OFFGRID_V4 
GRS1_OFFGRID_V4_ORTHOGONAL - 0
BASE-GR: 'GRS1' for GRS1_OFFGRID_V4_ORTHOGONAL 
GRS6_SKEWED_V4_NOT_45_90 - 0
BASE-GR: 'GRS6' for GRS6_SKEWED_V4_NOT_45_90 
GRS2_ACUTE_V4_ANGLE - 0
BASE-GR: 'GRS2' for GRS2_ACUTE_V4_ANGLE 
GRS1_OFFGRID_VNCAP_M1 - 0
BASE-GR: 'GRS1' for GRS1_OFFGRID_VNCAP_M1 
GRS1_OFFGRID_VNCAP_M1_ORTHOGONAL - 0
BASE-GR: 'GRS1' for GRS1_OFFGRID_VNCAP_M1_ORTHOGONAL 
GRS6_SKEWED_VNCAP_M1_NOT_45_90 - 0
BASE-GR: 'GRS6' for GRS6_SKEWED_VNCAP_M1_NOT_45_90 
GRS2_ACUTE_VNCAP_M1_ANGLE - 0
BASE-GR: 'GRS2' for GRS2_ACUTE_VNCAP_M1_ANGLE 
GRS1_OFFGRID_VNCAP_M2 - 0
BASE-GR: 'GRS1' for GRS1_OFFGRID_VNCAP_M2 
GRS1_OFFGRID_VNCAP_M2_ORTHOGONAL - 0
BASE-GR: 'GRS1' for GRS1_OFFGRID_VNCAP_M2_ORTHOGONAL 
GRS6_SKEWED_VNCAP_M2_NOT_45_90 - 0
BASE-GR: 'GRS6' for GRS6_SKEWED_VNCAP_M2_NOT_45_90 
GRS2_ACUTE_VNCAP_M2_ANGLE - 0
BASE-GR: 'GRS2' for GRS2_ACUTE_VNCAP_M2_ANGLE 
GRS1_OFFGRID_VNCAP_M3 - 0
BASE-GR: 'GRS1' for GRS1_OFFGRID_VNCAP_M3 
GRS1_OFFGRID_VNCAP_M3_ORTHOGONAL - 0
BASE-GR: 'GRS1' for GRS1_OFFGRID_VNCAP_M3_ORTHOGONAL 
GRS6_SKEWED_VNCAP_M3_NOT_45_90 - 0
BASE-GR: 'GRS6' for GRS6_SKEWED_VNCAP_M3_NOT_45_90 
GRS2_ACUTE_VNCAP_M3_ANGLE - 0
BASE-GR: 'GRS2' for GRS2_ACUTE_VNCAP_M3_ANGLE 
GRS1_OFFGRID_VNCAP_M4 - 0
BASE-GR: 'GRS1' for GRS1_OFFGRID_VNCAP_M4 
GRS1_OFFGRID_VNCAP_M4_ORTHOGONAL - 0
BASE-GR: 'GRS1' for GRS1_OFFGRID_VNCAP_M4_ORTHOGONAL 
GRS6_SKEWED_VNCAP_M4_NOT_45_90 - 0
BASE-GR: 'GRS6' for GRS6_SKEWED_VNCAP_M4_NOT_45_90 
GRS2_ACUTE_VNCAP_M4_ANGLE - 0
BASE-GR: 'GRS2' for GRS2_ACUTE_VNCAP_M4_ANGLE 
GRS1_OFFGRID_VNCAP_MT - 0
BASE-GR: 'GRS1' for GRS1_OFFGRID_VNCAP_MT 
GRS1_OFFGRID_VNCAP_MT_ORTHOGONAL - 0
BASE-GR: 'GRS1' for GRS1_OFFGRID_VNCAP_MT_ORTHOGONAL 
GRS6_SKEWED_VNCAP_MT_NOT_45_90 - 0
BASE-GR: 'GRS6' for GRS6_SKEWED_VNCAP_MT_NOT_45_90 
GRS2_ACUTE_VNCAP_MT_ANGLE - 0
BASE-GR: 'GRS2' for GRS2_ACUTE_VNCAP_MT_ANGLE 
GRS1_OFFGRID_VNCAP_PARM - 0
BASE-GR: 'GRS1' for GRS1_OFFGRID_VNCAP_PARM 
GRS1_OFFGRID_VNCAP_PARM_ORTHOGONAL - 0
BASE-GR: 'GRS1' for GRS1_OFFGRID_VNCAP_PARM_ORTHOGONAL 
GRS6_SKEWED_VNCAP_PARM_NOT_45_90 - 0
BASE-GR: 'GRS6' for GRS6_SKEWED_VNCAP_PARM_NOT_45_90 
GRS2_ACUTE_VNCAP_PARM_ANGLE - 0
BASE-GR: 'GRS2' for GRS2_ACUTE_VNCAP_PARM_ANGLE 
GRS1_OFFGRID_NE - 0
BASE-GR: 'GRS1' for GRS1_OFFGRID_NE 
GRS1_OFFGRID_NE_ORTHOGONAL - 0
BASE-GR: 'GRS1' for GRS1_OFFGRID_NE_ORTHOGONAL 
GRS6_SKEWED_NE_NOT_45_90 - 0
BASE-GR: 'GRS6' for GRS6_SKEWED_NE_NOT_45_90 
GRS2_ACUTE_NE_ANGLE - 0
BASE-GR: 'GRS2' for GRS2_ACUTE_NE_ANGLE 
GRS1_OFFGRID_NR - 0
BASE-GR: 'GRS1' for GRS1_OFFGRID_NR 
GRS1_OFFGRID_NR_ORTHOGONAL - 0
BASE-GR: 'GRS1' for GRS1_OFFGRID_NR_ORTHOGONAL 
GRS6_SKEWED_NR_NOT_45_90 - 0
BASE-GR: 'GRS6' for GRS6_SKEWED_NR_NOT_45_90 
GRS2_ACUTE_NR_ANGLE - 0
BASE-GR: 'GRS2' for GRS2_ACUTE_NR_ANGLE 
GRS1_OFFGRID_WVR - 0
BASE-GR: 'GRS1' for GRS1_OFFGRID_WVR 
GRS1_OFFGRID_WVR_ORTHOGONAL - 0
BASE-GR: 'GRS1' for GRS1_OFFGRID_WVR_ORTHOGONAL 
GRS6_SKEWED_WVR_NOT_45_90 - 0
BASE-GR: 'GRS6' for GRS6_SKEWED_WVR_NOT_45_90 
GRS2_ACUTE_WVR_ANGLE - 0
BASE-GR: 'GRS2' for GRS2_ACUTE_WVR_ANGLE 
GRS1_OFFGRID_WX - 0
BASE-GR: 'GRS1' for GRS1_OFFGRID_WX 
GRS1_OFFGRID_WX_ORTHOGONAL - 0
BASE-GR: 'GRS1' for GRS1_OFFGRID_WX_ORTHOGONAL 
GRS6_SKEWED_WX_NOT_45_90 - 0
BASE-GR: 'GRS6' for GRS6_SKEWED_WX_NOT_45_90 
GRS2_ACUTE_WX_ANGLE - 0
BASE-GR: 'GRS2' for GRS2_ACUTE_WX_ANGLE 
GRS1_OFFGRID_WY - 0
BASE-GR: 'GRS1' for GRS1_OFFGRID_WY 
GRS1_OFFGRID_WY_ORTHOGONAL - 0
BASE-GR: 'GRS1' for GRS1_OFFGRID_WY_ORTHOGONAL 
GRS6_SKEWED_WY_NOT_45_90 - 0
BASE-GR: 'GRS6' for GRS6_SKEWED_WY_NOT_45_90 
GRS2_ACUTE_WY_ANGLE - 0
BASE-GR: 'GRS2' for GRS2_ACUTE_WY_ANGLE 
GRS1_OFFGRID_RN - 0
BASE-GR: 'GRS1' for GRS1_OFFGRID_RN 
GRS1_OFFGRID_RN_ORTHOGONAL - 0
BASE-GR: 'GRS1' for GRS1_OFFGRID_RN_ORTHOGONAL 
GRS6_SKEWED_RN_NOT_45_90 - 0
BASE-GR: 'GRS6' for GRS6_SKEWED_RN_NOT_45_90 
GRS2_ACUTE_RN_ANGLE - 0
BASE-GR: 'GRS2' for GRS2_ACUTE_RN_ANGLE 
GRS1_OFFGRID_MT - 0
BASE-GR: 'GRS1' for GRS1_OFFGRID_MT 
GRS1_OFFGRID_MT_ORTHOGONAL - 0
BASE-GR: 'GRS1' for GRS1_OFFGRID_MT_ORTHOGONAL 
GRS6_SKEWED_MT_NOT_45_90 - 0
BASE-GR: 'GRS6' for GRS6_SKEWED_MT_NOT_45_90 
GRS2_ACUTE_MT_ANGLE - 0
BASE-GR: 'GRS2' for GRS2_ACUTE_MT_ANGLE 
GRS1_OFFGRID_MTEXCLUD - 0
BASE-GR: 'GRS1' for GRS1_OFFGRID_MTEXCLUD 
GRS1_OFFGRID_MTEXCLUD_ORTHOGONAL - 0
BASE-GR: 'GRS1' for GRS1_OFFGRID_MTEXCLUD_ORTHOGONAL 
GRS6_SKEWED_MTEXCLUD_NOT_45_90 - 0
BASE-GR: 'GRS6' for GRS6_SKEWED_MTEXCLUD_NOT_45_90 
GRS2_ACUTE_MTEXCLUD_ANGLE - 0
BASE-GR: 'GRS2' for GRS2_ACUTE_MTEXCLUD_ANGLE 
GRS1_OFFGRID_NOPLYMD - 0
BASE-GR: 'GRS1' for GRS1_OFFGRID_NOPLYMD 
GRS1_OFFGRID_NOPLYMD_ORTHOGONAL - 0
BASE-GR: 'GRS1' for GRS1_OFFGRID_NOPLYMD_ORTHOGONAL 
GRS6_SKEWED_NOPLYMD_NOT_45_90 - 0
BASE-GR: 'GRS6' for GRS6_SKEWED_NOPLYMD_NOT_45_90 
GRS2_ACUTE_NOPLYMD_ANGLE - 0
BASE-GR: 'GRS2' for GRS2_ACUTE_NOPLYMD_ANGLE 
GRS1_OFFGRID_LV - 0
BASE-GR: 'GRS1' for GRS1_OFFGRID_LV 
GRS1_OFFGRID_LV_ORTHOGONAL - 0
BASE-GR: 'GRS1' for GRS1_OFFGRID_LV_ORTHOGONAL 
GRS6_SKEWED_LV_NOT_45_90 - 0
BASE-GR: 'GRS6' for GRS6_SKEWED_LV_NOT_45_90 
GRS2_ACUTE_LV_ANGLE - 0
BASE-GR: 'GRS2' for GRS2_ACUTE_LV_ANGLE 
GRS1_OFFGRID_LVDUMMY - 0
BASE-GR: 'GRS1' for GRS1_OFFGRID_LVDUMMY 
GRS1_OFFGRID_LVDUMMY_ORTHOGONAL - 0
BASE-GR: 'GRS1' for GRS1_OFFGRID_LVDUMMY_ORTHOGONAL 
GRS6_SKEWED_LVDUMMY_NOT_45_90 - 0
BASE-GR: 'GRS6' for GRS6_SKEWED_LVDUMMY_NOT_45_90 
GRS2_ACUTE_LVDUMMY_ANGLE - 0
BASE-GR: 'GRS2' for GRS2_ACUTE_LVDUMMY_ANGLE 
GRS1_OFFGRID_DI - 0
BASE-GR: 'GRS1' for GRS1_OFFGRID_DI 
GRS1_OFFGRID_DI_ORTHOGONAL - 0
BASE-GR: 'GRS1' for GRS1_OFFGRID_DI_ORTHOGONAL 
GRS6_SKEWED_DI_NOT_45_90 - 0
BASE-GR: 'GRS6' for GRS6_SKEWED_DI_NOT_45_90 
GRS2_ACUTE_DI_ANGLE - 0
BASE-GR: 'GRS2' for GRS2_ACUTE_DI_ANGLE 
GRS1_OFFGRID_QT - 0
BASE-GR: 'GRS1' for GRS1_OFFGRID_QT 
GRS1_OFFGRID_QT_ORTHOGONAL - 0
BASE-GR: 'GRS1' for GRS1_OFFGRID_QT_ORTHOGONAL 
GRS6_SKEWED_QT_NOT_45_90 - 0
BASE-GR: 'GRS6' for GRS6_SKEWED_QT_NOT_45_90 
GRS2_ACUTE_QT_ANGLE - 0
BASE-GR: 'GRS2' for GRS2_ACUTE_QT_ANGLE 
GRS1_OFFGRID_HT - 0
BASE-GR: 'GRS1' for GRS1_OFFGRID_HT 
GRS1_OFFGRID_HT_ORTHOGONAL - 0
BASE-GR: 'GRS1' for GRS1_OFFGRID_HT_ORTHOGONAL 
GRS6_SKEWED_HT_NOT_45_90 - 0
BASE-GR: 'GRS6' for GRS6_SKEWED_HT_NOT_45_90 
GRS2_ACUTE_HT_ANGLE - 0
BASE-GR: 'GRS2' for GRS2_ACUTE_HT_ANGLE 
GRS1_OFFGRID_M5 - 0
BASE-GR: 'GRS1' for GRS1_OFFGRID_M5 
GRS1_OFFGRID_M5_ORTHOGONAL - 0
BASE-GR: 'GRS1' for GRS1_OFFGRID_M5_ORTHOGONAL 
GRS6_SKEWED_M5_NOT_45_90 - 0
BASE-GR: 'GRS6' for GRS6_SKEWED_M5_NOT_45_90 
GRS2_ACUTE_M5_ANGLE - 0
BASE-GR: 'GRS2' for GRS2_ACUTE_M5_ANGLE 
GRS1_OFFGRID_V5BAR - 0
BASE-GR: 'GRS1' for GRS1_OFFGRID_V5BAR 
GRS1_OFFGRID_V5BAR_ORTHOGONAL - 0
BASE-GR: 'GRS1' for GRS1_OFFGRID_V5BAR_ORTHOGONAL 
GRS6_SKEWED_V5BAR_NOT_45_90 - 0
BASE-GR: 'GRS6' for GRS6_SKEWED_V5BAR_NOT_45_90 
GRS2_ACUTE_V5BAR_ANGLE - 0
BASE-GR: 'GRS2' for GRS2_ACUTE_V5BAR_ANGLE 
GRS1_OFFGRID_OP - 0
BASE-GR: 'GRS1' for GRS1_OFFGRID_OP 
GRS1_OFFGRID_OP_ORTHOGONAL - 0
BASE-GR: 'GRS1' for GRS1_OFFGRID_OP_ORTHOGONAL 
GRS6_SKEWED_OP_NOT_45_90 - 0
BASE-GR: 'GRS6' for GRS6_SKEWED_OP_NOT_45_90 
GRS2_ACUTE_OP_ANGLE - 0
BASE-GR: 'GRS2' for GRS2_ACUTE_OP_ANGLE 
GRS1_OFFGRID_BONDPAD - 0
BASE-GR: 'GRS1' for GRS1_OFFGRID_BONDPAD 
GRS1_OFFGRID_BONDPAD_ORTHOGONAL - 0
BASE-GR: 'GRS1' for GRS1_OFFGRID_BONDPAD_ORTHOGONAL 
GRS6_SKEWED_BONDPAD_NOT_45_90 - 0
BASE-GR: 'GRS6' for GRS6_SKEWED_BONDPAD_NOT_45_90 
GRS2_ACUTE_BONDPAD_ANGLE - 0
BASE-GR: 'GRS2' for GRS2_ACUTE_BONDPAD_ANGLE 
GRS1_OFFGRID_E1 - 0
BASE-GR: 'GRS1' for GRS1_OFFGRID_E1 
GRS1_OFFGRID_E1_ORTHOGONAL - 0
BASE-GR: 'GRS1' for GRS1_OFFGRID_E1_ORTHOGONAL 
GRS6_SKEWED_E1_NOT_45_90 - 0
BASE-GR: 'GRS6' for GRS6_SKEWED_E1_NOT_45_90 
GRS2_ACUTE_E1_ANGLE - 0
BASE-GR: 'GRS2' for GRS2_ACUTE_E1_ANGLE 
GRS1_OFFGRID_ML - 0
BASE-GR: 'GRS1' for GRS1_OFFGRID_ML 
GRS1_OFFGRID_ML_ORTHOGONAL - 0
BASE-GR: 'GRS1' for GRS1_OFFGRID_ML_ORTHOGONAL 
GRS6_SKEWED_ML_NOT_45_90 - 0
BASE-GR: 'GRS6' for GRS6_SKEWED_ML_NOT_45_90 
GRS2_ACUTE_ML_ANGLE - 0
BASE-GR: 'GRS2' for GRS2_ACUTE_ML_ANGLE 
GRS1_OFFGRID_MLEXCLUD4602 - 0
BASE-GR: 'GRS1' for GRS1_OFFGRID_MLEXCLUD4602 
GRS1_OFFGRID_MLEXCLUD4602_ORTHOGONAL - 0
BASE-GR: 'GRS1' for GRS1_OFFGRID_MLEXCLUD4602_ORTHOGONAL 
GRS6_SKEWED_MLEXCLUD4602_NOT_45_90 - 0
BASE-GR: 'GRS6' for GRS6_SKEWED_MLEXCLUD4602_NOT_45_90 
GRS2_ACUTE_MLEXCLUD4602_ANGLE - 0
BASE-GR: 'GRS2' for GRS2_ACUTE_MLEXCLUD4602_ANGLE 
GRS1_OFFGRID_DV - 0
BASE-GR: 'GRS1' for GRS1_OFFGRID_DV 
GRS1_OFFGRID_DV_ORTHOGONAL - 0
BASE-GR: 'GRS1' for GRS1_OFFGRID_DV_ORTHOGONAL 
GRS6_SKEWED_DV_NOT_45_90 - 0
BASE-GR: 'GRS6' for GRS6_SKEWED_DV_NOT_45_90 
GRS2_ACUTE_DV_ANGLE - 0
BASE-GR: 'GRS2' for GRS2_ACUTE_DV_ANGLE 
GRS1_OFFGRID_MA - 0
BASE-GR: 'GRS1' for GRS1_OFFGRID_MA 
GRS1_OFFGRID_MA_ORTHOGONAL - 0
BASE-GR: 'GRS1' for GRS1_OFFGRID_MA_ORTHOGONAL 
GRS6_SKEWED_MA_NOT_45_90 - 0
BASE-GR: 'GRS6' for GRS6_SKEWED_MA_NOT_45_90 
GRS2_ACUTE_MA_ANGLE - 0
BASE-GR: 'GRS2' for GRS2_ACUTE_MA_ANGLE 
GRS1_OFFGRID_E2 - 0
BASE-GR: 'GRS1' for GRS1_OFFGRID_E2 
GRS1_OFFGRID_E2_ORTHOGONAL - 0
BASE-GR: 'GRS1' for GRS1_OFFGRID_E2_ORTHOGONAL 
GRS6_SKEWED_E2_NOT_45_90 - 0
BASE-GR: 'GRS6' for GRS6_SKEWED_E2_NOT_45_90 
GRS2_ACUTE_E2_ANGLE - 0
BASE-GR: 'GRS2' for GRS2_ACUTE_E2_ANGLE 
GRS1_OFFGRID_AM - 0
BASE-GR: 'GRS1' for GRS1_OFFGRID_AM 
GRS1_OFFGRID_AM_ORTHOGONAL - 0
BASE-GR: 'GRS1' for GRS1_OFFGRID_AM_ORTHOGONAL 
GRS6_SKEWED_AM_NOT_45_90 - 0
BASE-GR: 'GRS6' for GRS6_SKEWED_AM_NOT_45_90 
GRS2_ACUTE_AM_ANGLE - 0
BASE-GR: 'GRS2' for GRS2_ACUTE_AM_ANGLE 
GRS1_OFFGRID_AMEXCLUD5302 - 0
BASE-GR: 'GRS1' for GRS1_OFFGRID_AMEXCLUD5302 
GRS1_OFFGRID_AMEXCLUD5302_ORTHOGONAL - 0
BASE-GR: 'GRS1' for GRS1_OFFGRID_AMEXCLUD5302_ORTHOGONAL 
GRS6_SKEWED_AMEXCLUD5302_NOT_45_90 - 0
BASE-GR: 'GRS6' for GRS6_SKEWED_AMEXCLUD5302_NOT_45_90 
GRS2_ACUTE_AMEXCLUD5302_ANGLE - 0
BASE-GR: 'GRS2' for GRS2_ACUTE_AMEXCLUD5302_ANGLE 
GRS1_OFFGRID_RR - 0
BASE-GR: 'GRS1' for GRS1_OFFGRID_RR 
GRS1_OFFGRID_RR_ORTHOGONAL - 0
BASE-GR: 'GRS1' for GRS1_OFFGRID_RR_ORTHOGONAL 
GRS6_SKEWED_RR_NOT_45_90 - 0
BASE-GR: 'GRS6' for GRS6_SKEWED_RR_NOT_45_90 
GRS2_ACUTE_RR_ANGLE - 0
BASE-GR: 'GRS2' for GRS2_ACUTE_RR_ANGLE 
GRS1_OFFGRID_CAP - 0
BASE-GR: 'GRS1' for GRS1_OFFGRID_CAP 
GRS1_OFFGRID_CAP_ORTHOGONAL - 0
BASE-GR: 'GRS1' for GRS1_OFFGRID_CAP_ORTHOGONAL 
GRS6_SKEWED_CAP_NOT_45_90 - 0
BASE-GR: 'GRS6' for GRS6_SKEWED_CAP_NOT_45_90 
GRS2_ACUTE_CAP_ANGLE - 0
BASE-GR: 'GRS2' for GRS2_ACUTE_CAP_ANGLE 
GRS1_OFFGRID_BFMOAT - 0
BASE-GR: 'GRS1' for GRS1_OFFGRID_BFMOAT 
GRS1_OFFGRID_BFMOAT_ORTHOGONAL - 0
BASE-GR: 'GRS1' for GRS1_OFFGRID_BFMOAT_ORTHOGONAL 
GRS6_SKEWED_BFMOAT_NOT_45_90 - 0
BASE-GR: 'GRS6' for GRS6_SKEWED_BFMOAT_NOT_45_90 
GRS2_ACUTE_BFMOAT_ANGLE - 0
BASE-GR: 'GRS2' for GRS2_ACUTE_BFMOAT_ANGLE 
GRS1_OFFGRID_MOSVAR - 0
BASE-GR: 'GRS1' for GRS1_OFFGRID_MOSVAR 
GRS1_OFFGRID_MOSVAR_ORTHOGONAL - 0
BASE-GR: 'GRS1' for GRS1_OFFGRID_MOSVAR_ORTHOGONAL 
GRS6_SKEWED_MOSVAR_NOT_45_90 - 0
BASE-GR: 'GRS6' for GRS6_SKEWED_MOSVAR_NOT_45_90 
GRS2_ACUTE_MOSVAR_ANGLE - 0
BASE-GR: 'GRS2' for GRS2_ACUTE_MOSVAR_ANGLE 
GRS1_OFFGRID_CHIPEDGE - 0
BASE-GR: 'GRS1' for GRS1_OFFGRID_CHIPEDGE 
GRS1_OFFGRID_CHIPEDGE_ORTHOGONAL - 0
BASE-GR: 'GRS1' for GRS1_OFFGRID_CHIPEDGE_ORTHOGONAL 
GRS6_SKEWED_CHIPEDGE_NOT_45_90 - 0
BASE-GR: 'GRS6' for GRS6_SKEWED_CHIPEDGE_NOT_45_90 
GRS2_ACUTE_CHIPEDGE_ANGLE - 0
BASE-GR: 'GRS2' for GRS2_ACUTE_CHIPEDGE_ANGLE 
GRS1_OFFGRID_LOGOBND - 0
BASE-GR: 'GRS1' for GRS1_OFFGRID_LOGOBND 
GRS1_OFFGRID_LOGOBND_ORTHOGONAL - 0
BASE-GR: 'GRS1' for GRS1_OFFGRID_LOGOBND_ORTHOGONAL 
GRS6_SKEWED_LOGOBND_NOT_45_90 - 0
BASE-GR: 'GRS6' for GRS6_SKEWED_LOGOBND_NOT_45_90 
GRS2_ACUTE_LOGOBND_ANGLE - 0
BASE-GR: 'GRS2' for GRS2_ACUTE_LOGOBND_ANGLE 
GRS1_OFFGRID_RP - 0
BASE-GR: 'GRS1' for GRS1_OFFGRID_RP 
GRS1_OFFGRID_RP_ORTHOGONAL - 0
BASE-GR: 'GRS1' for GRS1_OFFGRID_RP_ORTHOGONAL 
GRS6_SKEWED_RP_NOT_45_90 - 0
BASE-GR: 'GRS6' for GRS6_SKEWED_RP_NOT_45_90 
GRS2_ACUTE_RP_ANGLE - 0
BASE-GR: 'GRS2' for GRS2_ACUTE_RP_ANGLE 
GRS1_OFFGRID_FT - 0
BASE-GR: 'GRS1' for GRS1_OFFGRID_FT 
GRS1_OFFGRID_FT_ORTHOGONAL - 0
BASE-GR: 'GRS1' for GRS1_OFFGRID_FT_ORTHOGONAL 
GRS6_SKEWED_FT_NOT_45_90 - 0
BASE-GR: 'GRS6' for GRS6_SKEWED_FT_NOT_45_90 
GRS2_ACUTE_FT_ANGLE - 0
BASE-GR: 'GRS2' for GRS2_ACUTE_FT_ANGLE 
GRS1_OFFGRID_FTBAR - 0
BASE-GR: 'GRS1' for GRS1_OFFGRID_FTBAR 
GRS1_OFFGRID_FTBAR_ORTHOGONAL - 0
BASE-GR: 'GRS1' for GRS1_OFFGRID_FTBAR_ORTHOGONAL 
GRS6_SKEWED_FTBAR_NOT_45_90 - 0
BASE-GR: 'GRS6' for GRS6_SKEWED_FTBAR_NOT_45_90 
GRS2_ACUTE_FTBAR_ANGLE - 0
BASE-GR: 'GRS2' for GRS2_ACUTE_FTBAR_ANGLE 
GRS1_OFFGRID_TG - 0
BASE-GR: 'GRS1' for GRS1_OFFGRID_TG 
GRS1_OFFGRID_TG_ORTHOGONAL - 0
BASE-GR: 'GRS1' for GRS1_OFFGRID_TG_ORTHOGONAL 
GRS6_SKEWED_TG_NOT_45_90 - 0
BASE-GR: 'GRS6' for GRS6_SKEWED_TG_NOT_45_90 
GRS2_ACUTE_TG_ANGLE - 0
BASE-GR: 'GRS2' for GRS2_ACUTE_TG_ANGLE 
GRS1_OFFGRID_TF - 0
BASE-GR: 'GRS1' for GRS1_OFFGRID_TF 
GRS1_OFFGRID_TF_ORTHOGONAL - 0
BASE-GR: 'GRS1' for GRS1_OFFGRID_TF_ORTHOGONAL 
GRS6_SKEWED_TF_NOT_45_90 - 0
BASE-GR: 'GRS6' for GRS6_SKEWED_TF_NOT_45_90 
GRS2_ACUTE_TF_ANGLE - 0
BASE-GR: 'GRS2' for GRS2_ACUTE_TF_ANGLE 
GRS1_OFFGRID_TE - 0
BASE-GR: 'GRS1' for GRS1_OFFGRID_TE 
GRS1_OFFGRID_TE_ORTHOGONAL - 0
BASE-GR: 'GRS1' for GRS1_OFFGRID_TE_ORTHOGONAL 
GRS6_SKEWED_TE_NOT_45_90 - 0
BASE-GR: 'GRS6' for GRS6_SKEWED_TE_NOT_45_90 
GRS2_ACUTE_TE_ANGLE - 0
BASE-GR: 'GRS2' for GRS2_ACUTE_TE_ANGLE 
END CALIBRE LOG
Log analysis completed

Sorting DRC errors ...
----------------------
 
Sort and new log creation for Calibre ...
Sort task completed
