\o Program:		@(#)$CDS: libManager version 6.1.6 - CAT33 11/05/2015 10:33 (sjfql586) $
\o Sub version:		sub-version  s019 
\o Arguments:		-mpssession virtuoso27499 -mpshost s2424.it.kth.se 
\o Working Directory:	s2424.it.kth.se:/home/saul/projects/NANONETS
\o 64-bit offsets
\o Qt version: 		4.7.2
\o Log file is "/home/saul/projects/NANONETS/libManager.log".
\o Opening libManager window.
\a nrSetCurrentWindow(cdsLibManager)
\a nrResizeWindow(cdsLibManager list(2792 14 960 872))
\o changeWorkingDir("/home/saul/projects/NANONETS") unnecessary.
\o ddSetForcedLib("") unnecessary.
\o MPS service: map window
\o Library Manager customization server connected.
\a nrSetCurrentWindow(cdsLibManager)
\a nrSetCurrentWindow(cdsLibManager)
\a nrSetCurrentWindow(cdsLibManager)
\a nrSetCurrentWindow(cdsLibManager)
\a nrResizeWindow(cdsLibManager list(2792 1094 960 872))
\a nrResizeWindow(cdsLibManager list(2792 14 960 872))
\a nrSetCurrentWindow(cdsLibManager)
\a cdsLibManager->libListBox->value = "TOP"
\a cdsLibManager->libLineEdit->value = "TOP"
\a cdsLibManager->cellListBox->value = "top_ring_core_seal"
\a cdsLibManager->cellListBox->value = "top_ring_core"
\a cdsLibManager->cellListBox->value = "top_ring_core_seal"
\a cdsLibManager->cellLineEdit->value = "top_ring_core_seal"
\a cdsLibManager->viewListBox->value = "layout"
\a cdsLibManager->viewLineEdit->value = "layout"
\a cdsLibManager->viewListBox->value = nil
\a cdsLibManager->viewListBox->value = "layout"
\o MPS request: edit design
\a nrListItemAction(cdsLibManager->gdmXTView 0 0)
\a nrSetCurrentWindow(cdsLibManager)
\a nrSetCurrentWindow(cdsLibManager)
\a cdsLibManager->libListBox->value = nil
\a cdsLibManager->cellListBox->value = nil
\a cdsLibManager->viewLineEdit->value = ""
\a cdsLibManager->viewListBox->value = nil
\a cdsLibManager->cellLineEdit->value = ""
\a cdsLibManager->libLineEdit->value = ""
\a cdsLibManager->libListBox->value = "TOP"
\a cdsLibManager->libLineEdit->value = "TOP"
\a cdsLibManager->cellListBox->value = "top_ring_core_seal"
\a cdsLibManager->cellLineEdit->value = "top_ring_core_seal"
\a cdsLibManager->viewListBox->value = "layout"
\a cdsLibManager->viewLineEdit->value = "layout"
\a cdsLibManager->viewLineEdit->value = ""
\a cdsLibManager->viewListBox->value = nil
\a cdsLibManager->viewListBox->value = "layout"
\a cdsLibManager->viewLineEdit->value = "layout"
\a nrResizeWindow(cdsLibManager list(2792 1094 960 872))
\a nrResizeWindow(cdsLibManager list(2792 14 960 872))
\a nrSetCurrentWindow(cdsLibManager)
\a cdsLibManager->cellListBox->value = "top_ring_core"
\a cdsLibManager->viewLineEdit->value = ""
\a cdsLibManager->viewListBox->value = nil
\a cdsLibManager->viewListBox->value = "layout"
\a cdsLibManager->viewLineEdit->value = "layout"
\a cdsLibManager->cellLineEdit->value = "top_ring_core"
\a cdsLibManager->viewListBox->value = nil
\a cdsLibManager->viewListBox->value = "layout"
\o MPS request: edit design
\a nrListItemAction(cdsLibManager->gdmXTView 2 0)
\a nrResizeWindow(cdsLibManager list(2792 -1066 960 872))
\a nrResizeWindow(cdsLibManager list(2792 14 960 872))
\a nrSetCurrentWindow(cdsLibManager)
\a nrResizeWindow(cdsLibManager list(2792 1094 960 872))
\a nrResizeWindow(cdsLibManager list(2792 14 960 872))
\a nrSetCurrentWindow(cdsLibManager)
\a nrResizeWindow(cdsLibManager list(2792 1094 960 872))
\a nrResizeWindow(cdsLibManager list(2792 14 960 872))
\a nrResizeWindow(cdsLibManager list(2792 1094 960 872))
\a nrResizeWindow(cdsLibManager list(2792 -1066 960 872))
\a nrResizeWindow(cdsLibManager list(2792 14 960 872))
\a nrSetCurrentWindow(cdsLibManager)
\a nrResizeWindow(cdsLibManager list(2792 -1066 960 872))
\a nrResizeWindow(cdsLibManager list(2792 14 960 872))
\a nrSetCurrentWindow(cdsLibManager)
\a nrResizeWindow(cdsLibManager list(2792 -1066 960 872))
\a nrResizeWindow(cdsLibManager list(2792 14 960 872))
\a nrResizeWindow(cdsLibManager list(2792 1094 960 872))
\a nrResizeWindow(cdsLibManager list(2792 14 960 872))
\a nrSetCurrentWindow(cdsLibManager)
\a cdsLibManager->libListBox->value = "NNFET"
\a cdsLibManager->cellListBox->value = nil
\a cdsLibManager->viewLineEdit->value = ""
\a cdsLibManager->viewListBox->value = nil
\a cdsLibManager->cellLineEdit->value = ""
\a cdsLibManager->libLineEdit->value = "NNFET"
\a cdsLibManager->cellListBox->value = "sensor"
\a cdsLibManager->viewListBox->value = "layout"
\a cdsLibManager->viewLineEdit->value = "layout"
\a cdsLibManager->cellLineEdit->value = "sensor"
\a cdsLibManager->FileNewCVButton->value = t
\a nrSetCurrentWindow(cdsLibManager)
\a nrResizeWindow(cdsLibManager list(2792 1094 960 872))
\a nrResizeWindow(cdsLibManager list(2792 14 960 872))
\a nrResizeWindow(cdsLibManager list(2792 -1066 960 872))
\a nrResizeWindow(cdsLibManager list(2792 14 960 872))
\a nrResizeWindow(cdsLibManager list(2792 -1066 960 872))
\a nrResizeWindow(cdsLibManager list(2792 -2146 960 872))
\a nrResizeWindow(cdsLibManager list(2792 -1066 960 872))
\a nrResizeWindow(cdsLibManager list(2792 14 960 872))
\a nrSetCurrentWindow(cdsLibManager)
\a cdsLibManager->FileNewCVButton->value = t
\a nrSetCurrentWindow(cdsLibManager)
\a nrResizeWindow(cdsLibManager list(2792 -1066 960 872))
\a nrResizeWindow(cdsLibManager list(2792 -2146 960 872))
\a nrResizeWindow(cdsLibManager list(2792 -1066 960 872))
\a nrResizeWindow(cdsLibManager list(2792 14 960 872))
\a nrSetCurrentWindow(cdsLibManager)
\a nrResizeWindow(cdsLibManager list(2792 1094 960 872))
\a nrResizeWindow(cdsLibManager list(2792 14 960 872))
\a nrSetCurrentWindow(cdsLibManager)
\a nrResizeWindow(cdsLibManager list(2792 -1066 960 872))
\a nrResizeWindow(cdsLibManager list(2792 14 960 872))
\a nrSetCurrentWindow(cdsLibManager)
\a nrResizeWindow(cdsLibManager list(2792 1094 960 872))
\a nrResizeWindow(cdsLibManager list(2792 14 960 872))
\a nrSetCurrentWindow(cdsLibManager)
\a nrResizeWindow(cdsLibManager list(2792 1094 960 872))
\a nrResizeWindow(cdsLibManager list(2792 14 960 872))
\a nrSetCurrentWindow(cdsLibManager)
\a cdsLibManager->cellListBox->value = "sensor_group_8"
\a cdsLibManager->viewLineEdit->value = ""
\a cdsLibManager->viewListBox->value = nil
\a cdsLibManager->viewListBox->value = "layout"
\a cdsLibManager->viewLineEdit->value = "layout"
\a cdsLibManager->cellListBox->value = "sensor_all_placed"
\a cdsLibManager->viewLineEdit->value = ""
\a cdsLibManager->viewListBox->value = nil
\a cdsLibManager->viewListBox->value = "layout"
\a cdsLibManager->viewLineEdit->value = "layout"
\a cdsLibManager->cellLineEdit->value = "sensor_all_placed"
\a cdsLibManager->viewListBox->value = nil
\a cdsLibManager->viewListBox->value = "layout"
\o MPS request: edit design
\a nrListItemAction(cdsLibManager->gdmXTView 0 0)
\a nrResizeWindow(cdsLibManager list(2792 -1066 960 872))
\a nrResizeWindow(cdsLibManager list(2792 14 960 872))
\a nrResizeWindow(cdsLibManager list(2792 1094 960 872))
\a nrResizeWindow(cdsLibManager list(2792 14 960 872))
\a nrResizeWindow(cdsLibManager list(2792 -1066 960 872))
\a nrResizeWindow(cdsLibManager list(2792 14 960 872))
\a nrResizeWindow(cdsLibManager list(2792 -1066 960 872))
\a nrResizeWindow(cdsLibManager list(2792 14 960 872))
\a nrResizeWindow(cdsLibManager list(2792 1094 960 872))
\a nrResizeWindow(cdsLibManager list(2792 14 960 872))
\a nrResizeWindow(cdsLibManager list(2792 -1066 960 872))
\a nrResizeWindow(cdsLibManager list(2792 14 960 872))
\a nrResizeWindow(cdsLibManager list(2792 1094 960 872))
\a nrResizeWindow(cdsLibManager list(2792 14 960 872))
\a nrResizeWindow(cdsLibManager list(2792 -1066 960 872))
\a nrResizeWindow(cdsLibManager list(2792 14 960 872))
\a nrResizeWindow(cdsLibManager list(2792 1094 960 872))
\a nrResizeWindow(cdsLibManager list(2792 14 960 872))
\a nrResizeWindow(cdsLibManager list(2792 -1066 960 872))
\a nrResizeWindow(cdsLibManager list(2792 14 960 872))
\a nrResizeWindow(cdsLibManager list(2792 1094 960 872))
\a nrResizeWindow(cdsLibManager list(2792 14 960 872))
\a nrResizeWindow(cdsLibManager list(2792 -1066 960 872))
\a nrResizeWindow(cdsLibManager list(2792 14 960 872))
\a nrResizeWindow(cdsLibManager list(2792 1094 960 872))
\a nrResizeWindow(cdsLibManager list(2792 14 960 872))
\a nrResizeWindow(cdsLibManager list(2792 -1066 960 872))
\a nrResizeWindow(cdsLibManager list(2792 14 960 872))
\a nrResizeWindow(cdsLibManager list(2792 -1066 960 872))
\a cdsLibManager->libListBox->value = nil
\a cdsLibManager->cellListBox->value = nil
\a cdsLibManager->viewLineEdit->value = ""
\a cdsLibManager->viewListBox->value = nil
\a cdsLibManager->cellLineEdit->value = ""
\a cdsLibManager->libLineEdit->value = ""
\a cdsLibManager->libListBox->value = "NNFET"
\a cdsLibManager->libLineEdit->value = "NNFET"
\a cdsLibManager->cellListBox->value = "sensor_all_placed"
\a cdsLibManager->cellLineEdit->value = "sensor_all_placed"
\a cdsLibManager->viewListBox->value = "layout"
\a cdsLibManager->viewLineEdit->value = "layout"
\a cdsLibManager->viewLineEdit->value = ""
\a cdsLibManager->viewListBox->value = nil
\a cdsLibManager->viewListBox->value = "layout"
\a cdsLibManager->viewLineEdit->value = "layout"
\a nrResizeWindow(cdsLibManager list(2792 14 960 872))
\a nrResizeWindow(cdsLibManager list(2792 1094 960 872))
\a nrResizeWindow(cdsLibManager list(2792 14 960 872))
\a nrSetCurrentWindow(cdsLibManager)
\a cdsLibManager->libListBox->value = "TOP"
\a cdsLibManager->cellListBox->value = nil
\a cdsLibManager->viewLineEdit->value = ""
\a cdsLibManager->viewListBox->value = nil
\a cdsLibManager->cellLineEdit->value = ""
\a cdsLibManager->libLineEdit->value = "TOP"
\a cdsLibManager->cellListBox->value = "top_ring_core_seal"
\a cdsLibManager->viewListBox->value = "layout"
\a cdsLibManager->viewLineEdit->value = "layout"
\a cdsLibManager->cellListBox->value = "top_ring_core"
\a cdsLibManager->viewLineEdit->value = ""
\a cdsLibManager->viewListBox->value = nil
\a cdsLibManager->viewListBox->value = "layout"
\a cdsLibManager->viewLineEdit->value = "layout"
\a cdsLibManager->cellLineEdit->value = "top_ring_core"
\a cdsLibManager->viewListBox->value = "av_extracted"
\a cdsLibManager->viewLineEdit->value = "av_extracted"
\o MPS request: edit design
\a nrListItemAction(cdsLibManager->gdmXTView 1 0)
\a nrResizeWindow(cdsLibManager list(2792 -1066 960 872))
\a nrResizeWindow(cdsLibManager list(2792 14 960 872))
\a nrResizeWindow(cdsLibManager list(2792 1094 960 872))
\a nrResizeWindow(cdsLibManager list(2792 14 960 872))
\a nrResizeWindow(cdsLibManager list(2792 -1066 960 872))
\a nrResizeWindow(cdsLibManager list(2792 -2146 960 872))
\a nrResizeWindow(cdsLibManager list(2792 -1066 960 872))
\a nrResizeWindow(cdsLibManager list(2792 14 960 872))
\a nrSetCurrentWindow(cdsLibManager)
\a nrSetCurrentWindow(cdsLibManager)
\a nrResizeWindow(cdsLibManager list(2792 1094 960 872))
\a nrResizeWindow(cdsLibManager list(2792 14 960 872))
\a nrResizeWindow(cdsLibManager list(2792 -1066 960 872))
\a nrResizeWindow(cdsLibManager list(2792 14 960 872))
\a nrResizeWindow(cdsLibManager list(2792 1094 960 872))
\a nrResizeWindow(cdsLibManager list(2792 14 960 872))
\a nrResizeWindow(cdsLibManager list(2792 -1066 960 872))
\a nrResizeWindow(cdsLibManager list(2792 -2146 960 872))
\a nrResizeWindow(cdsLibManager list(2792 -3226 960 872))
\a nrResizeWindow(cdsLibManager list(2792 1094 960 872))
\a nrResizeWindow(cdsLibManager list(2792 14 960 872))
\a nrResizeWindow(cdsLibManager list(2792 1094 960 872))
\a nrResizeWindow(cdsLibManager list(2792 14 960 872))
\a nrSetCurrentWindow(cdsLibManager)
\a cdsLibManager->cellListBox->value = "top_ring_core_tb"
\a cdsLibManager->viewLineEdit->value = ""
\a cdsLibManager->viewListBox->value = nil
\a cdsLibManager->cellLineEdit->value = "top_ring_core_tb"
\a cdsLibManager->viewListBox->value = "config_dig_cmos_sch__par_ana"
\a cdsLibManager->viewLineEdit->value = "config_dig_cmos_sch__par_ana"
\o MPS request: edit design
\a nrListItemAction(cdsLibManager->gdmXTView 2 0)
\a nrSetCurrentWindow(cdsLibManager)
\a nrResizeWindow(cdsLibManager list(2792 -1066 960 872))
\a nrResizeWindow(cdsLibManager list(2792 14 960 872))
\a nrResizeWindow(cdsLibManager list(2792 -1066 960 872))
\a cdsLibManager->libListBox->value = nil
\a cdsLibManager->cellListBox->value = nil
\a cdsLibManager->viewLineEdit->value = ""
\a cdsLibManager->viewListBox->value = nil
\a cdsLibManager->cellLineEdit->value = ""
\a cdsLibManager->libLineEdit->value = ""
\a cdsLibManager->libListBox->value = "TOP"
\a cdsLibManager->libLineEdit->value = "TOP"
\a cdsLibManager->cellListBox->value = "top_ring_core_tb"
\a cdsLibManager->cellLineEdit->value = "top_ring_core_tb"
\a cdsLibManager->viewListBox->value = "config_dig_cmos_sch__par_ana"
\a cdsLibManager->viewLineEdit->value = "config_dig_cmos_sch__par_ana"
\a cdsLibManager->viewLineEdit->value = ""
\a cdsLibManager->viewListBox->value = nil
\a cdsLibManager->viewListBox->value = "config_dig_cmos_sch__par_ana"
\a cdsLibManager->viewLineEdit->value = "config_dig_cmos_sch__par_ana"
\a nrResizeWindow(cdsLibManager list(2792 14 960 872))
\a nrSetCurrentWindow(cdsLibManager)
\a nrResizeWindow(cdsLibManager list(2792 -1066 960 872))
\a nrResizeWindow(cdsLibManager list(2792 14 960 872))
\a nrResizeWindow(cdsLibManager list(2792 1094 960 872))
\a nrResizeWindow(cdsLibManager list(2792 14 960 872))
\a nrResizeWindow(cdsLibManager list(2792 -1066 960 872))
\a nrResizeWindow(cdsLibManager list(2792 -2146 960 872))
\a nrResizeWindow(cdsLibManager list(2792 -3226 960 872))
\a nrResizeWindow(cdsLibManager list(2792 -2146 960 872))
\a nrResizeWindow(cdsLibManager list(2792 -1066 960 872))
\a nrResizeWindow(cdsLibManager list(2792 -2146 960 872))
\a nrResizeWindow(cdsLibManager list(2792 14 960 872))
\a nrResizeWindow(cdsLibManager list(2792 1094 960 872))
\a nrResizeWindow(cdsLibManager list(2792 14 960 872))
\a nrResizeWindow(cdsLibManager list(2792 -1066 960 872))
\a nrResizeWindow(cdsLibManager list(2792 14 960 872))
\a nrResizeWindow(cdsLibManager list(2792 1094 960 872))
\a nrResizeWindow(cdsLibManager list(2792 -2146 960 872))
\a nrResizeWindow(cdsLibManager list(2792 -3226 960 872))
\a nrResizeWindow(cdsLibManager list(2792 -4306 960 872))
\a nrResizeWindow(cdsLibManager list(2792 -2146 960 872))
\a nrResizeWindow(cdsLibManager list(2792 14 960 872))
\a nrResizeWindow(cdsLibManager list(2792 1094 960 872))
\a nrResizeWindow(cdsLibManager list(2792 14 960 872))
\a nrResizeWindow(cdsLibManager list(2792 -1066 960 872))
\a nrResizeWindow(cdsLibManager list(2792 -2146 960 872))
\a nrResizeWindow(cdsLibManager list(2792 -1066 960 872))
\a nrResizeWindow(cdsLibManager list(2792 14 960 872))
\a nrResizeWindow(cdsLibManager list(2792 1094 960 872))
\a nrResizeWindow(cdsLibManager list(2792 14 960 872))
\a nrResizeWindow(cdsLibManager list(2792 -1066 960 872))
\a nrResizeWindow(cdsLibManager list(2792 1094 960 872))
\a nrResizeWindow(cdsLibManager list(2792 14 960 872))
\a nrResizeWindow(cdsLibManager list(2792 -1066 960 872))
\a nrResizeWindow(cdsLibManager list(2792 -2146 960 872))
\a nrResizeWindow(cdsLibManager list(2792 -3226 960 872))
\a nrResizeWindow(cdsLibManager list(2792 -4306 960 872))
\a nrResizeWindow(cdsLibManager list(2792 -1066 960 872))
\a nrResizeWindow(cdsLibManager list(2792 14 960 872))
\a nrResizeWindow(cdsLibManager list(2792 1094 960 872))
\a nrResizeWindow(cdsLibManager list(2792 14 960 872))
\a nrResizeWindow(cdsLibManager list(2792 -1066 960 872))
\a nrResizeWindow(cdsLibManager list(2792 14 960 872))
\a nrResizeWindow(cdsLibManager list(2792 -1066 960 872))
\a nrResizeWindow(cdsLibManager list(2792 14 960 872))
\a nrSetCurrentWindow(cdsLibManager)
\a cdsLibManager->cellListBox->value = "top_ring_core_tb_spectre"
\a cdsLibManager->viewLineEdit->value = ""
\a cdsLibManager->viewListBox->value = nil
\a cdsLibManager->cellLineEdit->value = "top_ring_core_tb_spectre"
\a nrResizeWindow(cdsLibManager list(2792 -1066 960 872))
\a nrResizeWindow(cdsLibManager list(2792 14 960 872))
\a nrResizeWindow(cdsLibManager list(2792 1094 960 872))
\a nrResizeWindow(cdsLibManager list(2792 14 960 872))
\a nrSetCurrentWindow(cdsLibManager)
\a cdsLibManager->cellListBox->value = "top_ring_core_tb"
\a cdsLibManager->viewListBox->value = "config_dig_cmos_sch__par_ana"
\a cdsLibManager->viewLineEdit->value = "config_dig_cmos_sch__par_ana"
\a cdsLibManager->cellListBox->value = "top_ring_core_tb_spectre"
\a cdsLibManager->viewLineEdit->value = ""
\a cdsLibManager->viewListBox->value = nil
\a cdsLibManager->cellLineEdit->value = "top_ring_core_tb_spectre"
\a cdsLibManager->viewListBox->value = "config"
\a cdsLibManager->viewLineEdit->value = "config"
\o MPS request: edit design
\a nrListItemAction(cdsLibManager->gdmXTView 1 0)
\a nrResizeWindow(cdsLibManager list(2792 14 960 872))
\a nrResizeWindow(cdsLibManager list(2792 14 960 872))
\a nrResizeWindow(cdsLibManager list(2792 14 960 872))
\a nrResizeWindow(cdsLibManager list(2792 -2146 960 872))
\a nrResizeWindow(cdsLibManager list(2792 -3226 960 872))
\a nrResizeWindow(cdsLibManager list(2792 -2146 960 872))
\a nrResizeWindow(cdsLibManager list(2792 -1066 960 872))
\a nrResizeWindow(cdsLibManager list(2792 14 960 872))
\a nrSetCurrentWindow(cdsLibManager)
\a nrResizeWindow(cdsLibManager list(2792 1094 960 872))
\a nrResizeWindow(cdsLibManager list(2792 14 960 872))
\a nrSetCurrentWindow(cdsLibManager)
\a nrResizeWindow(cdsLibManager list(2792 1094 960 872))
\a nrResizeWindow(cdsLibManager list(2792 14 960 872))
\a nrSetCurrentWindow(cdsLibManager)
\a nrResizeWindow(cdsLibManager list(2792 -1066 960 872))
\a nrResizeWindow(cdsLibManager list(2792 14 960 872))
\a nrSetCurrentWindow(cdsLibManager)
\a nrResizeWindow(cdsLibManager list(2792 -1066 960 872))
\a nrResizeWindow(cdsLibManager list(2792 -2146 960 872))
\a nrResizeWindow(cdsLibManager list(2792 -1066 960 872))
\a nrResizeWindow(cdsLibManager list(2792 14 960 872))
\a nrSetCurrentWindow(cdsLibManager)
\a nrResizeWindow(cdsLibManager list(2792 1094 960 872))
\a nrResizeWindow(cdsLibManager list(2792 14 960 872))
\a nrSetCurrentWindow(cdsLibManager)
\a nrResizeWindow(cdsLibManager list(2792 -1066 960 872))
\a nrResizeWindow(cdsLibManager list(2792 -2146 960 872))
\a nrResizeWindow(cdsLibManager list(2792 -1066 960 872))
\a nrResizeWindow(cdsLibManager list(2792 14 960 872))
\a nrSetCurrentWindow(cdsLibManager)
\a nrResizeWindow(cdsLibManager list(2792 1094 960 872))
\a nrResizeWindow(cdsLibManager list(2792 14 960 872))
\a nrSetCurrentWindow(cdsLibManager)
\a nrResizeWindow(cdsLibManager list(2792 1094 960 872))
\a nrResizeWindow(cdsLibManager list(2792 14 960 872))
\a nrSetCurrentWindow(cdsLibManager)
\a nrResizeWindow(cdsLibManager list(2792 -1066 960 872))
\a nrResizeWindow(cdsLibManager list(2792 14 960 872))
\a nrSetCurrentWindow(cdsLibManager)
\a nrResizeWindow(cdsLibManager list(2792 1094 960 872))
\a nrResizeWindow(cdsLibManager list(2792 14 960 872))
\a nrSetCurrentWindow(cdsLibManager)
\a nrResizeWindow(cdsLibManager list(2792 -1066 960 872))
\a nrResizeWindow(cdsLibManager list(2792 -2146 960 872))
\a nrResizeWindow(cdsLibManager list(2792 -3226 960 872))
\a nrResizeWindow(cdsLibManager list(2792 -4306 960 872))
\a nrResizeWindow(cdsLibManager list(2792 -3226 960 872))
\a nrResizeWindow(cdsLibManager list(2792 -2146 960 872))
\a nrResizeWindow(cdsLibManager list(2792 -1066 960 872))
\a nrResizeWindow(cdsLibManager list(2792 14 960 872))
\a nrSetCurrentWindow(cdsLibManager)
\a nrResizeWindow(cdsLibManager list(2792 -1066 960 872))
\a nrResizeWindow(cdsLibManager list(2792 14 960 872))
\a nrResizeWindow(cdsLibManager list(2792 1094 960 872))
\a nrResizeWindow(cdsLibManager list(2792 14 960 872))
\a nrResizeWindow(cdsLibManager list(2792 -1066 960 872))
\a nrResizeWindow(cdsLibManager list(2792 14 960 872))
\a nrResizeWindow(cdsLibManager list(2792 1094 960 872))
\a nrResizeWindow(cdsLibManager list(2792 14 960 872))
\a nrResizeWindow(cdsLibManager list(2792 -1066 960 872))
\a nrResizeWindow(cdsLibManager list(2792 -2146 960 872))
\a nrResizeWindow(cdsLibManager list(2792 -1066 960 872))
\a nrResizeWindow(cdsLibManager list(2792 14 960 872))
\a nrResizeWindow(cdsLibManager list(2792 -1066 960 872))
\a nrResizeWindow(cdsLibManager list(2792 -2146 960 872))
\a nrResizeWindow(cdsLibManager list(2792 -1066 960 872))
\a nrResizeWindow(cdsLibManager list(2792 14 960 872))
\a nrResizeWindow(cdsLibManager list(2792 -1066 960 872))
\a nrResizeWindow(cdsLibManager list(2792 -2146 960 872))
\a nrResizeWindow(cdsLibManager list(2792 -1066 960 872))
\a nrResizeWindow(cdsLibManager list(2792 14 960 872))
\a nrResizeWindow(cdsLibManager list(2792 -1066 960 872))
\a nrResizeWindow(cdsLibManager list(2792 -2146 960 872))
\a nrResizeWindow(cdsLibManager list(2792 -1066 960 872))
\a nrResizeWindow(cdsLibManager list(2792 14 960 872))
\a nrResizeWindow(cdsLibManager list(2792 -1066 960 872))
\a nrResizeWindow(cdsLibManager list(2792 -2146 960 872))
\a nrResizeWindow(cdsLibManager list(2792 -1066 960 872))
\a nrResizeWindow(cdsLibManager list(2792 14 960 872))
\a nrResizeWindow(cdsLibManager list(2792 -1066 960 872))
\a nrResizeWindow(cdsLibManager list(2792 -2146 960 872))
\a nrResizeWindow(cdsLibManager list(2792 -1066 960 872))
\a nrResizeWindow(cdsLibManager list(2792 14 960 872))
\a nrResizeWindow(cdsLibManager list(2792 1094 960 872))
\a nrResizeWindow(cdsLibManager list(2792 -1066 960 872))
\a nrResizeWindow(cdsLibManager list(2792 14 960 872))
\a nrResizeWindow(cdsLibManager list(2792 1094 960 872))
\a nrResizeWindow(cdsLibManager list(2792 -1066 960 872))
\a nrResizeWindow(cdsLibManager list(2792 -2146 960 872))
\a nrResizeWindow(cdsLibManager list(2792 -1066 960 872))
\a nrResizeWindow(cdsLibManager list(2792 14 960 872))
\a nrResizeWindow(cdsLibManager list(2792 1094 960 872))
\a nrResizeWindow(cdsLibManager list(2792 14 960 872))
\a nrResizeWindow(cdsLibManager list(2792 -1066 960 872))
\a nrResizeWindow(cdsLibManager list(2792 -2146 960 872))
\a nrResizeWindow(cdsLibManager list(2792 -1066 960 872))
\a nrResizeWindow(cdsLibManager list(2792 -2146 960 872))
\a nrResizeWindow(cdsLibManager list(2792 -1066 960 872))
\a nrResizeWindow(cdsLibManager list(2792 14 960 872))
\a nrResizeWindow(cdsLibManager list(2792 1094 960 872))
\a nrResizeWindow(cdsLibManager list(2792 14 960 872))
\a nrResizeWindow(cdsLibManager list(2792 -1066 960 872))
\a nrResizeWindow(cdsLibManager list(2792 -2146 960 872))
\a nrResizeWindow(cdsLibManager list(2792 -3226 960 872))
\a nrResizeWindow(cdsLibManager list(2792 -4306 960 872))
\a nrResizeWindow(cdsLibManager list(2792 1094 960 872))
\a nrResizeWindow(cdsLibManager list(2792 14 960 872))
\a nrResizeWindow(cdsLibManager list(2792 1094 960 872))
\a nrResizeWindow(cdsLibManager list(2792 14 960 872))
\a nrResizeWindow(cdsLibManager list(2792 -1066 960 872))
\a nrResizeWindow(cdsLibManager list(2792 14 960 872))
\a nrResizeWindow(cdsLibManager list(2792 1094 960 872))
\a nrResizeWindow(cdsLibManager list(2792 14 960 872))
\a nrResizeWindow(cdsLibManager list(2792 -1066 960 872))
\a nrResizeWindow(cdsLibManager list(2792 -2146 960 872))
\a nrResizeWindow(cdsLibManager list(2792 -1066 960 872))
\a nrResizeWindow(cdsLibManager list(2792 14 960 872))
\a nrResizeWindow(cdsLibManager list(2792 -1066 960 872))
\a nrResizeWindow(cdsLibManager list(2792 -2146 960 872))
\a nrResizeWindow(cdsLibManager list(2792 -3226 960 872))
\a nrResizeWindow(cdsLibManager list(2792 -2146 960 872))
\a nrResizeWindow(cdsLibManager list(2792 -1066 960 872))
\a nrResizeWindow(cdsLibManager list(2792 14 960 872))
\a nrResizeWindow(cdsLibManager list(2792 -1066 960 872))
\a nrResizeWindow(cdsLibManager list(2792 14 960 872))
\a nrResizeWindow(cdsLibManager list(2792 -1066 960 872))
\a nrResizeWindow(cdsLibManager list(2792 -2146 960 872))
\a nrResizeWindow(cdsLibManager list(2792 -1066 960 872))
\a nrResizeWindow(cdsLibManager list(2792 -2146 960 872))
\a nrResizeWindow(cdsLibManager list(2792 -1066 960 872))
\a nrResizeWindow(cdsLibManager list(2792 14 960 872))
\a nrResizeWindow(cdsLibManager list(2792 1094 960 872))
\a nrResizeWindow(cdsLibManager list(2792 14 960 872))
\a nrResizeWindow(cdsLibManager list(2792 -1066 960 872))
\a nrResizeWindow(cdsLibManager list(2792 -2146 960 872))
\a nrResizeWindow(cdsLibManager list(2792 -1066 960 872))
\a nrResizeWindow(cdsLibManager list(2792 14 960 872))
\a nrResizeWindow(cdsLibManager list(2792 -1066 960 872))
\a nrResizeWindow(cdsLibManager list(2792 -2146 960 872))
\a nrResizeWindow(cdsLibManager list(2792 -1066 960 872))
\a nrResizeWindow(cdsLibManager list(2792 14 960 872))
\a nrResizeWindow(cdsLibManager list(2792 1094 960 872))
\a nrResizeWindow(cdsLibManager list(2792 14 960 872))
\a nrResizeWindow(cdsLibManager list(2792 -1066 960 872))
\a nrResizeWindow(cdsLibManager list(2792 -2146 960 872))
\a nrResizeWindow(cdsLibManager list(2792 -3226 960 872))
\a nrResizeWindow(cdsLibManager list(2792 -4306 960 872))
\a nrResizeWindow(cdsLibManager list(2792 -3226 960 872))
\a nrResizeWindow(cdsLibManager list(2792 -2146 960 872))
\a nrResizeWindow(cdsLibManager list(2792 -1066 960 872))
\a nrResizeWindow(cdsLibManager list(2792 14 960 872))
\a nrResizeWindow(cdsLibManager list(2792 1094 960 872))
\a nrResizeWindow(cdsLibManager list(2792 14 960 872))
\a nrResizeWindow(cdsLibManager list(2792 1094 960 872))
\a nrResizeWindow(cdsLibManager list(2792 14 960 872))
\a nrResizeWindow(cdsLibManager list(2792 -1066 960 872))
\a nrResizeWindow(cdsLibManager list(2792 -2146 960 872))
\a nrResizeWindow(cdsLibManager list(2792 -1066 960 872))
\a nrResizeWindow(cdsLibManager list(2792 14 960 872))
\a nrResizeWindow(cdsLibManager list(2792 1094 960 872))
\a nrResizeWindow(cdsLibManager list(2792 14 960 872))
\a nrResizeWindow(cdsLibManager list(2792 1094 960 872))
\a nrResizeWindow(cdsLibManager list(2792 14 960 872))
\a nrResizeWindow(cdsLibManager list(2792 -1066 960 872))
\a nrResizeWindow(cdsLibManager list(2792 -2146 960 872))
\a nrResizeWindow(cdsLibManager list(2792 -1066 960 872))
\a nrResizeWindow(cdsLibManager list(2792 14 960 872))
\a nrResizeWindow(cdsLibManager list(2792 -1066 960 872))
\a nrResizeWindow(cdsLibManager list(2792 14 960 872))
\a nrResizeWindow(cdsLibManager list(2792 1094 960 872))
\a nrResizeWindow(cdsLibManager list(2792 14 960 872))
\a nrResizeWindow(cdsLibManager list(2792 1094 960 872))
\a nrResizeWindow(cdsLibManager list(2792 14 960 872))
\a nrResizeWindow(cdsLibManager list(2792 1094 960 872))
\a nrResizeWindow(cdsLibManager list(2792 14 960 872))
\a nrResizeWindow(cdsLibManager list(2792 -1066 960 872))
\a nrResizeWindow(cdsLibManager list(2792 14 960 872))
\a nrResizeWindow(cdsLibManager list(2792 1094 960 872))
\a nrResizeWindow(cdsLibManager list(2792 14 960 872))
\a nrResizeWindow(cdsLibManager list(2792 -1066 960 872))
\a nrResizeWindow(cdsLibManager list(2792 14 960 872))
\a nrResizeWindow(cdsLibManager list(2792 1094 960 872))
\a nrResizeWindow(cdsLibManager list(2792 14 960 872))
\a nrResizeWindow(cdsLibManager list(2792 -1066 960 872))
\a nrResizeWindow(cdsLibManager list(2792 14 960 872))
\a nrResizeWindow(cdsLibManager list(2792 1094 960 872))
\a nrResizeWindow(cdsLibManager list(2792 14 960 872))
\a nrResizeWindow(cdsLibManager list(2792 -1066 960 872))
\a nrResizeWindow(cdsLibManager list(2792 14 960 872))
\a nrResizeWindow(cdsLibManager list(2792 1094 960 872))
\a nrResizeWindow(cdsLibManager list(2792 14 960 872))
\a nrResizeWindow(cdsLibManager list(2792 -1066 960 872))
\a nrResizeWindow(cdsLibManager list(2792 -2146 960 872))
\a nrResizeWindow(cdsLibManager list(2792 -1066 960 872))
\a nrResizeWindow(cdsLibManager list(2792 14 960 872))
\a nrResizeWindow(cdsLibManager list(2792 -1066 960 872))
\a nrResizeWindow(cdsLibManager list(2792 14 960 872))
\a nrSetCurrentWindow(cdsLibManager)
\a _lmgrCloseIconify("cdsLibManager" 1)
\a nrResizeWindow(cdsLibManager list(2792 -1066 960 872))
\a nrResizeWindow(cdsLibManager list(2792 -2146 960 872))
\a nrResizeWindow(cdsLibManager list(2792 -3226 960 872))
\a nrResizeWindow(cdsLibManager list(2792 -2146 960 872))
\a nrResizeWindow(cdsLibManager list(2792 -1066 960 872))
\a nrResizeWindow(cdsLibManager list(2792 14 960 872))
\a nrResizeWindow(cdsLibManager list(2792 1094 960 872))
\a nrResizeWindow(cdsLibManager list(2792 14 960 872))
\a nrResizeWindow(cdsLibManager list(2792 -1066 960 872))
\a nrResizeWindow(cdsLibManager list(2792 -2146 960 872))
\a nrResizeWindow(cdsLibManager list(2792 -3226 960 872))
\a nrResizeWindow(cdsLibManager list(2792 14 960 872))
\a nrResizeWindow(cdsLibManager list(2792 1094 960 872))
\a nrResizeWindow(cdsLibManager list(2792 14 960 872))
\o MPS service: shutdown
\o libManager is exiting.
\a nrSetWindowVisibility(cdsLibManager "hide")
\a exit(0)
