Starting Monte Carlo Sampling...

Current time: Tue Dec 19 17:12:29 2017 
MonteCarlo.7
Number of points completed: 200
Number of simulation errors: 200
MonteCarlo.7 completed. 
Current time: Tue Dec 19 17:14:03 2017 
Monte Carlo Sampling yield summary:
Number of spec values are in this yield data: 3
AMPLIFIER:buffer_tb:1	Nominal - 
	VDC("/VOUT"):	Yield	0%
		Min 0	Max 0	Mean 0	Number of errors 200
AMPLIFIER:buffer_tb:1	Nominal - 
	dB20(VF("/VOUT")):	Yield	0%
		Min 0	Max 0	Mean 0	Number of errors 0
AMPLIFIER:buffer_tb:1	Nominal - 
	dB20(VF("/VSAM")):	Yield	0%
		Min 0	Max 0	Mean 0	Number of errors 0

AMPLIFIER:buffer_tb:1
	Overall Yield	99.5%	Number of points passed	199	Total number of points	200

Estimated yield = 99.5% (199/200), 200 errors
Estimated yield (No opregions) = 99.5% (199/200)
Monte Carlo Sampling yield summary:
Number of spec values are in this yield data: 3
AMPLIFIER:buffer_tb:1	Nominal - 
	VDC("/VOUT"):	Yield	0%
		Min 0	Max 0	Mean 0	Number of errors 200
AMPLIFIER:buffer_tb:1	Nominal - 
	dB20(VF("/VOUT")):	Yield	0%
		Min 0	Max 0	Mean 0	Number of errors 0
AMPLIFIER:buffer_tb:1	Nominal - 
	dB20(VF("/VSAM")):	Yield	0%
		Min 0	Max 0	Mean 0	Number of errors 0

AMPLIFIER:buffer_tb:1
	Overall Yield	99.5%	Number of points passed	199	Total number of points	200

Estimated yield = 99.5% (199/200), 200 errors
Estimated yield (No opregions) = 99.5% (199/200)
