ncvlog(64): 14.20-s035: (c) Copyright 1995-2017 Cadence Design Systems, Inc.
TOOL:	ncvlog(64)	14.20-s035: Started on Aug 23, 2017 at 11:31:01 CEST
ncvlog
    -use5x
    -SPECIFICUNIT cur_dec_stimulus
    -zparse /tmp/vamsZparhb4766
    -NOWARN DLNOHV
    -work DIG_CUR_DEC
    -view verilogams
    -nostdout
    -logfile /home/saul/projects/NANONETS/.cadence/dfII/TextSupport/Logs/Parser/verilogams/DIG_CUR_DEC/verilogams/compile0.log
    -messages
    -ams
    -cdslib /home/saul/projects/NANONETS/cds.lib
    /home/saul/projects/NANONETS/DIG_CUR_DEC/cur_dec_stimulus/verilogams/verilog.vams

file: /home/saul/projects/NANONETS/DIG_CUR_DEC/cur_dec_stimulus/verilogams/verilog.vams
	module DIG_CUR_DEC.cur_dec_stimulus:verilogams
		errors: 0, warnings: 0
	 writing out DPL output:
TOOL:	ncvlog(64)	14.20-s035: Exiting on Aug 23, 2017 at 11:31:01 CEST  (total: 00:00:00)
