\# Program start time UTC 2017.08.24 12:51:01.045
\# Local time Thursday 24 August 2017, 2:51 pm
\o Program:		@(#)$CDS: virtuoso version 6.1.6-64b 12/07/2015 20:18 (sjfbm186) $
\o Hierarchy:		/pkg/Cadence/installs/IC616/tools.lnx86/dfII/
\o Sub version:		sub-version  IC6.1.6-64b.500.14  (64-bit addresses)
\# Command line:	/pkg/Cadence/installs/IC616/tools.lnx86/dfII/bin/64bit/virtuoso -noautostart -mpssession virtuoso6206 -mpshost s2424.it.kth.se -davinciService DaVinciService_6206_1503557366 -log /home/saul/projects/NANONETS/logs_saul/logs0/Job10.log -licenseLockFileName /home/saul/projects/NANONETS/.tmp_saul/.s2424.it.kth.se_6206 -nograph -nostdin -axlChildIdFlag 10
\# Host name (type):	s2424.it.kth.se (x86_64)
\# Operating system:	Linux 2.6.18-417.el5 #1 SMP Tue Dec 20 13:11:30 UTC 2016
\# Linux /etc/issue:	CentOS release 5.11 (Final)
\# Linux /etc/issue:	Kernel \r on an \m
\# X display name (WxH):	s2424.it.kth.se:80.0 (1024x868)
\# Available geometry:			TL(0:0) BR(1023:867)
\# X server:			RealVNC Ltd (VNC nograph server, PID 13661)
\# Depth of Visual (Root):	16 (16)
\# Number of Planes Used:	16
\# X version:		11.0 (vendor release 3370)
\# X resource pool:	base 0x800000, mask 0x3fffff (4194303), shift 0
\# 			current id 0x33, current max 0x3ffffa (4194298)
\# Max data seg size:	     unlimited
\# Max process size:	     unlimited
\# Initial sbrk value:	        389 MB
\# Available memory:	     68,449 MB
\# System memory:	     78,453 MB
\# Maximum memory size:	     78,135 MB
\# Max mem available:	     68,520 MB
\# Initial memory used:	         71 MB
\#        process size:	        754 MB
\# Qt version:		4.7.2
\# Window Manager:	other
\# User Name:		saul
\o Working Directory:	s2424.it.kth.se:/home/saul/projects/NANONETS
\# Process Id:		13662
\o 
\o COPYRIGHT © 1992-2015  CADENCE DESIGN SYSTEMS INC.  ALL RIGHTS RESERVED.
\o           © 1992-2015  UNIX SYSTEMS Laboratories INC.,
\o                          Reproduced with permission.
\o 
\o This Cadence Design Systems program and online documentation are
\o proprietary/confidential information and may be disclosed/used only
\o as authorized in a license agreement controlling such use and disclosure.
\o 
\o           RESTRICTED RIGHTS NOTICE (SHORT FORM)
\o Use/reproduction/disclosure is subject to restriction
\o set forth at FAR 1252.227-19 or its equivalent.
\o Loading geView.cxt 
\o Loading menuBuilder.cxt 
\o Loading schView.cxt 
\o Loading selectSv.cxt 
\o Loading LVS.cxt 
\o Loading layerProc.cxt 
\o Loading pte2.cxt 
\o Loading xlUI.cxt 
\o Loading auCore.cxt 
\o Loading vhdl.cxt 
\o Loading seismic.cxt 
\o Loading ci.cxt 
\o Loading ams.cxt 
\o Loading oasis.cxt 
\o Loading analog.cxt 
\o Loading asimenv.cxt 
\o Loading socket.cxt 
\o Loading dal.cxt 
\o Loading awv.cxt 
\o Loading par.cxt 
\o Loading alvs.cxt 
\o Loading caa.cxt 
\o Loading adexl.cxt 
\o *Info*    Exporting services from client ... 
\o 
\o ......................................................................................
\o            ams AG hitkit v.ams_4.14
\o ......................................................................................
\o COPYRIGHT (c) 2013 Full Service Foundry @ ams AG.  ALL RIGHTS RESERVED
\o This hitkit and attached documentation are confidential information and may 
\o only be used as authorized by the hitkit license agreement.
\o ......................................................................................
\o Loading simulator default settings.
\o Defining layer name mapping for Pcells
\# Memory report: using         190 MB, process size 1,005 MB at UTC 2017.08.24 12:51:02.463
\o ROD pcell code loaded
\o Additional code for low-voltage devices loaded
\o Loading customization file: ./.cdsinit_local
\o Loading customization file: $HOME/.cdsinit_personal
\o Loading simulator default settings.
\o *Info*    Client has finished starting ... 
\o 
\p hitkit: ams_4.14  Tech: ac18a6dmca  User: saul 
\# Available memory:         68,334 MB at UTC 2017.08.24 12:51:11.303
\# Memory report: Maximum memory size now 68,532 MB at UTC 2017.08.24 12:51:11.303
\o 
\o 
\o *Info*    Configuring the session ...
\o 
\o 	Library      = SENSOR_SWITCH
\o 	Cell         = sensor_switch_tb
\o 	View         = config
\o 	Simulator    = ams
\o 	State Path   = $AXL_SETUPDB_DIR/test_states
\o 	State Name   = SENSOR_SWITCH:sensor_switch_tb:1_none_Interactive.4
\o 	Results DB   = /home/saul/projects/NANONETS/SENSOR_SWITCH/sensor_switch_tb/adexl/results/data/Interactive.4.rdb
\o 	Results Dir  = /home/saul/Sim/SENSOR_SWITCH/sensor_switch_tb/adexl/results/data/Interactive.4/1/SENSOR_SWITCH:sensor_switch_tb:1
\o 	Results Loc  = /home/saul/Sim/SENSOR_SWITCH/sensor_switch_tb/adexl/results/data
\o 	Project Dir  = /home/saul/projects/NANONETS/Sim
\o 	Setup DB loc = /home/saul/projects/NANONETS/SENSOR_SWITCH/sensor_switch_tb/adexl
\o 	File Encoding = 0
\o 
\o 
\o Loading simui.cxt 
\o Loading viva.cxt 
\o Loading spectrei.cxt 
\o Loading devCheck.cxt 
\o Loading relXpert.cxt 
\o Loading hspiceD.cxt 
\o Loading spectreinl.cxt 
\o Loading msgHandler.cxt 
\o Loading UltraSim.cxt 
\o Loading AMSOSS.cxt 
\o Loading AMS.cxt 
\o 
\o 
\o 
\o 
\o 
\o *Info*    Run start for Point ID (0 1) on testbench [
\o           SENSOR_SWITCH:sensor_switch_tb:1 ].
\o 
\o Resetting statistical vars
\o 
\o *Info*    Setting parameter values ...
\o 
\o Setting var A0 = "0"
\o Setting var A1 = "0"
\o Setting var A2 = "0"
\o Setting var A3 = "0"
\o Setting var A4 = "0"
\o Setting var IDC = "1u"
\o Setting temp(T) = 27
\o 
\o *Info*    Netlist Directory =
\o           /home/saul/Sim/SENSOR_SWITCH/sensor_switch_tb/adexl/results/data/Interactive.4/1/SENSOR_SWITCH:sensor_switch_tb:1/netlist
\o 
\o 
\o *Info*    Data Directory    =
\o           /home/saul/Sim/SENSOR_SWITCH/sensor_switch_tb/adexl/results/data/Interactive.4/1/SENSOR_SWITCH:sensor_switch_tb:1
\o 
\o 
\o *Info*    Creating Netlist for Point ID (0 1)
\o 
\o generate netlist...
\o INFO (AMS-2142): The AMS OSS-based Netlisting (AMS OSSN) flow has been enabled.
\o 
\o INFO (AMS-2031): The instances bound to the views specified in the 'Netlist using spectre CDF simInfo'
\o  field in the Netlister form (Simulation->Options->Netlister) will be netlisted as
\o  analog primitives using the Spectre CDF simulation information.
\o 
\o Loading seCore.cxt 
\o function ansCdlCompPrim redefined
\o Loading verilogI.cxt 
\o Initializing the control file using cp:
\o     cp /pkg/Cadence/installs/IC616/tools.lnx86/dfII/etc/si/control.ver /home/saul/Sim/SENSOR_SWITCH/sensor_switch_tb/adexl/results/data/Interactive.4/1/SENSOR_SWITCH:sensor_switch_tb:1/netlist/control
\o Begin Incremental Netlisting Aug 24 14:51:56 2017
\o INFO (VLOGNET-187): While generating an explicit netlist, it is recommended to set the Terminal SyncUp option on the Netlist Setup form as 'Merge All' with this option.
\o Alternatively, you can set the hnlVerilogTermSyncUp variable as 'mergeAll'. This helps in generating a pure explicit netlist.
\o 
\o INFO (VLOGNET-60): The stimulus name mapped table will not be printed in the 
\o "/home/saul/Sim/SENSOR_SWITCH/sensor_switch_tb/adexl/results/data/Interactive.4/1/SENSOR_SWITCH:sensor_switch_tb:1/netlist/testfixture.verilog" file. To print the stimulus name mapped table, set 
\o simVerilogPrintStimulusNameMappingTable = t either in CIW or the .simrc file 
\o before invoking Verilog netlister.
\o  
\o INFO (VLOGNET-62): Database internal net names will be printed for floating instance ports. To prevent 
\o them from being printed, set simVerilogProcessNullPorts = t either in CIW or 
\o the .simrc file.
\o  
\o INFO (VLOGNET-64): All cellviews in the design will be printed in the Netlist Configuration list. 
\o If you want to print only those cellviews that need to be re-netlisted in the 
\o list, set simVerilogIncrementalNetlistConfigList = t either in CIW or the 
\o .simrc file.
\o  
\o INFO (VLOGNET-68): The initial state of stimulus of all inout pins is set to "z". To get inout 
\o pins with initial state of "0", set hnlVerilogIOInitStimulusStr = "0" 
\o either in CIW or the .simrc file.
\o  
\o INFO (AMS-2150): Generating the 'changedVarsSummary' file in the 'netlist' directory. This file prints the values of the netlister control variables, which are different from their default values. To disable the file creation, type 'envSetVal("ams.netlisterOpts" "print_control_vars" 'boolean nil )' in the '.cdsinit' file.
\o 
\o INFO (VLOGNET-117): Re-netlisting the entire design.
\o 
\o INFO (VLOGNET-118): Using connection by name (explicit connections) for all stopping and 
\o non-stopping cells.
\o  
\o Traverse Config lib:SENSOR_SWITCH cell:sensor_switch_tb view:config
\o WARNING (VLOGNET-110): The cell 'SENSOR_SWITCH/sensor_switch_tb/schematic' has no ports. Make sure that this was the intended 
\o design.
\o  
\o INFO (VLOGNET-169): Module port ordering for lib 'SENSOR_SWITCH', cell 'sensor_switch', view 'verilogams' will be
\o  done using the user specified port order as follows:
\o 
\o  => ("FET<31:0>" "VD" "VS" "VSUB" "out" "IN<4:0>")
\o 
\o INFO (VLOGNET-126): ---------- Beginning netlist configuration information ----------
\o 
\o 
\o 
\o CELL NAME                   VIEW NAME            NOTE             
\o ---------                   ---------            ----             
\o 
\o sensor_switch               verilogams           *Stopping View*  
\o vdc                         spectre              *Stopping View*  
\o nnpfet                      veriloga             *Stopping View*  
\o idc                         spectre              *Stopping View*  
\o sensor_switch_tb            schematic                             
\o 
\o ---------- End of netlist configuration information   ----------
\o INFO (VLOGNET-80): The library 'SENSOR_SWITCH', cell 'sensor_switch_tb', and view 'config' has been netlisted successfully.
\o 
\o End netlisting Aug 24 14:51:56 2017
\o INFO (AMS-1241): AMS OSSN netlisting has completed successfully.
\o To view the modules, right-click the test name on the Tests and Analyses 
\o assistant pane and choose Netlist->Display menu option.
\o 
\o       ...successful.
\o create cds_globals...
\o Loading cdf.cxt 
\a sevSetTableItem(connectModulesForm->ieFormTableBox 0 2 "")
\r t
\o       ...successful.
\o compose simulator input file...
\o       ...successful.
\o 
\o *Info*    Running simulation on testbench [
\o           SENSOR_SWITCH:sensor_switch_tb:1 ] for Point ID (0 1).
\o 
\o Delete simulation data in /home/saul/Sim/SENSOR_SWITCH/sensor_switch_tb/adexl/results/data/Interactive.4/1/SENSOR_SWITCH:sensor_switch_tb:1/psf.
\o create cds_globals...
\o       ...successful.
\o compose simulator input file...
\o       ...successful.
\o validating simulator hierarchy...
\o       ...successful.
\o running...
\o To check for output from compilation, elaboration and simulation run, 
\o right-click on the test name, result name, or any value in the "Results" 
\o tab of the Outputs section and choose "Output Log" menu option.
\o Loading paraplot.cxt 
\o INFO (ADE-3071): Simulation completed successfully.
\o reading simulation data...
\o       ...successful.
\o *Info*    Client has finished evaluating ... 
\o 
\o 
\o *Info*    Run complete for Point ID (0 1) on testbench [
\o           SENSOR_SWITCH:sensor_switch_tb:1 ].
\o 
\o 
\o 
\o 
\o 
\o Simulation design variables differ from those on the cellView,
\o they have been saved in the file "/tmp/saved-design-variables1".
\o To save future changes, copy variables to cellView before exiting.
\o 
\o 
\o *Info*    Configuring the session ...
\o 
\o 	Library      = SENSOR_SWITCH
\o 	Cell         = sensor_switch_tb
\o 	View         = config
\o 	Simulator    = ams
\o 	State Path   = $AXL_SETUPDB_DIR/test_states
\o 	State Name   = SENSOR_SWITCH:sensor_switch_tb:1_none_Interactive.5
\o 	Results DB   = /home/saul/projects/NANONETS/SENSOR_SWITCH/sensor_switch_tb/adexl/results/data/Interactive.5.rdb
\o 	Results Dir  = /home/saul/Sim/SENSOR_SWITCH/sensor_switch_tb/adexl/results/data/Interactive.5/1/SENSOR_SWITCH:sensor_switch_tb:1
\o 	Results Loc  = /home/saul/Sim/SENSOR_SWITCH/sensor_switch_tb/adexl/results/data
\o 	Project Dir  = /home/saul/projects/NANONETS/Sim
\o 	Setup DB loc = /home/saul/projects/NANONETS/SENSOR_SWITCH/sensor_switch_tb/adexl
\o 	File Encoding = 0
\o 
\o 
\o 
\o 
\o 
\o 
\o 
\o *Info*    Run start for Point ID (1 1) on testbench [
\o           SENSOR_SWITCH:sensor_switch_tb:1 ].
\o 
\o Resetting statistical vars
\o 
\o *Info*    Setting parameter values ...
\o 
\o Setting var A0 = "0"
\o Setting var A1 = "0"
\o Setting var A2 = "0"
\o Setting var A3 = "0"
\o Setting var A4 = "0"
\o Setting var IDC = "1u"
\o Setting temp(T) = 27
\o 
\o *Info*    Netlist Directory =
\o           /home/saul/Sim/SENSOR_SWITCH/sensor_switch_tb/adexl/results/data/Interactive.5/1/SENSOR_SWITCH:sensor_switch_tb:1/netlist
\o 
\o 
\o *Info*    Data Directory    =
\o           /home/saul/Sim/SENSOR_SWITCH/sensor_switch_tb/adexl/results/data/Interactive.5/1/SENSOR_SWITCH:sensor_switch_tb:1
\o 
\o 
\o *Info*    Creating Netlist for Point ID (1 1)
\o 
\o generate netlist...
\o INFO (AMS-2142): The AMS OSS-based Netlisting (AMS OSSN) flow has been enabled.
\o 
\o INFO (AMS-2031): The instances bound to the views specified in the 'Netlist using spectre CDF simInfo'
\o  field in the Netlister form (Simulation->Options->Netlister) will be netlisted as
\o  analog primitives using the Spectre CDF simulation information.
\o 
\o function ansCdlCompPrim redefined
\o function ansCdlCompPrim redefined
\o Begin Incremental Netlisting Aug 24 14:52:58 2017
\o INFO (VLOGNET-187): While generating an explicit netlist, it is recommended to set the Terminal SyncUp option on the Netlist Setup form as 'Merge All' with this option.
\o Alternatively, you can set the hnlVerilogTermSyncUp variable as 'mergeAll'. This helps in generating a pure explicit netlist.
\o 
\o INFO (VLOGNET-60): The stimulus name mapped table will not be printed in the 
\o "/home/saul/Sim/SENSOR_SWITCH/sensor_switch_tb/adexl/results/data/Interactive.5/1/SENSOR_SWITCH:sensor_switch_tb:1/netlist/testfixture.verilog" file. To print the stimulus name mapped table, set 
\o simVerilogPrintStimulusNameMappingTable = t either in CIW or the .simrc file 
\o before invoking Verilog netlister.
\o  
\o INFO (VLOGNET-62): Database internal net names will be printed for floating instance ports. To prevent 
\o them from being printed, set simVerilogProcessNullPorts = t either in CIW or 
\o the .simrc file.
\o  
\o INFO (VLOGNET-64): All cellviews in the design will be printed in the Netlist Configuration list. 
\o If you want to print only those cellviews that need to be re-netlisted in the 
\o list, set simVerilogIncrementalNetlistConfigList = t either in CIW or the 
\o .simrc file.
\o  
\o INFO (VLOGNET-68): The initial state of stimulus of all inout pins is set to "z". To get inout 
\o pins with initial state of "0", set hnlVerilogIOInitStimulusStr = "0" 
\o either in CIW or the .simrc file.
\o  
\o INFO (AMS-2150): Generating the 'changedVarsSummary' file in the 'netlist' directory. This file prints the values of the netlister control variables, which are different from their default values. To disable the file creation, type 'envSetVal("ams.netlisterOpts" "print_control_vars" 'boolean nil )' in the '.cdsinit' file.
\o 
\o INFO (VLOGNET-117): Re-netlisting the entire design.
\o 
\o INFO (VLOGNET-118): Using connection by name (explicit connections) for all stopping and 
\o non-stopping cells.
\o  
\o Traverse Config lib:SENSOR_SWITCH cell:sensor_switch_tb view:config
\o WARNING (VLOGNET-110): The cell 'SENSOR_SWITCH/sensor_switch_tb/schematic' has no ports. Make sure that this was the intended 
\o design.
\o  
\o INFO (VLOGNET-169): Module port ordering for lib 'SENSOR_SWITCH', cell 'sensor_switch', view 'verilogams' will be
\o  done using the user specified port order as follows:
\o 
\o  => ("FET<31:0>" "VD" "VS" "VSUB" "out" "IN<4:0>")
\o 
\o INFO (VLOGNET-126): ---------- Beginning netlist configuration information ----------
\o 
\o 
\o 
\o CELL NAME                   VIEW NAME            NOTE             
\o ---------                   ---------            ----             
\o 
\o sensor_switch               verilogams           *Stopping View*  
\o vdc                         spectre              *Stopping View*  
\o nnpfet                      veriloga             *Stopping View*  
\o idc                         spectre              *Stopping View*  
\o sensor_switch_tb            schematic                             
\o 
\o ---------- End of netlist configuration information   ----------
\o INFO (VLOGNET-80): The library 'SENSOR_SWITCH', cell 'sensor_switch_tb', and view 'config' has been netlisted successfully.
\o 
\o End netlisting Aug 24 14:52:59 2017
\o INFO (AMS-1241): AMS OSSN netlisting has completed successfully.
\o To view the modules, right-click the test name on the Tests and Analyses 
\o assistant pane and choose Netlist->Display menu option.
\o 
\o       ...successful.
\o create cds_globals...
\o       ...successful.
\o compose simulator input file...
\o       ...successful.
\o 
\o *Info*    Running simulation on testbench [
\o           SENSOR_SWITCH:sensor_switch_tb:1 ] for Point ID (1 1).
\o 
\o Delete simulation data in /home/saul/Sim/SENSOR_SWITCH/sensor_switch_tb/adexl/results/data/Interactive.5/1/SENSOR_SWITCH:sensor_switch_tb:1/psf.
\o create cds_globals...
\o       ...successful.
\o compose simulator input file...
\o       ...successful.
\o validating simulator hierarchy...
\o       ...successful.
\o running...
\o To check for output from compilation, elaboration and simulation run, 
\o right-click on the test name, result name, or any value in the "Results" 
\o tab of the Outputs section and choose "Output Log" menu option.
\o INFO (ADE-3071): Simulation completed successfully.
\o reading simulation data...
\o       ...successful.
\o *Info*    Client has finished evaluating ... 
\o 
\o 
\o *Info*    Run complete for Point ID (1 1) on testbench [
\o           SENSOR_SWITCH:sensor_switch_tb:1 ].
\o 
\o 
\o 
\o 
\o 
\o Simulation design variables differ from those on the cellView,
\o they have been saved in the file "/tmp/saved-design-variables1".
\o To save future changes, copy variables to cellView before exiting.
\o 
\o 
\o *Info*    Configuring the session ...
\o 
\o 	Library      = SENSOR_SWITCH
\o 	Cell         = sensor_switch_tb
\o 	View         = config
\o 	Simulator    = ams
\o 	State Path   = $AXL_SETUPDB_DIR/test_states
\o 	State Name   = SENSOR_SWITCH:sensor_switch_tb:1_none_Interactive.6
\o 	Results DB   = /home/saul/projects/NANONETS/SENSOR_SWITCH/sensor_switch_tb/adexl/results/data/Interactive.6.rdb
\o 	Results Dir  = /home/saul/Sim/SENSOR_SWITCH/sensor_switch_tb/adexl/results/data/Interactive.6/1/SENSOR_SWITCH:sensor_switch_tb:1
\o 	Results Loc  = /home/saul/Sim/SENSOR_SWITCH/sensor_switch_tb/adexl/results/data
\o 	Project Dir  = /home/saul/projects/NANONETS/Sim
\o 	Setup DB loc = /home/saul/projects/NANONETS/SENSOR_SWITCH/sensor_switch_tb/adexl
\o 	File Encoding = 0
\o 
\o 
\o 
\o 
\o 
\o 
\o 
\o *Info*    Run start for Point ID (2 1) on testbench [
\o           SENSOR_SWITCH:sensor_switch_tb:1 ].
\o 
\o Resetting statistical vars
\o 
\o *Info*    Setting parameter values ...
\o 
\o Setting var A0 = "0"
\o Setting var A1 = "0"
\o Setting var A2 = "0"
\o Setting var A3 = "0"
\o Setting var A4 = "0"
\o Setting var IDC = "1u"
\o Setting temp(T) = 27
\o 
\o *Info*    Netlist Directory =
\o           /home/saul/Sim/SENSOR_SWITCH/sensor_switch_tb/adexl/results/data/Interactive.6/1/SENSOR_SWITCH:sensor_switch_tb:1/netlist
\o 
\o 
\o *Info*    Data Directory    =
\o           /home/saul/Sim/SENSOR_SWITCH/sensor_switch_tb/adexl/results/data/Interactive.6/1/SENSOR_SWITCH:sensor_switch_tb:1
\o 
\o 
\o *Info*    Creating Netlist for Point ID (2 1)
\o 
\o generate netlist...
\o INFO (AMS-2142): The AMS OSS-based Netlisting (AMS OSSN) flow has been enabled.
\o 
\o INFO (AMS-2031): The instances bound to the views specified in the 'Netlist using spectre CDF simInfo'
\o  field in the Netlister form (Simulation->Options->Netlister) will be netlisted as
\o  analog primitives using the Spectre CDF simulation information.
\o 
\o function ansCdlCompPrim redefined
\o function ansCdlCompPrim redefined
\o Begin Incremental Netlisting Aug 24 14:54:23 2017
\o INFO (VLOGNET-187): While generating an explicit netlist, it is recommended to set the Terminal SyncUp option on the Netlist Setup form as 'Merge All' with this option.
\o Alternatively, you can set the hnlVerilogTermSyncUp variable as 'mergeAll'. This helps in generating a pure explicit netlist.
\o 
\o INFO (VLOGNET-60): The stimulus name mapped table will not be printed in the 
\o "/home/saul/Sim/SENSOR_SWITCH/sensor_switch_tb/adexl/results/data/Interactive.6/1/SENSOR_SWITCH:sensor_switch_tb:1/netlist/testfixture.verilog" file. To print the stimulus name mapped table, set 
\o simVerilogPrintStimulusNameMappingTable = t either in CIW or the .simrc file 
\o before invoking Verilog netlister.
\o  
\o INFO (VLOGNET-62): Database internal net names will be printed for floating instance ports. To prevent 
\o them from being printed, set simVerilogProcessNullPorts = t either in CIW or 
\o the .simrc file.
\o  
\o INFO (VLOGNET-64): All cellviews in the design will be printed in the Netlist Configuration list. 
\o If you want to print only those cellviews that need to be re-netlisted in the 
\o list, set simVerilogIncrementalNetlistConfigList = t either in CIW or the 
\o .simrc file.
\o  
\o INFO (VLOGNET-68): The initial state of stimulus of all inout pins is set to "z". To get inout 
\o pins with initial state of "0", set hnlVerilogIOInitStimulusStr = "0" 
\o either in CIW or the .simrc file.
\o  
\o INFO (AMS-2150): Generating the 'changedVarsSummary' file in the 'netlist' directory. This file prints the values of the netlister control variables, which are different from their default values. To disable the file creation, type 'envSetVal("ams.netlisterOpts" "print_control_vars" 'boolean nil )' in the '.cdsinit' file.
\o 
\o INFO (VLOGNET-117): Re-netlisting the entire design.
\o 
\o INFO (VLOGNET-118): Using connection by name (explicit connections) for all stopping and 
\o non-stopping cells.
\o  
\o Traverse Config lib:SENSOR_SWITCH cell:sensor_switch_tb view:config
\o WARNING (VLOGNET-110): The cell 'SENSOR_SWITCH/sensor_switch_tb/schematic' has no ports. Make sure that this was the intended 
\o design.
\o  
\o INFO (VLOGNET-169): Module port ordering for lib 'DIG_FET_DEC', cell 'fet_dec', view 'functional' will be
\o  done using the user specified port order as follows:
\o 
\o  => ("in<4:0>" "out<31:0>")
\o 
\o INFO (VLOGNET-126): ---------- Beginning netlist configuration information ----------
\o 
\o 
\o 
\o CELL NAME                   VIEW NAME            NOTE             
\o ---------                   ---------            ----             
\o 
\o nfetx                       spectre              *Stopping View*  
\o fet_dec                     functional           *Stopping View*  
\o vdc                         spectre              *Stopping View*  
\o nnpfet                      veriloga             *Stopping View*  
\o idc                         spectre              *Stopping View*  
\o sensor_switch_tb            schematic                             
\o sensor_switch               schematic                             
\o fet_sel                     schematic                             
\o 
\o ---------- End of netlist configuration information   ----------
\o INFO (VLOGNET-80): The library 'SENSOR_SWITCH', cell 'sensor_switch_tb', and view 'config' has been netlisted successfully.
\o 
\o End netlisting Aug 24 14:54:23 2017
\o INFO (AMS-1241): AMS OSSN netlisting has completed successfully.
\o To view the modules, right-click the test name on the Tests and Analyses 
\o assistant pane and choose Netlist->Display menu option.
\o 
\o       ...successful.
\o create cds_globals...
\o       ...successful.
\o compose simulator input file...
\o       ...successful.
\o 
\o *Info*    Running simulation on testbench [
\o           SENSOR_SWITCH:sensor_switch_tb:1 ] for Point ID (2 1).
\o 
\o Delete simulation data in /home/saul/Sim/SENSOR_SWITCH/sensor_switch_tb/adexl/results/data/Interactive.6/1/SENSOR_SWITCH:sensor_switch_tb:1/psf.
\o create cds_globals...
\o       ...successful.
\o compose simulator input file...
\o       ...successful.
\o validating simulator hierarchy...
\o       ...successful.
\o running...
\o To check for output from compilation, elaboration and simulation run, 
\o right-click on the test name, result name, or any value in the "Results" 
\o tab of the Outputs section and choose "Output Log" menu option.
\# Memory report: using         291 MB, process size 1,105 MB at UTC 2017.08.24 12:54:24.472
\o INFO (ADE-3071): Simulation completed successfully.
\o reading simulation data...
\o       ...successful.
\o *Info*    Client has finished evaluating ... 
\o 
\o 
\o *Info*    Run complete for Point ID (2 1) on testbench [
\o           SENSOR_SWITCH:sensor_switch_tb:1 ].
\o 
\o 
\o 
\o 
\o 
\o Simulation design variables differ from those on the cellView,
\o they have been saved in the file "/tmp/saved-design-variables1".
\o To save future changes, copy variables to cellView before exiting.
\o 
\o 
\o *Info*    Configuring the session ...
\o 
\o 	Library      = SENSOR_SWITCH
\o 	Cell         = sensor_switch_tb
\o 	View         = config
\o 	Simulator    = ams
\o 	State Path   = $AXL_SETUPDB_DIR/test_states
\o 	State Name   = SENSOR_SWITCH:sensor_switch_tb:1_none_Interactive.7
\o 	Results DB   = /home/saul/projects/NANONETS/SENSOR_SWITCH/sensor_switch_tb/adexl/results/data/Interactive.7.rdb
\o 	Results Dir  = /home/saul/Sim/SENSOR_SWITCH/sensor_switch_tb/adexl/results/data/Interactive.7/1/SENSOR_SWITCH:sensor_switch_tb:1
\o 	Results Loc  = /home/saul/Sim/SENSOR_SWITCH/sensor_switch_tb/adexl/results/data
\o 	Project Dir  = /home/saul/projects/NANONETS/Sim
\o 	Setup DB loc = /home/saul/projects/NANONETS/SENSOR_SWITCH/sensor_switch_tb/adexl
\o 	File Encoding = 0
\o 
\o 
\o 
\o 
\o 
\o 
\o 
\o *Info*    Run start for Point ID (3 1) on testbench [
\o           SENSOR_SWITCH:sensor_switch_tb:1 ].
\o 
\o Resetting statistical vars
\o 
\o *Info*    Setting parameter values ...
\o 
\o Setting var A0 = "0"
\o Setting var A1 = "0"
\o Setting var A2 = "0"
\o Setting var A3 = "0"
\o Setting var A4 = "0"
\o Setting var IDC = "1u"
\o Setting temp(T) = 27
\o 
\o *Info*    Netlist Directory =
\o           /home/saul/Sim/SENSOR_SWITCH/sensor_switch_tb/adexl/results/data/Interactive.7/1/SENSOR_SWITCH:sensor_switch_tb:1/netlist
\o 
\o 
\o *Info*    Data Directory    =
\o           /home/saul/Sim/SENSOR_SWITCH/sensor_switch_tb/adexl/results/data/Interactive.7/1/SENSOR_SWITCH:sensor_switch_tb:1
\o 
\o 
\o *Info*    Creating Netlist for Point ID (3 1)
\o 
\o generate netlist...
\o INFO (AMS-2142): The AMS OSS-based Netlisting (AMS OSSN) flow has been enabled.
\o 
\o INFO (AMS-2031): The instances bound to the views specified in the 'Netlist using spectre CDF simInfo'
\o  field in the Netlister form (Simulation->Options->Netlister) will be netlisted as
\o  analog primitives using the Spectre CDF simulation information.
\o 
\o function ansCdlCompPrim redefined
\o function ansCdlCompPrim redefined
\o Begin Incremental Netlisting Aug 24 14:58:47 2017
\o INFO (VLOGNET-187): While generating an explicit netlist, it is recommended to set the Terminal SyncUp option on the Netlist Setup form as 'Merge All' with this option.
\o Alternatively, you can set the hnlVerilogTermSyncUp variable as 'mergeAll'. This helps in generating a pure explicit netlist.
\o 
\o INFO (VLOGNET-60): The stimulus name mapped table will not be printed in the 
\o "/home/saul/Sim/SENSOR_SWITCH/sensor_switch_tb/adexl/results/data/Interactive.7/1/SENSOR_SWITCH:sensor_switch_tb:1/netlist/testfixture.verilog" file. To print the stimulus name mapped table, set 
\o simVerilogPrintStimulusNameMappingTable = t either in CIW or the .simrc file 
\o before invoking Verilog netlister.
\o  
\o INFO (VLOGNET-62): Database internal net names will be printed for floating instance ports. To prevent 
\o them from being printed, set simVerilogProcessNullPorts = t either in CIW or 
\o the .simrc file.
\o  
\o INFO (VLOGNET-64): All cellviews in the design will be printed in the Netlist Configuration list. 
\o If you want to print only those cellviews that need to be re-netlisted in the 
\o list, set simVerilogIncrementalNetlistConfigList = t either in CIW or the 
\o .simrc file.
\o  
\o INFO (VLOGNET-68): The initial state of stimulus of all inout pins is set to "z". To get inout 
\o pins with initial state of "0", set hnlVerilogIOInitStimulusStr = "0" 
\o either in CIW or the .simrc file.
\o  
\o INFO (AMS-2150): Generating the 'changedVarsSummary' file in the 'netlist' directory. This file prints the values of the netlister control variables, which are different from their default values. To disable the file creation, type 'envSetVal("ams.netlisterOpts" "print_control_vars" 'boolean nil )' in the '.cdsinit' file.
\o 
\o INFO (VLOGNET-117): Re-netlisting the entire design.
\o 
\o INFO (VLOGNET-118): Using connection by name (explicit connections) for all stopping and 
\o non-stopping cells.
\o  
\o Traverse Config lib:SENSOR_SWITCH cell:sensor_switch_tb view:config
\o WARNING (VLOGNET-110): The cell 'SENSOR_SWITCH/sensor_switch_tb/schematic' has no ports. Make sure that this was the intended 
\o design.
\o  
\o INFO (VLOGNET-169): Module port ordering for lib 'DIG_FET_DEC', cell 'fet_dec', view 'functional' will be
\o  done using the user specified port order as follows:
\o 
\o  => ("in<4:0>" "out<31:0>")
\o 
\o INFO (VLOGNET-126): ---------- Beginning netlist configuration information ----------
\o 
\o 
\o 
\o CELL NAME                   VIEW NAME            NOTE             
\o ---------                   ---------            ----             
\o 
\o nfetx                       spectre              *Stopping View*  
\o fet_dec                     functional           *Stopping View*  
\o vdc                         spectre              *Stopping View*  
\o nnpfet                      veriloga             *Stopping View*  
\o idc                         spectre              *Stopping View*  
\o sensor_switch_tb            schematic                             
\o sensor_switch               schematic                             
\o fet_sel                     schematic                             
\o 
\o ---------- End of netlist configuration information   ----------
\o INFO (VLOGNET-80): The library 'SENSOR_SWITCH', cell 'sensor_switch_tb', and view 'config' has been netlisted successfully.
\o 
\o End netlisting Aug 24 14:58:47 2017
\o INFO (AMS-1241): AMS OSSN netlisting has completed successfully.
\o To view the modules, right-click the test name on the Tests and Analyses 
\o assistant pane and choose Netlist->Display menu option.
\o 
\o       ...successful.
\o create cds_globals...
\o       ...successful.
\o compose simulator input file...
\o       ...successful.
\o 
\o *Info*    Running simulation on testbench [
\o           SENSOR_SWITCH:sensor_switch_tb:1 ] for Point ID (3 1).
\o 
\o Delete simulation data in /home/saul/Sim/SENSOR_SWITCH/sensor_switch_tb/adexl/results/data/Interactive.7/1/SENSOR_SWITCH:sensor_switch_tb:1/psf.
\o create cds_globals...
\o       ...successful.
\o compose simulator input file...
\o       ...successful.
\o validating simulator hierarchy...
\o       ...successful.
\o running...
\o To check for output from compilation, elaboration and simulation run, 
\o right-click on the test name, result name, or any value in the "Results" 
\o tab of the Outputs section and choose "Output Log" menu option.
\o INFO (ADE-3071): Simulation completed successfully.
\o reading simulation data...
\o       ...successful.
\o *Info*    Client has finished evaluating ... 
\o 
\o 
\o *Info*    Run complete for Point ID (3 1) on testbench [
\o           SENSOR_SWITCH:sensor_switch_tb:1 ].
\o 
\o 
\o 
\o 
\o 
\o Simulation design variables differ from those on the cellView,
\o they have been saved in the file "/tmp/saved-design-variables1".
\o To save future changes, copy variables to cellView before exiting.
\o 
\o 
\o *Info*    Configuring the session ...
\o 
\o 	Library      = SENSOR_SWITCH
\o 	Cell         = sensor_switch_tb
\o 	View         = config
\o 	Simulator    = ams
\o 	State Path   = $AXL_SETUPDB_DIR/test_states
\o 	State Name   = SENSOR_SWITCH:sensor_switch_tb:1_none_Interactive.8
\o 	Results DB   = /home/saul/projects/NANONETS/SENSOR_SWITCH/sensor_switch_tb/adexl/results/data/Interactive.8.rdb
\o 	Results Dir  = /home/saul/Sim/SENSOR_SWITCH/sensor_switch_tb/adexl/results/data/Interactive.8/1/SENSOR_SWITCH:sensor_switch_tb:1
\o 	Results Loc  = /home/saul/Sim/SENSOR_SWITCH/sensor_switch_tb/adexl/results/data
\o 	Project Dir  = /home/saul/projects/NANONETS/Sim
\o 	Setup DB loc = /home/saul/projects/NANONETS/SENSOR_SWITCH/sensor_switch_tb/adexl
\o 	File Encoding = 0
\o 
\o 
\o 
\o 
\o 
\o 
\o 
\o *Info*    Run start for Point ID (4 1) on testbench [
\o           SENSOR_SWITCH:sensor_switch_tb:1 ].
\o 
\o Resetting statistical vars
\o 
\o *Info*    Setting parameter values ...
\o 
\o Setting var A0 = "0"
\o Setting var A1 = "0"
\o Setting var A2 = "0"
\o Setting var A3 = "0"
\o Setting var A4 = "0"
\o Setting var IDC = "1u"
\o Setting temp(T) = 27
\o 
\o *Info*    Netlist Directory =
\o           /home/saul/Sim/SENSOR_SWITCH/sensor_switch_tb/adexl/results/data/Interactive.8/1/SENSOR_SWITCH:sensor_switch_tb:1/netlist
\o 
\o 
\o *Info*    Data Directory    =
\o           /home/saul/Sim/SENSOR_SWITCH/sensor_switch_tb/adexl/results/data/Interactive.8/1/SENSOR_SWITCH:sensor_switch_tb:1
\o 
\o 
\o *Info*    Creating Netlist for Point ID (4 1)
\o 
\o generate netlist...
\o INFO (AMS-2142): The AMS OSS-based Netlisting (AMS OSSN) flow has been enabled.
\o 
\o INFO (AMS-2031): The instances bound to the views specified in the 'Netlist using spectre CDF simInfo'
\o  field in the Netlister form (Simulation->Options->Netlister) will be netlisted as
\o  analog primitives using the Spectre CDF simulation information.
\o 
\o function ansCdlCompPrim redefined
\o function ansCdlCompPrim redefined
\o Begin Incremental Netlisting Aug 24 15:00:51 2017
\o INFO (VLOGNET-187): While generating an explicit netlist, it is recommended to set the Terminal SyncUp option on the Netlist Setup form as 'Merge All' with this option.
\o Alternatively, you can set the hnlVerilogTermSyncUp variable as 'mergeAll'. This helps in generating a pure explicit netlist.
\o 
\o INFO (VLOGNET-60): The stimulus name mapped table will not be printed in the 
\o "/home/saul/Sim/SENSOR_SWITCH/sensor_switch_tb/adexl/results/data/Interactive.8/1/SENSOR_SWITCH:sensor_switch_tb:1/netlist/testfixture.verilog" file. To print the stimulus name mapped table, set 
\o simVerilogPrintStimulusNameMappingTable = t either in CIW or the .simrc file 
\o before invoking Verilog netlister.
\o  
\o INFO (VLOGNET-62): Database internal net names will be printed for floating instance ports. To prevent 
\o them from being printed, set simVerilogProcessNullPorts = t either in CIW or 
\o the .simrc file.
\o  
\o INFO (VLOGNET-64): All cellviews in the design will be printed in the Netlist Configuration list. 
\o If you want to print only those cellviews that need to be re-netlisted in the 
\o list, set simVerilogIncrementalNetlistConfigList = t either in CIW or the 
\o .simrc file.
\o  
\o INFO (VLOGNET-68): The initial state of stimulus of all inout pins is set to "z". To get inout 
\o pins with initial state of "0", set hnlVerilogIOInitStimulusStr = "0" 
\o either in CIW or the .simrc file.
\o  
\o INFO (AMS-2150): Generating the 'changedVarsSummary' file in the 'netlist' directory. This file prints the values of the netlister control variables, which are different from their default values. To disable the file creation, type 'envSetVal("ams.netlisterOpts" "print_control_vars" 'boolean nil )' in the '.cdsinit' file.
\o 
\o INFO (VLOGNET-117): Re-netlisting the entire design.
\o 
\o INFO (VLOGNET-118): Using connection by name (explicit connections) for all stopping and 
\o non-stopping cells.
\o  
\o Traverse Config lib:SENSOR_SWITCH cell:sensor_switch_tb view:config
\o WARNING (VLOGNET-110): The cell 'SENSOR_SWITCH/sensor_switch_tb/schematic' has no ports. Make sure that this was the intended 
\o design.
\o  
\o INFO (VLOGNET-169): Module port ordering for lib 'DIG_FET_DEC', cell 'fet_dec', view 'functional' will be
\o  done using the user specified port order as follows:
\o 
\o  => ("in<4:0>" "out<31:0>")
\o 
\o INFO (VLOGNET-126): ---------- Beginning netlist configuration information ----------
\o 
\o 
\o 
\o CELL NAME                   VIEW NAME            NOTE             
\o ---------                   ---------            ----             
\o 
\o nfetx                       spectre              *Stopping View*  
\o fet_dec                     functional           *Stopping View*  
\o vdc                         spectre              *Stopping View*  
\o nnpfet                      veriloga             *Stopping View*  
\o idc                         spectre              *Stopping View*  
\o sensor_switch_tb            schematic                             
\o sensor_switch               schematic                             
\o fet_sel                     schematic                             
\o 
\o ---------- End of netlist configuration information   ----------
\o INFO (VLOGNET-80): The library 'SENSOR_SWITCH', cell 'sensor_switch_tb', and view 'config' has been netlisted successfully.
\o 
\o End netlisting Aug 24 15:00:51 2017
\o INFO (AMS-1241): AMS OSSN netlisting has completed successfully.
\o To view the modules, right-click the test name on the Tests and Analyses 
\o assistant pane and choose Netlist->Display menu option.
\o 
\o       ...successful.
\o create cds_globals...
\o       ...successful.
\o compose simulator input file...
\o       ...successful.
\o 
\o *Info*    Running simulation on testbench [
\o           SENSOR_SWITCH:sensor_switch_tb:1 ] for Point ID (4 1).
\o 
\o Delete simulation data in /home/saul/Sim/SENSOR_SWITCH/sensor_switch_tb/adexl/results/data/Interactive.8/1/SENSOR_SWITCH:sensor_switch_tb:1/psf.
\o create cds_globals...
\o       ...successful.
\o compose simulator input file...
\o       ...successful.
\o validating simulator hierarchy...
\o       ...successful.
\o running...
\o To check for output from compilation, elaboration and simulation run, 
\o right-click on the test name, result name, or any value in the "Results" 
\o tab of the Outputs section and choose "Output Log" menu option.
\o INFO (ADE-3071): Simulation completed successfully.
\o reading simulation data...
\o       ...successful.
\o *Info*    Client has finished evaluating ... 
\o 
\o 
\o *Info*    Run complete for Point ID (4 1) on testbench [
\o           SENSOR_SWITCH:sensor_switch_tb:1 ].
\o 
\o 
\o 
\o 
\o 
\o Simulation design variables differ from those on the cellView,
\o they have been saved in the file "/tmp/saved-design-variables1".
\o To save future changes, copy variables to cellView before exiting.
\o 
\o 
\o *Info*    Configuring the session ...
\o 
\o 	Library      = SENSOR_SWITCH
\o 	Cell         = sensor_switch_tb
\o 	View         = config
\o 	Simulator    = ams
\o 	State Path   = $AXL_SETUPDB_DIR/test_states
\o 	State Name   = SENSOR_SWITCH:sensor_switch_tb:1_none_Interactive.9
\o 	Results DB   = /home/saul/projects/NANONETS/SENSOR_SWITCH/sensor_switch_tb/adexl/results/data/Interactive.9.rdb
\o 	Results Dir  = /home/saul/Sim/SENSOR_SWITCH/sensor_switch_tb/adexl/results/data/Interactive.9/1/SENSOR_SWITCH:sensor_switch_tb:1
\o 	Results Loc  = /home/saul/Sim/SENSOR_SWITCH/sensor_switch_tb/adexl/results/data
\o 	Project Dir  = /home/saul/projects/NANONETS/Sim
\o 	Setup DB loc = /home/saul/projects/NANONETS/SENSOR_SWITCH/sensor_switch_tb/adexl
\o 	File Encoding = 0
\o 
\o 
\o 
\o 
\o 
\o 
\o 
\o *Info*    Run start for Point ID (5 1) on testbench [
\o           SENSOR_SWITCH:sensor_switch_tb:1 ].
\o 
\o Resetting statistical vars
\o 
\o *Info*    Setting parameter values ...
\o 
\o Setting var A0 = "0"
\o Setting var A1 = "0"
\o Setting var A2 = "0"
\o Setting var A3 = "0"
\o Setting var A4 = "0"
\o Setting var IDC = "1u"
\o Setting temp(T) = 27
\o 
\o *Info*    Netlist Directory =
\o           /home/saul/Sim/SENSOR_SWITCH/sensor_switch_tb/adexl/results/data/Interactive.9/1/SENSOR_SWITCH:sensor_switch_tb:1/netlist
\o 
\o 
\o *Info*    Data Directory    =
\o           /home/saul/Sim/SENSOR_SWITCH/sensor_switch_tb/adexl/results/data/Interactive.9/1/SENSOR_SWITCH:sensor_switch_tb:1
\o 
\o 
\o *Info*    Creating Netlist for Point ID (5 1)
\o 
\o generate netlist...
\o INFO (AMS-2142): The AMS OSS-based Netlisting (AMS OSSN) flow has been enabled.
\o 
\o INFO (AMS-2031): The instances bound to the views specified in the 'Netlist using spectre CDF simInfo'
\o  field in the Netlister form (Simulation->Options->Netlister) will be netlisted as
\o  analog primitives using the Spectre CDF simulation information.
\o 
\o function ansCdlCompPrim redefined
\o function ansCdlCompPrim redefined
\o Begin Incremental Netlisting Aug 24 15:02:08 2017
\o INFO (VLOGNET-187): While generating an explicit netlist, it is recommended to set the Terminal SyncUp option on the Netlist Setup form as 'Merge All' with this option.
\o Alternatively, you can set the hnlVerilogTermSyncUp variable as 'mergeAll'. This helps in generating a pure explicit netlist.
\o 
\o INFO (VLOGNET-60): The stimulus name mapped table will not be printed in the 
\o "/home/saul/Sim/SENSOR_SWITCH/sensor_switch_tb/adexl/results/data/Interactive.9/1/SENSOR_SWITCH:sensor_switch_tb:1/netlist/testfixture.verilog" file. To print the stimulus name mapped table, set 
\o simVerilogPrintStimulusNameMappingTable = t either in CIW or the .simrc file 
\o before invoking Verilog netlister.
\o  
\o INFO (VLOGNET-62): Database internal net names will be printed for floating instance ports. To prevent 
\o them from being printed, set simVerilogProcessNullPorts = t either in CIW or 
\o the .simrc file.
\o  
\o INFO (VLOGNET-64): All cellviews in the design will be printed in the Netlist Configuration list. 
\o If you want to print only those cellviews that need to be re-netlisted in the 
\o list, set simVerilogIncrementalNetlistConfigList = t either in CIW or the 
\o .simrc file.
\o  
\o INFO (VLOGNET-68): The initial state of stimulus of all inout pins is set to "z". To get inout 
\o pins with initial state of "0", set hnlVerilogIOInitStimulusStr = "0" 
\o either in CIW or the .simrc file.
\o  
\o INFO (AMS-2150): Generating the 'changedVarsSummary' file in the 'netlist' directory. This file prints the values of the netlister control variables, which are different from their default values. To disable the file creation, type 'envSetVal("ams.netlisterOpts" "print_control_vars" 'boolean nil )' in the '.cdsinit' file.
\o 
\o INFO (VLOGNET-117): Re-netlisting the entire design.
\o 
\o INFO (VLOGNET-118): Using connection by name (explicit connections) for all stopping and 
\o non-stopping cells.
\o  
\o Traverse Config lib:SENSOR_SWITCH cell:sensor_switch_tb view:config
\o WARNING (VLOGNET-110): The cell 'SENSOR_SWITCH/sensor_switch_tb/schematic' has no ports. Make sure that this was the intended 
\o design.
\o  
\o INFO (VLOGNET-169): Module port ordering for lib 'DIG_FET_DEC', cell 'fet_dec', view 'functional' will be
\o  done using the user specified port order as follows:
\o 
\o  => ("in<4:0>" "out<31:0>")
\o 
\o INFO (VLOGNET-126): ---------- Beginning netlist configuration information ----------
\o 
\o 
\o 
\o CELL NAME                   VIEW NAME            NOTE             
\o ---------                   ---------            ----             
\o 
\o nfetx                       spectre              *Stopping View*  
\o fet_dec                     functional           *Stopping View*  
\o vdc                         spectre              *Stopping View*  
\o nnpfet                      veriloga             *Stopping View*  
\o idc                         spectre              *Stopping View*  
\o sensor_switch_tb            schematic                             
\o sensor_switch               schematic                             
\o fet_sel                     schematic                             
\o 
\o ---------- End of netlist configuration information   ----------
\o INFO (VLOGNET-80): The library 'SENSOR_SWITCH', cell 'sensor_switch_tb', and view 'config' has been netlisted successfully.
\o 
\o End netlisting Aug 24 15:02:08 2017
\o INFO (AMS-1241): AMS OSSN netlisting has completed successfully.
\o To view the modules, right-click the test name on the Tests and Analyses 
\o assistant pane and choose Netlist->Display menu option.
\o 
\o       ...successful.
\o create cds_globals...
\o       ...successful.
\o compose simulator input file...
\o       ...successful.
\o 
\o *Info*    Running simulation on testbench [
\o           SENSOR_SWITCH:sensor_switch_tb:1 ] for Point ID (5 1).
\o 
\o Delete simulation data in /home/saul/Sim/SENSOR_SWITCH/sensor_switch_tb/adexl/results/data/Interactive.9/1/SENSOR_SWITCH:sensor_switch_tb:1/psf.
\o create cds_globals...
\o       ...successful.
\o compose simulator input file...
\o       ...successful.
\o validating simulator hierarchy...
\o       ...successful.
\o running...
\o To check for output from compilation, elaboration and simulation run, 
\o right-click on the test name, result name, or any value in the "Results" 
\o tab of the Outputs section and choose "Output Log" menu option.
\o INFO (ADE-3071): Simulation completed successfully.
\o reading simulation data...
\o       ...successful.
\o *Info*    Client has finished evaluating ... 
\o 
\o 
\o *Info*    Run complete for Point ID (5 1) on testbench [
\o           SENSOR_SWITCH:sensor_switch_tb:1 ].
\o 
\o 
\o 
\o 
\o 
\o Simulation design variables differ from those on the cellView,
\o they have been saved in the file "/tmp/saved-design-variables1".
\o To save future changes, copy variables to cellView before exiting.
\o 
\o 
\o *Info*    Configuring the session ...
\o 
\o 	Library      = SENSOR_SWITCH
\o 	Cell         = sensor_switch_tb
\o 	View         = config
\o 	Simulator    = ams
\o 	State Path   = $AXL_SETUPDB_DIR/test_states
\o 	State Name   = SENSOR_SWITCH:sensor_switch_tb:1_none_Interactive.10
\o 	Results DB   = /home/saul/projects/NANONETS/SENSOR_SWITCH/sensor_switch_tb/adexl/results/data/Interactive.10.rdb
\o 	Results Dir  = /home/saul/Sim/SENSOR_SWITCH/sensor_switch_tb/adexl/results/data/Interactive.10/1/SENSOR_SWITCH:sensor_switch_tb:1
\o 	Results Loc  = /home/saul/Sim/SENSOR_SWITCH/sensor_switch_tb/adexl/results/data
\o 	Project Dir  = /home/saul/projects/NANONETS/Sim
\o 	Setup DB loc = /home/saul/projects/NANONETS/SENSOR_SWITCH/sensor_switch_tb/adexl
\o 	File Encoding = 0
\o 
\o 
\o 
\o 
\o 
\o 
\o 
\o *Info*    Run start for Point ID (6 1) on testbench [
\o           SENSOR_SWITCH:sensor_switch_tb:1 ].
\o 
\o Resetting statistical vars
\o 
\o *Info*    Setting parameter values ...
\o 
\o Setting var A0 = "0"
\o Setting var A1 = "0"
\o Setting var A2 = "0"
\o Setting var A3 = "0"
\o Setting var A4 = "0"
\o Setting var IDC = ".1u"
\o Setting temp(T) = 27
\o 
\o *Info*    Netlist Directory =
\o           /home/saul/Sim/SENSOR_SWITCH/sensor_switch_tb/adexl/results/data/Interactive.10/1/SENSOR_SWITCH:sensor_switch_tb:1/netlist
\o 
\o 
\o *Info*    Data Directory    =
\o           /home/saul/Sim/SENSOR_SWITCH/sensor_switch_tb/adexl/results/data/Interactive.10/1/SENSOR_SWITCH:sensor_switch_tb:1
\o 
\o 
\o *Info*    Creating Netlist for Point ID (6 1)
\o 
\o generate netlist...
\o INFO (AMS-2142): The AMS OSS-based Netlisting (AMS OSSN) flow has been enabled.
\o 
\o INFO (AMS-2031): The instances bound to the views specified in the 'Netlist using spectre CDF simInfo'
\o  field in the Netlister form (Simulation->Options->Netlister) will be netlisted as
\o  analog primitives using the Spectre CDF simulation information.
\o 
\o function ansCdlCompPrim redefined
\o function ansCdlCompPrim redefined
\o Begin Incremental Netlisting Aug 24 15:06:30 2017
\o INFO (VLOGNET-187): While generating an explicit netlist, it is recommended to set the Terminal SyncUp option on the Netlist Setup form as 'Merge All' with this option.
\o Alternatively, you can set the hnlVerilogTermSyncUp variable as 'mergeAll'. This helps in generating a pure explicit netlist.
\o 
\o INFO (VLOGNET-60): The stimulus name mapped table will not be printed in the 
\o "/home/saul/Sim/SENSOR_SWITCH/sensor_switch_tb/adexl/results/data/Interactive.10/1/SENSOR_SWITCH:sensor_switch_tb:1/netlist/testfixture.verilog" file. To print the stimulus name mapped table, set 
\o simVerilogPrintStimulusNameMappingTable = t either in CIW or the .simrc file 
\o before invoking Verilog netlister.
\o  
\o INFO (VLOGNET-62): Database internal net names will be printed for floating instance ports. To prevent 
\o them from being printed, set simVerilogProcessNullPorts = t either in CIW or 
\o the .simrc file.
\o  
\o INFO (VLOGNET-64): All cellviews in the design will be printed in the Netlist Configuration list. 
\o If you want to print only those cellviews that need to be re-netlisted in the 
\o list, set simVerilogIncrementalNetlistConfigList = t either in CIW or the 
\o .simrc file.
\o  
\o INFO (VLOGNET-68): The initial state of stimulus of all inout pins is set to "z". To get inout 
\o pins with initial state of "0", set hnlVerilogIOInitStimulusStr = "0" 
\o either in CIW or the .simrc file.
\o  
\o INFO (AMS-2150): Generating the 'changedVarsSummary' file in the 'netlist' directory. This file prints the values of the netlister control variables, which are different from their default values. To disable the file creation, type 'envSetVal("ams.netlisterOpts" "print_control_vars" 'boolean nil )' in the '.cdsinit' file.
\o 
\o INFO (VLOGNET-117): Re-netlisting the entire design.
\o 
\o INFO (VLOGNET-118): Using connection by name (explicit connections) for all stopping and 
\o non-stopping cells.
\o  
\o Traverse Config lib:SENSOR_SWITCH cell:sensor_switch_tb view:config
\o WARNING (VLOGNET-110): The cell 'SENSOR_SWITCH/sensor_switch_tb/schematic' has no ports. Make sure that this was the intended 
\o design.
\o  
\o INFO (VLOGNET-169): Module port ordering for lib 'DIG_FET_DEC', cell 'fet_dec', view 'functional' will be
\o  done using the user specified port order as follows:
\o 
\o  => ("in<4:0>" "out<31:0>")
\o 
\o INFO (VLOGNET-126): ---------- Beginning netlist configuration information ----------
\o 
\o 
\o 
\o CELL NAME                   VIEW NAME            NOTE             
\o ---------                   ---------            ----             
\o 
\o nfetx                       spectre              *Stopping View*  
\o fet_dec                     functional           *Stopping View*  
\o vdc                         spectre              *Stopping View*  
\o nnpfet                      veriloga             *Stopping View*  
\o idc                         spectre              *Stopping View*  
\o sensor_switch_tb            schematic                             
\o sensor_switch               schematic                             
\o fet_sel                     schematic                             
\o 
\o ---------- End of netlist configuration information   ----------
\o INFO (VLOGNET-80): The library 'SENSOR_SWITCH', cell 'sensor_switch_tb', and view 'config' has been netlisted successfully.
\o 
\o End netlisting Aug 24 15:06:30 2017
\o INFO (AMS-1241): AMS OSSN netlisting has completed successfully.
\o To view the modules, right-click the test name on the Tests and Analyses 
\o assistant pane and choose Netlist->Display menu option.
\o 
\o       ...successful.
\o create cds_globals...
\o       ...successful.
\o compose simulator input file...
\o       ...successful.
\o 
\o *Info*    Running simulation on testbench [
\o           SENSOR_SWITCH:sensor_switch_tb:1 ] for Point ID (6 1).
\o 
\o Delete simulation data in /home/saul/Sim/SENSOR_SWITCH/sensor_switch_tb/adexl/results/data/Interactive.10/1/SENSOR_SWITCH:sensor_switch_tb:1/psf.
\o create cds_globals...
\o       ...successful.
\o compose simulator input file...
\o       ...successful.
\o validating simulator hierarchy...
\o       ...successful.
\o running...
\o To check for output from compilation, elaboration and simulation run, 
\o right-click on the test name, result name, or any value in the "Results" 
\o tab of the Outputs section and choose "Output Log" menu option.
\o INFO (ADE-3071): Simulation completed successfully.
\o reading simulation data...
\o       ...successful.
\o *Info*    Client has finished evaluating ... 
\o 
\o 
\o *Info*    Run complete for Point ID (6 1) on testbench [
\o           SENSOR_SWITCH:sensor_switch_tb:1 ].
\o 
\o 
\o 
\o 
\o 
\o Job 10 timed out after no activity in 300 seconds.
\o Simulation design variables differ from those on the cellView,
\o they have been saved in the file "/tmp/saved-design-variables1".
\o To save future changes, copy variables to cellView before exiting.
\o Loading lce.cxt 
\o 
\o *Info*    Received signal SIGTERM.
\o 
\o 
