\# Program start time UTC 2017.08.25 13:34:49.714
\# Local time Friday 25 August 2017, 3:34 pm
\o Program:		@(#)$CDS: virtuoso version 6.1.6-64b 12/07/2015 20:18 (sjfbm186) $
\o Hierarchy:		/pkg/Cadence/installs/IC616/tools.lnx86/dfII/
\o Sub version:		sub-version  IC6.1.6-64b.500.14  (64-bit addresses)
\# Command line:	/pkg/Cadence/installs/IC616/tools.lnx86/dfII/bin/64bit/virtuoso -noautostart -mpssession virtuoso9788 -mpshost s2424.it.kth.se -davinciService DaVinciService_9788_1503645490 -log /home/saul/projects/NANONETS/logs_saul/logs0/Job14.log -licenseLockFileName /home/saul/projects/NANONETS/.tmp_saul/.s2424.it.kth.se_9788 -nograph -nostdin -axlChildIdFlag 14
\# Host name (type):	s2424.it.kth.se (x86_64)
\# Operating system:	Linux 2.6.18-417.el5 #1 SMP Tue Dec 20 13:11:30 UTC 2016
\# Linux /etc/issue:	CentOS release 5.11 (Final)
\# Linux /etc/issue:	Kernel \r on an \m
\# X display name (WxH):	s2424.it.kth.se:80.0 (1024x868)
\# Available geometry:			TL(0:0) BR(1023:867)
\# X server:			RealVNC Ltd (VNC nograph server, PID 16576)
\# Depth of Visual (Root):	16 (16)
\# Number of Planes Used:	16
\# X version:		11.0 (vendor release 3370)
\# X resource pool:	base 0x800000, mask 0x3fffff (4194303), shift 0
\# 			current id 0x33, current max 0x3ffffa (4194298)
\# Max data seg size:	     unlimited
\# Max process size:	     unlimited
\# Initial sbrk value:	        800 MB
\# Available memory:	     69,073 MB
\# System memory:	     78,453 MB
\# Maximum memory size:	     77,724 MB
\# Max mem available:	     69,144 MB
\# Initial memory used:	         71 MB
\#        process size:	        754 MB
\# Qt version:		4.7.2
\# Window Manager:	other
\# User Name:		saul
\o Working Directory:	s2424.it.kth.se:/home/saul/projects/NANONETS
\# Process Id:		26151
\o 
\o COPYRIGHT © 1992-2015  CADENCE DESIGN SYSTEMS INC.  ALL RIGHTS RESERVED.
\o           © 1992-2015  UNIX SYSTEMS Laboratories INC.,
\o                          Reproduced with permission.
\o 
\o This Cadence Design Systems program and online documentation are
\o proprietary/confidential information and may be disclosed/used only
\o as authorized in a license agreement controlling such use and disclosure.
\o 
\o           RESTRICTED RIGHTS NOTICE (SHORT FORM)
\o Use/reproduction/disclosure is subject to restriction
\o set forth at FAR 1252.227-19 or its equivalent.
\o Loading geView.cxt 
\o Loading menuBuilder.cxt 
\o Loading schView.cxt 
\o Loading selectSv.cxt 
\o Loading LVS.cxt 
\o Loading layerProc.cxt 
\o Loading pte2.cxt 
\o Loading xlUI.cxt 
\o Loading auCore.cxt 
\o Loading vhdl.cxt 
\o Loading seismic.cxt 
\o Loading ci.cxt 
\o Loading ams.cxt 
\o Loading oasis.cxt 
\o Loading analog.cxt 
\o Loading asimenv.cxt 
\o Loading socket.cxt 
\o Loading dal.cxt 
\o Loading awv.cxt 
\o Loading par.cxt 
\o Loading alvs.cxt 
\o Loading caa.cxt 
\o Loading adexl.cxt 
\o *Info*    Exporting services from client ... 
\o 
\o ......................................................................................
\o            ams AG hitkit v.ams_4.14
\o ......................................................................................
\o COPYRIGHT (c) 2013 Full Service Foundry @ ams AG.  ALL RIGHTS RESERVED
\o This hitkit and attached documentation are confidential information and may 
\o only be used as authorized by the hitkit license agreement.
\o ......................................................................................
\o Loading simulator default settings.
\o Defining layer name mapping for Pcells
\o ROD pcell code loaded
\# Memory report: using         196 MB, process size 1,010 MB at UTC 2017.08.25 13:34:51.392
\o Additional code for low-voltage devices loaded
\o Loading customization file: ./.cdsinit_local
\o Loading customization file: $HOME/.cdsinit_personal
\o Loading simulator default settings.
\o *Info*    Client has finished starting ... 
\o 
\p hitkit: ams_4.14  Tech: ac18a6dmca  User: saul 
\o 
\o 
\o *Info*    Configuring the session ...
\o 
\o 	Library      = NNFET
\o 	Cell         = nnpfet_tb
\o 	View         = config
\o 	Simulator    = spectre
\o 	State Path   = $AXL_SETUPDB_DIR/test_states
\o 	State Name   = NNFET:nnpfet_tb:1_none_Interactive.3
\o 	Results DB   = /home/saul/projects/NANONETS/NNFET/nnpfet_tb/adexl/results/data/Interactive.3.rdb
\o 	Results Dir  = /home/saul/Sim/NNFET/nnpfet_tb/adexl/results/data/Interactive.3/1/NNFET:nnpfet_tb:1
\o 	Results Loc  = /home/saul/Sim/NNFET/nnpfet_tb/adexl/results/data
\o 	Project Dir  = /home/saul/projects/NANONETS/Sim
\o 	Setup DB loc = /home/saul/projects/NANONETS/NNFET/nnpfet_tb/adexl
\o 	File Encoding = 0
\o 
\o 
\o Loading simui.cxt 
\o Loading viva.cxt 
\o *Info*    Spectre controlMode is set "batch".
\o 
\o Loading spectrei.cxt 
\o Loading devCheck.cxt 
\o Loading relXpert.cxt 
\o Loading hspiceD.cxt 
\o Loading spectreinl.cxt 
\o Loading msgHandler.cxt 
\o Loading UltraSim.cxt 
\o Loading AMSOSS.cxt 
\o Loading AMS.cxt 
\o 
\o 
\o 
\o 
\o 
\o *Info*    Run start for Point ID (3 1) on testbench [
\o           NNFET:nnpfet_tb:1 ].
\o 
\o Resetting statistical vars
\o 
\o *Info*    Setting parameter values ...
\o 
\o Setting var VD = "1"
\o Setting var VG = "0.1"
\o Setting temp(T) = 27
\o 
\o *Info*    Netlist Directory =
\o           /home/saul/Sim/NNFET/nnpfet_tb/adexl/results/data/Interactive.3/1/NNFET:nnpfet_tb:1/netlist
\o 
\o 
\o *Info*    Data Directory    =
\o           /home/saul/Sim/NNFET/nnpfet_tb/adexl/results/data/Interactive.3/1/NNFET:nnpfet_tb:1
\o 
\o 
\o *Info*    Creating Netlist for Point ID (3 1)
\o 
\o generate netlist...
\o Loading seCore.cxt 
\o function ansCdlCompPrim redefined
\o function ansCdlCompPrim redefined
\o Begin Incremental Netlisting Aug 25 15:34:52 2017
\o WARNING (OSSHNL-159): The primitive, 'NNFET/nnpfet/veriloga', has been updated since the last netlisting session
\o in this current run directory. Therefore, re-netlisting all cell views where
\o this primitive is instantiated.
\o 
\o End netlisting Aug 25 15:34:52 2017
\o Loading monte.cxt 
\o 
\o Netlisting Statistics:
\o 	Number of components:    4
\o 
\o 	Elapsed time:          0.0s
\o Errors: 0	Warnings: 0
\o       ...successful.
\o compose simulator input file...
\o       ...successful.
\o 
\o *Info*    Running simulation on testbench [ NNFET:nnpfet_tb:1 ] for
\o           Point ID (3 1).
\o 
\o Delete psf data in /home/saul/Sim/NNFET/nnpfet_tb/adexl/results/data/Interactive.3/1/NNFET:nnpfet_tb:1/psf.
\o compose simulator input file...
\o       ...successful.
\o start simulator if needed...
\o       ...successful.
\o simulate...
\o To view the simulator output, right-click on the test name, result 
\o name, or any value in the "Results" tab of the Outputs section and 
\o choose "Output Log" menu option.
\o Loading paraplot.cxt 
\o INFO (ADE-3071): Simulation completed successfully.
\o reading simulation data...
\o       ...successful.
\o *Info*    Client has finished evaluating ... 
\o 
\o 
\o *Info*    Run complete for Point ID (3 1) on testbench [
\o           NNFET:nnpfet_tb:1 ].
\o 
\o 
\o 
\o 
\o 
\o 
\o 
\o 
\o 
\o 
\o *Info*    Run start for Point ID (3 2) on testbench [
\o           NNFET:nnpfet_tb:1 ].
\o 
\o Resetting statistical vars
\o 
\o *Info*    Setting parameter values ...
\o 
\o Setting var VG = "0.2"
\o 
\o *Info*    Netlist Directory =
\o           /home/saul/Sim/NNFET/nnpfet_tb/adexl/results/data/Interactive.3/2/NNFET:nnpfet_tb:1/netlist
\o 
\o 
\o *Info*    Data Directory    =
\o           /home/saul/Sim/NNFET/nnpfet_tb/adexl/results/data/Interactive.3/2/NNFET:nnpfet_tb:1
\o 
\o 
\o *Info*    Creating Netlist for Point ID (3 2)
\o 
\o generate netlist...
\o function ansCdlCompPrim redefined
\o function ansCdlCompPrim redefined
\o Begin Incremental Netlisting Aug 25 15:34:54 2017
\o End netlisting Aug 25 15:34:54 2017
\o 
\o 	The netlist is up to date.
\o 	Time taken to compare the design with netlist:   0.0s
\o       ...successful.
\o compose simulator input file...
\o       ...successful.
\o 
\o *Info*    Running simulation on testbench [ NNFET:nnpfet_tb:1 ] for
\o           Point ID (3 2).
\o 
\o Delete psf data in /home/saul/Sim/NNFET/nnpfet_tb/adexl/results/data/Interactive.3/2/NNFET:nnpfet_tb:1/psf.
\o compose simulator input file...
\o       ...successful.
\o start simulator if needed...
\o       ...successful.
\o simulate...
\o To view the simulator output, right-click on the test name, result 
\o name, or any value in the "Results" tab of the Outputs section and 
\o choose "Output Log" menu option.
\o INFO (ADE-3071): Simulation completed successfully.
\o reading simulation data...
\o       ...successful.
\o *Info*    Client has finished evaluating ... 
\o 
\o 
\o *Info*    Run complete for Point ID (3 2) on testbench [
\o           NNFET:nnpfet_tb:1 ].
\o 
\o 
\o 
\o 
\o 
\o 
\o 
\o 
\o 
\o 
\o *Info*    Run start for Point ID (3 3) on testbench [
\o           NNFET:nnpfet_tb:1 ].
\o 
\o Resetting statistical vars
\o 
\o *Info*    Setting parameter values ...
\o 
\o Setting var VG = "0.3"
\o 
\o *Info*    Netlist Directory =
\o           /home/saul/Sim/NNFET/nnpfet_tb/adexl/results/data/Interactive.3/3/NNFET:nnpfet_tb:1/netlist
\o 
\o 
\o *Info*    Data Directory    =
\o           /home/saul/Sim/NNFET/nnpfet_tb/adexl/results/data/Interactive.3/3/NNFET:nnpfet_tb:1
\o 
\o 
\o *Info*    Creating Netlist for Point ID (3 3)
\o 
\o generate netlist...
\o function ansCdlCompPrim redefined
\o function ansCdlCompPrim redefined
\o Begin Incremental Netlisting Aug 25 15:34:55 2017
\o End netlisting Aug 25 15:34:55 2017
\o 
\o 	The netlist is up to date.
\o 	Time taken to compare the design with netlist:   0.0s
\o       ...successful.
\o compose simulator input file...
\o       ...successful.
\o 
\o *Info*    Running simulation on testbench [ NNFET:nnpfet_tb:1 ] for
\o           Point ID (3 3).
\o 
\o Delete psf data in /home/saul/Sim/NNFET/nnpfet_tb/adexl/results/data/Interactive.3/3/NNFET:nnpfet_tb:1/psf.
\o compose simulator input file...
\o       ...successful.
\o start simulator if needed...
\o       ...successful.
\o simulate...
\o To view the simulator output, right-click on the test name, result 
\o name, or any value in the "Results" tab of the Outputs section and 
\o choose "Output Log" menu option.
\o INFO (ADE-3071): Simulation completed successfully.
\o reading simulation data...
\o       ...successful.
\o *Info*    Client has finished evaluating ... 
\o 
\o 
\o *Info*    Run complete for Point ID (3 3) on testbench [
\o           NNFET:nnpfet_tb:1 ].
\o 
\o 
\o 
\o 
\o 
\o 
\o 
\o 
\o 
\o 
\o *Info*    Run start for Point ID (3 4) on testbench [
\o           NNFET:nnpfet_tb:1 ].
\o 
\o Resetting statistical vars
\o 
\o *Info*    Setting parameter values ...
\o 
\o Setting var VG = "0.4"
\o 
\o *Info*    Netlist Directory =
\o           /home/saul/Sim/NNFET/nnpfet_tb/adexl/results/data/Interactive.3/4/NNFET:nnpfet_tb:1/netlist
\o 
\o 
\o *Info*    Data Directory    =
\o           /home/saul/Sim/NNFET/nnpfet_tb/adexl/results/data/Interactive.3/4/NNFET:nnpfet_tb:1
\o 
\o 
\o *Info*    Creating Netlist for Point ID (3 4)
\o 
\o generate netlist...
\o function ansCdlCompPrim redefined
\o function ansCdlCompPrim redefined
\o Begin Incremental Netlisting Aug 25 15:34:56 2017
\o End netlisting Aug 25 15:34:56 2017
\o 
\o 	The netlist is up to date.
\o 	Time taken to compare the design with netlist:   0.0s
\o       ...successful.
\o compose simulator input file...
\o       ...successful.
\o 
\o *Info*    Running simulation on testbench [ NNFET:nnpfet_tb:1 ] for
\o           Point ID (3 4).
\o 
\o Delete psf data in /home/saul/Sim/NNFET/nnpfet_tb/adexl/results/data/Interactive.3/4/NNFET:nnpfet_tb:1/psf.
\o compose simulator input file...
\o       ...successful.
\o start simulator if needed...
\o       ...successful.
\o simulate...
\o To view the simulator output, right-click on the test name, result 
\o name, or any value in the "Results" tab of the Outputs section and 
\o choose "Output Log" menu option.
\o INFO (ADE-3071): Simulation completed successfully.
\o reading simulation data...
\o       ...successful.
\o *Info*    Client has finished evaluating ... 
\o 
\o 
\o *Info*    Run complete for Point ID (3 4) on testbench [
\o           NNFET:nnpfet_tb:1 ].
\o 
\o 
\o 
\o 
\o 
\o 
\o 
\o 
\o 
\o 
\o *Info*    Run start for Point ID (3 5) on testbench [
\o           NNFET:nnpfet_tb:1 ].
\o 
\o Resetting statistical vars
\o 
\o *Info*    Setting parameter values ...
\o 
\o Setting var VG = "0.5"
\o 
\o *Info*    Netlist Directory =
\o           /home/saul/Sim/NNFET/nnpfet_tb/adexl/results/data/Interactive.3/5/NNFET:nnpfet_tb:1/netlist
\o 
\o 
\o *Info*    Data Directory    =
\o           /home/saul/Sim/NNFET/nnpfet_tb/adexl/results/data/Interactive.3/5/NNFET:nnpfet_tb:1
\o 
\o 
\o *Info*    Creating Netlist for Point ID (3 5)
\o 
\o generate netlist...
\o function ansCdlCompPrim redefined
\o function ansCdlCompPrim redefined
\o Begin Incremental Netlisting Aug 25 15:34:57 2017
\o End netlisting Aug 25 15:34:57 2017
\o 
\o 	The netlist is up to date.
\o 	Time taken to compare the design with netlist:   0.0s
\o       ...successful.
\o compose simulator input file...
\o       ...successful.
\o 
\o *Info*    Running simulation on testbench [ NNFET:nnpfet_tb:1 ] for
\o           Point ID (3 5).
\o 
\o Delete psf data in /home/saul/Sim/NNFET/nnpfet_tb/adexl/results/data/Interactive.3/5/NNFET:nnpfet_tb:1/psf.
\o compose simulator input file...
\o       ...successful.
\o start simulator if needed...
\o       ...successful.
\o simulate...
\o To view the simulator output, right-click on the test name, result 
\o name, or any value in the "Results" tab of the Outputs section and 
\o choose "Output Log" menu option.
\o INFO (ADE-3071): Simulation completed successfully.
\o reading simulation data...
\o       ...successful.
\o *Info*    Client has finished evaluating ... 
\o 
\o 
\o *Info*    Run complete for Point ID (3 5) on testbench [
\o           NNFET:nnpfet_tb:1 ].
\o 
\o 
\o 
\o 
\o 
\o 
\o 
\o 
\o 
\o 
\o *Info*    Run start for Point ID (3 6) on testbench [
\o           NNFET:nnpfet_tb:1 ].
\o 
\o Resetting statistical vars
\o 
\o *Info*    Setting parameter values ...
\o 
\o Setting var VG = "0.6"
\o 
\o *Info*    Netlist Directory =
\o           /home/saul/Sim/NNFET/nnpfet_tb/adexl/results/data/Interactive.3/6/NNFET:nnpfet_tb:1/netlist
\o 
\o 
\o *Info*    Data Directory    =
\o           /home/saul/Sim/NNFET/nnpfet_tb/adexl/results/data/Interactive.3/6/NNFET:nnpfet_tb:1
\o 
\o 
\o *Info*    Creating Netlist for Point ID (3 6)
\o 
\o generate netlist...
\o function ansCdlCompPrim redefined
\o function ansCdlCompPrim redefined
\o Begin Incremental Netlisting Aug 25 15:34:58 2017
\o End netlisting Aug 25 15:34:58 2017
\o 
\o 	The netlist is up to date.
\o 	Time taken to compare the design with netlist:   0.0s
\o       ...successful.
\o compose simulator input file...
\o       ...successful.
\o 
\o *Info*    Running simulation on testbench [ NNFET:nnpfet_tb:1 ] for
\o           Point ID (3 6).
\o 
\o Delete psf data in /home/saul/Sim/NNFET/nnpfet_tb/adexl/results/data/Interactive.3/6/NNFET:nnpfet_tb:1/psf.
\o compose simulator input file...
\o       ...successful.
\o start simulator if needed...
\o       ...successful.
\o simulate...
\o To view the simulator output, right-click on the test name, result 
\o name, or any value in the "Results" tab of the Outputs section and 
\o choose "Output Log" menu option.
\o INFO (ADE-3071): Simulation completed successfully.
\o reading simulation data...
\o       ...successful.
\o *Info*    Client has finished evaluating ... 
\o 
\o 
\o *Info*    Run complete for Point ID (3 6) on testbench [
\o           NNFET:nnpfet_tb:1 ].
\o 
\o 
\o 
\o 
\o 
\o 
\o 
\o 
\o 
\o 
\o *Info*    Run start for Point ID (3 7) on testbench [
\o           NNFET:nnpfet_tb:1 ].
\o 
\o Resetting statistical vars
\o 
\o *Info*    Setting parameter values ...
\o 
\o Setting var VG = "0.7"
\o 
\o *Info*    Netlist Directory =
\o           /home/saul/Sim/NNFET/nnpfet_tb/adexl/results/data/Interactive.3/7/NNFET:nnpfet_tb:1/netlist
\o 
\o 
\o *Info*    Data Directory    =
\o           /home/saul/Sim/NNFET/nnpfet_tb/adexl/results/data/Interactive.3/7/NNFET:nnpfet_tb:1
\o 
\o 
\o *Info*    Creating Netlist for Point ID (3 7)
\o 
\o generate netlist...
\o function ansCdlCompPrim redefined
\o function ansCdlCompPrim redefined
\o Begin Incremental Netlisting Aug 25 15:34:59 2017
\o End netlisting Aug 25 15:34:59 2017
\o 
\o 	The netlist is up to date.
\o 	Time taken to compare the design with netlist:   0.0s
\o       ...successful.
\o compose simulator input file...
\o       ...successful.
\o 
\o *Info*    Running simulation on testbench [ NNFET:nnpfet_tb:1 ] for
\o           Point ID (3 7).
\o 
\o Delete psf data in /home/saul/Sim/NNFET/nnpfet_tb/adexl/results/data/Interactive.3/7/NNFET:nnpfet_tb:1/psf.
\o compose simulator input file...
\o       ...successful.
\o start simulator if needed...
\o       ...successful.
\o simulate...
\o To view the simulator output, right-click on the test name, result 
\o name, or any value in the "Results" tab of the Outputs section and 
\o choose "Output Log" menu option.
\# Available memory:         68,851 MB at UTC 2017.08.25 13:34:59.392
\# Memory report: Maximum memory size now 69,137 MB at UTC 2017.08.25 13:34:59.393
\o INFO (ADE-3071): Simulation completed successfully.
\o reading simulation data...
\o       ...successful.
\o *Info*    Client has finished evaluating ... 
\o 
\o 
\o *Info*    Run complete for Point ID (3 7) on testbench [
\o           NNFET:nnpfet_tb:1 ].
\o 
\o 
\o 
\o 
\o 
\o 
\o 
\o 
\o 
\o 
\o *Info*    Run start for Point ID (3 8) on testbench [
\o           NNFET:nnpfet_tb:1 ].
\o 
\o Resetting statistical vars
\o 
\o *Info*    Setting parameter values ...
\o 
\o Setting var VG = "0.8"
\o 
\o *Info*    Netlist Directory =
\o           /home/saul/Sim/NNFET/nnpfet_tb/adexl/results/data/Interactive.3/8/NNFET:nnpfet_tb:1/netlist
\o 
\o 
\o *Info*    Data Directory    =
\o           /home/saul/Sim/NNFET/nnpfet_tb/adexl/results/data/Interactive.3/8/NNFET:nnpfet_tb:1
\o 
\o 
\o *Info*    Creating Netlist for Point ID (3 8)
\o 
\o generate netlist...
\o function ansCdlCompPrim redefined
\o function ansCdlCompPrim redefined
\o Begin Incremental Netlisting Aug 25 15:35:00 2017
\o End netlisting Aug 25 15:35:00 2017
\o 
\o 	The netlist is up to date.
\o 	Time taken to compare the design with netlist:   0.0s
\o       ...successful.
\o compose simulator input file...
\o       ...successful.
\o 
\o *Info*    Running simulation on testbench [ NNFET:nnpfet_tb:1 ] for
\o           Point ID (3 8).
\o 
\o Delete psf data in /home/saul/Sim/NNFET/nnpfet_tb/adexl/results/data/Interactive.3/8/NNFET:nnpfet_tb:1/psf.
\o compose simulator input file...
\o       ...successful.
\o start simulator if needed...
\o       ...successful.
\o simulate...
\o To view the simulator output, right-click on the test name, result 
\o name, or any value in the "Results" tab of the Outputs section and 
\o choose "Output Log" menu option.
\o INFO (ADE-3071): Simulation completed successfully.
\o reading simulation data...
\o       ...successful.
\o *Info*    Client has finished evaluating ... 
\o 
\o 
\o *Info*    Run complete for Point ID (3 8) on testbench [
\o           NNFET:nnpfet_tb:1 ].
\o 
\o 
\o 
\o 
\o 
\o 
\o 
\o 
\o 
\o 
\o *Info*    Run start for Point ID (3 9) on testbench [
\o           NNFET:nnpfet_tb:1 ].
\o 
\o Resetting statistical vars
\o 
\o *Info*    Setting parameter values ...
\o 
\o Setting var VG = "0.9"
\o 
\o *Info*    Netlist Directory =
\o           /home/saul/Sim/NNFET/nnpfet_tb/adexl/results/data/Interactive.3/9/NNFET:nnpfet_tb:1/netlist
\o 
\o 
\o *Info*    Data Directory    =
\o           /home/saul/Sim/NNFET/nnpfet_tb/adexl/results/data/Interactive.3/9/NNFET:nnpfet_tb:1
\o 
\o 
\o *Info*    Creating Netlist for Point ID (3 9)
\o 
\o generate netlist...
\o function ansCdlCompPrim redefined
\o function ansCdlCompPrim redefined
\o Begin Incremental Netlisting Aug 25 15:35:01 2017
\o End netlisting Aug 25 15:35:01 2017
\o 
\o 	The netlist is up to date.
\o 	Time taken to compare the design with netlist:   0.0s
\o       ...successful.
\o compose simulator input file...
\o       ...successful.
\o 
\o *Info*    Running simulation on testbench [ NNFET:nnpfet_tb:1 ] for
\o           Point ID (3 9).
\o 
\o Delete psf data in /home/saul/Sim/NNFET/nnpfet_tb/adexl/results/data/Interactive.3/9/NNFET:nnpfet_tb:1/psf.
\o compose simulator input file...
\o       ...successful.
\o start simulator if needed...
\o       ...successful.
\o simulate...
\o To view the simulator output, right-click on the test name, result 
\o name, or any value in the "Results" tab of the Outputs section and 
\o choose "Output Log" menu option.
\o INFO (ADE-3071): Simulation completed successfully.
\o reading simulation data...
\o       ...successful.
\o *Info*    Client has finished evaluating ... 
\o 
\o 
\o *Info*    Run complete for Point ID (3 9) on testbench [
\o           NNFET:nnpfet_tb:1 ].
\o 
\o 
\o 
\o 
\o 
\o 
\o 
\o 
\o 
\o 
\o *Info*    Run start for Point ID (3 10) on testbench [
\o           NNFET:nnpfet_tb:1 ].
\o 
\o Resetting statistical vars
\o 
\o *Info*    Setting parameter values ...
\o 
\o Setting var VG = "1"
\o 
\o *Info*    Netlist Directory =
\o           /home/saul/Sim/NNFET/nnpfet_tb/adexl/results/data/Interactive.3/10/NNFET:nnpfet_tb:1/netlist
\o 
\o 
\o *Info*    Data Directory    =
\o           /home/saul/Sim/NNFET/nnpfet_tb/adexl/results/data/Interactive.3/10/NNFET:nnpfet_tb:1
\o 
\o 
\o *Info*    Creating Netlist for Point ID (3 10)
\o 
\o generate netlist...
\o function ansCdlCompPrim redefined
\o function ansCdlCompPrim redefined
\o Begin Incremental Netlisting Aug 25 15:35:02 2017
\o End netlisting Aug 25 15:35:02 2017
\o 
\o 	The netlist is up to date.
\o 	Time taken to compare the design with netlist:   0.0s
\o       ...successful.
\o compose simulator input file...
\o       ...successful.
\o 
\o *Info*    Running simulation on testbench [ NNFET:nnpfet_tb:1 ] for
\o           Point ID (3 10).
\o 
\o Delete psf data in /home/saul/Sim/NNFET/nnpfet_tb/adexl/results/data/Interactive.3/10/NNFET:nnpfet_tb:1/psf.
\o compose simulator input file...
\o       ...successful.
\o start simulator if needed...
\o       ...successful.
\o simulate...
\o To view the simulator output, right-click on the test name, result 
\o name, or any value in the "Results" tab of the Outputs section and 
\o choose "Output Log" menu option.
\o INFO (ADE-3071): Simulation completed successfully.
\o reading simulation data...
\o       ...successful.
\o *Info*    Client has finished evaluating ... 
\o 
\o 
\o *Info*    Run complete for Point ID (3 10) on testbench [
\o           NNFET:nnpfet_tb:1 ].
\o 
\o 
\o 
\o 
\o 
\o 
\o 
\o 
\o 
\o 
\o *Info*    Run start for Point ID (3 11) on testbench [
\o           NNFET:nnpfet_tb:1 ].
\o 
\o Resetting statistical vars
\o 
\o *Info*    Setting parameter values ...
\o 
\o Setting var VG = "1.1"
\o 
\o *Info*    Netlist Directory =
\o           /home/saul/Sim/NNFET/nnpfet_tb/adexl/results/data/Interactive.3/11/NNFET:nnpfet_tb:1/netlist
\o 
\o 
\o *Info*    Data Directory    =
\o           /home/saul/Sim/NNFET/nnpfet_tb/adexl/results/data/Interactive.3/11/NNFET:nnpfet_tb:1
\o 
\o 
\o *Info*    Creating Netlist for Point ID (3 11)
\o 
\o generate netlist...
\o function ansCdlCompPrim redefined
\o function ansCdlCompPrim redefined
\o Begin Incremental Netlisting Aug 25 15:35:03 2017
\o End netlisting Aug 25 15:35:03 2017
\o 
\o 	The netlist is up to date.
\o 	Time taken to compare the design with netlist:   0.0s
\o       ...successful.
\o compose simulator input file...
\o       ...successful.
\o 
\o *Info*    Running simulation on testbench [ NNFET:nnpfet_tb:1 ] for
\o           Point ID (3 11).
\o 
\o Delete psf data in /home/saul/Sim/NNFET/nnpfet_tb/adexl/results/data/Interactive.3/11/NNFET:nnpfet_tb:1/psf.
\o compose simulator input file...
\o       ...successful.
\o start simulator if needed...
\o       ...successful.
\o simulate...
\o To view the simulator output, right-click on the test name, result 
\o name, or any value in the "Results" tab of the Outputs section and 
\o choose "Output Log" menu option.
\o INFO (ADE-3071): Simulation completed successfully.
\o reading simulation data...
\o       ...successful.
\o *Info*    Client has finished evaluating ... 
\o 
\o 
\o *Info*    Run complete for Point ID (3 11) on testbench [
\o           NNFET:nnpfet_tb:1 ].
\o 
\o 
\o 
\o 
\o 
\o 
\o 
\o 
\o 
\o 
\o *Info*    Run start for Point ID (3 12) on testbench [
\o           NNFET:nnpfet_tb:1 ].
\o 
\o Resetting statistical vars
\o 
\o *Info*    Setting parameter values ...
\o 
\o Setting var VG = "1.2"
\o 
\o *Info*    Netlist Directory =
\o           /home/saul/Sim/NNFET/nnpfet_tb/adexl/results/data/Interactive.3/12/NNFET:nnpfet_tb:1/netlist
\o 
\o 
\o *Info*    Data Directory    =
\o           /home/saul/Sim/NNFET/nnpfet_tb/adexl/results/data/Interactive.3/12/NNFET:nnpfet_tb:1
\o 
\o 
\o *Info*    Creating Netlist for Point ID (3 12)
\o 
\o generate netlist...
\o function ansCdlCompPrim redefined
\o function ansCdlCompPrim redefined
\o Begin Incremental Netlisting Aug 25 15:35:04 2017
\o End netlisting Aug 25 15:35:04 2017
\o 
\o 	The netlist is up to date.
\o 	Time taken to compare the design with netlist:   0.0s
\o       ...successful.
\o compose simulator input file...
\o       ...successful.
\o 
\o *Info*    Running simulation on testbench [ NNFET:nnpfet_tb:1 ] for
\o           Point ID (3 12).
\o 
\o Delete psf data in /home/saul/Sim/NNFET/nnpfet_tb/adexl/results/data/Interactive.3/12/NNFET:nnpfet_tb:1/psf.
\o compose simulator input file...
\o       ...successful.
\o start simulator if needed...
\o       ...successful.
\o simulate...
\o To view the simulator output, right-click on the test name, result 
\o name, or any value in the "Results" tab of the Outputs section and 
\o choose "Output Log" menu option.
\o INFO (ADE-3071): Simulation completed successfully.
\o reading simulation data...
\o       ...successful.
\o *Info*    Client has finished evaluating ... 
\o 
\o 
\o *Info*    Run complete for Point ID (3 12) on testbench [
\o           NNFET:nnpfet_tb:1 ].
\o 
\o 
\o 
\o 
\o 
\o 
\o 
\o 
\o 
\o 
\o *Info*    Run start for Point ID (3 13) on testbench [
\o           NNFET:nnpfet_tb:1 ].
\o 
\o Resetting statistical vars
\o 
\o *Info*    Setting parameter values ...
\o 
\o Setting var VG = "1.3"
\o 
\o *Info*    Netlist Directory =
\o           /home/saul/Sim/NNFET/nnpfet_tb/adexl/results/data/Interactive.3/13/NNFET:nnpfet_tb:1/netlist
\o 
\o 
\o *Info*    Data Directory    =
\o           /home/saul/Sim/NNFET/nnpfet_tb/adexl/results/data/Interactive.3/13/NNFET:nnpfet_tb:1
\o 
\o 
\o *Info*    Creating Netlist for Point ID (3 13)
\o 
\o generate netlist...
\o function ansCdlCompPrim redefined
\o function ansCdlCompPrim redefined
\o Begin Incremental Netlisting Aug 25 15:35:05 2017
\o End netlisting Aug 25 15:35:05 2017
\o 
\o 	The netlist is up to date.
\o 	Time taken to compare the design with netlist:   0.0s
\o       ...successful.
\o compose simulator input file...
\o       ...successful.
\o 
\o *Info*    Running simulation on testbench [ NNFET:nnpfet_tb:1 ] for
\o           Point ID (3 13).
\o 
\o Delete psf data in /home/saul/Sim/NNFET/nnpfet_tb/adexl/results/data/Interactive.3/13/NNFET:nnpfet_tb:1/psf.
\o compose simulator input file...
\o       ...successful.
\o start simulator if needed...
\o       ...successful.
\o simulate...
\o To view the simulator output, right-click on the test name, result 
\o name, or any value in the "Results" tab of the Outputs section and 
\o choose "Output Log" menu option.
\o INFO (ADE-3071): Simulation completed successfully.
\o reading simulation data...
\o       ...successful.
\o *Info*    Client has finished evaluating ... 
\o 
\o 
\o *Info*    Run complete for Point ID (3 13) on testbench [
\o           NNFET:nnpfet_tb:1 ].
\o 
\o 
\o 
\o 
\o 
\o 
\o 
\o 
\o 
\o 
\o *Info*    Run start for Point ID (3 14) on testbench [
\o           NNFET:nnpfet_tb:1 ].
\o 
\o Resetting statistical vars
\o 
\o *Info*    Setting parameter values ...
\o 
\o Setting var VG = "1.4"
\o 
\o *Info*    Netlist Directory =
\o           /home/saul/Sim/NNFET/nnpfet_tb/adexl/results/data/Interactive.3/14/NNFET:nnpfet_tb:1/netlist
\o 
\o 
\o *Info*    Data Directory    =
\o           /home/saul/Sim/NNFET/nnpfet_tb/adexl/results/data/Interactive.3/14/NNFET:nnpfet_tb:1
\o 
\o 
\o *Info*    Creating Netlist for Point ID (3 14)
\o 
\o generate netlist...
\o function ansCdlCompPrim redefined
\o function ansCdlCompPrim redefined
\o Begin Incremental Netlisting Aug 25 15:35:06 2017
\o End netlisting Aug 25 15:35:06 2017
\o 
\o 	The netlist is up to date.
\o 	Time taken to compare the design with netlist:   0.0s
\o       ...successful.
\o compose simulator input file...
\o       ...successful.
\o 
\o *Info*    Running simulation on testbench [ NNFET:nnpfet_tb:1 ] for
\o           Point ID (3 14).
\o 
\o Delete psf data in /home/saul/Sim/NNFET/nnpfet_tb/adexl/results/data/Interactive.3/14/NNFET:nnpfet_tb:1/psf.
\o compose simulator input file...
\o       ...successful.
\o start simulator if needed...
\o       ...successful.
\o simulate...
\o To view the simulator output, right-click on the test name, result 
\o name, or any value in the "Results" tab of the Outputs section and 
\o choose "Output Log" menu option.
\o INFO (ADE-3071): Simulation completed successfully.
\o reading simulation data...
\o       ...successful.
\o *Info*    Client has finished evaluating ... 
\o 
\o 
\o *Info*    Run complete for Point ID (3 14) on testbench [
\o           NNFET:nnpfet_tb:1 ].
\o 
\o 
\o 
\o 
\o 
\o 
\o 
\o 
\o 
\o 
\o *Info*    Run start for Point ID (3 15) on testbench [
\o           NNFET:nnpfet_tb:1 ].
\o 
\o Resetting statistical vars
\o 
\o *Info*    Setting parameter values ...
\o 
\o Setting var VG = "1.5"
\o 
\o *Info*    Netlist Directory =
\o           /home/saul/Sim/NNFET/nnpfet_tb/adexl/results/data/Interactive.3/15/NNFET:nnpfet_tb:1/netlist
\o 
\o 
\o *Info*    Data Directory    =
\o           /home/saul/Sim/NNFET/nnpfet_tb/adexl/results/data/Interactive.3/15/NNFET:nnpfet_tb:1
\o 
\o 
\o *Info*    Creating Netlist for Point ID (3 15)
\o 
\o generate netlist...
\o function ansCdlCompPrim redefined
\o function ansCdlCompPrim redefined
\o Begin Incremental Netlisting Aug 25 15:35:07 2017
\o End netlisting Aug 25 15:35:07 2017
\o 
\o 	The netlist is up to date.
\o 	Time taken to compare the design with netlist:   0.0s
\o       ...successful.
\o compose simulator input file...
\o       ...successful.
\o 
\o *Info*    Running simulation on testbench [ NNFET:nnpfet_tb:1 ] for
\o           Point ID (3 15).
\o 
\o Delete psf data in /home/saul/Sim/NNFET/nnpfet_tb/adexl/results/data/Interactive.3/15/NNFET:nnpfet_tb:1/psf.
\o compose simulator input file...
\o       ...successful.
\o start simulator if needed...
\o       ...successful.
\o simulate...
\o To view the simulator output, right-click on the test name, result 
\o name, or any value in the "Results" tab of the Outputs section and 
\o choose "Output Log" menu option.
\o INFO (ADE-3071): Simulation completed successfully.
\o reading simulation data...
\o       ...successful.
\o *Info*    Client has finished evaluating ... 
\o 
\o 
\o *Info*    Run complete for Point ID (3 15) on testbench [
\o           NNFET:nnpfet_tb:1 ].
\o 
\o 
\o 
\o 
\o 
\o 
\o 
\o 
\o 
\o 
\o *Info*    Run start for Point ID (3 16) on testbench [
\o           NNFET:nnpfet_tb:1 ].
\o 
\o Resetting statistical vars
\o 
\o *Info*    Setting parameter values ...
\o 
\o Setting var VG = "1.6"
\o 
\o *Info*    Netlist Directory =
\o           /home/saul/Sim/NNFET/nnpfet_tb/adexl/results/data/Interactive.3/16/NNFET:nnpfet_tb:1/netlist
\o 
\o 
\o *Info*    Data Directory    =
\o           /home/saul/Sim/NNFET/nnpfet_tb/adexl/results/data/Interactive.3/16/NNFET:nnpfet_tb:1
\o 
\o 
\o *Info*    Creating Netlist for Point ID (3 16)
\o 
\o generate netlist...
\o function ansCdlCompPrim redefined
\o function ansCdlCompPrim redefined
\o Begin Incremental Netlisting Aug 25 15:35:08 2017
\o End netlisting Aug 25 15:35:08 2017
\o 
\o 	The netlist is up to date.
\o 	Time taken to compare the design with netlist:   0.0s
\o       ...successful.
\o compose simulator input file...
\o       ...successful.
\o 
\o *Info*    Running simulation on testbench [ NNFET:nnpfet_tb:1 ] for
\o           Point ID (3 16).
\o 
\o Delete psf data in /home/saul/Sim/NNFET/nnpfet_tb/adexl/results/data/Interactive.3/16/NNFET:nnpfet_tb:1/psf.
\o compose simulator input file...
\o       ...successful.
\o start simulator if needed...
\o       ...successful.
\o simulate...
\o To view the simulator output, right-click on the test name, result 
\o name, or any value in the "Results" tab of the Outputs section and 
\o choose "Output Log" menu option.
\o INFO (ADE-3071): Simulation completed successfully.
\o reading simulation data...
\o       ...successful.
\o *Info*    Client has finished evaluating ... 
\o 
\o 
\o *Info*    Run complete for Point ID (3 16) on testbench [
\o           NNFET:nnpfet_tb:1 ].
\o 
\o 
\o 
\o 
\o 
\o 
\o 
\o 
\o 
\o 
\o *Info*    Run start for Point ID (3 17) on testbench [
\o           NNFET:nnpfet_tb:1 ].
\o 
\o Resetting statistical vars
\o 
\o *Info*    Setting parameter values ...
\o 
\o Setting var VG = "1.7"
\o 
\o *Info*    Netlist Directory =
\o           /home/saul/Sim/NNFET/nnpfet_tb/adexl/results/data/Interactive.3/17/NNFET:nnpfet_tb:1/netlist
\o 
\o 
\o *Info*    Data Directory    =
\o           /home/saul/Sim/NNFET/nnpfet_tb/adexl/results/data/Interactive.3/17/NNFET:nnpfet_tb:1
\o 
\o 
\o *Info*    Creating Netlist for Point ID (3 17)
\o 
\o generate netlist...
\o function ansCdlCompPrim redefined
\o function ansCdlCompPrim redefined
\o Begin Incremental Netlisting Aug 25 15:35:09 2017
\o End netlisting Aug 25 15:35:09 2017
\o 
\o 	The netlist is up to date.
\o 	Time taken to compare the design with netlist:   0.0s
\o       ...successful.
\o compose simulator input file...
\o       ...successful.
\o 
\o *Info*    Running simulation on testbench [ NNFET:nnpfet_tb:1 ] for
\o           Point ID (3 17).
\o 
\o Delete psf data in /home/saul/Sim/NNFET/nnpfet_tb/adexl/results/data/Interactive.3/17/NNFET:nnpfet_tb:1/psf.
\o compose simulator input file...
\o       ...successful.
\o start simulator if needed...
\o       ...successful.
\o simulate...
\o To view the simulator output, right-click on the test name, result 
\o name, or any value in the "Results" tab of the Outputs section and 
\o choose "Output Log" menu option.
\o INFO (ADE-3071): Simulation completed successfully.
\o reading simulation data...
\o       ...successful.
\o *Info*    Client has finished evaluating ... 
\o 
\o 
\o *Info*    Run complete for Point ID (3 17) on testbench [
\o           NNFET:nnpfet_tb:1 ].
\o 
\o 
\o 
\o 
\o 
\o 
\o 
\o 
\o 
\o 
\o *Info*    Run start for Point ID (3 18) on testbench [
\o           NNFET:nnpfet_tb:1 ].
\o 
\o Resetting statistical vars
\o 
\o *Info*    Setting parameter values ...
\o 
\o Setting var VG = "1.8"
\o 
\o *Info*    Netlist Directory =
\o           /home/saul/Sim/NNFET/nnpfet_tb/adexl/results/data/Interactive.3/18/NNFET:nnpfet_tb:1/netlist
\o 
\o 
\o *Info*    Data Directory    =
\o           /home/saul/Sim/NNFET/nnpfet_tb/adexl/results/data/Interactive.3/18/NNFET:nnpfet_tb:1
\o 
\o 
\o *Info*    Creating Netlist for Point ID (3 18)
\o 
\o generate netlist...
\o function ansCdlCompPrim redefined
\o function ansCdlCompPrim redefined
\o Begin Incremental Netlisting Aug 25 15:35:10 2017
\o End netlisting Aug 25 15:35:10 2017
\o 
\o 	The netlist is up to date.
\o 	Time taken to compare the design with netlist:   0.0s
\o       ...successful.
\o compose simulator input file...
\o       ...successful.
\o 
\o *Info*    Running simulation on testbench [ NNFET:nnpfet_tb:1 ] for
\o           Point ID (3 18).
\o 
\o Delete psf data in /home/saul/Sim/NNFET/nnpfet_tb/adexl/results/data/Interactive.3/18/NNFET:nnpfet_tb:1/psf.
\o compose simulator input file...
\o       ...successful.
\o start simulator if needed...
\o       ...successful.
\o simulate...
\o To view the simulator output, right-click on the test name, result 
\o name, or any value in the "Results" tab of the Outputs section and 
\o choose "Output Log" menu option.
\o INFO (ADE-3071): Simulation completed successfully.
\o reading simulation data...
\o       ...successful.
\o *Info*    Client has finished evaluating ... 
\o 
\o 
\o *Info*    Run complete for Point ID (3 18) on testbench [
\o           NNFET:nnpfet_tb:1 ].
\o 
\o 
\o 
\o 
\o 
\o Job 14 timed out after no activity in 300 seconds.
\o Simulation design variables differ from those on the cellView,
\o they have been saved in the file "/tmp/saved-design-variables1".
\o To save future changes, copy variables to cellView before exiting.
\o Loading lce.cxt 
\o 
\o *Info*    Received signal SIGTERM.
\o 
\o 
