\# Program start time UTC 2017.12.19 15:15:55.580
\# Local time Tuesday 19 December 2017, 4:15 pm
\o Program:		@(#)$CDS: virtuoso version 6.1.6-64b 12/07/2015 20:18 (sjfbm186) $
\o Hierarchy:		/pkg/Cadence/installs/IC616/tools.lnx86/dfII/
\o Sub version:		sub-version  IC6.1.6-64b.500.14  (64-bit addresses)
\# Command line:	/pkg/Cadence/installs/IC616/tools.lnx86/dfII/bin/64bit/virtuoso -noautostart -mpssession virtuoso1919 -mpshost s2424.it.kth.se -davinciService DaVinciService_1919_1513694490 -log /home/saul/projects/NANONETS/logs_saul/logs0/Job25.log -licenseLockFileName /home/saul/projects/NANONETS/.tmp_saul/.s2424.it.kth.se_1919 -nograph -nostdin -axlChildIdFlag 25
\# Host name (type):	s2424.it.kth.se (x86_64)
\# Operating system:	Linux 2.6.18-417.el5 #1 SMP Tue Dec 20 13:11:30 UTC 2016
\# Linux /etc/issue:	CentOS release 5.11 (Final)
\# Linux /etc/issue:	Kernel \r on an \m
\# X display name (WxH):	s2424.it.kth.se:80.0 (1024x868)
\# Available geometry:			TL(0:0) BR(1023:867)
\# X server:			RealVNC Ltd (VNC nograph server, PID 21369)
\# Depth of Visual (Root):	16 (16)
\# Number of Planes Used:	16
\# X version:		11.0 (vendor release 3370)
\# X resource pool:	base 0x4000000, mask 0x3fffff (4194303), shift 0
\# 			current id 0x33, current max 0x3ffffa (4194298)
\# Max data seg size:	     unlimited
\# Max process size:	     unlimited
\# Initial sbrk value:	        656 MB
\# Available memory:	     72,065 MB
\# System memory:	     78,453 MB
\# Maximum memory size:	     77,868 MB
\# Max mem available:	     72,136 MB
\# Initial memory used:	         71 MB
\#        process size:	        754 MB
\# Qt version:		4.7.2
\# Window Manager:	other
\# User Name:		saul
\o Working Directory:	s2424.it.kth.se:/home/saul/projects/NANONETS
\# Process Id:		22738
\o 
\o COPYRIGHT © 1992-2015  CADENCE DESIGN SYSTEMS INC.  ALL RIGHTS RESERVED.
\o           © 1992-2015  UNIX SYSTEMS Laboratories INC.,
\o                          Reproduced with permission.
\o 
\o This Cadence Design Systems program and online documentation are
\o proprietary/confidential information and may be disclosed/used only
\o as authorized in a license agreement controlling such use and disclosure.
\o 
\o           RESTRICTED RIGHTS NOTICE (SHORT FORM)
\o Use/reproduction/disclosure is subject to restriction
\o set forth at FAR 1252.227-19 or its equivalent.
\o Loading geView.cxt 
\o Loading menuBuilder.cxt 
\o Loading schView.cxt 
\o Loading selectSv.cxt 
\o Loading LVS.cxt 
\o Loading layerProc.cxt 
\o Loading pte2.cxt 
\o Loading xlUI.cxt 
\o Loading auCore.cxt 
\o Loading vhdl.cxt 
\o Loading seismic.cxt 
\o Loading ci.cxt 
\o Loading ams.cxt 
\o Loading oasis.cxt 
\o Loading analog.cxt 
\o Loading asimenv.cxt 
\o Loading socket.cxt 
\o Loading dal.cxt 
\o Loading awv.cxt 
\o Loading par.cxt 
\o Loading alvs.cxt 
\o Loading caa.cxt 
\o Loading adexl.cxt 
\o *Info*    Exporting services from client ... 
\o 
\# Memory report: using         180 MB, process size 991 MB at UTC 2017.12.19 15:15:57.008
\o ......................................................................................
\o            ams AG hitkit v.ams_4.14
\o ......................................................................................
\o COPYRIGHT (c) 2013 Full Service Foundry @ ams AG.  ALL RIGHTS RESERVED
\o This hitkit and attached documentation are confidential information and may 
\o only be used as authorized by the hitkit license agreement.
\o ......................................................................................
\o Loading simulator default settings.
\o Defining layer name mapping for Pcells
\o ROD pcell code loaded
\o Additional code for low-voltage devices loaded
\o Loading customization file: ./.cdsinit_local
\o //
\o //  Calibre Skill Interface * (v2014.3_27.21) *
\o //
\o //                 Copyright Mentor Graphics Corporation 2005
\o //                             All Rights Reserved.
\o //         THIS WORK CONTAINS TRADE SECRET AND PROPRIETARY INFORMATION
\o //            WHICH IS THE PROPERTY OF MENTOR GRAPHICS CORPORATION
\o //              OR ITS LICENSORS AND IS SUBJECT TO LICENSE TERMS.
\o //
\o //
\o *SAUL_INFO* .cdsinit_local: Loading Calibre SKILL interface done
\o Loading customization file: $HOME/.cdsinit_personal
\o Loading simulator default settings.
\o *Info*    Client has finished starting ... 
\o 
\p hitkit: ams_4.14  Tech: ac18a6dmca  User: saul 
\o 
\o 
\o *Info*    Configuring the session ...
\o 
\o 	Library      = AMPLIFIER
\o 	Cell         = buffer_tb
\o 	View         = config
\o 	Simulator    = spectre
\o 	State Path   = $AXL_SETUPDB_DIR/test_states
\o 	State Name   = AMPLIFIER:buffer_tb:1_none_Interactive.9
\o 	Results DB   = /home/saul/projects/NANONETS/AMPLIFIER/buffer_tb/adexl/results/data/Interactive.9.rdb
\o 	Results Dir  = /home/saul/Sim/AMPLIFIER/buffer_tb/adexl/results/data/Interactive.9/9/AMPLIFIER:buffer_tb:1
\o 	Results Loc  = /home/saul/Sim/AMPLIFIER/buffer_tb/adexl/results/data
\o 	Project Dir  = /home/saul/projects/NANONETS/Sim
\o 	Setup DB loc = /home/saul/projects/NANONETS/AMPLIFIER/buffer_tb/adexl
\o 	File Encoding = 0
\o 
\o 
\o Loading simui.cxt 
\o Loading viva.cxt 
\o *Info*    Spectre controlMode is set "batch".
\o 
\o Loading spectrei.cxt 
\o Loading devCheck.cxt 
\o Loading relXpert.cxt 
\o Loading hspiceD.cxt 
\o Loading spectreinl.cxt 
\o Loading msgHandler.cxt 
\o Loading UltraSim.cxt 
\o Loading AMSOSS.cxt 
\o Loading AMS.cxt 
\o 
\o 
\o 
\o 
\o 
\o *Info*    Run start for Point ID (9 15) on testbench [
\o           AMPLIFIER:buffer_tb:1 ].
\o 
\o Resetting statistical vars
\o 
\o *Info*    Setting parameter values ...
\o 
\o Setting var CL = "300p"
\o Setting var PS_AC = "0"
\o Setting var RL = "100M"
\o Setting var VDC = "0.9"
\o Setting var VIN_AC = "1"
\o Setting var VPULSE = "0"
\o Setting var Vsupply = "1.8"
\o Setting temp(T) = 27
\o 
\o *Info*    Netlist Directory =
\o           /home/saul/Sim/AMPLIFIER/buffer_tb/adexl/results/data/Interactive.9/15/AMPLIFIER:buffer_tb:1/netlist
\o 
\o 
\o *Info*    Data Directory    =
\o           /home/saul/Sim/AMPLIFIER/buffer_tb/adexl/results/data/Interactive.9/15/AMPLIFIER:buffer_tb:1
\o 
\o 
\o *Info*    Creating Netlist for Point ID (9 15)
\o 
\o generate netlist...
\o Loading seCore.cxt 
\o function ansCdlCompPrim redefined
\o function ansCdlCompPrim redefined
\o Begin Incremental Netlisting Dec 19 16:15:59 2017
\o End netlisting Dec 19 16:15:59 2017
\o Loading monte.cxt 
\o 
\o 	The netlist is up to date.
\o 	Time taken to compare the design with netlist:   0.0s
\o       ...successful.
\o compose simulator input file...
\o       ...successful.
\o 
\o *Info*    Running simulation on testbench [ AMPLIFIER:buffer_tb:1 ]
\o           for Point ID (9 15).
\o 
\o Delete psf data in /home/saul/Sim/AMPLIFIER/buffer_tb/adexl/results/data/Interactive.9/15/AMPLIFIER:buffer_tb:1/psf.
\o compose simulator input file...
\# Memory report: using         287 MB, process size 1,101 MB at UTC 2017.12.19 15:15:59.741
\o       ...successful.
\o start simulator if needed...
\o       ...successful.
\o simulate...
\o To view the simulator output, right-click on the test name, result 
\o name, or any value in the "Results" tab of the Outputs section and 
\o choose "Output Log" menu option.
\o Loading paraplot.cxt 
\o INFO (ADE-3071): Simulation completed successfully.
\o reading simulation data...
\o       ...successful.
\o *Info*    Client has finished evaluating ... 
\o 
\o 
\o *Info*    Run complete for Point ID (9 15) on testbench [
\o           AMPLIFIER:buffer_tb:1 ].
\o 
\o 
\o 
\o 
\o 
\# Available memory:         70,616 MB at UTC 2017.12.19 15:16:05.763
\# Memory report: Maximum memory size now 70,907 MB at UTC 2017.12.19 15:16:05.764
\o Simulation design variables differ from those on the cellView,
\o they have been saved in the file "/tmp/saved-design-variables".
\o To save future changes, copy variables to cellView before exiting.
\o 
\o 
\o *Info*    Configuring the session ...
\o 
\o 	Library      = AMPLIFIER
\o 	Cell         = buffer_tb
\o 	View         = config
\o 	Simulator    = spectre
\o 	State Path   = $AXL_SETUPDB_DIR/test_states
\o 	State Name   = AMPLIFIER:buffer_tb:1_none_Interactive.10
\o 	Results DB   = /home/saul/projects/NANONETS/AMPLIFIER/buffer_tb/adexl/results/data/Interactive.10.rdb
\o 	Results Dir  = /home/saul/Sim/AMPLIFIER/buffer_tb/adexl/results/data/Interactive.10/1/AMPLIFIER:buffer_tb:1
\o 	Results Loc  = /home/saul/Sim/AMPLIFIER/buffer_tb/adexl/results/data
\o 	Project Dir  = /home/saul/projects/NANONETS/Sim
\o 	Setup DB loc = /home/saul/projects/NANONETS/AMPLIFIER/buffer_tb/adexl
\o 	File Encoding = 0
\o 
\o 
\o *Info*    Spectre controlMode is set "batch".
\o 
\o 
\o 
\o 
\o 
\o 
\o *Info*    Run start for Point ID (10 2) on testbench [
\o           AMPLIFIER:buffer_tb:1 ].
\o 
\o Resetting statistical vars
\o 
\o *Info*    Setting parameter values ...
\o 
\o Setting var CL = "1p"
\o Setting var PS_AC = "0"
\o Setting var RL = "10M"
\o Setting var VDC = "0.9"
\o Setting var VIN_AC = "1"
\o Setting var VPULSE = "100m"
\o Setting var Vsupply = "1.8"
\o Setting temp(T) = 27
\o 
\o *Info*    Netlist Directory =
\o           /home/saul/Sim/AMPLIFIER/buffer_tb/adexl/results/data/Interactive.10/2/AMPLIFIER:buffer_tb:1/netlist
\o 
\o 
\o *Info*    Data Directory    =
\o           /home/saul/Sim/AMPLIFIER/buffer_tb/adexl/results/data/Interactive.10/2/AMPLIFIER:buffer_tb:1
\o 
\o 
\o *Info*    Creating Netlist for Point ID (10 2)
\o 
\o generate netlist...
\o function ansCdlCompPrim redefined
\o function ansCdlCompPrim redefined
\o Begin Incremental Netlisting Dec 19 16:17:39 2017
\o End netlisting Dec 19 16:17:39 2017
\o 
\o 	The netlist is up to date.
\o 	Time taken to compare the design with netlist:   0.0s
\o       ...successful.
\o compose simulator input file...
\o       ...successful.
\o 
\o *Info*    Running simulation on testbench [ AMPLIFIER:buffer_tb:1 ]
\o           for Point ID (10 2).
\o 
\o Delete psf data in /home/saul/Sim/AMPLIFIER/buffer_tb/adexl/results/data/Interactive.10/2/AMPLIFIER:buffer_tb:1/psf.
\o compose simulator input file...
\o       ...successful.
\o start simulator if needed...
\o       ...successful.
\o simulate...
\o To view the simulator output, right-click on the test name, result 
\o name, or any value in the "Results" tab of the Outputs section and 
\o choose "Output Log" menu option.
\o INFO (ADE-3071): Simulation completed successfully.
\o reading simulation data...
\o       ...successful.
\o *Info*    Client has finished evaluating ... 
\o 
\o 
\o *Info*    Run complete for Point ID (10 2) on testbench [
\o           AMPLIFIER:buffer_tb:1 ].
\o 
\o 
\o 
\o 
\o 
\o 
\o 
\o 
\o 
\o 
\o *Info*    Run start for Point ID (10 5) on testbench [
\o           AMPLIFIER:buffer_tb:1 ].
\o 
\o Resetting statistical vars
\o 
\o *Info*    Setting parameter values ...
\o 
\o Setting var CL = "10p"
\o 
\o *Info*    Netlist Directory =
\o           /home/saul/Sim/AMPLIFIER/buffer_tb/adexl/results/data/Interactive.10/5/AMPLIFIER:buffer_tb:1/netlist
\o 
\o 
\o *Info*    Data Directory    =
\o           /home/saul/Sim/AMPLIFIER/buffer_tb/adexl/results/data/Interactive.10/5/AMPLIFIER:buffer_tb:1
\o 
\o 
\o *Info*    Creating Netlist for Point ID (10 5)
\o 
\o generate netlist...
\o function ansCdlCompPrim redefined
\o function ansCdlCompPrim redefined
\o Begin Incremental Netlisting Dec 19 16:17:41 2017
\o End netlisting Dec 19 16:17:41 2017
\o 
\o 	The netlist is up to date.
\o 	Time taken to compare the design with netlist:   0.0s
\o       ...successful.
\o compose simulator input file...
\o       ...successful.
\o 
\o *Info*    Running simulation on testbench [ AMPLIFIER:buffer_tb:1 ]
\o           for Point ID (10 5).
\o 
\o Delete psf data in /home/saul/Sim/AMPLIFIER/buffer_tb/adexl/results/data/Interactive.10/5/AMPLIFIER:buffer_tb:1/psf.
\o compose simulator input file...
\o       ...successful.
\o start simulator if needed...
\o       ...successful.
\o simulate...
\o To view the simulator output, right-click on the test name, result 
\o name, or any value in the "Results" tab of the Outputs section and 
\o choose "Output Log" menu option.
\o INFO (ADE-3071): Simulation completed successfully.
\o reading simulation data...
\o       ...successful.
\o *Info*    Client has finished evaluating ... 
\o 
\o 
\o *Info*    Run complete for Point ID (10 5) on testbench [
\o           AMPLIFIER:buffer_tb:1 ].
\o 
\o 
\o 
\o 
\o 
\o 
\o 
\o 
\o 
\o 
\o *Info*    Run start for Point ID (10 9) on testbench [
\o           AMPLIFIER:buffer_tb:1 ].
\o 
\o Resetting statistical vars
\o 
\o *Info*    Setting parameter values ...
\o 
\o Setting var CL = "30p"
\o Setting var RL = "100M"
\o 
\o *Info*    Netlist Directory =
\o           /home/saul/Sim/AMPLIFIER/buffer_tb/adexl/results/data/Interactive.10/9/AMPLIFIER:buffer_tb:1/netlist
\o 
\o 
\o *Info*    Data Directory    =
\o           /home/saul/Sim/AMPLIFIER/buffer_tb/adexl/results/data/Interactive.10/9/AMPLIFIER:buffer_tb:1
\o 
\o 
\o *Info*    Creating Netlist for Point ID (10 9)
\o 
\o generate netlist...
\o function ansCdlCompPrim redefined
\o function ansCdlCompPrim redefined
\o Begin Incremental Netlisting Dec 19 16:17:43 2017
\o End netlisting Dec 19 16:17:43 2017
\o 
\o 	The netlist is up to date.
\o 	Time taken to compare the design with netlist:   0.0s
\o       ...successful.
\o compose simulator input file...
\o       ...successful.
\o 
\o *Info*    Running simulation on testbench [ AMPLIFIER:buffer_tb:1 ]
\o           for Point ID (10 9).
\o 
\o Delete psf data in /home/saul/Sim/AMPLIFIER/buffer_tb/adexl/results/data/Interactive.10/9/AMPLIFIER:buffer_tb:1/psf.
\o compose simulator input file...
\o       ...successful.
\o start simulator if needed...
\o       ...successful.
\o simulate...
\o To view the simulator output, right-click on the test name, result 
\o name, or any value in the "Results" tab of the Outputs section and 
\o choose "Output Log" menu option.
\o INFO (ADE-3071): Simulation completed successfully.
\o reading simulation data...
\o       ...successful.
\o *Info*    Client has finished evaluating ... 
\o 
\o 
\o *Info*    Run complete for Point ID (10 9) on testbench [
\o           AMPLIFIER:buffer_tb:1 ].
\o 
\o 
\o 
\o 
\o 
\o 
\o 
\o 
\o 
\o 
\o *Info*    Run start for Point ID (10 13) on testbench [
\o           AMPLIFIER:buffer_tb:1 ].
\o 
\o Resetting statistical vars
\o 
\o *Info*    Setting parameter values ...
\o 
\o Setting var CL = "300p"
\o Setting var RL = "1M"
\o 
\o *Info*    Netlist Directory =
\o           /home/saul/Sim/AMPLIFIER/buffer_tb/adexl/results/data/Interactive.10/13/AMPLIFIER:buffer_tb:1/netlist
\o 
\o 
\o *Info*    Data Directory    =
\o           /home/saul/Sim/AMPLIFIER/buffer_tb/adexl/results/data/Interactive.10/13/AMPLIFIER:buffer_tb:1
\o 
\o 
\o *Info*    Creating Netlist for Point ID (10 13)
\o 
\o generate netlist...
\o function ansCdlCompPrim redefined
\o function ansCdlCompPrim redefined
\o Begin Incremental Netlisting Dec 19 16:17:45 2017
\o End netlisting Dec 19 16:17:45 2017
\o 
\o 	The netlist is up to date.
\o 	Time taken to compare the design with netlist:   0.0s
\o       ...successful.
\o compose simulator input file...
\o       ...successful.
\o 
\o *Info*    Running simulation on testbench [ AMPLIFIER:buffer_tb:1 ]
\o           for Point ID (10 13).
\o 
\o Delete psf data in /home/saul/Sim/AMPLIFIER/buffer_tb/adexl/results/data/Interactive.10/13/AMPLIFIER:buffer_tb:1/psf.
\o compose simulator input file...
\o       ...successful.
\o start simulator if needed...
\o       ...successful.
\o simulate...
\o To view the simulator output, right-click on the test name, result 
\o name, or any value in the "Results" tab of the Outputs section and 
\o choose "Output Log" menu option.
\o INFO (ADE-3071): Simulation completed successfully.
\o reading simulation data...
\o       ...successful.
\o *Info*    Client has finished evaluating ... 
\o 
\o 
\o *Info*    Run complete for Point ID (10 13) on testbench [
\o           AMPLIFIER:buffer_tb:1 ].
\o 
\o 
\o 
\o 
\o 
\o Simulation design variables differ from those on the cellView,
\o they have been saved in the file "/tmp/saved-design-variables".
\o To save future changes, copy variables to cellView before exiting.
\o 
\o 
\o *Info*    Configuring the session ...
\o 
\o 	Library      = AMPLIFIER
\o 	Cell         = buffer_tb
\o 	View         = config
\o 	Simulator    = spectre
\o 	State Path   = $AXL_SETUPDB_DIR/test_states
\o 	State Name   = AMPLIFIER:buffer_tb:1_none_Interactive.11
\o 	Results DB   = /home/saul/projects/NANONETS/AMPLIFIER/buffer_tb/adexl/results/data/Interactive.11.rdb
\o 	Results Dir  = /home/saul/Sim/AMPLIFIER/buffer_tb/adexl/results/data/Interactive.11/1/AMPLIFIER:buffer_tb:1
\o 	Results Loc  = /home/saul/Sim/AMPLIFIER/buffer_tb/adexl/results/data
\o 	Project Dir  = /home/saul/projects/NANONETS/Sim
\o 	Setup DB loc = /home/saul/projects/NANONETS/AMPLIFIER/buffer_tb/adexl
\o 	File Encoding = 0
\o 
\o 
\o *Info*    Spectre controlMode is set "batch".
\o 
\o 
\o 
\o 
\o 
\o 
\o *Info*    Run start for Point ID (11 2) on testbench [
\o           AMPLIFIER:buffer_tb:1 ].
\o 
\o Resetting statistical vars
\o 
\o *Info*    Setting parameter values ...
\o 
\o Setting var CL = "1p"
\o Setting var PS_AC = "0"
\o Setting var RL = "10M"
\o Setting var VDC = "0.9"
\o Setting var VIN_AC = "1"
\o Setting var VPULSE = "10m"
\o Setting var Vsupply = "1.8"
\o Setting temp(T) = 27
\o 
\o *Info*    Netlist Directory =
\o           /home/saul/Sim/AMPLIFIER/buffer_tb/adexl/results/data/Interactive.11/2/AMPLIFIER:buffer_tb:1/netlist
\o 
\o 
\o *Info*    Data Directory    =
\o           /home/saul/Sim/AMPLIFIER/buffer_tb/adexl/results/data/Interactive.11/2/AMPLIFIER:buffer_tb:1
\o 
\o 
\o *Info*    Creating Netlist for Point ID (11 2)
\o 
\o generate netlist...
\o function ansCdlCompPrim redefined
\o function ansCdlCompPrim redefined
\o Begin Incremental Netlisting Dec 19 16:19:25 2017
\o End netlisting Dec 19 16:19:25 2017
\o 
\o 	The netlist is up to date.
\o 	Time taken to compare the design with netlist:   0.0s
\o       ...successful.
\o compose simulator input file...
\o       ...successful.
\o 
\o *Info*    Running simulation on testbench [ AMPLIFIER:buffer_tb:1 ]
\o           for Point ID (11 2).
\o 
\o Delete psf data in /home/saul/Sim/AMPLIFIER/buffer_tb/adexl/results/data/Interactive.11/2/AMPLIFIER:buffer_tb:1/psf.
\o compose simulator input file...
\o       ...successful.
\o start simulator if needed...
\o       ...successful.
\o simulate...
\o To view the simulator output, right-click on the test name, result 
\o name, or any value in the "Results" tab of the Outputs section and 
\o choose "Output Log" menu option.
\o INFO (ADE-3071): Simulation completed successfully.
\o reading simulation data...
\o       ...successful.
\o *Info*    Client has finished evaluating ... 
\o 
\o 
\o *Info*    Run complete for Point ID (11 2) on testbench [
\o           AMPLIFIER:buffer_tb:1 ].
\o 
\o 
\o 
\o 
\o 
\o 
\o 
\o 
\o 
\o 
\o *Info*    Run start for Point ID (11 7) on testbench [
\o           AMPLIFIER:buffer_tb:1 ].
\o 
\o Resetting statistical vars
\o 
\o *Info*    Setting parameter values ...
\o 
\o Setting var CL = "30p"
\o Setting var RL = "1M"
\o 
\o *Info*    Netlist Directory =
\o           /home/saul/Sim/AMPLIFIER/buffer_tb/adexl/results/data/Interactive.11/7/AMPLIFIER:buffer_tb:1/netlist
\o 
\o 
\o *Info*    Data Directory    =
\o           /home/saul/Sim/AMPLIFIER/buffer_tb/adexl/results/data/Interactive.11/7/AMPLIFIER:buffer_tb:1
\o 
\o 
\o *Info*    Creating Netlist for Point ID (11 7)
\o 
\o generate netlist...
\o function ansCdlCompPrim redefined
\o function ansCdlCompPrim redefined
\o Begin Incremental Netlisting Dec 19 16:19:27 2017
\o End netlisting Dec 19 16:19:28 2017
\o 
\o 	The netlist is up to date.
\o 	Time taken to compare the design with netlist:   1.0s
\o       ...successful.
\o compose simulator input file...
\o       ...successful.
\o 
\o *Info*    Running simulation on testbench [ AMPLIFIER:buffer_tb:1 ]
\o           for Point ID (11 7).
\o 
\o Delete psf data in /home/saul/Sim/AMPLIFIER/buffer_tb/adexl/results/data/Interactive.11/7/AMPLIFIER:buffer_tb:1/psf.
\o compose simulator input file...
\o       ...successful.
\o start simulator if needed...
\o       ...successful.
\o simulate...
\o To view the simulator output, right-click on the test name, result 
\o name, or any value in the "Results" tab of the Outputs section and 
\o choose "Output Log" menu option.
\o INFO (ADE-3071): Simulation completed successfully.
\o reading simulation data...
\o       ...successful.
\o *Info*    Client has finished evaluating ... 
\o 
\o 
\o *Info*    Run complete for Point ID (11 7) on testbench [
\o           AMPLIFIER:buffer_tb:1 ].
\o 
\o 
\o 
\o 
\o 
\o 
\o 
\o 
\o 
\o 
\o *Info*    Run start for Point ID (11 14) on testbench [
\o           AMPLIFIER:buffer_tb:1 ].
\o 
\o Resetting statistical vars
\o 
\o *Info*    Setting parameter values ...
\o 
\o Setting var CL = "300p"
\o Setting var RL = "10M"
\o 
\o *Info*    Netlist Directory =
\o           /home/saul/Sim/AMPLIFIER/buffer_tb/adexl/results/data/Interactive.11/14/AMPLIFIER:buffer_tb:1/netlist
\o 
\o 
\o *Info*    Data Directory    =
\o           /home/saul/Sim/AMPLIFIER/buffer_tb/adexl/results/data/Interactive.11/14/AMPLIFIER:buffer_tb:1
\o 
\o 
\o *Info*    Creating Netlist for Point ID (11 14)
\o 
\o generate netlist...
\o function ansCdlCompPrim redefined
\o function ansCdlCompPrim redefined
\o Begin Incremental Netlisting Dec 19 16:19:30 2017
\o End netlisting Dec 19 16:19:30 2017
\o 
\o 	The netlist is up to date.
\o 	Time taken to compare the design with netlist:   0.0s
\o       ...successful.
\o compose simulator input file...
\o       ...successful.
\o 
\o *Info*    Running simulation on testbench [ AMPLIFIER:buffer_tb:1 ]
\o           for Point ID (11 14).
\o 
\o Delete psf data in /home/saul/Sim/AMPLIFIER/buffer_tb/adexl/results/data/Interactive.11/14/AMPLIFIER:buffer_tb:1/psf.
\o compose simulator input file...
\o       ...successful.
\o start simulator if needed...
\o       ...successful.
\o simulate...
\o To view the simulator output, right-click on the test name, result 
\o name, or any value in the "Results" tab of the Outputs section and 
\o choose "Output Log" menu option.
\o INFO (ADE-3071): Simulation completed successfully.
\o reading simulation data...
\o       ...successful.
\o *Info*    Client has finished evaluating ... 
\o 
\o 
\o *Info*    Run complete for Point ID (11 14) on testbench [
\o           AMPLIFIER:buffer_tb:1 ].
\o 
\o 
\o 
\o 
\o 
\o Simulation design variables differ from those on the cellView,
\o they have been saved in the file "/tmp/saved-design-variables".
\o To save future changes, copy variables to cellView before exiting.
\o 
\o 
\o *Info*    Configuring the session ...
\o 
\o 	Library      = AMPLIFIER
\o 	Cell         = buffer_tb
\o 	View         = config
\o 	Simulator    = spectre
\o 	State Path   = $AXL_SETUPDB_DIR/test_states
\o 	State Name   = AMPLIFIER:buffer_tb:1:1_AMPLIFIER:buffer_tb:1:1_state_Interactive.11
\o 	Results DB   = /home/saul/projects/NANONETS/AMPLIFIER/buffer_tb/adexl/results/data/Interactive.11.rdb
\o 	Results Dir  = /home/saul/Sim/AMPLIFIER/buffer_tb/adexl/results/data/Interactive.11/12/AMPLIFIER:buffer_tb:1:1
\o 	Results Loc  = /home/saul/Sim/AMPLIFIER/buffer_tb/adexl/results/data
\o 	Project Dir  = /home/saul/projects/NANONETS/Sim
\o 	Setup DB loc = /home/saul/projects/NANONETS/AMPLIFIER/buffer_tb/adexl
\o 	File Encoding = 0
\o 
\o 
\o *Info*    Spectre controlMode is set "batch".
\o 
\o Simulation design variables differ from those on the cellView,
\o they have been saved in the file "/tmp/saved-design-variables".
\o To save future changes, copy variables to cellView before exiting.
\o 
\o 
\o *Info*    Configuring the session ...
\o 
\o 	Library      = AMPLIFIER
\o 	Cell         = buffer_tb
\o 	View         = config
\o 	Simulator    = spectre
\o 	State Path   = $AXL_SETUPDB_DIR/test_states
\o 	State Name   = AMPLIFIER:buffer_tb:1:1_AMPLIFIER:buffer_tb:1:1_state_Interactive.12
\o 	Results DB   = /home/saul/projects/NANONETS/AMPLIFIER/buffer_tb/adexl/results/data/Interactive.12.rdb
\o 	Results Dir  = /home/saul/Sim/AMPLIFIER/buffer_tb/adexl/results/data/Interactive.12/1/AMPLIFIER:buffer_tb:1:1
\o 	Results Loc  = /home/saul/Sim/AMPLIFIER/buffer_tb/adexl/results/data
\o 	Project Dir  = /home/saul/projects/NANONETS/Sim
\o 	Setup DB loc = /home/saul/projects/NANONETS/AMPLIFIER/buffer_tb/adexl
\o 	File Encoding = 0
\o 
\o 
\o *Info*    Spectre controlMode is set "batch".
\o 
\o 
\o 
\o 
\o 
\o 
\o *Info*    Run start for Point ID (12 8) on testbench [
\o           AMPLIFIER:buffer_tb:1:1 ].
\o 
\o Resetting statistical vars
\o 
\o *Info*    Setting parameter values ...
\o 
\o Setting var CL = "30p"
\o Setting var PS_AC = "0"
\o Setting var RL = "10M"
\o Setting var VDC = "0.9"
\o Setting var VIN_AC = "1"
\o Setting var VPULSE = "10m"
\o Setting var Vsupply = "1.8"
\o Setting temp(T) = 27
\o 
\o *Info*    Netlist Directory =
\o           /home/saul/Sim/AMPLIFIER/buffer_tb/adexl/results/data/Interactive.12/8/AMPLIFIER:buffer_tb:1:1/netlist
\o 
\o 
\o *Info*    Data Directory    =
\o           /home/saul/Sim/AMPLIFIER/buffer_tb/adexl/results/data/Interactive.12/8/AMPLIFIER:buffer_tb:1:1
\o 
\o 
\o *Info*    Creating Netlist for Point ID (12 8)
\o 
\o generate netlist...
\o function ansCdlCompPrim redefined
\o function ansCdlCompPrim redefined
\o Begin Incremental Netlisting Dec 19 16:20:40 2017
\o End netlisting Dec 19 16:20:40 2017
\o 
\o 	The netlist is up to date.
\o 	Time taken to compare the design with netlist:   0.0s
\o       ...successful.
\o compose simulator input file...
\o       ...successful.
\o 
\o *Info*    Running simulation on testbench [ AMPLIFIER:buffer_tb:1:1 ]
\o           for Point ID (12 8).
\o 
\o Delete psf data in /home/saul/Sim/AMPLIFIER/buffer_tb/adexl/results/data/Interactive.12/8/AMPLIFIER:buffer_tb:1:1/psf.
\o compose simulator input file...
\o       ...successful.
\o start simulator if needed...
\o       ...successful.
\o simulate...
\o To view the simulator output, right-click on the test name, result 
\o name, or any value in the "Results" tab of the Outputs section and 
\o choose "Output Log" menu option.
\o INFO (ADE-3071): Simulation completed successfully.
\o reading simulation data...
\o       ...successful.
\o *Info*    Client has finished evaluating ... 
\o 
\o ERROR (ADEXL-2709): Evaluation of output 'VDC("/VOUT")' returned 'nil' for point:'8' test:'AMPLIFIER:buffer_tb:1:1'
\o 	Expression:'VDC("/VOUT")'.
\o Ensure that the definition of output is correct.
\o 
\o WARNING (OCN-6038): Results ac are not available for /home/saul/Sim/AMPLIFIER/buffer_tb/adexl/results/data/Interactive.12/8/AMPLIFIER:buffer_tb:1:1/psf. Use results() for a list of available results.
\o WARNING (OCN-6038): Results tran_info-tran_info are not available for /home/saul/Sim/AMPLIFIER/buffer_tb/adexl/results/data/Interactive.12/8/AMPLIFIER:buffer_tb:1:1/psf. Use results() for a list of available results.
\e *Error* dB20: can't handle dB20(nil)
\e 
\e 
\o ERROR (ADEXL-2709): Evaluation of output 'dB20(VF("/VOUT"))' returned 'nil' for point:'8' test:'AMPLIFIER:buffer_tb:1:1'
\o 	Expression:'dB20(VF("/VOUT"))'.
\o Ensure that the definition of output is correct.
\o 
\o WARNING (OCN-6038): Results ac are not available for /home/saul/Sim/AMPLIFIER/buffer_tb/adexl/results/data/Interactive.12/8/AMPLIFIER:buffer_tb:1:1/psf. Use results() for a list of available results.
\o WARNING (OCN-6038): Results tran_info-tran_info are not available for /home/saul/Sim/AMPLIFIER/buffer_tb/adexl/results/data/Interactive.12/8/AMPLIFIER:buffer_tb:1:1/psf. Use results() for a list of available results.
\e *Error* dB20: can't handle dB20(nil)
\e 
\e 
\o ERROR (ADEXL-2709): Evaluation of output 'dB20(VF("/VSAM"))' returned 'nil' for point:'8' test:'AMPLIFIER:buffer_tb:1:1'
\o 	Expression:'dB20(VF("/VSAM"))'.
\o Ensure that the definition of output is correct.
\o 
\o 
\o *Info*    Run complete for Point ID (12 8) on testbench [
\o           AMPLIFIER:buffer_tb:1:1 ].
\o 
\o 
\o 
\o 
\o 
\o 
\o 
\o 
\o 
\o 
\o *Info*    Run start for Point ID (12 11) on testbench [
\o           AMPLIFIER:buffer_tb:1:1 ].
\o 
\o Resetting statistical vars
\o 
\o *Info*    Setting parameter values ...
\o 
\o Setting var CL = "100p"
\o 
\o *Info*    Netlist Directory =
\o           /home/saul/Sim/AMPLIFIER/buffer_tb/adexl/results/data/Interactive.12/11/AMPLIFIER:buffer_tb:1:1/netlist
\o 
\o 
\o *Info*    Data Directory    =
\o           /home/saul/Sim/AMPLIFIER/buffer_tb/adexl/results/data/Interactive.12/11/AMPLIFIER:buffer_tb:1:1
\o 
\o 
\o *Info*    Creating Netlist for Point ID (12 11)
\o 
\o generate netlist...
\o function ansCdlCompPrim redefined
\o function ansCdlCompPrim redefined
\o Begin Incremental Netlisting Dec 19 16:20:43 2017
\o End netlisting Dec 19 16:20:43 2017
\o 
\o 	The netlist is up to date.
\o 	Time taken to compare the design with netlist:   0.0s
\o       ...successful.
\o compose simulator input file...
\o       ...successful.
\o 
\o *Info*    Running simulation on testbench [ AMPLIFIER:buffer_tb:1:1 ]
\o           for Point ID (12 11).
\o 
\o Delete psf data in /home/saul/Sim/AMPLIFIER/buffer_tb/adexl/results/data/Interactive.12/11/AMPLIFIER:buffer_tb:1:1/psf.
\o compose simulator input file...
\o       ...successful.
\o start simulator if needed...
\o       ...successful.
\o simulate...
\o To view the simulator output, right-click on the test name, result 
\o name, or any value in the "Results" tab of the Outputs section and 
\o choose "Output Log" menu option.
\o INFO (ADE-3071): Simulation completed successfully.
\o reading simulation data...
\o       ...successful.
\o *Info*    Client has finished evaluating ... 
\o 
\o ERROR (ADEXL-2709): Evaluation of output 'VDC("/VOUT")' returned 'nil' for point:'11' test:'AMPLIFIER:buffer_tb:1:1'
\o 	Expression:'VDC("/VOUT")'.
\o Ensure that the definition of output is correct.
\o 
\o WARNING (OCN-6038): Results ac are not available for /home/saul/Sim/AMPLIFIER/buffer_tb/adexl/results/data/Interactive.12/11/AMPLIFIER:buffer_tb:1:1/psf. Use results() for a list of available results.
\o WARNING (OCN-6038): Results tran_info-tran_info are not available for /home/saul/Sim/AMPLIFIER/buffer_tb/adexl/results/data/Interactive.12/11/AMPLIFIER:buffer_tb:1:1/psf. Use results() for a list of available results.
\e *Error* dB20: can't handle dB20(nil)
\e 
\e 
\o ERROR (ADEXL-2709): Evaluation of output 'dB20(VF("/VOUT"))' returned 'nil' for point:'11' test:'AMPLIFIER:buffer_tb:1:1'
\o 	Expression:'dB20(VF("/VOUT"))'.
\o Ensure that the definition of output is correct.
\o 
\o WARNING (OCN-6038): Results ac are not available for /home/saul/Sim/AMPLIFIER/buffer_tb/adexl/results/data/Interactive.12/11/AMPLIFIER:buffer_tb:1:1/psf. Use results() for a list of available results.
\o WARNING (OCN-6038): Results tran_info-tran_info are not available for /home/saul/Sim/AMPLIFIER/buffer_tb/adexl/results/data/Interactive.12/11/AMPLIFIER:buffer_tb:1:1/psf. Use results() for a list of available results.
\e *Error* dB20: can't handle dB20(nil)
\e 
\e 
\o ERROR (ADEXL-2709): Evaluation of output 'dB20(VF("/VSAM"))' returned 'nil' for point:'11' test:'AMPLIFIER:buffer_tb:1:1'
\o 	Expression:'dB20(VF("/VSAM"))'.
\o Ensure that the definition of output is correct.
\o 
\o 
\o *Info*    Run complete for Point ID (12 11) on testbench [
\o           AMPLIFIER:buffer_tb:1:1 ].
\o 
\o 
\o 
\o 
\o 
\o Simulation design variables differ from those on the cellView,
\o they have been saved in the file "/tmp/saved-design-variables".
\o To save future changes, copy variables to cellView before exiting.
\o 
\o 
\o *Info*    Configuring the session ...
\o 
\o 	Library      = AMPLIFIER
\o 	Cell         = buffer_tb
\o 	View         = config
\o 	Simulator    = spectre
\o 	State Path   = $AXL_SETUPDB_DIR/test_states
\o 	State Name   = AMPLIFIER:buffer_tb:1:1_AMPLIFIER:buffer_tb:1:1_state_Interactive.13
\o 	Results DB   = /home/saul/projects/NANONETS/AMPLIFIER/buffer_tb/adexl/results/data/Interactive.13.rdb
\o 	Results Dir  = /home/saul/Sim/AMPLIFIER/buffer_tb/adexl/results/data/Interactive.13/1/AMPLIFIER:buffer_tb:1:1
\o 	Results Loc  = /home/saul/Sim/AMPLIFIER/buffer_tb/adexl/results/data
\o 	Project Dir  = /home/saul/projects/NANONETS/Sim
\o 	Setup DB loc = /home/saul/projects/NANONETS/AMPLIFIER/buffer_tb/adexl
\o 	File Encoding = 0
\o 
\o 
\o *Info*    Spectre controlMode is set "batch".
\o 
\o 
\o 
\o 
\o 
\o 
\o *Info*    Run start for Point ID (13 6) on testbench [
\o           AMPLIFIER:buffer_tb:1:1 ].
\o 
\o Resetting statistical vars
\o 
\o *Info*    Setting parameter values ...
\o 
\o Setting var CL = "10p"
\o Setting var PS_AC = "0"
\o Setting var RL = "100M"
\o Setting var VDC = "0.9"
\o Setting var VIN_AC = "1"
\o Setting var VPULSE = "10m"
\o Setting var Vsupply = "1.8"
\o Setting temp(T) = 27
\o 
\o *Info*    Netlist Directory =
\o           /home/saul/Sim/AMPLIFIER/buffer_tb/adexl/results/data/Interactive.13/6/AMPLIFIER:buffer_tb:1:1/netlist
\o 
\o 
\o *Info*    Data Directory    =
\o           /home/saul/Sim/AMPLIFIER/buffer_tb/adexl/results/data/Interactive.13/6/AMPLIFIER:buffer_tb:1:1
\o 
\o 
\o *Info*    Creating Netlist for Point ID (13 6)
\o 
\o generate netlist...
\o function ansCdlCompPrim redefined
\o function ansCdlCompPrim redefined
\o Begin Incremental Netlisting Dec 19 16:21:39 2017
\o End netlisting Dec 19 16:21:39 2017
\o 
\o 	The netlist is up to date.
\o 	Time taken to compare the design with netlist:   0.0s
\o       ...successful.
\o compose simulator input file...
\o       ...successful.
\o 
\o *Info*    Running simulation on testbench [ AMPLIFIER:buffer_tb:1:1 ]
\o           for Point ID (13 6).
\o 
\o Delete psf data in /home/saul/Sim/AMPLIFIER/buffer_tb/adexl/results/data/Interactive.13/6/AMPLIFIER:buffer_tb:1:1/psf.
\o compose simulator input file...
\o       ...successful.
\o start simulator if needed...
\o       ...successful.
\o simulate...
\o To view the simulator output, right-click on the test name, result 
\o name, or any value in the "Results" tab of the Outputs section and 
\o choose "Output Log" menu option.
\o INFO (ADE-3071): Simulation completed successfully.
\o reading simulation data...
\o       ...successful.
\o *Info*    Client has finished evaluating ... 
\o 
\o 
\o *Info*    Run complete for Point ID (13 6) on testbench [
\o           AMPLIFIER:buffer_tb:1:1 ].
\o 
\o 
\o 
\o 
\o 
\o 
\o 
\o 
\o 
\o 
\o *Info*    Run start for Point ID (13 10) on testbench [
\o           AMPLIFIER:buffer_tb:1:1 ].
\o 
\o Resetting statistical vars
\o 
\o *Info*    Setting parameter values ...
\o 
\o Setting var CL = "100p"
\o Setting var RL = "1M"
\o 
\o *Info*    Netlist Directory =
\o           /home/saul/Sim/AMPLIFIER/buffer_tb/adexl/results/data/Interactive.13/10/AMPLIFIER:buffer_tb:1:1/netlist
\o 
\o 
\o *Info*    Data Directory    =
\o           /home/saul/Sim/AMPLIFIER/buffer_tb/adexl/results/data/Interactive.13/10/AMPLIFIER:buffer_tb:1:1
\o 
\o 
\o *Info*    Creating Netlist for Point ID (13 10)
\o 
\o generate netlist...
\o function ansCdlCompPrim redefined
\o function ansCdlCompPrim redefined
\o Begin Incremental Netlisting Dec 19 16:21:42 2017
\o End netlisting Dec 19 16:21:42 2017
\o 
\o 	The netlist is up to date.
\o 	Time taken to compare the design with netlist:   0.0s
\o       ...successful.
\o compose simulator input file...
\o       ...successful.
\o 
\o *Info*    Running simulation on testbench [ AMPLIFIER:buffer_tb:1:1 ]
\o           for Point ID (13 10).
\o 
\o Delete psf data in /home/saul/Sim/AMPLIFIER/buffer_tb/adexl/results/data/Interactive.13/10/AMPLIFIER:buffer_tb:1:1/psf.
\o compose simulator input file...
\o       ...successful.
\o start simulator if needed...
\o       ...successful.
\o simulate...
\o To view the simulator output, right-click on the test name, result 
\o name, or any value in the "Results" tab of the Outputs section and 
\o choose "Output Log" menu option.
\o INFO (ADE-3071): Simulation completed successfully.
\o reading simulation data...
\o       ...successful.
\o *Info*    Client has finished evaluating ... 
\o 
\o 
\o *Info*    Run complete for Point ID (13 10) on testbench [
\o           AMPLIFIER:buffer_tb:1:1 ].
\o 
\o 
\o 
\o 
\o 
\o Simulation design variables differ from those on the cellView,
\o they have been saved in the file "/tmp/saved-design-variables".
\o To save future changes, copy variables to cellView before exiting.
\o 
\o 
\o *Info*    Configuring the session ...
\o 
\o 	Library      = AMPLIFIER
\o 	Cell         = buffer_tb
\o 	View         = config
\o 	Simulator    = spectre
\o 	State Path   = $AXL_SETUPDB_DIR/test_states
\o 	State Name   = AMPLIFIER:buffer_tb:1:1_AMPLIFIER:buffer_tb:1:1_state_Interactive.14
\o 	Results DB   = /home/saul/projects/NANONETS/AMPLIFIER/buffer_tb/adexl/results/data/Interactive.14.rdb
\o 	Results Dir  = /home/saul/Sim/AMPLIFIER/buffer_tb/adexl/results/data/Interactive.14/1/AMPLIFIER:buffer_tb:1:1
\o 	Results Loc  = /home/saul/Sim/AMPLIFIER/buffer_tb/adexl/results/data
\o 	Project Dir  = /home/saul/projects/NANONETS/Sim
\o 	Setup DB loc = /home/saul/projects/NANONETS/AMPLIFIER/buffer_tb/adexl
\o 	File Encoding = 0
\o 
\o 
\o *Info*    Spectre controlMode is set "batch".
\o 
\o 
\o 
\o 
\o 
\o 
\o *Info*    Run start for Point ID (14 4) on testbench [
\o           AMPLIFIER:buffer_tb:1:1 ].
\o 
\o Resetting statistical vars
\o 
\o *Info*    Setting parameter values ...
\o 
\o Setting var CL = "10p"
\o Setting var PS_AC = "0"
\o Setting var RL = "1M"
\o Setting var VDC = "0.9"
\o Setting var VIN_AC = "1"
\o Setting var VPULSE = "10m"
\o Setting var Vsupply = "1.8"
\o Setting temp(T) = 27
\o 
\o *Info*    Netlist Directory =
\o           /home/saul/Sim/AMPLIFIER/buffer_tb/adexl/results/data/Interactive.14/4/AMPLIFIER:buffer_tb:1:1/netlist
\o 
\o 
\o *Info*    Data Directory    =
\o           /home/saul/Sim/AMPLIFIER/buffer_tb/adexl/results/data/Interactive.14/4/AMPLIFIER:buffer_tb:1:1
\o 
\o 
\o *Info*    Creating Netlist for Point ID (14 4)
\o 
\o generate netlist...
\o function ansCdlCompPrim redefined
\o function ansCdlCompPrim redefined
\o Begin Incremental Netlisting Dec 19 16:23:46 2017
\o End netlisting Dec 19 16:23:46 2017
\o 
\o 	The netlist is up to date.
\o 	Time taken to compare the design with netlist:   0.0s
\o       ...successful.
\o compose simulator input file...
\o       ...successful.
\o 
\o *Info*    Running simulation on testbench [ AMPLIFIER:buffer_tb:1:1 ]
\o           for Point ID (14 4).
\o 
\o Delete psf data in /home/saul/Sim/AMPLIFIER/buffer_tb/adexl/results/data/Interactive.14/4/AMPLIFIER:buffer_tb:1:1/psf.
\o compose simulator input file...
\o       ...successful.
\o start simulator if needed...
\o       ...successful.
\o simulate...
\o To view the simulator output, right-click on the test name, result 
\o name, or any value in the "Results" tab of the Outputs section and 
\o choose "Output Log" menu option.
\o INFO (ADE-3071): Simulation completed successfully.
\o reading simulation data...
\o       ...successful.
\o *Info*    Client has finished evaluating ... 
\o 
\o 
\o *Info*    Run complete for Point ID (14 4) on testbench [
\o           AMPLIFIER:buffer_tb:1:1 ].
\o 
\o 
\o 
\o 
\o 
\o 
\o 
\o 
\o 
\o 
\o *Info*    Run start for Point ID (14 12) on testbench [
\o           AMPLIFIER:buffer_tb:1:1 ].
\o 
\o Resetting statistical vars
\o 
\o *Info*    Setting parameter values ...
\o 
\o Setting var CL = "100p"
\o Setting var RL = "100M"
\o 
\o *Info*    Netlist Directory =
\o           /home/saul/Sim/AMPLIFIER/buffer_tb/adexl/results/data/Interactive.14/12/AMPLIFIER:buffer_tb:1:1/netlist
\o 
\o 
\o *Info*    Data Directory    =
\o           /home/saul/Sim/AMPLIFIER/buffer_tb/adexl/results/data/Interactive.14/12/AMPLIFIER:buffer_tb:1:1
\o 
\o 
\o *Info*    Creating Netlist for Point ID (14 12)
\o 
\o generate netlist...
\o function ansCdlCompPrim redefined
\o function ansCdlCompPrim redefined
\o Begin Incremental Netlisting Dec 19 16:23:48 2017
\o End netlisting Dec 19 16:23:49 2017
\o 
\o 	The netlist is up to date.
\o 	Time taken to compare the design with netlist:   1.0s
\o       ...successful.
\o compose simulator input file...
\o       ...successful.
\o 
\o *Info*    Running simulation on testbench [ AMPLIFIER:buffer_tb:1:1 ]
\o           for Point ID (14 12).
\o 
\o Delete psf data in /home/saul/Sim/AMPLIFIER/buffer_tb/adexl/results/data/Interactive.14/12/AMPLIFIER:buffer_tb:1:1/psf.
\o compose simulator input file...
\o       ...successful.
\o start simulator if needed...
\o       ...successful.
\o simulate...
\o To view the simulator output, right-click on the test name, result 
\o name, or any value in the "Results" tab of the Outputs section and 
\o choose "Output Log" menu option.
\o INFO (ADE-3071): Simulation completed successfully.
\o reading simulation data...
\o       ...successful.
\o *Info*    Client has finished evaluating ... 
\o 
\o 
\o *Info*    Run complete for Point ID (14 12) on testbench [
\o           AMPLIFIER:buffer_tb:1:1 ].
\o 
\o 
\o 
\o 
\o 
\o Simulation design variables differ from those on the cellView,
\o they have been saved in the file "/tmp/saved-design-variables".
\o To save future changes, copy variables to cellView before exiting.
\o 
\o 
\o *Info*    Configuring the session ...
\o 
\o 	Library      = AMPLIFIER
\o 	Cell         = buffer_tb
\o 	View         = config
\o 	Simulator    = spectre
\o 	State Path   = $AXL_SETUPDB_DIR/test_states
\o 	State Name   = AMPLIFIER:buffer_tb:1:1_AMPLIFIER:buffer_tb:1:1_state_Interactive.15
\o 	Results DB   = /home/saul/projects/NANONETS/AMPLIFIER/buffer_tb/adexl/results/data/Interactive.15.rdb
\o 	Results Dir  = /home/saul/Sim/AMPLIFIER/buffer_tb/adexl/results/data/Interactive.15/1/AMPLIFIER:buffer_tb:1:1
\o 	Results Loc  = /home/saul/Sim/AMPLIFIER/buffer_tb/adexl/results/data
\o 	Project Dir  = /home/saul/projects/NANONETS/Sim
\o 	Setup DB loc = /home/saul/projects/NANONETS/AMPLIFIER/buffer_tb/adexl
\o 	File Encoding = 0
\o 
\o 
\o *Info*    Spectre controlMode is set "batch".
\o 
\o 
\o 
\o 
\o 
\o 
\o *Info*    Run start for Point ID (15 4) on testbench [
\o           AMPLIFIER:buffer_tb:1:1 ].
\o 
\o Resetting statistical vars
\o 
\o *Info*    Setting parameter values ...
\o 
\o Setting var CL = "10p"
\o Setting var PS_AC = "0"
\o Setting var RL = "1M"
\o Setting var VDC = "0.9"
\o Setting var VIN_AC = "1"
\o Setting var VPULSE = "10m"
\o Setting var Vsupply = "1.8"
\o Setting temp(T) = 27
\o 
\o *Info*    Netlist Directory =
\o           /home/saul/Sim/AMPLIFIER/buffer_tb/adexl/results/data/Interactive.15/4/AMPLIFIER:buffer_tb:1:1/netlist
\o 
\o 
\o *Info*    Data Directory    =
\o           /home/saul/Sim/AMPLIFIER/buffer_tb/adexl/results/data/Interactive.15/4/AMPLIFIER:buffer_tb:1:1
\o 
\o 
\o *Info*    Creating Netlist for Point ID (15 4)
\o 
\o generate netlist...
\o function ansCdlCompPrim redefined
\o function ansCdlCompPrim redefined
\o Begin Incremental Netlisting Dec 19 16:27:20 2017
\o WARNING (OSSHNL-335): Design configuration has changed since last netlisting session in this run
\o directory. Netlist(s) from last session cannot be reused for incremental
\o netlisting. Therefore, re-netlisting the design.
\o 
\o End netlisting Dec 19 16:27:22 2017
\o 
\o Netlisting Statistics:
\o 	Number of components: 5821
\o 
\o 	Elapsed time:          2.0s (2910.50/s)
\o Errors: 0	Warnings: 0
\o       ...successful.
\o compose simulator input file...
\o       ...successful.
\o 
\o *Info*    Running simulation on testbench [ AMPLIFIER:buffer_tb:1:1 ]
\o           for Point ID (15 4).
\o 
\o Delete psf data in /home/saul/Sim/AMPLIFIER/buffer_tb/adexl/results/data/Interactive.15/4/AMPLIFIER:buffer_tb:1:1/psf.
\o compose simulator input file...
\o       ...successful.
\o start simulator if needed...
\o       ...successful.
\o simulate...
\o To view the simulator output, right-click on the test name, result 
\o name, or any value in the "Results" tab of the Outputs section and 
\o choose "Output Log" menu option.
\o INFO (ADE-3071): Simulation completed successfully.
\o reading simulation data...
\o       ...successful.
\o *Info*    Client has finished evaluating ... 
\o 
\o 
\o *Info*    Run complete for Point ID (15 4) on testbench [
\o           AMPLIFIER:buffer_tb:1:1 ].
\o 
\o 
\o 
\o 
\o 
\o 
\o 
\o 
\o 
\o 
\o *Info*    Run start for Point ID (15 9) on testbench [
\o           AMPLIFIER:buffer_tb:1:1 ].
\o 
\o Resetting statistical vars
\o 
\o *Info*    Setting parameter values ...
\o 
\o Setting var CL = "30p"
\o Setting var RL = "100M"
\o 
\o *Info*    Netlist Directory =
\o           /home/saul/Sim/AMPLIFIER/buffer_tb/adexl/results/data/Interactive.15/9/AMPLIFIER:buffer_tb:1:1/netlist
\o 
\o 
\o *Info*    Data Directory    =
\o           /home/saul/Sim/AMPLIFIER/buffer_tb/adexl/results/data/Interactive.15/9/AMPLIFIER:buffer_tb:1:1
\o 
\o 
\o *Info*    Creating Netlist for Point ID (15 9)
\o 
\o generate netlist...
\o function ansCdlCompPrim redefined
\o function ansCdlCompPrim redefined
\o Begin Incremental Netlisting Dec 19 16:27:29 2017
\o End netlisting Dec 19 16:27:29 2017
\o 
\o 	The netlist is up to date.
\o 	Time taken to compare the design with netlist:   0.0s
\o       ...successful.
\o compose simulator input file...
\o       ...successful.
\o 
\o *Info*    Running simulation on testbench [ AMPLIFIER:buffer_tb:1:1 ]
\o           for Point ID (15 9).
\o 
\o Delete psf data in /home/saul/Sim/AMPLIFIER/buffer_tb/adexl/results/data/Interactive.15/9/AMPLIFIER:buffer_tb:1:1/psf.
\o compose simulator input file...
\o       ...successful.
\o start simulator if needed...
\o       ...successful.
\o simulate...
\o To view the simulator output, right-click on the test name, result 
\o name, or any value in the "Results" tab of the Outputs section and 
\o choose "Output Log" menu option.
\o INFO (ADE-3071): Simulation completed successfully.
\o reading simulation data...
\o       ...successful.
\o *Info*    Client has finished evaluating ... 
\o 
\o 
\o *Info*    Run complete for Point ID (15 9) on testbench [
\o           AMPLIFIER:buffer_tb:1:1 ].
\o 
\o 
\o 
\o 
\o 
\o Simulation design variables differ from those on the cellView,
\o they have been saved in the file "/tmp/saved-design-variables".
\o To save future changes, copy variables to cellView before exiting.
\o Loading lce.cxt 
\# Memory report: on exit            305 MB, process size 1,119 MB at UTC 2017.12.19 15:32:39.104
\# Memory report: peak usage         305 MB, process size 1,119 MB
