\# Program start time UTC 2017.12.19 16:20:48.680
\# Local time Tuesday 19 December 2017, 5:20 pm
\o Program:		@(#)$CDS: virtuoso version 6.1.6-64b 12/07/2015 20:18 (sjfbm186) $
\o Hierarchy:		/pkg/Cadence/installs/IC616/tools.lnx86/dfII/
\o Sub version:		sub-version  IC6.1.6-64b.500.14  (64-bit addresses)
\# Command line:	/pkg/Cadence/installs/IC616/tools.lnx86/dfII/bin/64bit/virtuoso -noautostart -mpssession virtuoso1919 -mpshost s2424.it.kth.se -davinciService DaVinciService_1919_1513694490 -log /home/saul/projects/NANONETS/logs_saul/logs0/Job56.log -licenseLockFileName /home/saul/projects/NANONETS/.tmp_saul/.s2424.it.kth.se_1919 -nograph -nostdin -axlChildIdFlag 56
\# Host name (type):	s2424.it.kth.se (x86_64)
\# Operating system:	Linux 2.6.18-417.el5 #1 SMP Tue Dec 20 13:11:30 UTC 2016
\# Linux /etc/issue:	CentOS release 5.11 (Final)
\# Linux /etc/issue:	Kernel \r on an \m
\# X display name (WxH):	s2424.it.kth.se:80.0 (1024x868)
\# Available geometry:			TL(0:0) BR(1023:867)
\# X server:			RealVNC Ltd (VNC nograph server, PID 13580)
\# Depth of Visual (Root):	16 (16)
\# Number of Planes Used:	16
\# X version:		11.0 (vendor release 3370)
\# X resource pool:	base 0x6000000, mask 0x3fffff (4194303), shift 0
\# 			current id 0x33, current max 0x3ffffa (4194298)
\# Max data seg size:	     unlimited
\# Max process size:	     unlimited
\# Initial sbrk value:	        751 MB
\# Available memory:	     69,427 MB
\# System memory:	     78,453 MB
\# Maximum memory size:	     77,773 MB
\# Max mem available:	     69,498 MB
\# Initial memory used:	         71 MB
\#        process size:	        754 MB
\# Qt version:		4.7.2
\# Window Manager:	other
\# User Name:		saul
\o Working Directory:	s2424.it.kth.se:/home/saul/projects/NANONETS
\# Process Id:		14614
\o 
\o COPYRIGHT © 1992-2015  CADENCE DESIGN SYSTEMS INC.  ALL RIGHTS RESERVED.
\o           © 1992-2015  UNIX SYSTEMS Laboratories INC.,
\o                          Reproduced with permission.
\o 
\o This Cadence Design Systems program and online documentation are
\o proprietary/confidential information and may be disclosed/used only
\o as authorized in a license agreement controlling such use and disclosure.
\o 
\o           RESTRICTED RIGHTS NOTICE (SHORT FORM)
\o Use/reproduction/disclosure is subject to restriction
\o set forth at FAR 1252.227-19 or its equivalent.
\o Loading geView.cxt 
\o Loading menuBuilder.cxt 
\o Loading schView.cxt 
\o Loading selectSv.cxt 
\o Loading LVS.cxt 
\o Loading layerProc.cxt 
\o Loading pte2.cxt 
\o Loading xlUI.cxt 
\o Loading auCore.cxt 
\o Loading vhdl.cxt 
\o Loading seismic.cxt 
\o Loading ci.cxt 
\o Loading ams.cxt 
\o Loading oasis.cxt 
\o Loading analog.cxt 
\o Loading asimenv.cxt 
\o Loading socket.cxt 
\o Loading dal.cxt 
\o Loading awv.cxt 
\o Loading par.cxt 
\o Loading alvs.cxt 
\o Loading caa.cxt 
\o Loading adexl.cxt 
\o *Info*    Exporting services from client ... 
\o 
\# Memory report: using         180 MB, process size 991 MB at UTC 2017.12.19 16:20:50.130
\o ......................................................................................
\o            ams AG hitkit v.ams_4.14
\o ......................................................................................
\o COPYRIGHT (c) 2013 Full Service Foundry @ ams AG.  ALL RIGHTS RESERVED
\o This hitkit and attached documentation are confidential information and may 
\o only be used as authorized by the hitkit license agreement.
\o ......................................................................................
\o Loading simulator default settings.
\o Defining layer name mapping for Pcells
\o ROD pcell code loaded
\o Additional code for low-voltage devices loaded
\o Loading customization file: ./.cdsinit_local
\o //
\o //  Calibre Skill Interface * (v2014.3_27.21) *
\o //
\o //                 Copyright Mentor Graphics Corporation 2005
\o //                             All Rights Reserved.
\o //         THIS WORK CONTAINS TRADE SECRET AND PROPRIETARY INFORMATION
\o //            WHICH IS THE PROPERTY OF MENTOR GRAPHICS CORPORATION
\o //              OR ITS LICENSORS AND IS SUBJECT TO LICENSE TERMS.
\o //
\o //
\o *SAUL_INFO* .cdsinit_local: Loading Calibre SKILL interface done
\o Loading customization file: $HOME/.cdsinit_personal
\o Loading simulator default settings.
\o *Info*    Client has finished starting ... 
\o 
\p hitkit: ams_4.14  Tech: ac18a6dmca  User: saul 
\o 
\o 
\o *Info*    Configuring the session ...
\o 
\o 	Library      = AMPLIFIER
\o 	Cell         = buffer_tb
\o 	View         = config
\o 	Simulator    = spectre
\o 	State Path   = $AXL_SETUPDB_DIR/test_states
\o 	State Name   = AMPLIFIER:buffer_tb:1_none_MonteCarlo.8
\o 	Results DB   = /home/saul/projects/NANONETS/AMPLIFIER/buffer_tb/adexl/results/data/MonteCarlo.8.rdb
\o 	Results Dir  = /home/saul/Sim/AMPLIFIER/buffer_tb/adexl/results/data/MonteCarlo.8/1/AMPLIFIER:buffer_tb:1
\o 	Results Loc  = /home/saul/Sim/AMPLIFIER/buffer_tb/adexl/results/data
\o 	Project Dir  = /home/saul/projects/NANONETS/Sim
\o 	Setup DB loc = /home/saul/projects/NANONETS/AMPLIFIER/buffer_tb/adexl
\o 	File Encoding = 0
\o 
\o 
\o Loading simui.cxt 
\o Loading viva.cxt 
\o *Info*    Spectre controlMode is set "batch".
\o 
\o Loading spectrei.cxt 
\o Loading devCheck.cxt 
\o Loading relXpert.cxt 
\o Loading hspiceD.cxt 
\o Loading spectreinl.cxt 
\o Loading msgHandler.cxt 
\o Loading UltraSim.cxt 
\o Loading AMSOSS.cxt 
\o Loading AMS.cxt 
\o 
\o 
\o 
\o 
\o 
\o *Info*    Run start for Point ID (35 188) on testbench [
\o           AMPLIFIER:buffer_tb:1 ].
\o 
\o Resetting statistical vars
\o 
\o *Info*    Setting parameter values ...
\o 
\o Setting var CL = "1p"
\o Setting var PS_AC = "1"
\o Setting var RL = "1M"
\o Setting var VDC = "0.9"
\o Setting var VIN_AC = "0"
\o Setting var VPULSE = "10m"
\o Setting var Vsupply = "1.8"
\o Loading monte.cxt 
\o Setting temp(T) = 27
\o 
\o *Info*    Netlist Directory =
\o           /home/saul/Sim/AMPLIFIER/buffer_tb/adexl/results/data/MonteCarlo.8/188/AMPLIFIER:buffer_tb:1/groupRunDataDir/netlist
\o 
\o 
\o *Info*    Data Directory    =
\o           /home/saul/Sim/AMPLIFIER/buffer_tb/adexl/results/data/MonteCarlo.8/188/AMPLIFIER:buffer_tb:1/groupRunDataDir
\o 
\o 
\o *Info*    Creating Netlist for Point ID (35 188)
\o 
\w *WARNING* (CMGR-6144): The 'ciRefreshCellView' SKILL function is not applicable to the layout constraint cache 'AMPLIFIER buffer av_analog_extracted'. Run the 'dbRefreshCellView' SKILL function to refresh the cellview.
\o generate netlist...
\o Loading seCore.cxt 
\o function ansCdlCompPrim redefined
\o function ansCdlCompPrim redefined
\o Begin Incremental Netlisting Dec 19 17:20:52 2017
\# Memory report: using         289 MB, process size 1,103 MB at UTC 2017.12.19 16:20:52.818
\o End netlisting Dec 19 17:20:52 2017
\o 
\o 	The netlist is up to date.
\o 	Time taken to compare the design with netlist:   0.0s
\o       ...successful.
\o compose simulator input file...
\o       ...successful.
\o 
\o *Info*    Running simulation on testbench [ AMPLIFIER:buffer_tb:1 ]
\o           for Point ID (35 188).
\o 
\o *Info*    Spectre controlMode is set "batch" due to monte carlo run.
\o 
\o Delete psf data in /home/saul/Sim/AMPLIFIER/buffer_tb/adexl/results/data/MonteCarlo.8/188/AMPLIFIER:buffer_tb:1/groupRunDataDir/psf.
\o generate netlist...
\o function ansCdlCompPrim redefined
\o function ansCdlCompPrim redefined
\o Begin Incremental Netlisting Dec 19 17:20:53 2017
\o End netlisting Dec 19 17:20:53 2017
\o 
\o 	The netlist is up to date.
\o 	Time taken to compare the design with netlist:   0.0s
\o       ...successful.
\o compose simulator input file...
\o       ...successful.
\o start simulator if needed...
\o       ...successful.
\o simulate...
\o To view the simulator output, right-click on the test name, result 
\o name, or any value in the "Results" tab of the Outputs section and 
\o choose "Output Log" menu option.
\o Loading paraplot.cxt 
\# Available memory:         66,475 MB at UTC 2017.12.19 16:20:58.867
\# Memory report: Maximum memory size now 66,768 MB at UTC 2017.12.19 16:20:58.867
\o ERROR (ADEXL-2709): Evaluation of output 'VDC("/VOUT")' returned 'nil' for point:'188' test:'AMPLIFIER:buffer_tb:1'
\o 	Expression:'VDC("/VOUT")'.
\o Ensure that the definition of output is correct.
\o 
\o Loading stats.cxt 
\o *Info*    Client has finished evaluating ... 
\o 
\o 
\o *Info*    Run complete for Point ID (35 188) on testbench [
\o           AMPLIFIER:buffer_tb:1 ].
\o 
\o 
\o 
\o 
\o 
\o ERROR (ADEXL-2709): Evaluation of output 'VDC("/VOUT")' returned 'nil' for point:'189' test:'AMPLIFIER:buffer_tb:1'
\o 	Expression:'VDC("/VOUT")'.
\o Ensure that the definition of output is correct.
\o 
\o *Info*    Client has finished evaluating ... 
\o 
\o 
\o *Info*    Run complete for Point ID (35 189) on testbench [
\o           AMPLIFIER:buffer_tb:1 ].
\o 
\o 
\o 
\o 
\o 
\o ERROR (ADEXL-2709): Evaluation of output 'VDC("/VOUT")' returned 'nil' for point:'190' test:'AMPLIFIER:buffer_tb:1'
\o 	Expression:'VDC("/VOUT")'.
\o Ensure that the definition of output is correct.
\o 
\o *Info*    Client has finished evaluating ... 
\o 
\o 
\o *Info*    Run complete for Point ID (35 190) on testbench [
\o           AMPLIFIER:buffer_tb:1 ].
\o 
\o 
\o 
\o 
\o 
\o ERROR (ADEXL-2709): Evaluation of output 'VDC("/VOUT")' returned 'nil' for point:'191' test:'AMPLIFIER:buffer_tb:1'
\o 	Expression:'VDC("/VOUT")'.
\o Ensure that the definition of output is correct.
\o 
\o *Info*    Client has finished evaluating ... 
\o 
\o 
\o *Info*    Run complete for Point ID (35 191) on testbench [
\o           AMPLIFIER:buffer_tb:1 ].
\o 
\o 
\o 
\o 
\o 
\o ERROR (ADEXL-2709): Evaluation of output 'VDC("/VOUT")' returned 'nil' for point:'192' test:'AMPLIFIER:buffer_tb:1'
\o 	Expression:'VDC("/VOUT")'.
\o Ensure that the definition of output is correct.
\o 
\o *Info*    Client has finished evaluating ... 
\o 
\o 
\o *Info*    Run complete for Point ID (35 192) on testbench [
\o           AMPLIFIER:buffer_tb:1 ].
\o 
\o 
\o 
\o 
\o 
\o ERROR (ADEXL-2709): Evaluation of output 'VDC("/VOUT")' returned 'nil' for point:'193' test:'AMPLIFIER:buffer_tb:1'
\o 	Expression:'VDC("/VOUT")'.
\o Ensure that the definition of output is correct.
\o 
\o *Info*    Client has finished evaluating ... 
\o 
\o 
\o *Info*    Run complete for Point ID (35 193) on testbench [
\o           AMPLIFIER:buffer_tb:1 ].
\o 
\o 
\o 
\o 
\o 
\o ERROR (ADEXL-2709): Evaluation of output 'VDC("/VOUT")' returned 'nil' for point:'194' test:'AMPLIFIER:buffer_tb:1'
\o 	Expression:'VDC("/VOUT")'.
\o Ensure that the definition of output is correct.
\o 
\o *Info*    Client has finished evaluating ... 
\o 
\o 
\o *Info*    Run complete for Point ID (35 194) on testbench [
\o           AMPLIFIER:buffer_tb:1 ].
\o 
\o 
\o 
\o 
\o 
\o ERROR (ADEXL-2709): Evaluation of output 'VDC("/VOUT")' returned 'nil' for point:'195' test:'AMPLIFIER:buffer_tb:1'
\o 	Expression:'VDC("/VOUT")'.
\o Ensure that the definition of output is correct.
\o 
\o *Info*    Client has finished evaluating ... 
\o 
\o 
\o *Info*    Run complete for Point ID (35 195) on testbench [
\o           AMPLIFIER:buffer_tb:1 ].
\o 
\o 
\o 
\o 
\o 
\o ERROR (ADEXL-2709): Evaluation of output 'VDC("/VOUT")' returned 'nil' for point:'196' test:'AMPLIFIER:buffer_tb:1'
\o 	Expression:'VDC("/VOUT")'.
\o Ensure that the definition of output is correct.
\o 
\o *Info*    Client has finished evaluating ... 
\o 
\o 
\o *Info*    Run complete for Point ID (35 196) on testbench [
\o           AMPLIFIER:buffer_tb:1 ].
\o 
\o 
\o 
\o 
\o 
\o ERROR (ADEXL-2709): Evaluation of output 'VDC("/VOUT")' returned 'nil' for point:'197' test:'AMPLIFIER:buffer_tb:1'
\o 	Expression:'VDC("/VOUT")'.
\o Ensure that the definition of output is correct.
\o 
\o *Info*    Client has finished evaluating ... 
\o 
\o 
\o *Info*    Run complete for Point ID (35 197) on testbench [
\o           AMPLIFIER:buffer_tb:1 ].
\o 
\o 
\o 
\o 
\o 
\o ERROR (ADEXL-2709): Evaluation of output 'VDC("/VOUT")' returned 'nil' for point:'198' test:'AMPLIFIER:buffer_tb:1'
\o 	Expression:'VDC("/VOUT")'.
\o Ensure that the definition of output is correct.
\o 
\o *Info*    Client has finished evaluating ... 
\o 
\o 
\o *Info*    Run complete for Point ID (35 198) on testbench [
\o           AMPLIFIER:buffer_tb:1 ].
\o 
\o 
\o 
\o 
\o 
\o ERROR (ADEXL-2709): Evaluation of output 'VDC("/VOUT")' returned 'nil' for point:'199' test:'AMPLIFIER:buffer_tb:1'
\o 	Expression:'VDC("/VOUT")'.
\o Ensure that the definition of output is correct.
\o 
\o *Info*    Client has finished evaluating ... 
\o 
\o 
\o *Info*    Run complete for Point ID (35 199) on testbench [
\o           AMPLIFIER:buffer_tb:1 ].
\o 
\o 
\o 
\o 
\o 
\o INFO (ADE-3071): Simulation completed successfully.
\o reading simulation data...
\o       ...successful.
\o ERROR (ADEXL-2709): Evaluation of output 'VDC("/VOUT")' returned 'nil' for point:'200' test:'AMPLIFIER:buffer_tb:1'
\o 	Expression:'VDC("/VOUT")'.
\o Ensure that the definition of output is correct.
\o 
\o *Info*    Monte Carlo Simulation completed successfully...
\o *Info*    Client has finished evaluating ... 
\o 
\o 
\o *Info*    Run complete for Point ID (35 200) on testbench [
\o           AMPLIFIER:buffer_tb:1 ].
\o 
\o 
\o 
\o 
\o 
\o INFO (ADE-3072): Simulation is stopped by user. Simulation results may not be complete.
\o INFO (ADE-3072): Simulation is stopped by user. Simulation results may not be complete.
\o Simulation design variables differ from those on the cellView,
\o they have been saved in the file "/tmp/saved-design-variables".
\o To save future changes, copy variables to cellView before exiting.
\o Loading lce.cxt 
\# Memory report: on exit            298 MB, process size 1,112 MB at UTC 2017.12.19 16:27:21.299
\# Memory report: peak usage         298 MB, process size 1,112 MB
