*Info*    Exporting services from client ... 

*Info*    Client has finished starting ... 



*Info*    Configuring the session ...

	Library      = TOP
	Cell         = top_ring_core_tb_spectre
	View         = config
	Simulator    = spectre
	State Path   = $AXL_SETUPDB_DIR/test_states
	State Name   = TOP:top_ring_core_tb_spectre:1_none_Interactive.2
	Results DB   = /home/saul/projects/NANONETS/TOP/top_ring_core_tb_spectre/adexl/results/data/Interactive.2.rdb
	Results Dir  = /home/saul/Sim/TOP/top_ring_core_tb_spectre/adexl/results/data/Interactive.2/1/TOP:top_ring_core_tb_spectre:1
	Results Loc  = /home/saul/Sim/TOP/top_ring_core_tb_spectre/adexl/results/data
	Project Dir  = /home/saul/projects/NANONETS/Sim
	Setup DB loc = /home/saul/projects/NANONETS/TOP/top_ring_core_tb_spectre/adexl
	File Encoding = 0


*Info*    Spectre controlMode is set "batch".






*Info*    Run start for Point ID (2 1) on testbench [
          TOP:top_ring_core_tb_spectre:1 ].

Resetting statistical vars

*Info*    Setting parameter values ...

Setting temp(T) = 27

*Info*    Netlist Directory =
          /home/saul/Sim/TOP/top_ring_core_tb_spectre/adexl/results/data/Interactive.2/1/TOP:top_ring_core_tb_spectre:1/netlist


*Info*    Data Directory    =
          /home/saul/Sim/TOP/top_ring_core_tb_spectre/adexl/results/data/Interactive.2/1/TOP:top_ring_core_tb_spectre:1


*Info*    Creating Netlist for Point ID (2 1)

generate netlist...
function ansCdlCompPrim redefined
function ansCdlCompPrim redefined
Begin Incremental Netlisting Jan 10 22:16:12 2018
End netlisting Jan 10 22:16:12 2018

	The netlist is up to date.
	Time taken to compare the design with netlist:   0.0s
      ...successful.
compose simulator input file...
      ...successful.

*Info*    Running simulation on testbench [
          TOP:top_ring_core_tb_spectre:1 ] for Point ID (2 1).

Delete psf data in /home/saul/Sim/TOP/top_ring_core_tb_spectre/adexl/results/data/Interactive.2/1/TOP:top_ring_core_tb_spectre:1/psf.
compose simulator input file...
      ...successful.
start simulator if needed...
      ...successful.
simulate...
To view the simulator output, right-click on the test name, result 
name, or any value in the "Results" tab of the Outputs section and 
choose "Output Log" menu option.
INFO (ADE-3071): Simulation completed successfully.
reading simulation data...
      ...successful.
*Info*    Client has finished evaluating ... 


*Info*    Run complete for Point ID (2 1) on testbench [
          TOP:top_ring_core_tb_spectre:1 ].





