\# Program start time UTC 2017.08.21 14:52:09.799
\# Local time Monday 21 August 2017, 4:52 pm
\o Program:		@(#)$CDS: virtuoso version 6.1.6-64b 12/07/2015 20:18 (sjfbm186) $
\o Hierarchy:		/pkg/Cadence/installs/IC616/tools.lnx86/dfII/
\o Sub version:		sub-version  IC6.1.6-64b.500.14  (64-bit addresses)
\# Command line:	/pkg/Cadence/installs/IC616/tools.lnx86/dfII/bin/64bit/virtuoso -noautostart -mpssession virtuoso7315 -mpshost s2424.it.kth.se -davinciService DaVinciService_7315_1503319187 -log /home/saul/projects/NANONETS/logs_saul/logs0/Job80.log -licenseLockFileName /home/saul/projects/NANONETS/.tmp_saul/.s2424.it.kth.se_7315 -nograph -nostdin -axlChildIdFlag 80
\# Host name (type):	s2424.it.kth.se (x86_64)
\# Operating system:	Linux 2.6.18-417.el5 #1 SMP Tue Dec 20 13:11:30 UTC 2016
\# Linux /etc/issue:	CentOS release 5.11 (Final)
\# Linux /etc/issue:	Kernel \r on an \m
\# X display name (WxH):	s2424.it.kth.se:80.0 (1024x868)
\# Available geometry:			TL(0:0) BR(1023:867)
\# X server:			RealVNC Ltd (VNC nograph server, PID 9718)
\# Depth of Visual (Root):	16 (16)
\# Number of Planes Used:	16
\# X version:		11.0 (vendor release 3370)
\# X resource pool:	base 0x1400000, mask 0x3fffff (4194303), shift 0
\# 			current id 0x33, current max 0x3ffffa (4194298)
\# Max data seg size:	     unlimited
\# Max process size:	     unlimited
\# Initial sbrk value:	        797 MB
\# Available memory:	     69,746 MB
\# System memory:	     78,453 MB
\# Maximum memory size:	     77,728 MB
\# Max mem available:	     69,817 MB
\# Initial memory used:	         71 MB
\#        process size:	        754 MB
\# Qt version:		4.7.2
\# Window Manager:	other
\# User Name:		saul
\o Working Directory:	s2424.it.kth.se:/home/saul/projects/NANONETS
\# Process Id:		9983
\o 
\o COPYRIGHT © 1992-2015  CADENCE DESIGN SYSTEMS INC.  ALL RIGHTS RESERVED.
\o           © 1992-2015  UNIX SYSTEMS Laboratories INC.,
\o                          Reproduced with permission.
\o 
\o This Cadence Design Systems program and online documentation are
\o proprietary/confidential information and may be disclosed/used only
\o as authorized in a license agreement controlling such use and disclosure.
\o 
\o           RESTRICTED RIGHTS NOTICE (SHORT FORM)
\o Use/reproduction/disclosure is subject to restriction
\o set forth at FAR 1252.227-19 or its equivalent.
\o Loading geView.cxt 
\o Loading menuBuilder.cxt 
\o Loading schView.cxt 
\o Loading selectSv.cxt 
\o Loading LVS.cxt 
\o Loading layerProc.cxt 
\o Loading pte2.cxt 
\o Loading xlUI.cxt 
\o Loading auCore.cxt 
\o Loading vhdl.cxt 
\o Loading seismic.cxt 
\o Loading ci.cxt 
\o Loading ams.cxt 
\o Loading oasis.cxt 
\o Loading analog.cxt 
\o Loading asimenv.cxt 
\o Loading socket.cxt 
\o Loading dal.cxt 
\o Loading awv.cxt 
\o Loading par.cxt 
\o Loading alvs.cxt 
\o Loading caa.cxt 
\o Loading adexl.cxt 
\o *Info*    Exporting services from client ... 
\o 
\# Memory report: using         180 MB, process size 990 MB at UTC 2017.08.21 14:52:11.227
\o ......................................................................................
\o            ams AG hitkit v.ams_4.14
\o ......................................................................................
\o COPYRIGHT (c) 2013 Full Service Foundry @ ams AG.  ALL RIGHTS RESERVED
\o This hitkit and attached documentation are confidential information and may 
\o only be used as authorized by the hitkit license agreement.
\o ......................................................................................
\o Loading simulator default settings.
\o Defining layer name mapping for Pcells
\o ROD pcell code loaded
\o Additional code for low-voltage devices loaded
\o Loading customization file: ./.cdsinit_local
\o Loading customization file: $HOME/.cdsinit_personal
\o Loading simulator default settings.
\o *Info*    Client has finished starting ... 
\o 
\p hitkit: ams_4.14  Tech: ac18a6dmca  User: saul 
\o 
\o 
\o *Info*    Configuring the session ...
\o 
\o 	Library      = AMPLIFIER
\o 	Cell         = buffer_tb
\o 	View         = schematic
\o 	Simulator    = spectre
\o 	State Path   = $AXL_SETUPDB_DIR/test_states
\o 	State Name   = AMPLIFIER:buffer_tb:1_state1_Interactive.47
\o 	Results DB   = /home/saul/projects/NANONETS/AMPLIFIER/buffer_tb/adexl/results/data/Interactive.47.rdb
\o 	Results Dir  = /home/saul/Sim/AMPLIFIER/buffer_tb/adexl/results/data/Interactive.47/1/AMPLIFIER:buffer_tb:1
\o 	Results Loc  = /home/saul/Sim/AMPLIFIER/buffer_tb/adexl/results/data
\o 	Project Dir  = /home/saul/projects/NANONETS/Sim
\o 	Setup DB loc = /home/saul/projects/NANONETS/AMPLIFIER/buffer_tb/adexl
\o 	File Encoding = 0
\o 
\o 
\o Loading simui.cxt 
\o Loading viva.cxt 
\o *Info*    Spectre controlMode is set "batch".
\o 
\o Loading spectrei.cxt 
\o Loading devCheck.cxt 
\o Loading relXpert.cxt 
\o Loading hspiceD.cxt 
\o Loading spectreinl.cxt 
\o Loading msgHandler.cxt 
\o Loading UltraSim.cxt 
\o Loading AMSOSS.cxt 
\o Loading AMS.cxt 
\o 
\o 
\o 
\o 
\o 
\o *Info*    Run start for Point ID (47 1) on testbench [
\o           AMPLIFIER:buffer_tb:1 ].
\o 
\o Resetting statistical vars
\o 
\o *Info*    Setting parameter values ...
\o 
\o Setting var CL = "1p"
\o Setting var RL = "1M"
\o Setting var VDC = "0.9"
\o Setting var VPULSE = "10m"
\o Setting var Vsupply = "1.8"
\o Setting temp(T) = 27
\o 
\o *Info*    Netlist Directory =
\o           /home/saul/Sim/AMPLIFIER/buffer_tb/adexl/results/data/Interactive.47/1/AMPLIFIER:buffer_tb:1/netlist
\o 
\o 
\o *Info*    Data Directory    =
\o           /home/saul/Sim/AMPLIFIER/buffer_tb/adexl/results/data/Interactive.47/1/AMPLIFIER:buffer_tb:1
\o 
\o 
\o *Info*    Creating Netlist for Point ID (47 1)
\o 
\o generate netlist...
\o Loading seCore.cxt 
\o function ansCdlCompPrim redefined
\o function ansCdlCompPrim redefined
\o Begin Incremental Netlisting Aug 21 16:52:12 2017
\o WARNING (OSSHNL-160): The primitive, 'analogLib/ind/spectre', was not used in the last netlisting session in this
\o current run directory. Therefore, re-netlisting all cell views where this
\o primitive is instantiated.
\o 
\o End netlisting Aug 21 16:52:12 2017
\# Memory report: using         282 MB, process size 1,097 MB at UTC 2017.08.21 14:52:13.036
\o Loading monte.cxt 
\o 
\o Netlisting Statistics:
\o 	Number of components:   13
\o 
\o 	Elapsed time:          1.0s (13.00/s)
\o Errors: 0	Warnings: 0
\o       ...successful.
\o compose simulator input file...
\o       ...successful.
\o 
\o *Info*    Running simulation on testbench [ AMPLIFIER:buffer_tb:1 ]
\o           for Point ID (47 1).
\o 
\o Delete psf data in /home/saul/Sim/AMPLIFIER/buffer_tb/adexl/results/data/Interactive.47/1/AMPLIFIER:buffer_tb:1/psf.
\o compose simulator input file...
\o       ...successful.
\o start simulator if needed...
\o       ...successful.
\o simulate...
\o To view the simulator output, right-click on the test name, result 
\o name, or any value in the "Results" tab of the Outputs section and 
\o choose "Output Log" menu option.
\o Loading paraplot.cxt 
\o INFO (ADE-3071): Simulation completed successfully.
\o reading simulation data...
\o       ...successful.
\o *Info*    Client has finished evaluating ... 
\o 
\o 
\o *Info*    Run complete for Point ID (47 1) on testbench [
\o           AMPLIFIER:buffer_tb:1 ].
\o 
\o 
\o 
\o 
\o 
\# Available memory:         68,030 MB at UTC 2017.08.21 14:52:19.951
\# Memory report: Maximum memory size now 68,316 MB at UTC 2017.08.21 14:52:19.951
\o Simulation design variables differ from those on the cellView,
\o they have been saved in the file "/tmp/saved-design-variables1".
\o To save future changes, copy variables to cellView before exiting.
\o 
\o 
\o *Info*    Configuring the session ...
\o 
\o 	Library      = AMPLIFIER
\o 	Cell         = buffer_tb
\o 	View         = schematic
\o 	Simulator    = spectre
\o 	State Path   = $AXL_SETUPDB_DIR/test_states
\o 	State Name   = AMPLIFIER:buffer_tb:1_state1_Interactive.49
\o 	Results DB   = /home/saul/projects/NANONETS/AMPLIFIER/buffer_tb/adexl/results/data/Interactive.49.rdb
\o 	Results Dir  = /home/saul/Sim/AMPLIFIER/buffer_tb/adexl/results/data/Interactive.49/1/AMPLIFIER:buffer_tb:1
\o 	Results Loc  = /home/saul/Sim/AMPLIFIER/buffer_tb/adexl/results/data
\o 	Project Dir  = /home/saul/projects/NANONETS/Sim
\o 	Setup DB loc = /home/saul/projects/NANONETS/AMPLIFIER/buffer_tb/adexl
\o 	File Encoding = 0
\o 
\o 
\o *Info*    Spectre controlMode is set "batch".
\o 
\o 
\o 
\o 
\o 
\o 
\o *Info*    Run start for Point ID (49 8) on testbench [
\o           AMPLIFIER:buffer_tb:1 ].
\o 
\o Resetting statistical vars
\o 
\o *Info*    Setting parameter values ...
\o 
\o Setting var CL = "10p"
\o Setting var RL = "100M"
\o Setting var VDC = "0.9"
\o Setting var VPULSE = "10m"
\o Setting var Vsupply = "1.98"
\o Setting temp(T) = 27
\o Setting temp(T) = 0
\o 
\o *Info*    Netlist Directory =
\o           /home/saul/Sim/AMPLIFIER/buffer_tb/adexl/results/data/Interactive.49/8/AMPLIFIER:buffer_tb:1/netlist
\o 
\o 
\o *Info*    Data Directory    =
\o           /home/saul/Sim/AMPLIFIER/buffer_tb/adexl/results/data/Interactive.49/8/AMPLIFIER:buffer_tb:1
\o 
\o 
\o *Info*    Creating Netlist for Point ID (49 8)
\o 
\o generate netlist...
\o function ansCdlCompPrim redefined
\o function ansCdlCompPrim redefined
\o Begin Incremental Netlisting Aug 21 16:55:03 2017
\o End netlisting Aug 21 16:55:03 2017
\o 
\o 	The netlist is up to date.
\o 	Time taken to compare the design with netlist:   0.0s
\o       ...successful.
\o compose simulator input file...
\o       ...successful.
\o 
\o *Info*    Running simulation on testbench [ AMPLIFIER:buffer_tb:1 ]
\o           for Point ID (49 8).
\o 
\o Delete psf data in /home/saul/Sim/AMPLIFIER/buffer_tb/adexl/results/data/Interactive.49/8/AMPLIFIER:buffer_tb:1/psf.
\o compose simulator input file...
\o       ...successful.
\o start simulator if needed...
\o       ...successful.
\o simulate...
\o To view the simulator output, right-click on the test name, result 
\o name, or any value in the "Results" tab of the Outputs section and 
\o choose "Output Log" menu option.
\o INFO (ADE-3071): Simulation completed successfully.
\o reading simulation data...
\o       ...successful.
\o *Info*    Client has finished evaluating ... 
\o 
\o 
\o *Info*    Run complete for Point ID (49 8) on testbench [
\o           AMPLIFIER:buffer_tb:1 ].
\o 
\o 
\o 
\o 
\o 
\o 
\o 
\o 
\o 
\o 
\o *Info*    Run start for Point ID (49 15) on testbench [
\o           AMPLIFIER:buffer_tb:1 ].
\o 
\o Resetting statistical vars
\o 
\o *Info*    Setting parameter values ...
\o 
\o Setting var Vsupply = "1.62"
\o Setting temp(T) = 85
\o 
\o *Info*    Netlist Directory =
\o           /home/saul/Sim/AMPLIFIER/buffer_tb/adexl/results/data/Interactive.49/15/AMPLIFIER:buffer_tb:1/netlist
\o 
\o 
\o *Info*    Data Directory    =
\o           /home/saul/Sim/AMPLIFIER/buffer_tb/adexl/results/data/Interactive.49/15/AMPLIFIER:buffer_tb:1
\o 
\o 
\o *Info*    Creating Netlist for Point ID (49 15)
\o 
\o generate netlist...
\o function ansCdlCompPrim redefined
\o function ansCdlCompPrim redefined
\o Begin Incremental Netlisting Aug 21 16:55:05 2017
\o End netlisting Aug 21 16:55:05 2017
\o 
\o 	The netlist is up to date.
\o 	Time taken to compare the design with netlist:   0.0s
\o       ...successful.
\o compose simulator input file...
\o       ...successful.
\o 
\o *Info*    Running simulation on testbench [ AMPLIFIER:buffer_tb:1 ]
\o           for Point ID (49 15).
\o 
\o Delete psf data in /home/saul/Sim/AMPLIFIER/buffer_tb/adexl/results/data/Interactive.49/15/AMPLIFIER:buffer_tb:1/psf.
\o compose simulator input file...
\o       ...successful.
\o start simulator if needed...
\o       ...successful.
\o simulate...
\o To view the simulator output, right-click on the test name, result 
\o name, or any value in the "Results" tab of the Outputs section and 
\o choose "Output Log" menu option.
\o INFO (ADE-3071): Simulation completed successfully.
\o reading simulation data...
\o       ...successful.
\o *Info*    Client has finished evaluating ... 
\o 
\o 
\o *Info*    Run complete for Point ID (49 15) on testbench [
\o           AMPLIFIER:buffer_tb:1 ].
\o 
\o 
\o 
\o 
\o 
\o 
\o 
\o 
\o 
\o 
\o *Info*    Run start for Point ID (49 24) on testbench [
\o           AMPLIFIER:buffer_tb:1 ].
\o 
\o Resetting statistical vars
\o 
\o *Info*    Setting parameter values ...
\o 
\o Setting var Vsupply = "1.98"
\o Setting temp(T) = 0
\o 
\o *Info*    Netlist Directory =
\o           /home/saul/Sim/AMPLIFIER/buffer_tb/adexl/results/data/Interactive.49/24/AMPLIFIER:buffer_tb:1/netlist
\o 
\o 
\o *Info*    Data Directory    =
\o           /home/saul/Sim/AMPLIFIER/buffer_tb/adexl/results/data/Interactive.49/24/AMPLIFIER:buffer_tb:1
\o 
\o 
\o *Info*    Creating Netlist for Point ID (49 24)
\o 
\o generate netlist...
\o function ansCdlCompPrim redefined
\o function ansCdlCompPrim redefined
\o Begin Incremental Netlisting Aug 21 16:55:07 2017
\o End netlisting Aug 21 16:55:08 2017
\o 
\o 	The netlist is up to date.
\o 	Time taken to compare the design with netlist:   1.0s
\o       ...successful.
\o compose simulator input file...
\o       ...successful.
\o 
\o *Info*    Running simulation on testbench [ AMPLIFIER:buffer_tb:1 ]
\o           for Point ID (49 24).
\o 
\o Delete psf data in /home/saul/Sim/AMPLIFIER/buffer_tb/adexl/results/data/Interactive.49/24/AMPLIFIER:buffer_tb:1/psf.
\o compose simulator input file...
\o       ...successful.
\o start simulator if needed...
\o       ...successful.
\o simulate...
\o To view the simulator output, right-click on the test name, result 
\o name, or any value in the "Results" tab of the Outputs section and 
\o choose "Output Log" menu option.
\o INFO (ADE-3071): Simulation completed successfully.
\o reading simulation data...
\o       ...successful.
\o *Info*    Client has finished evaluating ... 
\o 
\o 
\o *Info*    Run complete for Point ID (49 24) on testbench [
\o           AMPLIFIER:buffer_tb:1 ].
\o 
\o 
\o 
\o 
\o 
\o 
\o 
\o 
\o 
\o 
\o *Info*    Run start for Point ID (49 32) on testbench [
\o           AMPLIFIER:buffer_tb:1 ].
\o 
\o Resetting statistical vars
\o 
\o *Info*    Setting parameter values ...
\o 
\o 
\o *Info*    Netlist Directory =
\o           /home/saul/Sim/AMPLIFIER/buffer_tb/adexl/results/data/Interactive.49/32/AMPLIFIER:buffer_tb:1/netlist
\o 
\o 
\o *Info*    Data Directory    =
\o           /home/saul/Sim/AMPLIFIER/buffer_tb/adexl/results/data/Interactive.49/32/AMPLIFIER:buffer_tb:1
\o 
\o 
\o *Info*    Creating Netlist for Point ID (49 32)
\o 
\o generate netlist...
\o function ansCdlCompPrim redefined
\o function ansCdlCompPrim redefined
\o Begin Incremental Netlisting Aug 21 16:55:10 2017
\o End netlisting Aug 21 16:55:10 2017
\o 
\o 	The netlist is up to date.
\o 	Time taken to compare the design with netlist:   0.0s
\o       ...successful.
\o compose simulator input file...
\o       ...successful.
\o 
\o *Info*    Running simulation on testbench [ AMPLIFIER:buffer_tb:1 ]
\o           for Point ID (49 32).
\o 
\o Delete psf data in /home/saul/Sim/AMPLIFIER/buffer_tb/adexl/results/data/Interactive.49/32/AMPLIFIER:buffer_tb:1/psf.
\o compose simulator input file...
\o       ...successful.
\o start simulator if needed...
\o       ...successful.
\o simulate...
\o To view the simulator output, right-click on the test name, result 
\o name, or any value in the "Results" tab of the Outputs section and 
\o choose "Output Log" menu option.
\o INFO (ADE-3071): Simulation completed successfully.
\o reading simulation data...
\o       ...successful.
\o *Info*    Client has finished evaluating ... 
\o 
\o 
\o *Info*    Run complete for Point ID (49 32) on testbench [
\o           AMPLIFIER:buffer_tb:1 ].
\o 
\o 
\o 
\o 
\o 
\o 
\o 
\o 
\o 
\o 
\o *Info*    Run start for Point ID (49 40) on testbench [
\o           AMPLIFIER:buffer_tb:1 ].
\o 
\o Resetting statistical vars
\o 
\o *Info*    Setting parameter values ...
\o 
\o 
\o *Info*    Netlist Directory =
\o           /home/saul/Sim/AMPLIFIER/buffer_tb/adexl/results/data/Interactive.49/40/AMPLIFIER:buffer_tb:1/netlist
\o 
\o 
\o *Info*    Data Directory    =
\o           /home/saul/Sim/AMPLIFIER/buffer_tb/adexl/results/data/Interactive.49/40/AMPLIFIER:buffer_tb:1
\o 
\o 
\o *Info*    Creating Netlist for Point ID (49 40)
\o 
\o generate netlist...
\o function ansCdlCompPrim redefined
\o function ansCdlCompPrim redefined
\o Begin Incremental Netlisting Aug 21 16:55:12 2017
\o End netlisting Aug 21 16:55:12 2017
\o 
\o 	The netlist is up to date.
\o 	Time taken to compare the design with netlist:   0.0s
\o       ...successful.
\o compose simulator input file...
\o       ...successful.
\o 
\o *Info*    Running simulation on testbench [ AMPLIFIER:buffer_tb:1 ]
\o           for Point ID (49 40).
\o 
\o Delete psf data in /home/saul/Sim/AMPLIFIER/buffer_tb/adexl/results/data/Interactive.49/40/AMPLIFIER:buffer_tb:1/psf.
\o compose simulator input file...
\o       ...successful.
\o start simulator if needed...
\o       ...successful.
\o simulate...
\o To view the simulator output, right-click on the test name, result 
\o name, or any value in the "Results" tab of the Outputs section and 
\o choose "Output Log" menu option.
\o INFO (ADE-3071): Simulation completed successfully.
\o reading simulation data...
\o       ...successful.
\o *Info*    Client has finished evaluating ... 
\o 
\o 
\o *Info*    Run complete for Point ID (49 40) on testbench [
\o           AMPLIFIER:buffer_tb:1 ].
\o 
\o 
\o 
\o 
\o 
\o 
\o 
\o 
\o 
\o 
\o *Info*    Run start for Point ID (49 48) on testbench [
\o           AMPLIFIER:buffer_tb:1 ].
\o 
\o Resetting statistical vars
\o 
\o *Info*    Setting parameter values ...
\o 
\o 
\o *Info*    Netlist Directory =
\o           /home/saul/Sim/AMPLIFIER/buffer_tb/adexl/results/data/Interactive.49/48/AMPLIFIER:buffer_tb:1/netlist
\o 
\o 
\o *Info*    Data Directory    =
\o           /home/saul/Sim/AMPLIFIER/buffer_tb/adexl/results/data/Interactive.49/48/AMPLIFIER:buffer_tb:1
\o 
\o 
\o *Info*    Creating Netlist for Point ID (49 48)
\o 
\o generate netlist...
\o function ansCdlCompPrim redefined
\o function ansCdlCompPrim redefined
\o Begin Incremental Netlisting Aug 21 16:55:14 2017
\o End netlisting Aug 21 16:55:14 2017
\o 
\o 	The netlist is up to date.
\o 	Time taken to compare the design with netlist:   0.0s
\o       ...successful.
\o compose simulator input file...
\o       ...successful.
\o 
\o *Info*    Running simulation on testbench [ AMPLIFIER:buffer_tb:1 ]
\o           for Point ID (49 48).
\o 
\o Delete psf data in /home/saul/Sim/AMPLIFIER/buffer_tb/adexl/results/data/Interactive.49/48/AMPLIFIER:buffer_tb:1/psf.
\o compose simulator input file...
\o       ...successful.
\o start simulator if needed...
\o       ...successful.
\o simulate...
\o To view the simulator output, right-click on the test name, result 
\o name, or any value in the "Results" tab of the Outputs section and 
\o choose "Output Log" menu option.
\o INFO (ADE-3071): Simulation completed successfully.
\o reading simulation data...
\o       ...successful.
\o *Info*    Client has finished evaluating ... 
\o 
\o 
\o *Info*    Run complete for Point ID (49 48) on testbench [
\o           AMPLIFIER:buffer_tb:1 ].
\o 
\o 
\o 
\o 
\o 
\o 
\o 
\o 
\o 
\o 
\o *Info*    Run start for Point ID (49 56) on testbench [
\o           AMPLIFIER:buffer_tb:1 ].
\o 
\o Resetting statistical vars
\o 
\o *Info*    Setting parameter values ...
\o 
\o 
\o *Info*    Netlist Directory =
\o           /home/saul/Sim/AMPLIFIER/buffer_tb/adexl/results/data/Interactive.49/56/AMPLIFIER:buffer_tb:1/netlist
\o 
\o 
\o *Info*    Data Directory    =
\o           /home/saul/Sim/AMPLIFIER/buffer_tb/adexl/results/data/Interactive.49/56/AMPLIFIER:buffer_tb:1
\o 
\o 
\o *Info*    Creating Netlist for Point ID (49 56)
\o 
\o generate netlist...
\o function ansCdlCompPrim redefined
\o function ansCdlCompPrim redefined
\o Begin Incremental Netlisting Aug 21 16:55:17 2017
\o End netlisting Aug 21 16:55:17 2017
\o 
\o 	The netlist is up to date.
\o 	Time taken to compare the design with netlist:   0.0s
\o       ...successful.
\o compose simulator input file...
\o       ...successful.
\o 
\o *Info*    Running simulation on testbench [ AMPLIFIER:buffer_tb:1 ]
\o           for Point ID (49 56).
\o 
\o Delete psf data in /home/saul/Sim/AMPLIFIER/buffer_tb/adexl/results/data/Interactive.49/56/AMPLIFIER:buffer_tb:1/psf.
\o compose simulator input file...
\o       ...successful.
\o start simulator if needed...
\o       ...successful.
\o simulate...
\o To view the simulator output, right-click on the test name, result 
\o name, or any value in the "Results" tab of the Outputs section and 
\o choose "Output Log" menu option.
\o INFO (ADE-3071): Simulation completed successfully.
\o reading simulation data...
\o       ...successful.
\o *Info*    Client has finished evaluating ... 
\o 
\o 
\o *Info*    Run complete for Point ID (49 56) on testbench [
\o           AMPLIFIER:buffer_tb:1 ].
\o 
\o 
\o 
\o 
\o 
\o 
\o 
\o 
\o 
\o 
\o *Info*    Run start for Point ID (49 64) on testbench [
\o           AMPLIFIER:buffer_tb:1 ].
\o 
\o Resetting statistical vars
\o 
\o *Info*    Setting parameter values ...
\o 
\o 
\o *Info*    Netlist Directory =
\o           /home/saul/Sim/AMPLIFIER/buffer_tb/adexl/results/data/Interactive.49/64/AMPLIFIER:buffer_tb:1/netlist
\o 
\o 
\o *Info*    Data Directory    =
\o           /home/saul/Sim/AMPLIFIER/buffer_tb/adexl/results/data/Interactive.49/64/AMPLIFIER:buffer_tb:1
\o 
\o 
\o *Info*    Creating Netlist for Point ID (49 64)
\o 
\o generate netlist...
\o function ansCdlCompPrim redefined
\o function ansCdlCompPrim redefined
\o Begin Incremental Netlisting Aug 21 16:55:19 2017
\o End netlisting Aug 21 16:55:19 2017
\o 
\o 	The netlist is up to date.
\o 	Time taken to compare the design with netlist:   0.0s
\o       ...successful.
\o compose simulator input file...
\o       ...successful.
\o 
\o *Info*    Running simulation on testbench [ AMPLIFIER:buffer_tb:1 ]
\o           for Point ID (49 64).
\o 
\o Delete psf data in /home/saul/Sim/AMPLIFIER/buffer_tb/adexl/results/data/Interactive.49/64/AMPLIFIER:buffer_tb:1/psf.
\o compose simulator input file...
\o       ...successful.
\o start simulator if needed...
\o       ...successful.
\o simulate...
\o To view the simulator output, right-click on the test name, result 
\o name, or any value in the "Results" tab of the Outputs section and 
\o choose "Output Log" menu option.
\o INFO (ADE-3071): Simulation completed successfully.
\o reading simulation data...
\o       ...successful.
\o *Info*    Client has finished evaluating ... 
\o 
\o 
\o *Info*    Run complete for Point ID (49 64) on testbench [
\o           AMPLIFIER:buffer_tb:1 ].
\o 
\o 
\o 
\o 
\o 
\o Simulation design variables differ from those on the cellView,
\o they have been saved in the file "/tmp/saved-design-variables1".
\o To save future changes, copy variables to cellView before exiting.
\o 
\o 
\o *Info*    Configuring the session ...
\o 
\o 	Library      = AMPLIFIER
\o 	Cell         = buffer_tb
\o 	View         = schematic
\o 	Simulator    = spectre
\o 	State Path   = $AXL_SETUPDB_DIR/test_states
\o 	State Name   = AMPLIFIER:buffer_tb:1_state1_Interactive.50
\o 	Results DB   = /home/saul/projects/NANONETS/AMPLIFIER/buffer_tb/adexl/results/data/Interactive.50.rdb
\o 	Results Dir  = /home/saul/Sim/AMPLIFIER/buffer_tb/adexl/results/data/Interactive.50/1/AMPLIFIER:buffer_tb:1
\o 	Results Loc  = /home/saul/Sim/AMPLIFIER/buffer_tb/adexl/results/data
\o 	Project Dir  = /home/saul/projects/NANONETS/Sim
\o 	Setup DB loc = /home/saul/projects/NANONETS/AMPLIFIER/buffer_tb/adexl
\o 	File Encoding = 0
\o 
\o 
\o *Info*    Spectre controlMode is set "batch".
\o 
\o 
\o 
\o 
\o 
\o 
\o *Info*    Run start for Point ID (50 8) on testbench [
\o           AMPLIFIER:buffer_tb:1 ].
\o 
\o Resetting statistical vars
\o 
\o *Info*    Setting parameter values ...
\o 
\o Setting var CL = "10p"
\o Setting var RL = "100M"
\o Setting var VDC = "0.9"
\o Setting var VPULSE = "10m"
\o Setting var Vsupply = "1.98"
\o Setting temp(T) = 27
\o Setting temp(T) = 0
\o 
\o *Info*    Netlist Directory =
\o           /home/saul/Sim/AMPLIFIER/buffer_tb/adexl/results/data/Interactive.50/8/AMPLIFIER:buffer_tb:1/netlist
\o 
\o 
\o *Info*    Data Directory    =
\o           /home/saul/Sim/AMPLIFIER/buffer_tb/adexl/results/data/Interactive.50/8/AMPLIFIER:buffer_tb:1
\o 
\o 
\o *Info*    Creating Netlist for Point ID (50 8)
\o 
\o generate netlist...
\o function ansCdlCompPrim redefined
\o function ansCdlCompPrim redefined
\o Begin Incremental Netlisting Aug 21 16:59:03 2017
\o End netlisting Aug 21 16:59:03 2017
\o 
\o Netlisting Statistics:
\o 	Number of components:   13
\o 
\o 	Elapsed time:          1.0s (13.00/s)
\o Errors: 0	Warnings: 0
\o       ...successful.
\o compose simulator input file...
\o       ...successful.
\o 
\o *Info*    Running simulation on testbench [ AMPLIFIER:buffer_tb:1 ]
\o           for Point ID (50 8).
\o 
\o Delete psf data in /home/saul/Sim/AMPLIFIER/buffer_tb/adexl/results/data/Interactive.50/8/AMPLIFIER:buffer_tb:1/psf.
\o compose simulator input file...
\o       ...successful.
\o start simulator if needed...
\o       ...successful.
\o simulate...
\o To view the simulator output, right-click on the test name, result 
\o name, or any value in the "Results" tab of the Outputs section and 
\o choose "Output Log" menu option.
\o INFO (ADE-3071): Simulation completed successfully.
\o reading simulation data...
\o       ...successful.
\o *Info*    Client has finished evaluating ... 
\o 
\o 
\o *Info*    Run complete for Point ID (50 8) on testbench [
\o           AMPLIFIER:buffer_tb:1 ].
\o 
\o 
\o 
\o 
\o 
\o 
\o 
\o 
\o 
\o 
\o *Info*    Run start for Point ID (50 15) on testbench [
\o           AMPLIFIER:buffer_tb:1 ].
\o 
\o Resetting statistical vars
\o 
\o *Info*    Setting parameter values ...
\o 
\o Setting var Vsupply = "1.62"
\o Setting temp(T) = 85
\o 
\o *Info*    Netlist Directory =
\o           /home/saul/Sim/AMPLIFIER/buffer_tb/adexl/results/data/Interactive.50/15/AMPLIFIER:buffer_tb:1/netlist
\o 
\o 
\o *Info*    Data Directory    =
\o           /home/saul/Sim/AMPLIFIER/buffer_tb/adexl/results/data/Interactive.50/15/AMPLIFIER:buffer_tb:1
\o 
\o 
\o *Info*    Creating Netlist for Point ID (50 15)
\o 
\o generate netlist...
\o function ansCdlCompPrim redefined
\o function ansCdlCompPrim redefined
\o Begin Incremental Netlisting Aug 21 16:59:06 2017
\o End netlisting Aug 21 16:59:06 2017
\o 
\o 	The netlist is up to date.
\o 	Time taken to compare the design with netlist:   0.0s
\o       ...successful.
\o compose simulator input file...
\o       ...successful.
\o 
\o *Info*    Running simulation on testbench [ AMPLIFIER:buffer_tb:1 ]
\o           for Point ID (50 15).
\o 
\o Delete psf data in /home/saul/Sim/AMPLIFIER/buffer_tb/adexl/results/data/Interactive.50/15/AMPLIFIER:buffer_tb:1/psf.
\o compose simulator input file...
\o       ...successful.
\o start simulator if needed...
\o       ...successful.
\o simulate...
\o To view the simulator output, right-click on the test name, result 
\o name, or any value in the "Results" tab of the Outputs section and 
\o choose "Output Log" menu option.
\o INFO (ADE-3071): Simulation completed successfully.
\o reading simulation data...
\o       ...successful.
\o *Info*    Client has finished evaluating ... 
\o 
\o 
\o *Info*    Run complete for Point ID (50 15) on testbench [
\o           AMPLIFIER:buffer_tb:1 ].
\o 
\o 
\o 
\o 
\o 
\o 
\o 
\o 
\o 
\o 
\o *Info*    Run start for Point ID (50 24) on testbench [
\o           AMPLIFIER:buffer_tb:1 ].
\o 
\o Resetting statistical vars
\o 
\o *Info*    Setting parameter values ...
\o 
\o Setting var Vsupply = "1.98"
\o Setting temp(T) = 0
\o 
\o *Info*    Netlist Directory =
\o           /home/saul/Sim/AMPLIFIER/buffer_tb/adexl/results/data/Interactive.50/24/AMPLIFIER:buffer_tb:1/netlist
\o 
\o 
\o *Info*    Data Directory    =
\o           /home/saul/Sim/AMPLIFIER/buffer_tb/adexl/results/data/Interactive.50/24/AMPLIFIER:buffer_tb:1
\o 
\o 
\o *Info*    Creating Netlist for Point ID (50 24)
\o 
\o generate netlist...
\o function ansCdlCompPrim redefined
\o function ansCdlCompPrim redefined
\o Begin Incremental Netlisting Aug 21 16:59:09 2017
\o End netlisting Aug 21 16:59:09 2017
\o 
\o 	The netlist is up to date.
\o 	Time taken to compare the design with netlist:   0.0s
\o       ...successful.
\o compose simulator input file...
\o       ...successful.
\o 
\o *Info*    Running simulation on testbench [ AMPLIFIER:buffer_tb:1 ]
\o           for Point ID (50 24).
\o 
\o Delete psf data in /home/saul/Sim/AMPLIFIER/buffer_tb/adexl/results/data/Interactive.50/24/AMPLIFIER:buffer_tb:1/psf.
\o compose simulator input file...
\o       ...successful.
\o start simulator if needed...
\o       ...successful.
\o simulate...
\o To view the simulator output, right-click on the test name, result 
\o name, or any value in the "Results" tab of the Outputs section and 
\o choose "Output Log" menu option.
\o INFO (ADE-3071): Simulation completed successfully.
\o reading simulation data...
\o       ...successful.
\o *Info*    Client has finished evaluating ... 
\o 
\o 
\o *Info*    Run complete for Point ID (50 24) on testbench [
\o           AMPLIFIER:buffer_tb:1 ].
\o 
\o 
\o 
\o 
\o 
\o 
\o 
\o 
\o 
\o 
\o *Info*    Run start for Point ID (50 32) on testbench [
\o           AMPLIFIER:buffer_tb:1 ].
\o 
\o Resetting statistical vars
\o 
\o *Info*    Setting parameter values ...
\o 
\o 
\o *Info*    Netlist Directory =
\o           /home/saul/Sim/AMPLIFIER/buffer_tb/adexl/results/data/Interactive.50/32/AMPLIFIER:buffer_tb:1/netlist
\o 
\o 
\o *Info*    Data Directory    =
\o           /home/saul/Sim/AMPLIFIER/buffer_tb/adexl/results/data/Interactive.50/32/AMPLIFIER:buffer_tb:1
\o 
\o 
\o *Info*    Creating Netlist for Point ID (50 32)
\o 
\o generate netlist...
\o function ansCdlCompPrim redefined
\o function ansCdlCompPrim redefined
\o Begin Incremental Netlisting Aug 21 16:59:11 2017
\o End netlisting Aug 21 16:59:11 2017
\o 
\o 	The netlist is up to date.
\o 	Time taken to compare the design with netlist:   0.0s
\o       ...successful.
\o compose simulator input file...
\o       ...successful.
\o 
\o *Info*    Running simulation on testbench [ AMPLIFIER:buffer_tb:1 ]
\o           for Point ID (50 32).
\o 
\o Delete psf data in /home/saul/Sim/AMPLIFIER/buffer_tb/adexl/results/data/Interactive.50/32/AMPLIFIER:buffer_tb:1/psf.
\o compose simulator input file...
\o       ...successful.
\o start simulator if needed...
\o       ...successful.
\o simulate...
\o To view the simulator output, right-click on the test name, result 
\o name, or any value in the "Results" tab of the Outputs section and 
\o choose "Output Log" menu option.
\o INFO (ADE-3071): Simulation completed successfully.
\o reading simulation data...
\o       ...successful.
\o *Info*    Client has finished evaluating ... 
\o 
\o 
\o *Info*    Run complete for Point ID (50 32) on testbench [
\o           AMPLIFIER:buffer_tb:1 ].
\o 
\o 
\o 
\o 
\o 
\o 
\o 
\o 
\o 
\o 
\o *Info*    Run start for Point ID (50 40) on testbench [
\o           AMPLIFIER:buffer_tb:1 ].
\o 
\o Resetting statistical vars
\o 
\o *Info*    Setting parameter values ...
\o 
\o 
\o *Info*    Netlist Directory =
\o           /home/saul/Sim/AMPLIFIER/buffer_tb/adexl/results/data/Interactive.50/40/AMPLIFIER:buffer_tb:1/netlist
\o 
\o 
\o *Info*    Data Directory    =
\o           /home/saul/Sim/AMPLIFIER/buffer_tb/adexl/results/data/Interactive.50/40/AMPLIFIER:buffer_tb:1
\o 
\o 
\o *Info*    Creating Netlist for Point ID (50 40)
\o 
\o generate netlist...
\o function ansCdlCompPrim redefined
\o function ansCdlCompPrim redefined
\o Begin Incremental Netlisting Aug 21 16:59:13 2017
\o End netlisting Aug 21 16:59:13 2017
\o 
\o 	The netlist is up to date.
\o 	Time taken to compare the design with netlist:   0.0s
\o       ...successful.
\o compose simulator input file...
\o       ...successful.
\o 
\o *Info*    Running simulation on testbench [ AMPLIFIER:buffer_tb:1 ]
\o           for Point ID (50 40).
\o 
\o Delete psf data in /home/saul/Sim/AMPLIFIER/buffer_tb/adexl/results/data/Interactive.50/40/AMPLIFIER:buffer_tb:1/psf.
\o compose simulator input file...
\o       ...successful.
\o start simulator if needed...
\o       ...successful.
\o simulate...
\o To view the simulator output, right-click on the test name, result 
\o name, or any value in the "Results" tab of the Outputs section and 
\o choose "Output Log" menu option.
\o INFO (ADE-3071): Simulation completed successfully.
\o reading simulation data...
\o       ...successful.
\o *Info*    Client has finished evaluating ... 
\o 
\o 
\o *Info*    Run complete for Point ID (50 40) on testbench [
\o           AMPLIFIER:buffer_tb:1 ].
\o 
\o 
\o 
\o 
\o 
\o 
\o 
\o 
\o 
\o 
\o *Info*    Run start for Point ID (50 48) on testbench [
\o           AMPLIFIER:buffer_tb:1 ].
\o 
\o Resetting statistical vars
\o 
\o *Info*    Setting parameter values ...
\o 
\o 
\o *Info*    Netlist Directory =
\o           /home/saul/Sim/AMPLIFIER/buffer_tb/adexl/results/data/Interactive.50/48/AMPLIFIER:buffer_tb:1/netlist
\o 
\o 
\o *Info*    Data Directory    =
\o           /home/saul/Sim/AMPLIFIER/buffer_tb/adexl/results/data/Interactive.50/48/AMPLIFIER:buffer_tb:1
\o 
\o 
\o *Info*    Creating Netlist for Point ID (50 48)
\o 
\o generate netlist...
\o function ansCdlCompPrim redefined
\o function ansCdlCompPrim redefined
\o Begin Incremental Netlisting Aug 21 16:59:16 2017
\o End netlisting Aug 21 16:59:16 2017
\o 
\o 	The netlist is up to date.
\o 	Time taken to compare the design with netlist:   0.0s
\o       ...successful.
\o compose simulator input file...
\o       ...successful.
\o 
\o *Info*    Running simulation on testbench [ AMPLIFIER:buffer_tb:1 ]
\o           for Point ID (50 48).
\o 
\o Delete psf data in /home/saul/Sim/AMPLIFIER/buffer_tb/adexl/results/data/Interactive.50/48/AMPLIFIER:buffer_tb:1/psf.
\o compose simulator input file...
\o       ...successful.
\o start simulator if needed...
\o       ...successful.
\o simulate...
\o To view the simulator output, right-click on the test name, result 
\o name, or any value in the "Results" tab of the Outputs section and 
\o choose "Output Log" menu option.
\o INFO (ADE-3071): Simulation completed successfully.
\o reading simulation data...
\o       ...successful.
\o *Info*    Client has finished evaluating ... 
\o 
\o 
\o *Info*    Run complete for Point ID (50 48) on testbench [
\o           AMPLIFIER:buffer_tb:1 ].
\o 
\o 
\o 
\o 
\o 
\o 
\o 
\o 
\o 
\o 
\o *Info*    Run start for Point ID (50 56) on testbench [
\o           AMPLIFIER:buffer_tb:1 ].
\o 
\o Resetting statistical vars
\o 
\o *Info*    Setting parameter values ...
\o 
\o 
\o *Info*    Netlist Directory =
\o           /home/saul/Sim/AMPLIFIER/buffer_tb/adexl/results/data/Interactive.50/56/AMPLIFIER:buffer_tb:1/netlist
\o 
\o 
\o *Info*    Data Directory    =
\o           /home/saul/Sim/AMPLIFIER/buffer_tb/adexl/results/data/Interactive.50/56/AMPLIFIER:buffer_tb:1
\o 
\o 
\o *Info*    Creating Netlist for Point ID (50 56)
\o 
\o generate netlist...
\o function ansCdlCompPrim redefined
\o function ansCdlCompPrim redefined
\o Begin Incremental Netlisting Aug 21 16:59:19 2017
\o End netlisting Aug 21 16:59:19 2017
\o 
\o 	The netlist is up to date.
\o 	Time taken to compare the design with netlist:   0.0s
\o       ...successful.
\o compose simulator input file...
\o       ...successful.
\o 
\o *Info*    Running simulation on testbench [ AMPLIFIER:buffer_tb:1 ]
\o           for Point ID (50 56).
\o 
\o Delete psf data in /home/saul/Sim/AMPLIFIER/buffer_tb/adexl/results/data/Interactive.50/56/AMPLIFIER:buffer_tb:1/psf.
\o compose simulator input file...
\o       ...successful.
\o start simulator if needed...
\o       ...successful.
\o simulate...
\o To view the simulator output, right-click on the test name, result 
\o name, or any value in the "Results" tab of the Outputs section and 
\o choose "Output Log" menu option.
\o INFO (ADE-3071): Simulation completed successfully.
\o reading simulation data...
\o       ...successful.
\o *Info*    Client has finished evaluating ... 
\o 
\o 
\o *Info*    Run complete for Point ID (50 56) on testbench [
\o           AMPLIFIER:buffer_tb:1 ].
\o 
\o 
\o 
\o 
\o 
\o 
\o 
\o 
\o 
\o 
\o *Info*    Run start for Point ID (50 64) on testbench [
\o           AMPLIFIER:buffer_tb:1 ].
\o 
\o Resetting statistical vars
\o 
\o *Info*    Setting parameter values ...
\o 
\o 
\o *Info*    Netlist Directory =
\o           /home/saul/Sim/AMPLIFIER/buffer_tb/adexl/results/data/Interactive.50/64/AMPLIFIER:buffer_tb:1/netlist
\o 
\o 
\o *Info*    Data Directory    =
\o           /home/saul/Sim/AMPLIFIER/buffer_tb/adexl/results/data/Interactive.50/64/AMPLIFIER:buffer_tb:1
\o 
\o 
\o *Info*    Creating Netlist for Point ID (50 64)
\o 
\o generate netlist...
\o function ansCdlCompPrim redefined
\o function ansCdlCompPrim redefined
\o Begin Incremental Netlisting Aug 21 16:59:21 2017
\o End netlisting Aug 21 16:59:21 2017
\o 
\o 	The netlist is up to date.
\o 	Time taken to compare the design with netlist:   0.0s
\o       ...successful.
\o compose simulator input file...
\o       ...successful.
\o 
\o *Info*    Running simulation on testbench [ AMPLIFIER:buffer_tb:1 ]
\o           for Point ID (50 64).
\o 
\o Delete psf data in /home/saul/Sim/AMPLIFIER/buffer_tb/adexl/results/data/Interactive.50/64/AMPLIFIER:buffer_tb:1/psf.
\o compose simulator input file...
\o       ...successful.
\o start simulator if needed...
\o       ...successful.
\o simulate...
\o To view the simulator output, right-click on the test name, result 
\o name, or any value in the "Results" tab of the Outputs section and 
\o choose "Output Log" menu option.
\o INFO (ADE-3071): Simulation completed successfully.
\o reading simulation data...
\o       ...successful.
\o *Info*    Client has finished evaluating ... 
\o 
\o 
\o *Info*    Run complete for Point ID (50 64) on testbench [
\o           AMPLIFIER:buffer_tb:1 ].
\o 
\o 
\o 
\o 
\o 
\o 
\o 
\o 
\o 
\o 
\o *Info*    Run start for Point ID (50 65) on testbench [
\o           AMPLIFIER:buffer_tb:1 ].
\o 
\o Resetting statistical vars
\o 
\o *Info*    Setting parameter values ...
\o 
\o Setting temp(T) = 85
\o 
\o *Info*    Netlist Directory =
\o           /home/saul/Sim/AMPLIFIER/buffer_tb/adexl/results/data/Interactive.50/65/AMPLIFIER:buffer_tb:1/netlist
\o 
\o 
\o *Info*    Data Directory    =
\o           /home/saul/Sim/AMPLIFIER/buffer_tb/adexl/results/data/Interactive.50/65/AMPLIFIER:buffer_tb:1
\o 
\o 
\o *Info*    Creating Netlist for Point ID (50 65)
\o 
\o generate netlist...
\o function ansCdlCompPrim redefined
\o function ansCdlCompPrim redefined
\o Begin Incremental Netlisting Aug 21 16:59:22 2017
\o End netlisting Aug 21 16:59:23 2017
\o 
\o 	The netlist is up to date.
\o 	Time taken to compare the design with netlist:   1.0s
\o       ...successful.
\o compose simulator input file...
\o       ...successful.
\o 
\o *Info*    Running simulation on testbench [ AMPLIFIER:buffer_tb:1 ]
\o           for Point ID (50 65).
\o 
\o Delete psf data in /home/saul/Sim/AMPLIFIER/buffer_tb/adexl/results/data/Interactive.50/65/AMPLIFIER:buffer_tb:1/psf.
\o compose simulator input file...
\o       ...successful.
\o start simulator if needed...
\o       ...successful.
\o simulate...
\o To view the simulator output, right-click on the test name, result 
\o name, or any value in the "Results" tab of the Outputs section and 
\o choose "Output Log" menu option.
\o INFO (ADE-3071): Simulation completed successfully.
\o reading simulation data...
\o       ...successful.
\o *Info*    Client has finished evaluating ... 
\o 
\o 
\o *Info*    Run complete for Point ID (50 65) on testbench [
\o           AMPLIFIER:buffer_tb:1 ].
\o 
\o 
\o 
\o 
\o 
\o Job 80 timed out after no activity in 300 seconds.
\o Simulation design variables differ from those on the cellView,
\o they have been saved in the file "/tmp/saved-design-variables1".
\o To save future changes, copy variables to cellView before exiting.
\o Loading lce.cxt 
\o 
\o *Info*    Received signal SIGTERM.
\o 
\o 
