*Info*    Exporting services from client ... 

*Info*    Client has finished starting ... 



*Info*    Configuring the session ...

	Library      = TOP
	Cell         = top_ring_core_tb_spectre
	View         = config
	Simulator    = spectre
	State Path   = $AXL_SETUPDB_DIR/test_states
	State Name   = TOP:top_ring_core_tb_spectre:1_none_Interactive.3
	Results DB   = /home/saul/projects/NANONETS/TOP/top_ring_core_tb_spectre/adexl/results/data/Interactive.3.rdb
	Results Dir  = /home/saul/Sim/TOP/top_ring_core_tb_spectre/adexl/results/data/Interactive.3/1/TOP:top_ring_core_tb_spectre:1
	Results Loc  = /home/saul/Sim/TOP/top_ring_core_tb_spectre/adexl/results/data
	Project Dir  = /home/saul/projects/NANONETS/Sim
	Setup DB loc = /home/saul/projects/NANONETS/TOP/top_ring_core_tb_spectre/adexl
	File Encoding = 0


*Info*    Spectre controlMode is set "batch".






*Info*    Run start for Point ID (3 1) on testbench [
          TOP:top_ring_core_tb_spectre:1 ].

Resetting statistical vars

*Info*    Setting parameter values ...

Setting temp(T) = 27

*Info*    Netlist Directory =
          /home/saul/Sim/TOP/top_ring_core_tb_spectre/adexl/results/data/Interactive.3/1/TOP:top_ring_core_tb_spectre:1/netlist


*Info*    Data Directory    =
          /home/saul/Sim/TOP/top_ring_core_tb_spectre/adexl/results/data/Interactive.3/1/TOP:top_ring_core_tb_spectre:1


*Info*    Creating Netlist for Point ID (3 1)

generate netlist...
function ansCdlCompPrim redefined
function ansCdlCompPrim redefined
Begin Incremental Netlisting Jan 10 22:19:53 2018
WARNING (OSSHNL-335): Design configuration has changed since last netlisting session in this run
directory. Netlist(s) from last session cannot be reused for incremental
netlisting. Therefore, re-netlisting the design.

WARNING (ADE-6003): Terminal "CLAMP18", specified in the CDF termOrder, does not exist
           in the cell-view "IOLIB_6AM" "GNDPAD1V8ALL" "schematic"
WARNING (ADE-6003): Terminal "TRIG18", specified in the CDF termOrder, does not exist
           in the cell-view "IOLIB_6AM" "GNDPAD1V8ALL" "schematic"
WARNING (ADE-6003): Terminal "VSS", specified in the CDF termOrder, does not exist
           in the cell-view "IOLIB_6AM" "GNDPAD1V8ALL" "schematic"
WARNING (ADE-6003): Terminal "VSUB", specified in the CDF termOrder, does not exist
           in the cell-view "IOLIB_6AM" "GNDPAD1V8ALL" "schematic"
WARNING (ADE-6004): Mismatch was found between the terminals in the cellView and those on the
           termOrder property on the CDF. Because of the mismatch, the CDF termOrder will
           be ignored. The terminals in the cellView will be netlisted in the alphabetical
           order of their names. Eliminate the mismatch if you want the CDF termOrder
           property to be used for netlisting.
           To edit CDF of a cell, 
           i) Open CIW->Tools->CDF->Edit.
           ii) Select Library Name & Cell Name.
           iii) Click on the Edit button in the simulation information section of the
                Edit CDF window.
WARNING (ADE-6003): Terminal "TRIG18", specified in the CDF termOrder, does not exist
           in the cell-view "IOLIB_6AM" "VDDPAD1V8ALL" "schematic"
WARNING (ADE-6003): Terminal "VDD18", specified in the CDF termOrder, does not exist
           in the cell-view "IOLIB_6AM" "VDDPAD1V8ALL" "schematic"
WARNING (ADE-6003): Terminal "VSS", specified in the CDF termOrder, does not exist
           in the cell-view "IOLIB_6AM" "VDDPAD1V8ALL" "schematic"
WARNING (ADE-6003): Terminal "VSUB", specified in the CDF termOrder, does not exist
           in the cell-view "IOLIB_6AM" "VDDPAD1V8ALL" "schematic"
WARNING (ADE-6004): Mismatch was found between the terminals in the cellView and those on the
           termOrder property on the CDF. Because of the mismatch, the CDF termOrder will
           be ignored. The terminals in the cellView will be netlisted in the alphabetical
           order of their names. Eliminate the mismatch if you want the CDF termOrder
           property to be used for netlisting.
           To edit CDF of a cell, 
           i) Open CIW->Tools->CDF->Edit.
           ii) Select Library Name & Cell Name.
           iii) Click on the Edit button in the simulation information section of the
                Edit CDF window.
WARNING (ADE-6003): Terminal "m1a", specified in the CDF termOrder, does not exist
           in the cell-view "IOLIB_6AM" "io_drvr_1V8" "schematic"
WARNING (ADE-6003): Terminal "n1", specified in the CDF termOrder, does not exist
           in the cell-view "IOLIB_6AM" "io_drvr_1V8" "schematic"
WARNING (ADE-6003): Terminal "n5", specified in the CDF termOrder, does not exist
           in the cell-view "IOLIB_6AM" "io_drvr_1V8" "schematic"
WARNING (ADE-6003): Terminal "p20", specified in the CDF termOrder, does not exist
           in the cell-view "IOLIB_6AM" "io_drvr_1V8" "schematic"
WARNING (ADE-6003): Terminal "p6", specified in the CDF termOrder, does not exist
           in the cell-view "IOLIB_6AM" "io_drvr_1V8" "schematic"
WARNING (ADE-6003): Terminal "q10", specified in the CDF termOrder, does not exist
           in the cell-view "IOLIB_6AM" "io_drvr_1V8" "schematic"
WARNING (ADE-6003): Terminal "q3", specified in the CDF termOrder, does not exist
           in the cell-view "IOLIB_6AM" "io_drvr_1V8" "schematic"
WARNING (ADE-6004): Mismatch was found between the terminals in the cellView and those on the
           termOrder property on the CDF. Because of the mismatch, the CDF termOrder will
           be ignored. The terminals in the cellView will be netlisted in the alphabetical
           order of their names. Eliminate the mismatch if you want the CDF termOrder
           property to be used for netlisting.
           To edit CDF of a cell, 
           i) Open CIW->Tools->CDF->Edit.
           ii) Select Library Name & Cell Name.
           iii) Click on the Edit button in the simulation information section of the
                Edit CDF window.
WARNING (ADE-6003): Terminal "PAD", specified in the CDF termOrder, does not exist
           in the cell-view "IOLIB_6AM" "PWRCUT_DX" "schematic"
WARNING (ADE-6003): Terminal "TRIG50", specified in the CDF termOrder, does not exist
           in the cell-view "IOLIB_6AM" "PWRCUT_DX" "schematic"
WARNING (ADE-6003): Terminal "VDD50", specified in the CDF termOrder, does not exist
           in the cell-view "IOLIB_6AM" "PWRCUT_DX" "schematic"
WARNING (ADE-6003): Terminal "VSS", specified in the CDF termOrder, does not exist
           in the cell-view "IOLIB_6AM" "PWRCUT_DX" "schematic"
WARNING (ADE-6003): Terminal "VSUB", specified in the CDF termOrder, does not exist
           in the cell-view "IOLIB_6AM" "PWRCUT_DX" "schematic"
WARNING (ADE-6004): Mismatch was found between the terminals in the cellView and those on the
           termOrder property on the CDF. Because of the mismatch, the CDF termOrder will
           be ignored. The terminals in the cellView will be netlisted in the alphabetical
           order of their names. Eliminate the mismatch if you want the CDF termOrder
           property to be used for netlisting.
           To edit CDF of a cell, 
           i) Open CIW->Tools->CDF->Edit.
           ii) Select Library Name & Cell Name.
           iii) Click on the Edit button in the simulation information section of the
                Edit CDF window.
WARNING (ADE-6003): Terminal "TRIG50", specified in the CDF termOrder, does not exist
           in the cell-view "IOLIB_6AM" "APRIO1V8_00" "schematic"
WARNING (ADE-6003): Terminal "VDD50", specified in the CDF termOrder, does not exist
           in the cell-view "IOLIB_6AM" "APRIO1V8_00" "schematic"
WARNING (ADE-6003): Terminal "VSS", specified in the CDF termOrder, does not exist
           in the cell-view "IOLIB_6AM" "APRIO1V8_00" "schematic"
WARNING (ADE-6003): Terminal "VSUB", specified in the CDF termOrder, does not exist
           in the cell-view "IOLIB_6AM" "APRIO1V8_00" "schematic"
WARNING (ADE-6003): Terminal "VSUBC", specified in the CDF termOrder, does not exist
           in the cell-view "IOLIB_6AM" "APRIO1V8_00" "schematic"
WARNING (ADE-6004): Mismatch was found between the terminals in the cellView and those on the
           termOrder property on the CDF. Because of the mismatch, the CDF termOrder will
           be ignored. The terminals in the cellView will be netlisted in the alphabetical
           order of their names. Eliminate the mismatch if you want the CDF termOrder
           property to be used for netlisting.
           To edit CDF of a cell, 
           i) Open CIW->Tools->CDF->Edit.
           ii) Select Library Name & Cell Name.
           iii) Click on the Edit button in the simulation information section of the
                Edit CDF window.
End netlisting Jan 10 22:19:53 2018

Netlisting Statistics:
	Number of components:  967

	Elapsed time:          0.0s
Errors: 0	Warnings: 30
      ...successful.
compose simulator input file...
      ...successful.

*Info*    Running simulation on testbench [
          TOP:top_ring_core_tb_spectre:1 ] for Point ID (3 1).

Delete psf data in /home/saul/Sim/TOP/top_ring_core_tb_spectre/adexl/results/data/Interactive.3/1/TOP:top_ring_core_tb_spectre:1/psf.
compose simulator input file...
      ...successful.
start simulator if needed...
      ...successful.
simulate...
To view the simulator output, right-click on the test name, result 
name, or any value in the "Results" tab of the Outputs section and 
choose "Output Log" menu option.
INFO (ADE-3071): Simulation completed successfully.
reading simulation data...
      ...successful.
*Info*    Client has finished evaluating ... 


*Info*    Run complete for Point ID (3 1) on testbench [
          TOP:top_ring_core_tb_spectre:1 ].





