*Info*    Exporting services from client ... 

*Info*    Client has finished starting ... 



*Info*    Configuring the session ...

	Library      = AMPLIFIER
	Cell         = buffer_tb
	View         = schematic
	Simulator    = spectre
	State Path   = $AXL_SETUPDB_DIR/test_states
	State Name   = AMPLIFIER:buffer_tb:1_state1_Interactive.53
	Results DB   = /home/saul/projects/NANONETS/AMPLIFIER/buffer_tb/adexl/results/data/Interactive.53.rdb
	Results Dir  = /home/saul/Sim/AMPLIFIER/buffer_tb/adexl/results/data/Interactive.53/1/AMPLIFIER:buffer_tb:1
	Results Loc  = /home/saul/Sim/AMPLIFIER/buffer_tb/adexl/results/data
	Project Dir  = /home/saul/projects/NANONETS/Sim
	Setup DB loc = /home/saul/projects/NANONETS/AMPLIFIER/buffer_tb/adexl
	File Encoding = 0


*Info*    Spectre controlMode is set "batch".






*Info*    Run start for Point ID (53 1) on testbench [
          AMPLIFIER:buffer_tb:1 ].

Resetting statistical vars

*Info*    Setting parameter values ...

Setting var CL = "10p"
Setting var RL = "100M"
Setting var VDC = "0.9"
Setting var VPULSE = "10m"
Setting var Vsupply = "1.8"
Setting temp(T) = 27

*Info*    Netlist Directory =
          /home/saul/Sim/AMPLIFIER/buffer_tb/adexl/results/data/Interactive.53/1/AMPLIFIER:buffer_tb:1/netlist


*Info*    Data Directory    =
          /home/saul/Sim/AMPLIFIER/buffer_tb/adexl/results/data/Interactive.53/1/AMPLIFIER:buffer_tb:1


*Info*    Creating Netlist for Point ID (53 1)

generate netlist...
function ansCdlCompPrim redefined
function ansCdlCompPrim redefined
Begin Incremental Netlisting Aug 21 17:10:27 2017
End netlisting Aug 21 17:10:27 2017

	The netlist is up to date.
	Time taken to compare the design with netlist:   0.0s
      ...successful.
compose simulator input file...
      ...successful.

*Info*    Running simulation on testbench [ AMPLIFIER:buffer_tb:1 ]
          for Point ID (53 1).

Delete psf data in /home/saul/Sim/AMPLIFIER/buffer_tb/adexl/results/data/Interactive.53/1/AMPLIFIER:buffer_tb:1/psf.
compose simulator input file...
      ...successful.
start simulator if needed...
      ...successful.
simulate...
To view the simulator output, right-click on the test name, result 
name, or any value in the "Results" tab of the Outputs section and 
choose "Output Log" menu option.
INFO (ADE-3072): Simulation is stopped by user. Simulation results may not be complete.
reading simulation data...
      ...successful.
*Info*    Client has finished evaluating ... 


*Info*    Run complete for Point ID (53 1) on testbench [
          AMPLIFIER:buffer_tb:1 ].





Simulation design variables differ from those on the cellView,
they have been saved in the file "/tmp/saved-design-variables1".
To save future changes, copy variables to cellView before exiting.
