\# Program start time UTC 2017.08.08 12:53:25.085
\# Local time Tuesday 8 August 2017, 2:53 pm
\o Program:		@(#)$CDS: virtuoso version 6.1.6-64b 12/07/2015 20:18 (sjfbm186) $
\o Hierarchy:		/pkg/Cadence/installs/IC616/tools.lnx86/dfII/
\o Sub version:		sub-version  IC6.1.6-64b.500.14  (64-bit addresses)
\# Command line:	/pkg/Cadence/installs/IC616/tools.lnx86/dfII/bin/64bit/virtuoso -noautostart -mpssession virtuoso23588 -mpshost s2424.it.kth.se -davinciService DaVinciService_23588_1502187545 -log /home/saul/projects/NANONETS/logs_saul/logs0/Job98.log -licenseLockFileName /home/saul/projects/NANONETS/.tmp_saul/.s2424.it.kth.se_23588 -nograph -nostdin -axlChildIdFlag 98
\# Host name (type):	s2424.it.kth.se (x86_64)
\# Operating system:	Linux 2.6.18-417.el5 #1 SMP Tue Dec 20 13:11:30 UTC 2016
\# Linux /etc/issue:	CentOS release 5.11 (Final)
\# Linux /etc/issue:	Kernel \r on an \m
\# X display name (WxH):	s2424.it.kth.se:80.0 (1024x868)
\# Available geometry:			TL(0:0) BR(1023:867)
\# X server:			RealVNC Ltd (VNC nograph server, PID 29157)
\# Depth of Visual (Root):	16 (16)
\# Number of Planes Used:	16
\# X version:		11.0 (vendor release 3370)
\# X resource pool:	base 0x5000000, mask 0x3fffff (4194303), shift 0
\# 			current id 0x33, current max 0x3ffffa (4194298)
\# Max data seg size:	     unlimited
\# Max process size:	     unlimited
\# Initial sbrk value:	        545 MB
\# Available memory:	     60,883 MB
\# System memory:	     78,453 MB
\# Maximum memory size:	     77,979 MB
\# Max mem available:	     60,954 MB
\# Initial memory used:	         71 MB
\#        process size:	        754 MB
\# Qt version:		4.7.2
\# Window Manager:	other
\# User Name:		saul
\o Working Directory:	s2424.it.kth.se:/home/saul/projects/NANONETS
\# Process Id:		29798
\o 
\o COPYRIGHT © 1992-2015  CADENCE DESIGN SYSTEMS INC.  ALL RIGHTS RESERVED.
\o           © 1992-2015  UNIX SYSTEMS Laboratories INC.,
\o                          Reproduced with permission.
\o 
\o This Cadence Design Systems program and online documentation are
\o proprietary/confidential information and may be disclosed/used only
\o as authorized in a license agreement controlling such use and disclosure.
\o 
\o           RESTRICTED RIGHTS NOTICE (SHORT FORM)
\o Use/reproduction/disclosure is subject to restriction
\o set forth at FAR 1252.227-19 or its equivalent.
\o Loading geView.cxt 
\o Loading menuBuilder.cxt 
\o Loading schView.cxt 
\o Loading selectSv.cxt 
\o Loading LVS.cxt 
\o Loading layerProc.cxt 
\o Loading pte2.cxt 
\o Loading xlUI.cxt 
\o Loading auCore.cxt 
\o Loading vhdl.cxt 
\o Loading seismic.cxt 
\o Loading ci.cxt 
\o Loading ams.cxt 
\o Loading oasis.cxt 
\o Loading analog.cxt 
\o Loading asimenv.cxt 
\o Loading socket.cxt 
\o Loading dal.cxt 
\o Loading awv.cxt 
\o Loading par.cxt 
\o Loading alvs.cxt 
\o Loading caa.cxt 
\o Loading adexl.cxt 
\o *Info*    Exporting services from client ... 
\o 
\o ......................................................................................
\o            ams AG hitkit v.ams_4.14
\o ......................................................................................
\o COPYRIGHT (c) 2013 Full Service Foundry @ ams AG.  ALL RIGHTS RESERVED
\o This hitkit and attached documentation are confidential information and may 
\o only be used as authorized by the hitkit license agreement.
\o ......................................................................................
\o Loading simulator default settings.
\o Defining layer name mapping for Pcells
\o ROD pcell code loaded
\o Additional code for low-voltage devices loaded
\o Loading customization file: ./.cdsinit_local
\o Loading customization file: $HOME/.cdsinit_personal
\# Memory report: using         198 MB, process size 1,013 MB at UTC 2017.08.08 12:53:31.950
\o Loading simulator default settings.
\o *Info*    Client has finished starting ... 
\o 
\p hitkit: ams_4.14  Tech: ac18a6dmca  User: saul 
\o Loading simui.cxt 
\o 
\o 
\o *Info*    Configuring the session ...
\o 
\o 	Library      = CHARACT_AC8
\o 	Cell         = FT
\o 	View         = schematic
\o 	Netlist  	  = nil
\o 	Simulator    = spectre
\o 	State Path   = $AXL_SETUPDB_DIR/test_states
\o 	State Name   = CHARACT_AC8:FT:1_CHARACT_AC8:FT:1_Aug__8_14_53_18_2017_Ocean.5
\o 	Results DB   = /home/saul/projects/NANONETS/CHARACT_AC8/FT/adexl/results/data/Ocean.5.rdb
\o 	Setup DB loc = /home/saul/projects/NANONETS/CHARACT_AC8/FT/adexl
\o 
\o 
\o *Info*    Spectre "controlMode" is being set to "batch".
\o 
\o Loading spectrei.cxt 
\o Loading devCheck.cxt 
\o Loading relXpert.cxt 
\o 
\o 
\o 
\o 
\o 
\o *Info*    Run start for Point ID (0 7) on testbench [
\o           CHARACT_AC8:FT:1 ].
\o 
\o Resetting statistical vars
\o 
\o *Info*    Setting parameter values ...
\o 
\o Setting var IDC = "3.981071706u"
\o Setting var L = "1e-6"
\o Setting var VDS = "0.5"
\o Setting var W = "6.25e-6"
\o Setting temp(T) = 27
\o 
\o *Info*    Netlist Directory =
\o           /home/saul/projects/NANONETS/Sim/CHARACT_AC8/FT/adexl/results/data/Ocean.5/7/CHARACT_AC8:FT:1/netlist
\o 
\o 
\o *Info*    Data Directory    =
\o           /home/saul/projects/NANONETS/Sim/CHARACT_AC8/FT/adexl/results/data/Ocean.5/7/CHARACT_AC8:FT:1
\o 
\o 
\o *Info*    Creating Netlist for Point ID (0 7)
\o 
\o generate netlist...
\o Loading spectreinl.cxt 
\o Loading seCore.cxt 
\o function ansCdlCompPrim redefined
\o function ansCdlCompPrim redefined
\o Begin Incremental Netlisting Aug  8 14:53:33 2017
\o End netlisting Aug  8 14:53:33 2017
\o Loading monte.cxt 
\o 
\o 	The netlist is up to date.
\o 	Time taken to compare the design with netlist:   1.0s
\o       ...successful.
\o compose simulator input file...
\o       ...successful.
\o 
\o *Info*    Running simulation on testbench [ CHARACT_AC8:FT:1 ] for
\o           Point ID (0 7).
\o 
\o Delete psf data in /home/saul/projects/NANONETS/Sim/CHARACT_AC8/FT/adexl/results/data/Ocean.5/7/CHARACT_AC8:FT:1/psf.
\o simulate...
\o Loading viva.cxt 
\o INFO (ADE-3071): Simulation completed successfully.
\o reading simulation data...
\o       ...successful.
\o *Info*    Client has finished evaluating ... 
\o 
\o 
\o *Info*    Run complete for Point ID (0 7) on testbench [
\o           CHARACT_AC8:FT:1 ].
\o 
\o 
\o 
\o 
\o 
\o 
\o 
\o 
\o 
\o 
\o *Info*    Run start for Point ID (0 15) on testbench [
\o           CHARACT_AC8:FT:1 ].
\o 
\o Resetting statistical vars
\o 
\o *Info*    Setting parameter values ...
\o 
\o Setting var IDC = "25.11886432u"
\o 
\o *Info*    Netlist Directory =
\o           /home/saul/projects/NANONETS/Sim/CHARACT_AC8/FT/adexl/results/data/Ocean.5/15/CHARACT_AC8:FT:1/netlist
\o 
\o 
\o *Info*    Data Directory    =
\o           /home/saul/projects/NANONETS/Sim/CHARACT_AC8/FT/adexl/results/data/Ocean.5/15/CHARACT_AC8:FT:1
\o 
\o 
\o *Info*    Creating Netlist for Point ID (0 15)
\o 
\o generate netlist...
\o function ansCdlCompPrim redefined
\o function ansCdlCompPrim redefined
\o Begin Incremental Netlisting Aug  8 14:53:36 2017
\o End netlisting Aug  8 14:53:36 2017
\o 
\o 	The netlist is up to date.
\o 	Time taken to compare the design with netlist:   1.0s
\o       ...successful.
\o compose simulator input file...
\o       ...successful.
\o 
\o *Info*    Running simulation on testbench [ CHARACT_AC8:FT:1 ] for
\o           Point ID (0 15).
\o 
\o Delete psf data in /home/saul/projects/NANONETS/Sim/CHARACT_AC8/FT/adexl/results/data/Ocean.5/15/CHARACT_AC8:FT:1/psf.
\o simulate...
\# Available memory:         58,821 MB at UTC 2017.08.08 12:53:37.331
\# Memory report: Maximum memory size now 59,085 MB at UTC 2017.08.08 12:53:37.331
\o INFO (ADE-3071): Simulation completed successfully.
\o reading simulation data...
\o       ...successful.
\o *Info*    Client has finished evaluating ... 
\o 
\o 
\o *Info*    Run complete for Point ID (0 15) on testbench [
\o           CHARACT_AC8:FT:1 ].
\o 
\o 
\o 
\o 
\o 
\o 
\o 
\o 
\o 
\o 
\o *Info*    Run start for Point ID (0 28) on testbench [
\o           CHARACT_AC8:FT:1 ].
\o 
\o Resetting statistical vars
\o 
\o *Info*    Setting parameter values ...
\o 
\o Setting var IDC = "501.1872336u"
\o 
\o *Info*    Netlist Directory =
\o           /home/saul/projects/NANONETS/Sim/CHARACT_AC8/FT/adexl/results/data/Ocean.5/28/CHARACT_AC8:FT:1/netlist
\o 
\o 
\o *Info*    Data Directory    =
\o           /home/saul/projects/NANONETS/Sim/CHARACT_AC8/FT/adexl/results/data/Ocean.5/28/CHARACT_AC8:FT:1
\o 
\o 
\o *Info*    Creating Netlist for Point ID (0 28)
\o 
\o generate netlist...
\o function ansCdlCompPrim redefined
\o function ansCdlCompPrim redefined
\o Begin Incremental Netlisting Aug  8 14:53:38 2017
\o End netlisting Aug  8 14:53:38 2017
\o 
\o 	The netlist is up to date.
\o 	Time taken to compare the design with netlist:   1.0s
\o       ...successful.
\o compose simulator input file...
\o       ...successful.
\o 
\o *Info*    Running simulation on testbench [ CHARACT_AC8:FT:1 ] for
\o           Point ID (0 28).
\o 
\o Delete psf data in /home/saul/projects/NANONETS/Sim/CHARACT_AC8/FT/adexl/results/data/Ocean.5/28/CHARACT_AC8:FT:1/psf.
\o simulate...
\o INFO (ADE-3071): Simulation completed successfully.
\o reading simulation data...
\o       ...successful.
\o *Info*    Client has finished evaluating ... 
\o 
\o 
\o *Info*    Run complete for Point ID (0 28) on testbench [
\o           CHARACT_AC8:FT:1 ].
\o 
\o 
\o 
\o 
\o 
\o 
\o 
\o 
\o 
\o 
\o *Info*    Run start for Point ID (0 40) on testbench [
\o           CHARACT_AC8:FT:1 ].
\o 
\o Resetting statistical vars
\o 
\o *Info*    Setting parameter values ...
\o 
\o Setting var IDC = "7.943282347m"
\o 
\o *Info*    Netlist Directory =
\o           /home/saul/projects/NANONETS/Sim/CHARACT_AC8/FT/adexl/results/data/Ocean.5/40/CHARACT_AC8:FT:1/netlist
\o 
\o 
\o *Info*    Data Directory    =
\o           /home/saul/projects/NANONETS/Sim/CHARACT_AC8/FT/adexl/results/data/Ocean.5/40/CHARACT_AC8:FT:1
\o 
\o 
\o *Info*    Creating Netlist for Point ID (0 40)
\o 
\o generate netlist...
\o function ansCdlCompPrim redefined
\o function ansCdlCompPrim redefined
\o Begin Incremental Netlisting Aug  8 14:53:40 2017
\o End netlisting Aug  8 14:53:40 2017
\o 
\o 	The netlist is up to date.
\o 	Time taken to compare the design with netlist:   0.0s
\o       ...successful.
\o compose simulator input file...
\o       ...successful.
\o 
\o *Info*    Running simulation on testbench [ CHARACT_AC8:FT:1 ] for
\o           Point ID (0 40).
\o 
\o Delete psf data in /home/saul/projects/NANONETS/Sim/CHARACT_AC8/FT/adexl/results/data/Ocean.5/40/CHARACT_AC8:FT:1/psf.
\o simulate...
\o INFO (ADE-3071): Simulation completed successfully.
\o reading simulation data...
\o       ...successful.
\o *Info*    Client has finished evaluating ... 
\o 
\o 
\o *Info*    Run complete for Point ID (0 40) on testbench [
\o           CHARACT_AC8:FT:1 ].
\o 
\o 
\o 
\o 
\o 
\o 
\o 
\o 
\o 
\o 
\o *Info*    Run start for Point ID (0 50) on testbench [
\o           CHARACT_AC8:FT:1 ].
\o 
\o Resetting statistical vars
\o 
\o *Info*    Setting parameter values ...
\o 
\o Setting var IDC = "79.43282347m"
\o 
\o *Info*    Netlist Directory =
\o           /home/saul/projects/NANONETS/Sim/CHARACT_AC8/FT/adexl/results/data/Ocean.5/50/CHARACT_AC8:FT:1/netlist
\o 
\o 
\o *Info*    Data Directory    =
\o           /home/saul/projects/NANONETS/Sim/CHARACT_AC8/FT/adexl/results/data/Ocean.5/50/CHARACT_AC8:FT:1
\o 
\o 
\o *Info*    Creating Netlist for Point ID (0 50)
\o 
\o generate netlist...
\o function ansCdlCompPrim redefined
\o function ansCdlCompPrim redefined
\o Begin Incremental Netlisting Aug  8 14:53:42 2017
\o End netlisting Aug  8 14:53:42 2017
\o 
\o 	The netlist is up to date.
\o 	Time taken to compare the design with netlist:   0.0s
\o       ...successful.
\o compose simulator input file...
\o       ...successful.
\o 
\o *Info*    Running simulation on testbench [ CHARACT_AC8:FT:1 ] for
\o           Point ID (0 50).
\o 
\o Delete psf data in /home/saul/projects/NANONETS/Sim/CHARACT_AC8/FT/adexl/results/data/Ocean.5/50/CHARACT_AC8:FT:1/psf.
\o simulate...
\o INFO (ADE-3071): Simulation completed successfully.
\o reading simulation data...
\o       ...successful.
\o *Info*    Client has finished evaluating ... 
\o 
\o 
\o *Info*    Run complete for Point ID (0 50) on testbench [
\o           CHARACT_AC8:FT:1 ].
\o 
\o 
\o 
\o 
\o 
\o Loading lce.cxt 
\# Memory report: on exit            264 MB, process size 1,079 MB at UTC 2017.08.08 12:53:45.707
\# Memory report: peak usage         264 MB, process size 1,079 MB
